Logfile for bbregister
mar 03 sep 2024 07:03:12 CEST

setenv SUBJECTS_DIR /data/derivatives/bootcamp-geneva/fmriprep-24.0.0/sourcedata/freesurfer
cd /data/derivatives/bootcamp-geneva/fmriprep-24.0.0/sourcedata/freesurfer/sub-15/scripts
/opt/freesurfer/bin/bbregister --s sub-15 --mov /data/derivatives/bootcamp-geneva/fmriprep-24.0.0/sourcedata/freesurfer/sub-15/mri/orig/T2raw.mgz --lta /data/derivatives/bootcamp-geneva/fmriprep-24.0.0/sourcedata/freesurfer/sub-15/mri/transforms/T2raw.auto.lta --init-coreg --T2 --gm-proj-abs 2 --wm-proj-abs 1 --no-coreg-ref-mask

bbregister 7.3.2
Linux hos70297 5.19.0-50-generic #50-Ubuntu SMP PREEMPT_DYNAMIC Mon Jul 10 18:24:29 UTC 2023 x86_64 x86_64 x86_64 GNU/Linux
FREESURFER_HOME /opt/freesurfer
mri_convert /data/derivatives/bootcamp-geneva/fmriprep-24.0.0/sourcedata/freesurfer/sub-15/mri/orig/T2raw.mgz /data/derivatives/bootcamp-geneva/fmriprep-24.0.0/sourcedata/freesurfer/sub-15/mri/transforms/tmp.bbregister.2719741/template.nii
mri_convert /data/derivatives/bootcamp-geneva/fmriprep-24.0.0/sourcedata/freesurfer/sub-15/mri/orig/T2raw.mgz /data/derivatives/bootcamp-geneva/fmriprep-24.0.0/sourcedata/freesurfer/sub-15/mri/transforms/tmp.bbregister.2719741/template.nii 
reading from /data/derivatives/bootcamp-geneva/fmriprep-24.0.0/sourcedata/freesurfer/sub-15/mri/orig/T2raw.mgz...
TR=2650.00, TE=0.00, TI=0.00, flip angle=0.00
i_ras = (0.997884, 0.024108, 0.0603887)
j_ras = (-0.0286514, 0.996731, 0.0755368)
k_ras = (-0.0583703, -0.0771071, 0.995313)
writing to /data/derivatives/bootcamp-geneva/fmriprep-24.0.0/sourcedata/freesurfer/sub-15/mri/transforms/tmp.bbregister.2719741/template.nii...
mri_coreg --s sub-15 --mov /data/derivatives/bootcamp-geneva/fmriprep-24.0.0/sourcedata/freesurfer/sub-15/mri/transforms/tmp.bbregister.2719741/template.nii --regdat /data/derivatives/bootcamp-geneva/fmriprep-24.0.0/sourcedata/freesurfer/sub-15/mri/transforms/tmp.bbregister.2719741/reg.init.dat --reg /data/derivatives/bootcamp-geneva/fmriprep-24.0.0/sourcedata/freesurfer/sub-15/mri/transforms/tmp.bbregister.2719741/mri_coreg.lta --nthreads 4 --dof 6 --sep 4 --ftol .0001 --linmintol .01 --no-ref-mask

$Id: mri_coreg.c,v 1.27 2016/04/30 15:11:49 greve Exp $
cwd /data/derivatives/bootcamp-geneva/fmriprep-24.0.0/sourcedata/freesurfer/sub-15/scripts
cmdline mri_coreg --s sub-15 --mov /data/derivatives/bootcamp-geneva/fmriprep-24.0.0/sourcedata/freesurfer/sub-15/mri/transforms/tmp.bbregister.2719741/template.nii --regdat /data/derivatives/bootcamp-geneva/fmriprep-24.0.0/sourcedata/freesurfer/sub-15/mri/transforms/tmp.bbregister.2719741/reg.init.dat --reg /data/derivatives/bootcamp-geneva/fmriprep-24.0.0/sourcedata/freesurfer/sub-15/mri/transforms/tmp.bbregister.2719741/mri_coreg.lta --nthreads 4 --dof 6 --sep 4 --ftol .0001 --linmintol .01 --no-ref-mask 
sysname  Linux
hostname hos70297
machine  x86_64
user     oesteban
dof    6
nsep    1
cras0    1
ftol    0.000100
linmintol    0.010000
bf       1
bflim    30.000000
bfnsamp    30
SmoothRef 0
SatPct    99.990000
MovOOB 0
optschema 1
Seed 53
Reading in mov /data/derivatives/bootcamp-geneva/fmriprep-24.0.0/sourcedata/freesurfer/sub-15/mri/transforms/tmp.bbregister.2719741/template.nii
Reading in ref /data/derivatives/bootcamp-geneva/fmriprep-24.0.0/sourcedata/freesurfer/sub-15/mri/brainmask.mgz
Setting cras translation parameters to align volume centers
Creating random numbers for coordinate dithering
Performing intensity dithering
Performing intensity dithering on mov with computed dither
Init matrix params  0.3040  2.9229 -5.1336  0.0000  0.0000  0.0000  1.0000  1.0000  1.0000  0.0000  0.0000  0.0000 
Initial parameters to be opt  0.3040  2.9229 -5.1336  0.0000  0.0000  0.0000 
Separation list (1):  4   min = 4
DoSmoothing 1
DoCoordDither 1
DoIntensityDither 1
nitersmax 4
ftol 1.000e-04
linmintol 1.000e-02
SatPct 99.990000
Hist FWHM 7.000000 7.000000
nthreads 4
movsat = 853.9997
mov gstd 1.9140 1.9168 1.9168
Smoothing mov
refsat = 115.0000
ref gstd 1.9141 1.9141 1.9141
Smoothing ref
COREGpreproc() done
Testing if mov and target overlap
Init cost   -1.0404543331
nhits = 246296 out of 23887872, Percent Overlap:  66.0
Initial  RefRAS-to-MovRAS
 1.00000   0.00000   0.00000   0.30402;
 0.00000   1.00000   0.00000   2.92292;
 0.00000   0.00000   1.00000  -5.13360;
 0.00000   0.00000   0.00000   1.00000;
Initial  RefVox-to-MovVox
-0.99615  -0.06028   0.02407   251.64494;
 0.02968  -0.07826   1.03265   2.28524;
 0.06047  -1.03118  -0.07989   294.26001;
 0.00000   0.00000   0.00000   1.00000;
sep = 4 -----------------------------------
COREGoptBruteForce() 30 1 30
Turning on MovOOB for BruteForce Search
#BF# sep= 4 iter=0 lim=30.0 delta=2.00   0.30402  -1.07708   2.86640   2.00000   0.00000   0.00000   -1.0467326
Turning  MovOOB back off after brute force search


---------------------------------
Init Powel Params dof = 6: 0.304024 -1.077080 2.866402 2.000000 0.000000 0.000000 
Starting OpenPowel2(), sep = 4
InitialCost        -1.0543081760 
#@#  4  188  0.30402 -1.07708 2.86640 2.00000 0.00000 0.00000   -1.0543082
fs_powell::minimize
  nparams 6
  maxfev 4
  ftol   0.000100
  linmin_xtol_   0.010000
  powell nthiter 0: fret = -1.054308
#@#  4  193  -0.31401 -1.07708 2.86640 2.00000 0.00000 0.00000   -1.0544517
#@#  4  195  -0.20555 -1.07708 2.86640 2.00000 0.00000 0.00000   -1.0544577
#@#  4  196  -0.21555 -1.07708 2.86640 2.00000 0.00000 0.00000   -1.0544584
#@#  4  197  -0.23839 -1.07708 2.86640 2.00000 0.00000 0.00000   -1.0544585
#@#  4  202  -0.23839 -0.07708 2.86640 2.00000 0.00000 0.00000   -1.0554018
#@#  4  205  -0.23839 0.54095 2.86640 2.00000 0.00000 0.00000   -1.0555356
#@#  4  207  -0.23839 0.45215 2.86640 2.00000 0.00000 0.00000   -1.0555394
#@#  4  208  -0.23839 0.46215 2.86640 2.00000 0.00000 0.00000   -1.0555396
#@#  4  216  -0.23839 0.46215 2.85473 2.00000 0.00000 0.00000   -1.0555397
#@#  4  219  -0.23839 0.46215 2.85473 3.00000 0.00000 0.00000   -1.0557896
#@#  4  224  -0.23839 0.46215 2.85473 2.89196 0.00000 0.00000   -1.0557933
#@#  4  226  -0.23839 0.46215 2.85473 2.87073 0.00000 0.00000   -1.0557940
#@#  4  237  -0.23839 0.46215 2.85473 2.87073 -0.05621 0.00000   -1.0557944
#@#  4  249  -0.23839 0.46215 2.85473 2.87073 -0.05621 0.13826   -1.0558017
#@#  4  251  -0.23839 0.46215 2.85473 2.87073 -0.05621 0.15826   -1.0558019
#@#  4  253  -0.23839 0.46215 2.85473 2.87073 -0.05621 0.19090   -1.0558028
#@#  4  255  -0.23839 0.46215 2.85473 2.87073 -0.05621 0.18090   -1.0558031
  powell nthiter 1: fret = -1.055803
#@#  4  264  -0.17776 0.46215 2.85473 2.87073 -0.05621 0.18090   -1.0558057
#@#  4  265  -0.18776 0.46215 2.85473 2.87073 -0.05621 0.18090   -1.0558058
#@#  4  266  -0.19776 0.46215 2.85473 2.87073 -0.05621 0.18090   -1.0558065
#@#  4  274  -0.19776 0.36623 2.85473 2.87073 -0.05621 0.18090   -1.0558107
#@#  4  284  -0.19776 0.36623 2.80975 2.87073 -0.05621 0.18090   -1.0558126
#@#  4  285  -0.19776 0.36623 2.79590 2.87073 -0.05621 0.18090   -1.0558128
#@#  4  296  -0.19776 0.36623 2.79590 2.85313 -0.05621 0.18090   -1.0558131
Powell done niters total = 1
OptTimeSec 10.1 sec
OptTimeMin  0.17 min
nEvals 316
Final optimized parameters  -0.19775793   0.36622638   2.79590440   2.85312676  -0.05621375   0.18090014 
Final matrix parameters -0.1978  0.3662  2.7959  2.8531 -0.0562  0.1952  1.0000  1.0000  1.0000  0.0000  0.0000  0.0000 
Final cost   -1.055813110916334
 

---------------------------------
Final  RefRAS-to-MovRAS
 0.99999   0.00316  -0.00098  -0.19776;
-0.00310   0.99876   0.04978   0.36623;
 0.00114  -0.04977   0.99876   2.79590;
 0.00000   0.00000   0.00000   1.00000;
Final  RefVox-to-MovVox
-0.99614  -0.06043   0.02418   251.54086;
 0.03280  -0.12959   1.02738   5.94015;
 0.05905  -1.02598  -0.13130   311.05643;
 0.00000   0.00000   0.00000   1.00000;
Final matrix parameters -0.1978  0.3662  2.7959  2.8531 -0.0562  0.1809  0.0000  0.0000  0.0000  0.0000  0.0000  0.0000 
Final opt parameters -0.1978  0.3662  2.7959  2.8531 -0.0562  0.1809 
nhits = 239886 out of 23887872, Percent Overlap:  64.3
mri_coreg RunTimeSec 77.9 sec
To check run:
   tkregisterfv --mov /data/derivatives/bootcamp-geneva/fmriprep-24.0.0/sourcedata/freesurfer/sub-15/mri/transforms/tmp.bbregister.2719741/template.nii --targ /data/derivatives/bootcamp-geneva/fmriprep-24.0.0/sourcedata/freesurfer/sub-15/mri/brainmask.mgz --reg /data/derivatives/bootcamp-geneva/fmriprep-24.0.0/sourcedata/freesurfer/sub-15/mri/transforms/tmp.bbregister.2719741/mri_coreg.lta --s sub-15 --surfs 

mri_coreg done

mri_segreg --mov /data/derivatives/bootcamp-geneva/fmriprep-24.0.0/sourcedata/freesurfer/sub-15/mri/transforms/tmp.bbregister.2719741/template.nii --init-reg /data/derivatives/bootcamp-geneva/fmriprep-24.0.0/sourcedata/freesurfer/sub-15/mri/transforms/tmp.bbregister.2719741/reg.init.dat --out-reg /data/derivatives/bootcamp-geneva/fmriprep-24.0.0/sourcedata/freesurfer/sub-15/mri/transforms/tmp.bbregister.2719741/bbr.pass1.dat --subsamp-brute 100 --subsamp 100 --tol 1e-4 --tol1d 1e-3 --brute -4 4 4 --surf white --gm-proj-abs 2 --gm-gt-wm 0.5
7.3.2
setenv SUBJECTS_DIR /data/derivatives/bootcamp-geneva/fmriprep-24.0.0/sourcedata/freesurfer
cd /data/derivatives/bootcamp-geneva/fmriprep-24.0.0/sourcedata/freesurfer/sub-15/scripts
mri_segreg --mov /data/derivatives/bootcamp-geneva/fmriprep-24.0.0/sourcedata/freesurfer/sub-15/mri/transforms/tmp.bbregister.2719741/template.nii --init-reg /data/derivatives/bootcamp-geneva/fmriprep-24.0.0/sourcedata/freesurfer/sub-15/mri/transforms/tmp.bbregister.2719741/reg.init.dat --out-reg /data/derivatives/bootcamp-geneva/fmriprep-24.0.0/sourcedata/freesurfer/sub-15/mri/transforms/tmp.bbregister.2719741/bbr.pass1.dat --subsamp-brute 100 --subsamp 100 --tol 1e-4 --tol1d 1e-3 --brute -4 4 4 --surf white --gm-proj-abs 2 --gm-gt-wm 0.5 
sysname  Linux
hostname hos70297
machine  x86_64
user     oesteban
movvol /data/derivatives/bootcamp-geneva/fmriprep-24.0.0/sourcedata/freesurfer/sub-15/mri/transforms/tmp.bbregister.2719741/template.nii
regfile /data/derivatives/bootcamp-geneva/fmriprep-24.0.0/sourcedata/freesurfer/sub-15/mri/transforms/tmp.bbregister.2719741/reg.init.dat
subject sub-15
dof 6
outregfile /data/derivatives/bootcamp-geneva/fmriprep-24.0.0/sourcedata/freesurfer/sub-15/mri/transforms/tmp.bbregister.2719741/bbr.pass1.dat
UseMask 0
UseLH 1
UseRH 1
nsubsamp 100
PenaltySign  -1
PenaltySlope 0.500000
PenaltyCenter 0.000000
surfname white
GMProjAbs 2.000000
WMProjAbs 2.000000
lhcostfile (null)
rhcostfile (null)
interp  trilinear (1)
frame  0
TolPowell 0.000100
nMaxItersPowell 36
n1dmin  3
Profile   0
Gdiag_no  -1
AddNoise  0 (0)
SynthSeed 1725770313
TransRandMax 0.000000
RotRandMax 0.000000
Translations 0.000000 0.000000 0.000000
Rotations   0.000000 0.000000 0.000000
Input reg
-0.99787  -0.02422  -0.06053   0.89849;
-0.05700  -0.12673   0.99030   6.86873;
 0.03166  -0.99164  -0.12508   3.12623;
 0.00000   0.00000   0.00000   1.00000;

Loading mov
ExcludeZeroVoxels 1
Reading in targ vol /data/derivatives/bootcamp-geneva/fmriprep-24.0.0/sourcedata/freesurfer/sub-15/mri/orig.mgz
Projecting LH Surfs
Loading lh.white surf
GM Proj: 0 0.500000 2.000000
WM Proj: 0 0.500000 2.000000
Projecting RH Surfs
Loading rh.white surf
Projecting RH Surfs
Using lh.cortex.label
Using rh.cortex.label
Computing relative cost
 0  -25.0 -25.0 -25.0   0.987028
 1  -25.0 -25.0  25.0   1.023754
 2  -25.0  25.0 -25.0   1.011761
 3  -25.0  25.0  25.0   1.006737
 4   25.0 -25.0 -25.0   1.014432
 5   25.0 -25.0  25.0   0.994225
 6   25.0  25.0 -25.0   1.000081
 7   25.0  25.0  25.0   1.002967
REL:  8  0.144540    8.040984  1.005123 rel = 0.143804 
Initial costs ----------------
Number of surface hits 3759
WM  Intensity   150.1276 +/-  29.7282
Ctx Intensity   220.1727 +/-  72.7706
Pct Contrast     33.9063 +/-  29.0780
Cost   0.1445
RelCost   0.1438

------------------------------------
Brute force preopt -4 4 4, n = 729
     0  -4.0000  -4.0000  -4.0000  -4.0000  -4.0000  -4.0000      0.9765   0.9765  0.0
     3  -4.0000  -4.0000  -4.0000  -4.0000   0.0000  -4.0000      0.9502   0.9502  0.0
     6  -4.0000  -4.0000  -4.0000  -4.0000   4.0000  -4.0000      0.9160   0.9160  0.0
    19  -4.0000  -4.0000  -4.0000   4.0000  -4.0000   0.0000      0.9049   0.9049  0.0
    21  -4.0000  -4.0000  -4.0000   4.0000   0.0000  -4.0000      0.8626   0.8626  0.0
    39  -4.0000  -4.0000   0.0000   0.0000   0.0000  -4.0000      0.8497   0.8497  0.0
    57  -4.0000  -4.0000   4.0000  -4.0000   0.0000  -4.0000      0.8410   0.8410  0.0
   102  -4.0000   0.0000  -4.0000   4.0000   0.0000  -4.0000      0.7361   0.7361  0.0
   120  -4.0000   0.0000   0.0000   0.0000   0.0000  -4.0000      0.6175   0.6175  0.0
   346   0.0000   0.0000  -4.0000   4.0000   0.0000   0.0000      0.5824   0.5824  0.0
   364   0.0000   0.0000   0.0000   0.0000   0.0000   0.0000      0.1445   0.1445  0.0
Brute Force --------------------------
Min cost was 0.144540
Number of iterations   729
Search time 1.591166 sec
Parameters at best (transmm, rotdeg)
  0.000   0.000   0.000  0.000  0.000  0.000 
--------------------------------------------

Starting Powell Minimization
Init Powel Params dof = 6
0 0
1 0
2 0
3 0
4 0
5 0
fs_powell::minimize
  nparams 6
  maxfev 36
  ftol   0.000100
  linmin_xtol_   0.001000
  powell nthiter 0: fret = 0.144540
   9 -0.070  0.000  0.000  0.000  0.000  0.000   0.1432988647
  11 -0.065  0.000  0.000  0.000  0.000  0.000   0.1432693543
  19 -0.065 -0.618  0.000  0.000  0.000  0.000   0.1225827306
  21 -0.065 -0.685  0.000  0.000  0.000  0.000   0.1213454746
  22 -0.065 -0.750  0.000  0.000  0.000  0.000   0.1202199345
  27 -0.065 -0.753  0.000  0.000  0.000  0.000   0.1202089011
  36 -0.065 -0.753  0.024  0.000  0.000  0.000   0.1191074250
  39 -0.065 -0.753  0.031  0.000  0.000  0.000   0.1190208451
  41 -0.065 -0.753  0.030  0.000  0.000  0.000   0.1190145106
  48 -0.065 -0.753  0.030  0.382  0.000  0.000   0.1176976366
  51 -0.065 -0.753  0.030  0.369  0.000  0.000   0.1174815273
  54 -0.065 -0.753  0.030  0.368  0.000  0.000   0.1174779661
  55 -0.065 -0.753  0.030  0.366  0.000  0.000   0.1174755465
  64 -0.065 -0.753  0.030  0.366  0.177  0.000   0.1144286563
  68 -0.065 -0.753  0.030  0.366  0.176  0.000   0.1144214481
  79 -0.065 -0.753  0.030  0.366  0.176  0.020   0.1138781550
  81 -0.065 -0.753  0.030  0.366  0.176  0.019   0.1138770332
  powell nthiter 1: fret = 0.113877
  94 -0.058 -0.753  0.030  0.366  0.176  0.019   0.1137418582
  95 -0.059 -0.753  0.030  0.366  0.176  0.019   0.1137414402
 106 -0.059 -0.734  0.030  0.366  0.176  0.019   0.1136676191
 107 -0.059 -0.739  0.030  0.366  0.176  0.019   0.1136365898
 108 -0.059 -0.741  0.030  0.366  0.176  0.019   0.1136330094
 109 -0.059 -0.742  0.030  0.366  0.176  0.019   0.1136326960
 118 -0.059 -0.742  0.176  0.366  0.176  0.019   0.1124420756
 120 -0.059 -0.742  0.205  0.366  0.176  0.019   0.1123306927
 124 -0.059 -0.742  0.217  0.366  0.176  0.019   0.1122123601
 125 -0.059 -0.742  0.216  0.366  0.176  0.019   0.1122120139
 135 -0.059 -0.742  0.216  0.386  0.176  0.019   0.1121831328
 136 -0.059 -0.742  0.216  0.379  0.176  0.019   0.1120927819
 137 -0.059 -0.742  0.216  0.377  0.176  0.019   0.1120878710
 147 -0.059 -0.742  0.216  0.377  0.171  0.019   0.1120473196
 158 -0.059 -0.742  0.216  0.377  0.171  0.012   0.1119580156
 161 -0.059 -0.742  0.216  0.377  0.171  0.008   0.1119445768
 162 -0.059 -0.742  0.216  0.377  0.171  0.009   0.1119440139
  powell nthiter 2: fret = 0.111944
 171 -0.067 -0.742  0.216  0.377  0.171  0.009   0.1118366619
 175 -0.065 -0.742  0.216  0.377  0.171  0.009   0.1118243316
 177 -0.064 -0.742  0.216  0.377  0.171  0.009   0.1118239918
 186 -0.064 -0.806  0.216  0.377  0.171  0.009   0.1111803420
 187 -0.064 -0.848  0.216  0.377  0.171  0.009   0.1105541497
 190 -0.064 -0.832  0.216  0.377  0.171  0.009   0.1104396178
 204 -0.064 -0.832  0.207  0.377  0.171  0.009   0.1101941358
 206 -0.064 -0.832  0.178  0.377  0.171  0.009   0.1096984749
 208 -0.064 -0.832  0.185  0.377  0.171  0.009   0.1096474964
 223 -0.064 -0.832  0.185  0.379  0.171  0.009   0.1096436129
 233 -0.064 -0.832  0.185  0.379  0.211  0.009   0.1094030045
 234 -0.064 -0.832  0.185  0.379  0.195  0.009   0.1090185002
 235 -0.064 -0.832  0.185  0.379  0.194  0.009   0.1090055510
 237 -0.064 -0.832  0.185  0.379  0.190  0.009   0.1089892349
 239 -0.064 -0.832  0.185  0.379  0.188  0.009   0.1089876950
 241 -0.064 -0.832  0.185  0.379  0.189  0.009   0.1089854660
 252 -0.064 -0.832  0.185  0.379  0.189  0.011   0.1089702388
 253 -0.064 -0.832  0.185  0.379  0.189  0.012   0.1089688916
  powell nthiter 3: fret = 0.108969
 265 -0.063 -0.832  0.185  0.379  0.189  0.012   0.1089607485
 266 -0.062 -0.832  0.185  0.379  0.189  0.012   0.1089576990
 278 -0.062 -0.849  0.185  0.379  0.189  0.012   0.1089124640
 279 -0.062 -0.845  0.185  0.379  0.189  0.012   0.1088941429
 292 -0.062 -0.845  0.168  0.379  0.189  0.012   0.1087935052
 293 -0.062 -0.845  0.173  0.379  0.189  0.012   0.1087339053
 294 -0.062 -0.845  0.174  0.379  0.189  0.012   0.1087330258
 305 -0.062 -0.845  0.174  0.376  0.189  0.012   0.1086986699
 306 -0.062 -0.845  0.174  0.374  0.189  0.012   0.1086889213
 307 -0.062 -0.845  0.174  0.375  0.189  0.012   0.1086879372
 318 -0.062 -0.845  0.174  0.375  0.197  0.012   0.1086755406
 319 -0.062 -0.845  0.174  0.375  0.194  0.012   0.1086671000
 320 -0.062 -0.845  0.174  0.375  0.193  0.012   0.1086647939
  powell nthiter 4: fret = 0.108665
 345 -0.060 -0.845  0.174  0.375  0.193  0.012   0.1086631327
 358 -0.060 -0.849  0.174  0.375  0.193  0.012   0.1086508717
 359 -0.060 -0.848  0.174  0.375  0.193  0.012   0.1086497018
 370 -0.060 -0.848  0.175  0.375  0.193  0.012   0.1086440928
 371 -0.060 -0.848  0.177  0.375  0.193  0.012   0.1086411738
 382 -0.060 -0.848  0.177  0.373  0.193  0.012   0.1086075971
 383 -0.060 -0.848  0.177  0.371  0.193  0.012   0.1085971898
 397 -0.060 -0.848  0.177  0.371  0.191  0.012   0.1085909220
 410 -0.060 -0.848  0.177  0.371  0.191  0.014   0.1085890704
 413 -0.059 -0.851  0.180  0.366  0.190  0.015   0.1085485698
 416 -0.056 -0.855  0.184  0.360  0.187  0.016   0.1085481168
 417 -0.058 -0.853  0.182  0.363  0.189  0.015   0.1085389134
 421 -0.058 -0.853  0.182  0.363  0.189  0.015   0.1085388631
 424 -0.058 -0.853  0.182  0.363  0.189  0.015   0.1085386702
 425 -0.058 -0.853  0.182  0.363  0.189  0.015   0.1085385760
  powell nthiter 5: fret = 0.108539
 439 -0.056 -0.853  0.182  0.363  0.189  0.015   0.1085372989
 452 -0.056 -0.854  0.182  0.363  0.189  0.015   0.1085364857
 462 -0.056 -0.854  0.192  0.363  0.189  0.015   0.1084862467
 464 -0.056 -0.854  0.189  0.363  0.189  0.015   0.1084761240
 465 -0.056 -0.854  0.188  0.363  0.189  0.015   0.1084758669
 478 -0.056 -0.854  0.188  0.363  0.189  0.016   0.1084722580
 479 -0.056 -0.854  0.188  0.363  0.189  0.017   0.1084720033
 494 -0.055 -0.857  0.191  0.359  0.187  0.019   0.1084678694
 498 -0.055 -0.856  0.190  0.361  0.188  0.018   0.1084652999
 499 -0.055 -0.856  0.190  0.361  0.188  0.018   0.1084651486
 500 -0.055 -0.856  0.190  0.360  0.188  0.018   0.1084649404
 507 -0.055 -0.856  0.190  0.360  0.188  0.018   0.1084648357
  powell nthiter 6: fret = 0.108465
 534 -0.055 -0.855  0.190  0.360  0.188  0.018   0.1084612498
 546 -0.055 -0.855  0.192  0.360  0.188  0.018   0.1084570825
 571 -0.055 -0.855  0.192  0.360  0.185  0.018   0.1084544023
 573 -0.055 -0.855  0.192  0.360  0.186  0.018   0.1084510324
 579 -0.055 -0.856  0.193  0.359  0.185  0.019   0.1084502110
 580 -0.055 -0.855  0.193  0.359  0.185  0.018   0.1084496718
 582 -0.055 -0.856  0.193  0.359  0.185  0.019   0.1084495668
  powell nthiter 7: fret = 0.108450
 615 -0.055 -0.855  0.193  0.359  0.185  0.019   0.1084469558
 627 -0.055 -0.855  0.194  0.359  0.185  0.019   0.1084460602
 641 -0.055 -0.855  0.194  0.359  0.185  0.018   0.1084459844
 653 -0.055 -0.855  0.194  0.359  0.184  0.018   0.1084451405
 661 -0.055 -0.855  0.195  0.359  0.184  0.018   0.1084448219
 662 -0.055 -0.855  0.195  0.359  0.184  0.018   0.1084446084
 666 -0.055 -0.855  0.195  0.359  0.184  0.018   0.1084444054
Powell done niters = 7
Computing relative cost
 0  -25.0 -25.0 -25.0   0.988517
 1  -25.0 -25.0  25.0   1.037263
 2  -25.0  25.0 -25.0   1.004216
 3  -25.0  25.0  25.0   1.019107
 4   25.0 -25.0 -25.0   1.016917
 5   25.0 -25.0  25.0   1.003023
 6   25.0  25.0 -25.0   1.024769
 7   25.0  25.0  25.0   1.006516
REL:  8  0.108444    8.100328  1.012541 rel = 0.107101 
Number of iterations     7
Min cost was 0.108444
Number of FunctionCalls   672
TolPowell 0.000100
nMaxItersPowell 36
OptimizationTime 1.349402 sec
Parameters at optimum (transmm) -0.05469 -0.85484  0.19460
Parameters at optimum (rotdeg)  0.35863  0.18410  0.01763 
Final costs ----------------
Number of surface hits 3759
WM  Intensity   148.9792 +/-  28.1788
Ctx Intensity   216.1089 +/-  66.2168
Pct Contrast     33.4148 +/-  27.6689
Cost   0.1084
RelCost   0.1438
Reg at min cost was 
-0.99775  -0.02737  -0.06122   0.85187;
-0.05750  -0.12053   0.99104   5.99446;
 0.03451  -0.99233  -0.11869   3.36085;
 0.00000   0.00000   0.00000   1.00000;

Writing optimal reg to /data/derivatives/bootcamp-geneva/fmriprep-24.0.0/sourcedata/freesurfer/sub-15/mri/transforms/tmp.bbregister.2719741/bbr.pass1.dat, type = 14 
Original Reg 
-0.99787  -0.02422  -0.06053   0.89849;
-0.05700  -0.12673   0.99030   6.86873;
 0.03166  -0.99164  -0.12508   3.12623;
 0.00000   0.00000   0.00000   1.00000;

Original Reg - Optimal Reg
-0.00012   0.00315   0.00069   0.04662;
 0.00050  -0.00620  -0.00074   0.87426;
-0.00285   0.00069  -0.00640  -0.23463;
 0.00000   0.00000   0.00000   0.00000;

Computing change in lh position
LH rmsDiffMean 1.023595
Computing change in rh position
Surface-RMS-Diff-mm 1.064648 0.234235 1.536895
mri_segreg done
mri_segreg --mov /data/derivatives/bootcamp-geneva/fmriprep-24.0.0/sourcedata/freesurfer/sub-15/mri/transforms/tmp.bbregister.2719741/template.nii --init-reg /data/derivatives/bootcamp-geneva/fmriprep-24.0.0/sourcedata/freesurfer/sub-15/mri/transforms/tmp.bbregister.2719741/bbr.pass1.dat --out-reg /data/derivatives/bootcamp-geneva/fmriprep-24.0.0/sourcedata/freesurfer/sub-15/mri/transforms/T2raw.auto.dat --interp trilinear --wm-proj-abs 1 --tol 1e-8 --tol1d 1e-3 --c0 0 --mincost /data/derivatives/bootcamp-geneva/fmriprep-24.0.0/sourcedata/freesurfer/sub-15/mri/transforms/T2raw.auto.dat.mincost --dof 6 --nmax 36 --param /data/derivatives/bootcamp-geneva/fmriprep-24.0.0/sourcedata/freesurfer/sub-15/mri/transforms/T2raw.auto.dat.param --surf white --brute -0.1 0.1 0.1 --cur-reg /data/derivatives/bootcamp-geneva/fmriprep-24.0.0/sourcedata/freesurfer/sub-15/mri/transforms/tmp.bbregister.2719741/reg.curopt.dat --gm-proj-abs 2 --nsub 1 --gm-gt-wm 0.5
7.3.2
setenv SUBJECTS_DIR /data/derivatives/bootcamp-geneva/fmriprep-24.0.0/sourcedata/freesurfer
cd /data/derivatives/bootcamp-geneva/fmriprep-24.0.0/sourcedata/freesurfer/sub-15/scripts
mri_segreg --mov /data/derivatives/bootcamp-geneva/fmriprep-24.0.0/sourcedata/freesurfer/sub-15/mri/transforms/tmp.bbregister.2719741/template.nii --init-reg /data/derivatives/bootcamp-geneva/fmriprep-24.0.0/sourcedata/freesurfer/sub-15/mri/transforms/tmp.bbregister.2719741/bbr.pass1.dat --out-reg /data/derivatives/bootcamp-geneva/fmriprep-24.0.0/sourcedata/freesurfer/sub-15/mri/transforms/T2raw.auto.dat --interp trilinear --wm-proj-abs 1 --tol 1e-8 --tol1d 1e-3 --c0 0 --mincost /data/derivatives/bootcamp-geneva/fmriprep-24.0.0/sourcedata/freesurfer/sub-15/mri/transforms/T2raw.auto.dat.mincost --dof 6 --nmax 36 --param /data/derivatives/bootcamp-geneva/fmriprep-24.0.0/sourcedata/freesurfer/sub-15/mri/transforms/T2raw.auto.dat.param --surf white --brute -0.1 0.1 0.1 --cur-reg /data/derivatives/bootcamp-geneva/fmriprep-24.0.0/sourcedata/freesurfer/sub-15/mri/transforms/tmp.bbregister.2719741/reg.curopt.dat --gm-proj-abs 2 --nsub 1 --gm-gt-wm 0.5 
sysname  Linux
hostname hos70297
machine  x86_64
user     oesteban
movvol /data/derivatives/bootcamp-geneva/fmriprep-24.0.0/sourcedata/freesurfer/sub-15/mri/transforms/tmp.bbregister.2719741/template.nii
regfile /data/derivatives/bootcamp-geneva/fmriprep-24.0.0/sourcedata/freesurfer/sub-15/mri/transforms/tmp.bbregister.2719741/bbr.pass1.dat
subject sub-15
dof 6
outregfile /data/derivatives/bootcamp-geneva/fmriprep-24.0.0/sourcedata/freesurfer/sub-15/mri/transforms/T2raw.auto.dat
UseMask 0
UseLH 1
UseRH 1
nsubsamp 1
PenaltySign  -1
PenaltySlope 0.500000
PenaltyCenter 0.000000
surfname white
GMProjAbs 2.000000
WMProjAbs 1.000000
lhcostfile (null)
rhcostfile (null)
interp  trilinear (1)
frame  0
TolPowell 0.000000
nMaxItersPowell 36
n1dmin  3
Profile   0
Gdiag_no  -1
AddNoise  0 (0)
SynthSeed 1725990356
TransRandMax 0.000000
RotRandMax 0.000000
Translations 0.000000 0.000000 0.000000
Rotations   0.000000 0.000000 0.000000
Input reg
-0.99775  -0.02737  -0.06122   0.85187;
-0.05750  -0.12053   0.99104   5.99446;
 0.03451  -0.99233  -0.11869   3.36085;
 0.00000   0.00000   0.00000   1.00000;

Loading mov
ExcludeZeroVoxels 1
Reading in targ vol /data/derivatives/bootcamp-geneva/fmriprep-24.0.0/sourcedata/freesurfer/sub-15/mri/orig.mgz
Projecting LH Surfs
Loading lh.white surf
GM Proj: 0 0.500000 2.000000
WM Proj: 0 0.500000 1.000000
Projecting RH Surfs
Loading rh.white surf
Projecting RH Surfs
Using lh.cortex.label
Using rh.cortex.label
Computing relative cost
 0  -25.0 -25.0 -25.0   0.998682
 1  -25.0 -25.0  25.0   1.004256
 2  -25.0  25.0 -25.0   0.999174
 3  -25.0  25.0  25.0   0.997579
 4   25.0 -25.0 -25.0   1.000328
 5   25.0 -25.0  25.0   1.001796
 6   25.0  25.0 -25.0   1.017822
 7   25.0  25.0  25.0   0.989832
REL:  8  0.100048    8.009469  1.001184 rel = 0.0999292 
Initial costs ----------------
Number of surface hits 377596
WM  Intensity   144.9598 +/-  24.6402
Ctx Intensity   215.0425 +/-  65.5466
Pct Contrast     35.2578 +/-  27.9856
Cost   0.1000
RelCost   0.0999

------------------------------------
Brute force preopt -0.1 0.1 0.1, n = 729
     0  -0.1000  -0.1000  -0.1000  -0.1000  -0.1000  -0.1000      0.0939   0.0939  0.0
     3  -0.1000  -0.1000  -0.1000  -0.1000   0.0000  -0.1000      0.0929   0.0929  0.0
     7  -0.1000  -0.1000  -0.1000  -0.1000   0.1000   0.0000      0.0929   0.0929  0.0
     9  -0.1000  -0.1000  -0.1000   0.0000  -0.1000  -0.1000      0.0918   0.0918  0.0
    12  -0.1000  -0.1000  -0.1000   0.0000   0.0000  -0.1000      0.0915   0.0915  0.0
    18  -0.1000  -0.1000  -0.1000   0.1000  -0.1000  -0.1000      0.0902   0.0902  0.0
    21  -0.1000  -0.1000  -0.1000   0.1000   0.0000  -0.1000      0.0890   0.0890  0.0
    57  -0.1000  -0.1000   0.1000  -0.1000   0.0000  -0.1000      0.0880   0.0880  0.0
    97  -0.1000   0.0000  -0.1000   0.0000   0.1000   0.0000      0.0878   0.0878  0.0
   165  -0.1000   0.1000  -0.1000  -0.1000   0.0000  -0.1000      0.0865   0.0865  0.0
   177  -0.1000   0.1000  -0.1000   0.0000   0.1000  -0.1000      0.0861   0.0861  0.0
Brute Force --------------------------
Min cost was 0.086087
Number of iterations   729
Search time 1.438807 sec
Parameters at best (transmm, rotdeg)
 -0.100   0.100  -0.100  0.000  0.100 -0.100 
--------------------------------------------

Starting Powell Minimization
Init Powel Params dof = 6
0 -0.1
1 0.1
2 -0.1
3 0
4 0.1
5 -0.1
fs_powell::minimize
  nparams 6
  maxfev 36
  ftol   0.000000
  linmin_xtol_   0.001000
  powell nthiter 0: fret = 0.095983
  10 -0.108  0.100 -0.100  0.000  0.100 -0.100   0.0959651341
  11 -0.109  0.100 -0.100  0.000  0.100 -0.100   0.0959648937
  18 -0.109  0.482 -0.100  0.000  0.100 -0.100   0.0925097773
  20 -0.109  0.480 -0.100  0.000  0.100 -0.100   0.0925082347
  21 -0.109  0.472 -0.100  0.000  0.100 -0.100   0.0925020817
  22 -0.109  0.460 -0.100  0.000  0.100 -0.100   0.0924951266
  24 -0.109  0.463 -0.100  0.000  0.100 -0.100   0.0924941661
  25 -0.109  0.464 -0.100  0.000  0.100 -0.100   0.0924941626
  33 -0.109  0.464 -0.327  0.000  0.100 -0.100   0.0913044458
  35 -0.109  0.464 -0.360  0.000  0.100 -0.100   0.0912740644
  38 -0.109  0.464 -0.359  0.000  0.100 -0.100   0.0912731038
  39 -0.109  0.464 -0.351  0.000  0.100 -0.100   0.0912709080
  42 -0.109  0.464 -0.350  0.000  0.100 -0.100   0.0912706317
  44 -0.109  0.464 -0.349  0.000  0.100 -0.100   0.0912705171
  54 -0.109  0.464 -0.349  0.006  0.100 -0.100   0.0912625076
  55 -0.109  0.464 -0.349  0.007  0.100 -0.100   0.0912620638
  64 -0.109  0.464 -0.349  0.007  0.081 -0.100   0.0912540291
  65 -0.109  0.464 -0.349  0.007  0.083 -0.100   0.0912524646
  66 -0.109  0.464 -0.349  0.007  0.087 -0.100   0.0912509397
  67 -0.109  0.464 -0.349  0.007  0.088 -0.100   0.0912509032
  76 -0.109  0.464 -0.349  0.007  0.088 -0.082   0.0912157410
  79 -0.109  0.464 -0.349  0.007  0.088 -0.081   0.0912156046
  powell nthiter 1: fret = 0.091216
  89 -0.084  0.464 -0.349  0.007  0.088 -0.081   0.0912021438
  92 -0.079  0.464 -0.349  0.007  0.088 -0.081   0.0912010033
  93 -0.080  0.464 -0.349  0.007  0.088 -0.081   0.0912007722
  94 -0.081  0.464 -0.349  0.007  0.088 -0.081   0.0912006441
 103 -0.081  0.448 -0.349  0.007  0.088 -0.081   0.0911620899
 105 -0.081  0.444 -0.349  0.007  0.088 -0.081   0.0911611416
 120 -0.081  0.444 -0.350  0.007  0.088 -0.081   0.0911611198
 130 -0.081  0.444 -0.350  0.006  0.088 -0.081   0.0911596910
 131 -0.081  0.444 -0.350  0.001  0.088 -0.081   0.0911583571
 133 -0.081  0.444 -0.350  0.003  0.088 -0.081   0.0911575728
 144 -0.081  0.444 -0.350  0.003  0.086 -0.081   0.0911569725
 145 -0.081  0.444 -0.350  0.003  0.083 -0.081   0.0911567860
 146 -0.081  0.444 -0.350  0.003  0.084 -0.081   0.0911566285
 155 -0.081  0.444 -0.350  0.003  0.084 -0.060   0.0911228822
 157 -0.081  0.444 -0.350  0.003  0.084 -0.059   0.0911228773
 159 -0.054  0.425 -0.351 -0.001  0.079 -0.037   0.0910605615
 164 -0.037  0.413 -0.352 -0.004  0.076 -0.023   0.0910602912
 166 -0.045  0.419 -0.351 -0.002  0.078 -0.030   0.0910547064
 167 -0.045  0.419 -0.351 -0.002  0.078 -0.030   0.0910546990
  powell nthiter 2: fret = 0.091055
 182 -0.035  0.419 -0.351 -0.002  0.078 -0.030   0.0910536299
 185 -0.036  0.419 -0.351 -0.002  0.078 -0.030   0.0910535321
 186 -0.037  0.419 -0.351 -0.002  0.078 -0.030   0.0910535298
 194 -0.037  0.419 -0.351 -0.002  0.078 -0.022   0.0910517127
 196 -0.037  0.419 -0.351 -0.002  0.078 -0.020   0.0910513362
 200 -0.037  0.419 -0.351 -0.002  0.078 -0.013   0.0910444935
 214 -0.037  0.419 -0.363 -0.002  0.078 -0.012   0.0910315307
 215 -0.037  0.419 -0.364 -0.002  0.078 -0.012   0.0910312911
 226 -0.037  0.419 -0.364 -0.000  0.078 -0.012   0.0910311431
 227 -0.037  0.419 -0.364 -0.001  0.078 -0.012   0.0910310329
 236 -0.037  0.419 -0.364 -0.001  0.063 -0.012   0.0910294526
 238 -0.037  0.419 -0.364 -0.001  0.070 -0.012   0.0910155176
 248 -0.043  0.423 -0.363 -0.000  0.071 -0.017   0.0910153043
 249 -0.040  0.421 -0.363 -0.001  0.071 -0.014   0.0910145681
 255 -0.040  0.421 -0.363 -0.001  0.071 -0.014   0.0910145536
  powell nthiter 3: fret = 0.091015
 266 -0.029  0.421 -0.363 -0.001  0.071 -0.014   0.0910123493
 268 -0.034  0.421 -0.363 -0.001  0.071 -0.014   0.0910106295
 270 -0.036  0.421 -0.363 -0.001  0.071 -0.014   0.0910105653
 272 -0.035  0.421 -0.363 -0.001  0.071 -0.014   0.0910103258
 303 -0.035  0.421 -0.363 -0.002  0.071 -0.014   0.0910103205
 314 -0.035  0.421 -0.363 -0.002  0.069 -0.014   0.0910087879
 325 -0.036  0.422 -0.363 -0.002  0.068 -0.015   0.0910087171
 328 -0.036  0.422 -0.363 -0.001  0.068 -0.015   0.0910086843
 332 -0.037  0.422 -0.363 -0.001  0.068 -0.015   0.0910086418
 337 -0.033  0.423 -0.363 -0.002  0.065 -0.016   0.0910071250
 340 -0.027  0.425 -0.363 -0.003  0.060 -0.018   0.0910051977
 344 -0.030  0.424 -0.363 -0.003  0.062 -0.017   0.0910049080
 345 -0.029  0.424 -0.363 -0.003  0.061 -0.018   0.0910047409
 346 -0.029  0.424 -0.363 -0.003  0.061 -0.018   0.0910047281
 350 -0.029  0.424 -0.363 -0.003  0.061 -0.018   0.0910047111
 353 -0.029  0.424 -0.363 -0.003  0.061 -0.018   0.0910046968
  powell nthiter 4: fret = 0.091005
 359 -0.018  0.417 -0.364 -0.005  0.060 -0.009   0.0910010773
 360 -0.019  0.417 -0.364 -0.005  0.060 -0.010   0.0910007743
 361 -0.021  0.419 -0.364 -0.004  0.060 -0.012   0.0910001080
 363 -0.022  0.419 -0.364 -0.004  0.060 -0.012   0.0910000394
 364 -0.022  0.420 -0.364 -0.004  0.060 -0.013   0.0910000290
 365 -0.022  0.419 -0.364 -0.004  0.060 -0.012   0.0909999832
 390 -0.022  0.419 -0.366 -0.004  0.060 -0.012   0.0909957383
 391 -0.022  0.419 -0.369 -0.004  0.060 -0.012   0.0909943484
 403 -0.022  0.419 -0.369 -0.003  0.060 -0.012   0.0909938103
 404 -0.022  0.419 -0.369 -0.002  0.060 -0.012   0.0909935364
 422 -0.021  0.420 -0.369 -0.003  0.059 -0.013   0.0909931088
 423 -0.021  0.420 -0.369 -0.002  0.059 -0.013   0.0909931064
 424 -0.021  0.420 -0.369 -0.002  0.059 -0.013   0.0909930810
 427 -0.021  0.420 -0.369 -0.003  0.059 -0.013   0.0909930767
 429 -0.021  0.420 -0.369 -0.003  0.059 -0.013   0.0909930677
 433 -0.005  0.417 -0.375 -0.004  0.051 -0.010   0.0909871927
 440 -0.008  0.418 -0.374 -0.003  0.052 -0.011   0.0909865318
 441 -0.007  0.418 -0.374 -0.003  0.052 -0.011   0.0909864550
 443 -0.007  0.418 -0.374 -0.003  0.052 -0.010   0.0909864231
 444 -0.007  0.418 -0.374 -0.003  0.052 -0.010   0.0909864189
 445 -0.007  0.418 -0.374 -0.003  0.052 -0.010   0.0909863826
  powell nthiter 5: fret = 0.090986
 456 -0.005  0.416 -0.374 -0.004  0.052 -0.009   0.0909854375
 457 -0.004  0.416 -0.374 -0.004  0.052 -0.008   0.0909853016
 476 -0.004  0.416 -0.374 -0.004  0.052 -0.006   0.0909843039
 477 -0.004  0.416 -0.374 -0.004  0.052 -0.007   0.0909842906
 482 -0.006  0.415 -0.375 -0.003  0.053 -0.006   0.0909840540
 484 -0.006  0.415 -0.375 -0.003  0.053 -0.006   0.0909839565
 485 -0.005  0.416 -0.374 -0.004  0.053 -0.007   0.0909838595
 486 -0.006  0.416 -0.375 -0.004  0.053 -0.006   0.0909838383
 489 -0.006  0.416 -0.375 -0.004  0.053 -0.006   0.0909838163
 503 -0.006  0.416 -0.375  0.000  0.053 -0.006   0.0909835115
 504 -0.006  0.416 -0.375 -0.001  0.053 -0.006   0.0909829766
 514 -0.006  0.416 -0.375 -0.001  0.041 -0.006   0.0909815053
 516 -0.006  0.416 -0.375 -0.001  0.047 -0.006   0.0909778914
 517 -0.006  0.416 -0.375 -0.001  0.046 -0.006   0.0909777892
 526 -0.005  0.415 -0.375 -0.001  0.045 -0.006   0.0909777284
 527 -0.005  0.415 -0.375 -0.001  0.045 -0.006   0.0909776763
  powell nthiter 6: fret = 0.090978
 540 -0.005  0.415 -0.375 -0.002  0.045 -0.006   0.0909776095
 542 -0.004  0.415 -0.375 -0.002  0.045 -0.006   0.0909775610
 561 -0.004  0.415 -0.375 -0.002  0.045 -0.007   0.0909774042
 563 -0.004  0.415 -0.375 -0.002  0.045 -0.008   0.0909772859
 569 -0.006  0.414 -0.375 -0.001  0.047 -0.007   0.0909758025
 571 -0.006  0.414 -0.375 -0.001  0.047 -0.008   0.0909757841
 578 -0.006  0.414 -0.375 -0.001  0.047 -0.008   0.0909757773
 581 -0.006  0.414 -0.375 -0.001  0.047 -0.008   0.0909757721
 592 -0.006  0.414 -0.375  0.000  0.047 -0.008   0.0909751833
 593 -0.006  0.414 -0.375  0.002  0.047 -0.008   0.0909751049
 605 -0.006  0.414 -0.375  0.002  0.046 -0.008   0.0909749208
 614 -0.006  0.414 -0.375  0.002  0.045 -0.008   0.0909748647
 619 -0.006  0.414 -0.375  0.002  0.045 -0.008   0.0909748583
  powell nthiter 7: fret = 0.090975
 629 -0.005  0.414 -0.375  0.002  0.045 -0.007   0.0909746728
 630 -0.005  0.414 -0.375  0.002  0.045 -0.007   0.0909745765
 655 -0.006  0.413 -0.375  0.002  0.046 -0.007   0.0909740785
 656 -0.006  0.413 -0.375  0.002  0.046 -0.007   0.0909740606
 694 -0.005  0.413 -0.375  0.002  0.046 -0.006   0.0909740057
 696 -0.005  0.413 -0.375  0.002  0.046 -0.006   0.0909740049
 703 -0.004  0.412 -0.376  0.002  0.046 -0.005   0.0909739687
 709 -0.004  0.413 -0.375  0.002  0.046 -0.006   0.0909739147
 721 -0.005  0.413 -0.375  0.002  0.046 -0.006   0.0909738993
  powell nthiter 8: fret = 0.090974
 731 -0.005  0.413 -0.375  0.002  0.046 -0.006   0.0909738915
 732 -0.005  0.413 -0.375  0.002  0.046 -0.006   0.0909738748
 745 -0.005  0.413 -0.375  0.002  0.046 -0.007   0.0909737638
 753 -0.006  0.413 -0.375  0.002  0.046 -0.007   0.0909737302
 754 -0.005  0.413 -0.375  0.002  0.046 -0.007   0.0909736815
 755 -0.005  0.413 -0.375  0.002  0.046 -0.007   0.0909736796
 756 -0.005  0.413 -0.375  0.002  0.046 -0.007   0.0909736679
 780 -0.005  0.413 -0.375  0.002  0.047 -0.007   0.0909736315
 783 -0.005  0.412 -0.375  0.002  0.047 -0.006   0.0909733966
 787 -0.005  0.412 -0.375  0.002  0.047 -0.007   0.0909733473
 793 -0.005  0.412 -0.375  0.002  0.047 -0.007   0.0909733260
 796 -0.005  0.412 -0.375  0.002  0.047 -0.007   0.0909733242
  powell nthiter 9: fret = 0.090973
 824 -0.005  0.412 -0.375  0.002  0.047 -0.008   0.0909731704
 833 -0.005  0.412 -0.375  0.002  0.047 -0.008   0.0909731486
 837 -0.005  0.412 -0.375  0.002  0.047 -0.008   0.0909731482
 840 -0.005  0.412 -0.375  0.002  0.047 -0.008   0.0909731214
 864 -0.005  0.411 -0.376  0.002  0.048 -0.007   0.0909730100
 868 -0.005  0.412 -0.375  0.002  0.047 -0.007   0.0909729990
 870 -0.005  0.412 -0.375  0.002  0.047 -0.007   0.0909729980
 872 -0.005  0.412 -0.375  0.002  0.047 -0.007   0.0909729785
 875 -0.005  0.412 -0.375  0.002  0.047 -0.007   0.0909729758
 876 -0.005  0.412 -0.375  0.002  0.047 -0.007   0.0909729648
 877 -0.005  0.412 -0.375  0.002  0.047 -0.007   0.0909729624
  powell nthiter 10: fret = 0.090973
 912 -0.005  0.412 -0.375  0.002  0.047 -0.007   0.0909729615
 919 -0.005  0.412 -0.375  0.002  0.047 -0.007   0.0909729475
 953 -0.005  0.412 -0.375  0.002  0.047 -0.007   0.0909729361
  powell nthiter 11: fret = 0.090973
Powell done niters = 11
Computing relative cost
 0  -25.0 -25.0 -25.0   0.997481
 1  -25.0 -25.0  25.0   1.001486
 2  -25.0  25.0 -25.0   0.999867
 3  -25.0  25.0  25.0   0.999325
 4   25.0 -25.0 -25.0   1.000498
 5   25.0 -25.0  25.0   1.007428
 6   25.0  25.0 -25.0   1.012504
 7   25.0  25.0  25.0   0.990067
REL:  8  0.090973    8.008656  1.001082 rel = 0.0908746 
Number of iterations    11
Min cost was 0.090973
Number of FunctionCalls  1040
TolPowell 0.000000
nMaxItersPowell 36
OptimizationTime 115.191293 sec
Parameters at optimum (transmm) -0.00474  0.41201 -0.37545
Parameters at optimum (rotdeg)  0.00201  0.04736 -0.00711 
Final costs ----------------
Number of surface hits 377596
WM  Intensity   145.1100 +/-  24.7324
Ctx Intensity   217.6473 +/-  66.1990
Pct Contrast     36.3727 +/-  27.1487
Cost   0.0910
RelCost   0.0999
Reg at min cost was 
-0.99773  -0.02821  -0.06120   0.85065;
-0.05738  -0.12050   0.99105   6.40625;
 0.03533  -0.99231  -0.11860   2.98491;
 0.00000   0.00000   0.00000   1.00000;

Writing optimal reg to /data/derivatives/bootcamp-geneva/fmriprep-24.0.0/sourcedata/freesurfer/sub-15/mri/transforms/T2raw.auto.dat, type = 14 
Original Reg 
-0.99775  -0.02737  -0.06122   0.85187;
-0.05750  -0.12053   0.99104   5.99446;
 0.03451  -0.99233  -0.11869   3.36085;
 0.00000   0.00000   0.00000   1.00000;

Original Reg - Optimal Reg
-0.00002   0.00084  -0.00002   0.00122;
-0.00012  -0.00004  -0.00001  -0.41178;
-0.00082  -0.00002  -0.00009   0.37594;
 0.00000   0.00000   0.00000   0.00000;

Computing change in lh position
LH rmsDiffMean 0.571015
Computing change in rh position
Surface-RMS-Diff-mm 0.558839 0.014315 0.587705
mri_segreg done
MinCost: 0.090973 145.110031 217.647348 36.372730 
tkregister2_cmdl --mov /data/derivatives/bootcamp-geneva/fmriprep-24.0.0/sourcedata/freesurfer/sub-15/mri/orig/T2raw.mgz --reg /data/derivatives/bootcamp-geneva/fmriprep-24.0.0/sourcedata/freesurfer/sub-15/mri/transforms/T2raw.auto.dat --noedit --ltaout /data/derivatives/bootcamp-geneva/fmriprep-24.0.0/sourcedata/freesurfer/sub-15/mri/transforms/T2raw.auto.lta
INFO: no target volume specified, assuming FreeSurfer orig volume.
target  volume orig
movable volume /data/derivatives/bootcamp-geneva/fmriprep-24.0.0/sourcedata/freesurfer/sub-15/mri/orig/T2raw.mgz
reg file       /data/derivatives/bootcamp-geneva/fmriprep-24.0.0/sourcedata/freesurfer/sub-15/mri/transforms/T2raw.auto.dat
LoadVol        0
ZeroCRAS       0
7.3.2
Diagnostic Level -1
---- Input registration matrix --------
-0.99773  -0.02821  -0.06120   0.85065;
-0.05738  -0.12050   0.99105   6.40625;
 0.03533  -0.99231  -0.11860   2.98491;
 0.00000   0.00000   0.00000   1.00000;
float2int = 0
---------------------------------------
INFO: loading target /data/derivatives/bootcamp-geneva/fmriprep-24.0.0/sourcedata/freesurfer/sub-15/mri/orig.mgz
INFO: target does not conform to COR format, so I'm going to
reslice to COR. This will not affect the final registration.
Ttarg: --------------------
-1.00000   0.00000   0.00000   128.00000;
 0.00000   0.00000   1.00000  -128.00000;
 0.00000  -1.00000   0.00000   128.00000;
 0.00000   0.00000   0.00000   1.00000;
INFO: loading movable /data/derivatives/bootcamp-geneva/fmriprep-24.0.0/sourcedata/freesurfer/sub-15/mri/orig/T2raw.mgz
Tmov: --------------------
-0.80000   0.00000   0.00000   83.20000;
 0.00000   0.00000   0.77083  -110.99995;
 0.00000  -0.77083   0.00000   110.99995;
 0.00000   0.00000   0.00000   1.00000;
mkheaderreg = 0, float2int = 0
---- Input registration matrix --------
-0.99773  -0.02821  -0.06120   0.85066;
-0.05738  -0.12050   0.99105   6.40625;
 0.03533  -0.99231  -0.11860   2.98489;
 0.00000   0.00000   0.00000   1.00000;
Determinant -1
subject = sub-15
RegMat ---------------------------
-0.99773  -0.02821  -0.06120   0.85065;
-0.05738  -0.12050   0.99105   6.40625;
 0.03533  -0.99231  -0.11860   2.98491;
 0.00000   0.00000   0.00000   1.00000;
Cleaning up
 
Started at mar 03 sep 2024 07:03:12 CEST 
Ended   at mar 03 sep 2024 07:06:42 CEST
BBR-Run-Time-Sec 210
 
bbregister Done
To check results, run:
tkregisterfv --mov /data/derivatives/bootcamp-geneva/fmriprep-24.0.0/sourcedata/freesurfer/sub-15/mri/orig/T2raw.mgz --reg /data/derivatives/bootcamp-geneva/fmriprep-24.0.0/sourcedata/freesurfer/sub-15/mri/transforms/T2raw.auto.lta --surfs  --sd /data/derivatives/bootcamp-geneva/fmriprep-24.0.0/sourcedata/freesurfer
