/data/derivatives/bootcamp-geneva/fmriprep-24.0.0/sourcedata/freesurfer/sub-15/mri
/opt/freesurfer/bin/talairach_avi
--i orig_nu.mgz --xfm transforms/talairach.auto.xfm
talairach_avi 7.3.2
Linux hos70297 5.19.0-50-generic #50-Ubuntu SMP PREEMPT_DYNAMIC Mon Jul 10 18:24:29 UTC 2023 x86_64 x86_64 x86_64 GNU/Linux
lun 02 sep 2024 15:03:25 CEST
mri_convert orig_nu.mgz talsrcimg.img 
reading from orig_nu.mgz...
TR=0.00, TE=0.00, TI=0.00, flip angle=0.00
i_ras = (-1, -5.83089e-09, 0)
j_ras = (9.32942e-09, 4.66471e-09, -1)
k_ras = (6.12243e-09, 1, -4.66471e-09)
writing to talsrcimg.img...
Analyze Output Matrix
-0.79861   0.00000   0.00000   114.15385;
-0.00000   0.00000   0.79861  -104.27418;
 0.00000  -0.79861  -0.00000   92.96440;
 0.00000   0.00000   0.00000   1.00000;
--------------------
INFO: set hdr.hist.orient to -1
mpr2mni305 talsrcimg
lun 02 sep 2024 15:03:26 CEST
/opt/freesurfer/bin/mpr2mni305 talsrcimg
mpr2mni305 7.3.2
target=711-2C_as_mni_average_305

---------------------------------------------------------------------
analyzeto4dfp talsrcimg -O0 -y
---------------------------------------------------------------------

freesurfer ifh2hdr.c
Mon Sep  2 15:03:26 2024
Writing: talsrcimg.4dfp.hdr
freesurfer analyzeto4dfp.c
Reading: talsrcimg.hdr
header size 348 bytes
hdr.dime.datatype	offset=70	value=2
hdr.dime.bitpix		offset=72	value=8
hdr.hist.orient		offset=252	value=-1
dimensionality     4
dimensions       288       288       288         1
Reading: talsrcimg.img
Writing: talsrcimg.4dfp.img
Writing: talsrcimg.4dfp.ifh
ifh2hdr talsrcimg -r0to255
ori=2

---------------------------------------------------------------------
gauss_4dfp talsrcimg 1.1
---------------------------------------------------------------------

freesurfer gauss_4dfp.c
Reading: talsrcimg.4dfp.img
Writing: talsrcimg_g11.4dfp.img
image dimensions 288 288 288 padded to 320 320 320
processing volume 1freesurfer ifh2hdr.c
Mon Sep  2 15:03:31 2024
Writing: talsrcimg_g11.4dfp.hdr

Writing: talsrcimg_g11.4dfp.ifh
including: talsrcimg.4dfp.img.rec in talsrcimg_g11.4dfp.img.rec

---------------------------------------------------------------------
imgreg_4dfp /opt/freesurfer/average/711-2C_as_mni_average_305 none talsrcimg_g11 none talsrcimg_to_711-2C_as_mni_average_305_t4 4355
---------------------------------------------------------------------

freesurfer imgreg_4dfp.c
/opt/freesurfer/average/711-2C_as_mni_average_305.4dfp.img
       256       256       256         1
  1.000000  1.000000  1.000000
orientation T byte_order littleendian
Reading image: /opt/freesurfer/average/711-2C_as_mni_average_305.4dfp.img
dimensions:      256       256       256
mmppix:       1.0000   -1.0000   -1.0000
center:     128.0000 -129.0000 -129.0000
talsrcimg_g11.4dfp.img
       288       288       288         1
  0.798611  0.798611  0.798611
orientation T byte_order littleendian
Reading image: talsrcimg_g11.4dfp.img
dimensions:      288       288       288
mmppix:       0.7986   -0.7986   -0.7986
center:     115.0000 -115.7986 -115.7986
t4_read: open error in t4_sub.f l:  41 t4_file(1:l)talsrcimg_to_711-2C_as_mni_average_305_t4 
t4_read: transform initialized to I4
rotation matrix determinant  1.000000
image alignment mode   4355 decimal     1103 hex
   -7.5000  -45.0000  -45.0000 5908.5400    9.3133
    0.0000  -45.0000  -45.0000 5940.4658    9.3062
    7.5000  -45.0000  -45.0000 5661.2778    9.3118
   -7.5000  -37.5000  -45.0000 6279.4854    9.6870
    0.0000  -37.5000  -45.0000 6311.2397    9.6768
    7.5000  -37.5000  -45.0000 6024.6265    9.6840
   -7.5000  -30.0000  -45.0000 6781.8882    9.9153
    0.0000  -30.0000  -45.0000 6807.1489    9.8962
    7.5000  -30.0000  -45.0000 6468.3154    9.9001
   -7.5000  -22.5000  -45.0000 7453.1973    9.9021
    0.0000  -22.5000  -45.0000 7475.1519    9.8777
    7.5000  -22.5000  -45.0000 7082.2568    9.8786
   -7.5000  -15.0000  -45.0000 8005.0664    9.8804
    0.0000  -15.0000  -45.0000 8045.6382    9.8600
    7.5000  -15.0000  -45.0000 7618.5957    9.8601
   -7.5000   -7.5000  -45.0000 8111.8252    9.8684
    0.0000   -7.5000  -45.0000 8179.8687    9.8561
    7.5000   -7.5000  -45.0000 7706.0537    9.8581
   -7.5000    0.0000  -45.0000 8103.3687    9.8713
    0.0000    0.0000  -45.0000 8190.6997    9.8637
    7.5000    0.0000  -45.0000 7700.7441    9.8691
   -7.5000    7.5000  -45.0000 7728.4282    9.9307
    0.0000    7.5000  -45.0000 7802.8296    9.9206
    7.5000    7.5000  -45.0000 7335.9473    9.9281
   -7.5000   15.0000  -45.0000 7668.6660   10.0557
    0.0000   15.0000  -45.0000 7714.1348   10.0369
    7.5000   15.0000  -45.0000 7251.9980   10.0423
   -7.5000   22.5000  -45.0000 7233.4883   10.1029
    0.0000   22.5000  -45.0000 7234.4922   10.0791
    7.5000   22.5000  -45.0000 6811.4292   10.0824
   -7.5000   30.0000  -45.0000 6790.7251   10.0536
    0.0000   30.0000  -45.0000 6780.9419   10.0344
    7.5000   30.0000  -45.0000 6394.6548   10.0361
   -7.5000   37.5000  -45.0000 6384.5498    9.9947
    0.0000   37.5000  -45.0000 6382.3057    9.9841
    7.5000   37.5000  -45.0000 6002.7432    9.9907
   -7.5000   45.0000  -45.0000 5990.7920    9.9580
    0.0000   45.0000  -45.0000 5978.2246    9.9494
    7.5000   45.0000  -45.0000 5617.6182    9.9569
   -7.5000  -45.0000  -37.5000 6383.6821    9.7695
    0.0000  -45.0000  -37.5000 6429.0542    9.7659
    7.5000  -45.0000  -37.5000 6136.0229    9.7694
   -7.5000  -37.5000  -37.5000 6811.7729   10.1658
    0.0000  -37.5000  -37.5000 6863.6553   10.1588
    7.5000  -37.5000  -37.5000 6539.1748   10.1636
   -7.5000  -30.0000  -37.5000 7367.8647   10.3906
    0.0000  -30.0000  -37.5000 7418.5767   10.3744
    7.5000  -30.0000  -37.5000 7035.3765   10.3773
   -7.5000  -22.5000  -37.5000 8076.8735   10.3812
    0.0000  -22.5000  -37.5000 8128.5059   10.3607
    7.5000  -22.5000  -37.5000 7684.6343   10.3618
   -7.5000  -15.0000  -37.5000 8711.0645   10.3609
    0.0000  -15.0000  -37.5000 8774.9102   10.3452
    7.5000  -15.0000  -37.5000 8258.5557   10.3453
   -7.5000   -7.5000  -37.5000 8813.0391   10.3463
    0.0000   -7.5000  -37.5000 8928.1934   10.3385
    7.5000   -7.5000  -37.5000 8359.2744   10.3392
   -7.5000    0.0000  -37.5000 8797.7988   10.3444
    0.0000    0.0000  -37.5000 8919.2002   10.3408
    7.5000    0.0000  -37.5000 8356.3477   10.3440
   -7.5000    7.5000  -37.5000 8393.7568   10.4034
    0.0000    7.5000  -37.5000 8490.4697   10.3964
    7.5000    7.5000  -37.5000 7940.8540   10.4015
   -7.5000   15.0000  -37.5000 8307.3125   10.5365
    0.0000   15.0000  -37.5000 8378.5303   10.5205
    7.5000   15.0000  -37.5000 7826.7397   10.5248
   -7.5000   22.5000  -37.5000 7835.9346   10.5888
    0.0000   22.5000  -37.5000 7887.5200   10.5692
    7.5000   22.5000  -37.5000 7353.8345   10.5732
   -7.5000   30.0000  -37.5000 7339.0361   10.5453
    0.0000   30.0000  -37.5000 7382.3071   10.5308
    7.5000   30.0000  -37.5000 6901.6313   10.5319
   -7.5000   37.5000  -37.5000 6887.0601   10.4820
    0.0000   37.5000  -37.5000 6929.4263   10.4749
    7.5000   37.5000  -37.5000 6456.3892   10.4786
   -7.5000   45.0000  -37.5000 6428.8286   10.4255
    0.0000   45.0000  -37.5000 6467.8320   10.4196
    7.5000   45.0000  -37.5000 6015.2246   10.4234
   -7.5000  -45.0000  -30.0000 6890.5430   10.2352
    0.0000  -45.0000  -30.0000 6936.1406   10.2318
    7.5000  -45.0000  -30.0000 6596.4390   10.2339
   -7.5000  -37.5000  -30.0000 7383.4121   10.6515
    0.0000  -37.5000  -30.0000 7446.5693   10.6462
    7.5000  -37.5000  -30.0000 7060.5576   10.6499
   -7.5000  -30.0000  -30.0000 7994.0400   10.8629
    0.0000  -30.0000  -30.0000 8058.9648   10.8498
    7.5000  -30.0000  -30.0000 7639.2603   10.8533
   -7.5000  -22.5000  -30.0000 8749.4854   10.8486
    0.0000  -22.5000  -30.0000 8832.1748   10.8314
    7.5000  -22.5000  -30.0000 8331.8330   10.8338
   -7.5000  -15.0000  -30.0000 9425.4619   10.8315
    0.0000  -15.0000  -30.0000 9528.8848   10.8174
    7.5000  -15.0000  -30.0000 8954.3604   10.8178
   -7.5000   -7.5000  -30.0000 9557.0459   10.8244
    0.0000   -7.5000  -30.0000 9681.9346   10.8168
    7.5000   -7.5000  -30.0000 9059.4961   10.8166
   -7.5000    0.0000  -30.0000 9557.7510   10.8267
    0.0000    0.0000  -30.0000 9664.9678   10.8234
    7.5000    0.0000  -30.0000 9039.6924   10.8252
   -7.5000    7.5000  -30.0000 9110.6123   10.8844
    0.0000    7.5000  -30.0000 9207.4170   10.8789
    7.5000    7.5000  -30.0000 8585.2217   10.8831
   -7.5000   15.0000  -30.0000 8985.6582   11.0153
    0.0000   15.0000  -30.0000 9073.6582   11.0027
    7.5000   15.0000  -30.0000 8445.1445   11.0077
   -7.5000   22.5000  -30.0000 8470.2705   11.0664
    0.0000   22.5000  -30.0000 8543.3232   11.0508
    7.5000   22.5000  -30.0000 7934.6172   11.0568
   -7.5000   30.0000  -30.0000 7940.0337   11.0291
    0.0000   30.0000  -30.0000 8026.1768   11.0171
    7.5000   30.0000  -30.0000 7429.7104   11.0191
   -7.5000   37.5000  -30.0000 7424.6265   10.9793
    0.0000   37.5000  -30.0000 7514.6865   10.9721
    7.5000   37.5000  -30.0000 6949.1182   10.9743
   -7.5000   45.0000  -30.0000 6904.6401   10.9271
    0.0000   45.0000  -30.0000 6976.7007   10.9217
    7.5000   45.0000  -30.0000 6465.9639   10.9243
   -7.5000  -45.0000  -22.5000 7368.1255   10.6758
    0.0000  -45.0000  -22.5000 7439.8057   10.6686
    7.5000  -45.0000  -22.5000 7063.5044   10.6720
   -7.5000  -37.5000  -22.5000 7922.1538   11.1162
    0.0000  -37.5000  -22.5000 8005.1177   11.1089
    7.5000  -37.5000  -22.5000 7591.9048   11.1143
   -7.5000  -30.0000  -22.5000 8611.5645   11.3128
    0.0000  -30.0000  -22.5000 8691.3525   11.2992
    7.5000  -30.0000  -22.5000 8223.6924   11.3044
   -7.5000  -22.5000  -22.5000 9417.8672   11.2876
    0.0000  -22.5000  -22.5000 9500.1104   11.2692
    7.5000  -22.5000  -22.5000 8932.7764   11.2724
   -7.5000  -15.0000  -22.500010128.2461   11.2695
    0.0000  -15.0000  -22.500010231.8545   11.2520
    7.5000  -15.0000  -22.5000 9591.3057   11.2529
   -7.5000   -7.5000  -22.500010298.0967   11.2721
    0.0000   -7.5000  -22.500010393.8291   11.2598
    7.5000   -7.5000  -22.5000 9723.9209   11.2603
   -7.5000    0.0000  -22.500010294.3301   11.2851
    0.0000    0.0000  -22.500010384.7939   11.2780
    7.5000    0.0000  -22.5000 9704.2734   11.2808
   -7.5000    7.5000  -22.5000 9806.4785   11.3452
    0.0000    7.5000  -22.5000 9905.7031   11.3379
    7.5000    7.5000  -22.5000 9206.2764   11.3438
   -7.5000   15.0000  -22.5000 9673.1250   11.4706
    0.0000   15.0000  -22.5000 9769.7100   11.4581
    7.5000   15.0000  -22.5000 9054.6641   11.4649
   -7.5000   22.5000  -22.5000 9100.7432   11.5173
    0.0000   22.5000  -22.5000 9207.3057   11.5012
    7.5000   22.5000  -22.5000 8511.1904   11.5082
   -7.5000   30.0000  -22.5000 8524.9316   11.4810
    0.0000   30.0000  -22.5000 8626.6064   11.4667
    7.5000   30.0000  -22.5000 7969.5591   11.4703
   -7.5000   37.5000  -22.5000 7959.5386   11.4463
    0.0000   37.5000  -22.5000 8050.8237   11.4357
    7.5000   37.5000  -22.5000 7423.0249   11.4399
   -7.5000   45.0000  -22.5000 7406.1113   11.4177
    0.0000   45.0000  -22.5000 7485.9180   11.4104
    7.5000   45.0000  -22.5000 6912.3887   11.4163
   -7.5000  -45.0000  -15.0000 7836.6523   11.0601
    0.0000  -45.0000  -15.0000 7913.9580   11.0488
    7.5000  -45.0000  -15.0000 7503.0752   11.0554
   -7.5000  -37.5000  -15.0000 8442.5430   11.5192
    0.0000  -37.5000  -15.0000 8527.6104   11.5078
    7.5000  -37.5000  -15.0000 8090.0566   11.5164
   -7.5000  -30.0000  -15.0000 9176.7539   11.7105
    0.0000  -30.0000  -15.0000 9266.9434   11.6926
    7.5000  -30.0000  -15.0000 8763.7217   11.6992
   -7.5000  -22.5000  -15.000010014.5410   11.6789
    0.0000  -22.5000  -15.000010109.8027   11.6551
    7.5000  -22.5000  -15.0000 9516.1592   11.6582
   -7.5000  -15.0000  -15.000010775.5449   11.6559
    0.0000  -15.0000  -15.000010892.9912   11.6326
    7.5000  -15.0000  -15.000010216.7139   11.6339
   -7.5000   -7.5000  -15.000010971.1943   11.6596
    0.0000   -7.5000  -15.000011051.4141   11.6423
    7.5000   -7.5000  -15.000010344.2363   11.6447
   -7.5000    0.0000  -15.000010962.6826   11.6791
    0.0000    0.0000  -15.000011041.5107   11.6674
    7.5000    0.0000  -15.000010304.8721   11.6734
   -7.5000    7.5000  -15.000010419.7949   11.7445
    0.0000    7.5000  -15.000010516.4541   11.7333
    7.5000    7.5000  -15.0000 9757.9971   11.7424
   -7.5000   15.0000  -15.000010304.2900   11.8719
    0.0000   15.0000  -15.000010414.0703   11.8554
    7.5000   15.0000  -15.0000 9632.0596   11.8636
   -7.5000   22.5000  -15.0000 9720.9199   11.9188
    0.0000   22.5000  -15.0000 9829.4053   11.8975
    7.5000   22.5000  -15.0000 9069.0459   11.9039
   -7.5000   30.0000  -15.0000 9093.2568   11.8825
    0.0000   30.0000  -15.0000 9196.4902   11.8628
    7.5000   30.0000  -15.0000 8487.9600   11.8675
   -7.5000   37.5000  -15.0000 8461.6455   11.8546
    0.0000   37.5000  -15.0000 8545.5977   11.8403
    7.5000   37.5000  -15.0000 7895.9062   11.8488
   -7.5000   45.0000  -15.0000 7863.8418   11.8429
    0.0000   45.0000  -15.0000 7951.3135   11.8326
    7.5000   45.0000  -15.0000 7343.3770   11.8438
   -7.5000  -45.0000   -7.5000 8033.1177   11.0626
    0.0000  -45.0000   -7.5000 8087.8711   11.0509
    7.5000  -45.0000   -7.5000 7664.4165   11.0596
   -7.5000  -37.5000   -7.5000 8641.9268   11.5247
    0.0000  -37.5000   -7.5000 8705.6914   11.5112
    7.5000  -37.5000   -7.5000 8246.0361   11.5217
   -7.5000  -30.0000   -7.5000 9411.9121   11.7249
    0.0000  -30.0000   -7.5000 9504.0010   11.7027
    7.5000  -30.0000   -7.5000 8955.1406   11.7094
   -7.5000  -22.5000   -7.500010288.2832   11.6981
    0.0000  -22.5000   -7.500010392.8906   11.6696
    7.5000  -22.5000   -7.5000 9756.3545   11.6720
   -7.5000  -15.0000   -7.500011133.4561   11.6716
    0.0000  -15.0000   -7.500011231.0078   11.6456
    7.5000  -15.0000   -7.500010527.9004   11.6470
   -7.5000   -7.5000   -7.500011332.3379   11.6670
    0.0000   -7.5000   -7.500011417.5879   11.6490
    7.5000   -7.5000   -7.500010668.7119   11.6530
   -7.5000    0.0000   -7.500011294.6602   11.6817
    0.0000    0.0000   -7.500011379.7559   11.6695
    7.5000    0.0000   -7.500010595.3672   11.6777
   -7.5000    7.5000   -7.500010738.6191   11.7494
    0.0000    7.5000   -7.500010822.6641   11.7360
    7.5000    7.5000   -7.500010052.5303   11.7470
   -7.5000   15.0000   -7.500010612.4805   11.8846
    0.0000   15.0000   -7.500010730.8320   11.8635
    7.5000   15.0000   -7.5000 9935.8115   11.8718
   -7.5000   22.5000   -7.500010012.2490   11.9365
    0.0000   22.5000   -7.500010107.5986   11.9094
    7.5000   22.5000   -7.5000 9356.9775   11.9147
   -7.5000   30.0000   -7.5000 9350.5225   11.8999
    0.0000   30.0000   -7.5000 9438.2314   11.8765
    7.5000   30.0000   -7.5000 8740.3428   11.8810
   -7.5000   37.5000   -7.5000 8731.5713   11.8633
    0.0000   37.5000   -7.5000 8795.8604   11.8485
    7.5000   37.5000   -7.5000 8129.0576   11.8592
   -7.5000   45.0000   -7.5000 8120.6211   11.8432
    0.0000   45.0000   -7.5000 8192.5918   11.8316
    7.5000   45.0000   -7.5000 7572.6484   11.8447
   -7.5000  -45.0000    0.0000 8059.4082   11.3326
    0.0000  -45.0000    0.0000 8086.8213   11.3242
    7.5000  -45.0000    0.0000 7674.8242   11.3320
   -7.5000  -37.5000    0.0000 8661.1631   11.8008
    0.0000  -37.5000    0.0000 8687.1455   11.7885
    7.5000  -37.5000    0.0000 8249.5264   11.7980
   -7.5000  -30.0000    0.0000 9430.7812   12.0095
    0.0000  -30.0000    0.0000 9480.6406   11.9863
    7.5000  -30.0000    0.0000 8961.5459   11.9919
   -7.5000  -22.5000    0.000010320.7080   11.9931
    0.0000  -22.5000    0.000010395.4961   11.9639
    7.5000  -22.5000    0.0000 9769.7861   11.9658
   -7.5000  -15.0000    0.000011240.7705   11.9667
    0.0000  -15.0000    0.000011312.6074   11.9426
    7.5000  -15.0000    0.000010584.0469   11.9439
   -7.5000   -7.5000    0.000011577.3057   11.9520
    0.0000   -7.5000    0.000011628.9414   11.9377
    7.5000   -7.5000    0.000010822.5547   11.9413
   -7.5000    0.0000    0.000011559.9619   11.9555
    0.0000    0.0000    0.000011569.9961   11.9467
    7.5000    0.0000    0.000010776.2441   11.9542
   -7.5000    7.5000    0.000010942.5586   12.0222
    0.0000    7.5000    0.000010934.8379   12.0101
    7.5000    7.5000    0.000010217.4941   12.0200
   -7.5000   15.0000    0.000010761.9131   12.1713
    0.0000   15.0000    0.000010779.7168   12.1486
    7.5000   15.0000    0.000010096.9102   12.1559
   -7.5000   22.5000    0.000010116.8047   12.2363
    0.0000   22.5000    0.000010140.4951   12.2078
    7.5000   22.5000    0.0000 9498.0029   12.2127
   -7.5000   30.0000    0.0000 9483.6436   12.2101
    0.0000   30.0000    0.0000 9506.6328   12.1874
    7.5000   30.0000    0.0000 8872.1729   12.1906
   -7.5000   37.5000    0.0000 8878.8623   12.1713
    0.0000   37.5000    0.0000 8891.9600   12.1591
    7.5000   37.5000    0.0000 8244.4590   12.1684
   -7.5000   45.0000    0.0000 8252.7061   12.1429
    0.0000   45.0000    0.0000 8298.9600   12.1328
    7.5000   45.0000    0.0000 7655.3306   12.1431
   -7.5000  -45.0000    7.5000 7767.2920   11.3255
    0.0000  -45.0000    7.5000 7727.0239   11.3210
    7.5000  -45.0000    7.5000 7376.3979   11.3255
   -7.5000  -37.5000    7.5000 8326.1455   11.7906
    0.0000  -37.5000    7.5000 8312.1924   11.7822
    7.5000  -37.5000    7.5000 7919.4858   11.7881
   -7.5000  -30.0000    7.5000 9066.4004   12.0018
    0.0000  -30.0000    7.5000 9061.1729   11.9828
    7.5000  -30.0000    7.5000 8603.5820   11.9866
   -7.5000  -22.5000    7.5000 9919.9355   11.9913
    0.0000  -22.5000    7.5000 9928.2354   11.9675
    7.5000  -22.5000    7.5000 9392.3672   11.9692
   -7.5000  -15.0000    7.500010836.0342   11.9687
    0.0000  -15.0000    7.500010873.7686   11.9504
    7.5000  -15.0000    7.500010168.5098   11.9511
   -7.5000   -7.5000    7.500011325.0918   11.9520
    0.0000   -7.5000    7.500011345.9707   11.9428
    7.5000   -7.5000    7.500010531.7471   11.9442
   -7.5000    0.0000    7.500011372.7949   11.9492
    0.0000    0.0000    7.500011305.6396   11.9448
    7.5000    0.0000    7.500010609.8760   11.9490
   -7.5000    7.5000    7.500010645.8213   12.0125
    0.0000    7.5000    7.500010544.7354   12.0042
    7.5000    7.5000    7.500010076.4062   12.0104
   -7.5000   15.0000    7.500010402.7236   12.1651
    0.0000   15.0000    7.500010335.6895   12.1463
    7.5000   15.0000    7.5000 9885.3594   12.1517
   -7.5000   22.5000    7.5000 9755.8027   12.2342
    0.0000   22.5000    7.5000 9748.5283   12.2113
    7.5000   22.5000    7.5000 9234.2021   12.2165
   -7.5000   30.0000    7.5000 9156.2812   12.2132
    0.0000   30.0000    7.5000 9169.6738   12.1962
    7.5000   30.0000    7.5000 8583.3311   12.1980
   -7.5000   37.5000    7.5000 8547.8018   12.1748
    0.0000   37.5000    7.5000 8575.3301   12.1663
    7.5000   37.5000    7.5000 7948.5962   12.1712
   -7.5000   45.0000    7.5000 7924.5356   12.1385
    0.0000   45.0000    7.5000 7989.0928   12.1314
    7.5000   45.0000    7.5000 7339.4492   12.1363
   -7.5000  -45.0000   15.0000 7718.7769   11.4208
    0.0000  -45.0000   15.0000 7692.2710   11.4167
    7.5000  -45.0000   15.0000 7332.4521   11.4187
   -7.5000  -37.5000   15.0000 8263.2100   11.8835
    0.0000  -37.5000   15.0000 8237.1562   11.8776
    7.5000  -37.5000   15.0000 7875.2998   11.8816
   -7.5000  -30.0000   15.0000 9002.8418   12.0853
    0.0000  -30.0000   15.0000 8963.4424   12.0707
    7.5000  -30.0000   15.0000 8557.0449   12.0747
   -7.5000  -22.5000   15.0000 9854.4541   12.0695
    0.0000  -22.5000   15.0000 9806.9375   12.0501
    7.5000  -22.5000   15.0000 9339.8271   12.0528
   -7.5000  -15.0000   15.000010746.0947   12.0514
    0.0000  -15.0000   15.000010700.8584   12.0354
    7.5000  -15.0000   15.000010057.7178   12.0356
   -7.5000   -7.5000   15.000011157.9531   12.0445
    0.0000   -7.5000   15.000011141.3945   12.0356
    7.5000   -7.5000   15.000010375.9443   12.0349
   -7.5000    0.0000   15.000011121.6299   12.0471
    0.0000    0.0000   15.000011152.8857   12.0432
    7.5000    0.0000   15.000010503.5176   12.0447
   -7.5000    7.5000   15.000010439.9648   12.1079
    0.0000    7.5000   15.000010520.0605   12.1019
    7.5000    7.5000   15.000010041.0684   12.1063
   -7.5000   15.0000   15.000010267.5850   12.2533
    0.0000   15.0000   15.000010366.9854   12.2393
    7.5000   15.0000   15.0000 9836.8447   12.2450
   -7.5000   22.5000   15.0000 9663.1748   12.3194
    0.0000   22.5000   15.0000 9757.9121   12.3018
    7.5000   22.5000   15.0000 9160.4521   12.3086
   -7.5000   30.0000   15.0000 9073.0098   12.3023
    0.0000   30.0000   15.0000 9125.5039   12.2885
    7.5000   30.0000   15.0000 8495.3828   12.2904
   -7.5000   37.5000   15.0000 8417.2393   12.2773
    0.0000   37.5000   15.0000 8457.7246   12.2688
    7.5000   37.5000   15.0000 7862.2959   12.2706
   -7.5000   45.0000   15.0000 7794.2119   12.2534
    0.0000   45.0000   15.0000 7841.0640   12.2471
    7.5000   45.0000   15.0000 7266.6040   12.2495
   -7.5000  -45.0000   22.5000 7297.1753   11.5606
    0.0000  -45.0000   22.5000 7279.3804   11.5532
    7.5000  -45.0000   22.5000 6933.2368   11.5580
   -7.5000  -37.5000   22.5000 7818.3291   12.0278
    0.0000  -37.5000   22.5000 7805.1191   12.0200
    7.5000  -37.5000   22.5000 7445.0381   12.0266
   -7.5000  -30.0000   22.5000 8490.9414   12.2197
    0.0000  -30.0000   22.5000 8476.8330   12.2048
    7.5000  -30.0000   22.5000 8081.3838   12.2111
   -7.5000  -22.5000   22.5000 9274.8350   12.1918
    0.0000  -22.5000   22.5000 9248.0156   12.1718
    7.5000  -22.5000   22.5000 8795.3281   12.1760
   -7.5000  -15.0000   22.500010089.7920   12.1717
    0.0000  -15.0000   22.500010060.9863   12.1531
    7.5000  -15.0000   22.5000 9470.2715   12.1550
   -7.5000   -7.5000   22.500010392.7432   12.1747
    0.0000   -7.5000   22.500010377.9414   12.1621
    7.5000   -7.5000   22.5000 9753.1025   12.1636
   -7.5000    0.0000   22.500010339.0195   12.1900
    0.0000    0.0000   22.500010355.9863   12.1827
    7.5000    0.0000   22.5000 9837.9150   12.1869
   -7.5000    7.5000   22.5000 9815.8047   12.2551
    0.0000    7.5000   22.5000 9866.4062   12.2473
    7.5000    7.5000   22.5000 9377.0537   12.2545
   -7.5000   15.0000   22.5000 9728.1182   12.3926
    0.0000   15.0000   22.5000 9809.7422   12.3789
    7.5000   15.0000   22.5000 9228.2930   12.3869
   -7.5000   22.5000   22.5000 9126.2900   12.4514
    0.0000   22.5000   22.5000 9212.0498   12.4341
    7.5000   22.5000   22.5000 8624.1328   12.4425
   -7.5000   30.0000   22.5000 8534.0674   12.4305
    0.0000   30.0000   22.5000 8590.6514   12.4155
    7.5000   30.0000   22.5000 8008.9897   12.4204
   -7.5000   37.5000   22.5000 7917.0518   12.4174
    0.0000   37.5000   22.5000 7973.4316   12.4066
    7.5000   37.5000   22.5000 7422.0117   12.4125
   -7.5000   45.0000   22.5000 7320.0229   12.4169
    0.0000   45.0000   22.5000 7382.9688   12.4094
    7.5000   45.0000   22.5000 6869.2544   12.4171
   -7.5000  -45.0000   30.0000 6854.0469   11.6861
    0.0000  -45.0000   30.0000 6863.9531   11.6741
    7.5000  -45.0000   30.0000 6509.2212   11.6827
   -7.5000  -37.5000   30.0000 7333.4629   12.1640
    0.0000  -37.5000   30.0000 7338.7744   12.1511
    7.5000  -37.5000   30.0000 6966.7295   12.1606
   -7.5000  -30.0000   30.0000 7954.7124   12.3590
    0.0000  -30.0000   30.0000 7946.0522   12.3385
    7.5000  -30.0000   30.0000 7560.1460   12.3452
   -7.5000  -22.5000   30.0000 8712.0850   12.3260
    0.0000  -22.5000   30.0000 8683.9434   12.2995
    7.5000  -22.5000   30.0000 8252.7314   12.3031
   -7.5000  -15.0000   30.0000 9478.4053   12.3001
    0.0000  -15.0000   30.0000 9446.3623   12.2750
    7.5000  -15.0000   30.0000 8908.4971   12.2780
   -7.5000   -7.5000   30.0000 9676.4336   12.3021
    0.0000   -7.5000   30.0000 9665.4619   12.2840
    7.5000   -7.5000   30.0000 9138.8154   12.2887
   -7.5000    0.0000   30.0000 9611.8057   12.3227
    0.0000    0.0000   30.0000 9606.3828   12.3103
    7.5000    0.0000   30.0000 9147.1211   12.3181
   -7.5000    7.5000   30.0000 9151.7568   12.3948
    0.0000    7.5000   30.0000 9181.0430   12.3821
    7.5000    7.5000   30.0000 8702.7432   12.3921
   -7.5000   15.0000   30.0000 9043.3418   12.5361
    0.0000   15.0000   30.0000 9070.5039   12.5171
    7.5000   15.0000   30.0000 8549.0176   12.5254
   -7.5000   22.5000   30.0000 8453.7949   12.5956
    0.0000   22.5000   30.0000 8477.5967   12.5716
    7.5000   22.5000   30.0000 7994.7642   12.5789
   -7.5000   30.0000   30.0000 7892.8262   12.5792
    0.0000   30.0000   30.0000 7915.1738   12.5578
    7.5000   30.0000   30.0000 7457.5464   12.5647
   -7.5000   37.5000   30.0000 7353.8647   12.5748
    0.0000   37.5000   30.0000 7373.7900   12.5598
    7.5000   37.5000   30.0000 6932.3516   12.5716
   -7.5000   45.0000   30.0000 6823.9204   12.5942
    0.0000   45.0000   30.0000 6867.4297   12.5831
    7.5000   45.0000   30.0000 6447.5645   12.5970
   -7.5000  -45.0000   37.5000 6438.9658   11.7545
    0.0000  -45.0000   37.5000 6443.5088   11.7394
    7.5000  -45.0000   37.5000 6110.0430   11.7475
   -7.5000  -37.5000   37.5000 6899.6055   12.2326
    0.0000  -37.5000   37.5000 6896.7168   12.2147
    7.5000  -37.5000   37.5000 6552.7095   12.2240
   -7.5000  -30.0000   37.5000 7501.9390   12.4302
    0.0000  -30.0000   37.5000 7496.5303   12.4020
    7.5000  -30.0000   37.5000 7129.8022   12.4064
   -7.5000  -22.5000   37.5000 8229.7705   12.4051
    0.0000  -22.5000   37.5000 8219.6592   12.3698
    7.5000  -22.5000   37.5000 7800.8027   12.3695
   -7.5000  -15.0000   37.5000 8879.7695   12.3758
    0.0000  -15.0000   37.5000 8878.9893   12.3440
    7.5000  -15.0000   37.5000 8362.5000   12.3435
   -7.5000   -7.5000   37.5000 8997.4697   12.3666
    0.0000   -7.5000   37.5000 9003.4932   12.3443
    7.5000   -7.5000   37.5000 8513.7852   12.3472
   -7.5000    0.0000   37.5000 8931.0586   12.3788
    0.0000    0.0000   37.5000 8936.3613   12.3632
    7.5000    0.0000   37.5000 8477.4727   12.3705
   -7.5000    7.5000   37.5000 8485.6084   12.4543
    0.0000    7.5000   37.5000 8510.8096   12.4366
    7.5000    7.5000   37.5000 8050.3242   12.4464
   -7.5000   15.0000   37.5000 8352.9033   12.6111
    0.0000   15.0000   37.5000 8361.7627   12.5838
    7.5000   15.0000   37.5000 7902.4717   12.5898
   -7.5000   22.5000   37.5000 7781.8462   12.6840
    0.0000   22.5000   37.5000 7790.9067   12.6500
    7.5000   22.5000   37.5000 7371.8271   12.6528
   -7.5000   30.0000   37.5000 7271.8950   12.6785
    0.0000   30.0000   37.5000 7283.2534   12.6491
    7.5000   30.0000   37.5000 6882.3472   12.6520
   -7.5000   37.5000   37.5000 6807.3076   12.6728
    0.0000   37.5000   37.5000 6819.3389   12.6535
    7.5000   37.5000   37.5000 6425.9604   12.6640
   -7.5000   45.0000   37.5000 6347.0151   12.6907
    0.0000   45.0000   37.5000 6368.1489   12.6751
    7.5000   45.0000   37.5000 5996.5928   12.6879
   -7.5000  -45.0000   45.0000 6075.6445   11.8602
    0.0000  -45.0000   45.0000 6075.1104   11.8565
    7.5000  -45.0000   45.0000 5758.1250   11.8632
   -7.5000  -37.5000   45.0000 6504.7065   12.3314
    0.0000  -37.5000   45.0000 6513.4312   12.3227
    7.5000  -37.5000   45.0000 6192.1250   12.3315
   -7.5000  -30.0000   45.0000 7081.2974   12.5216
    0.0000  -30.0000   45.0000 7098.7612   12.4997
    7.5000  -30.0000   45.0000 6735.5996   12.5034
   -7.5000  -22.5000   45.0000 7745.4487   12.5046
    0.0000  -22.5000   45.0000 7774.6646   12.4759
    7.5000  -22.5000   45.0000 7336.2070   12.4744
   -7.5000  -15.0000   45.0000 8284.2539   12.4777
    0.0000  -15.0000   45.0000 8322.3477   12.4554
    7.5000  -15.0000   45.0000 7827.6646   12.4528
   -7.5000   -7.5000   45.0000 8342.7764   12.4624
    0.0000   -7.5000   45.0000 8364.3984   12.4520
    7.5000   -7.5000   45.0000 7911.6362   12.4527
   -7.5000    0.0000   45.0000 8281.8271   12.4655
    0.0000    0.0000   45.0000 8284.7871   12.4615
    7.5000    0.0000   45.0000 7848.9448   12.4677
   -7.5000    7.5000   45.0000 7840.2036   12.5395
    0.0000    7.5000   45.0000 7849.0562   12.5311
    7.5000    7.5000   45.0000 7430.0820   12.5403
   -7.5000   15.0000   45.0000 7685.3335   12.7092
    0.0000   15.0000   45.0000 7677.2153   12.6879
    7.5000   15.0000   45.0000 7275.6445   12.6935
   -7.5000   22.5000   45.0000 7159.4121   12.7968
    0.0000   22.5000   45.0000 7160.7144   12.7691
    7.5000   22.5000   45.0000 6794.3003   12.7709
   -7.5000   30.0000   45.0000 6699.9292   12.8117
    0.0000   30.0000   45.0000 6706.7559   12.7912
    7.5000   30.0000   45.0000 6354.1108   12.7906
   -7.5000   37.5000   45.0000 6272.5015   12.8144
    0.0000   37.5000   45.0000 6292.1240   12.8069
    7.5000   37.5000   45.0000 5943.8369   12.8139
   -7.5000   45.0000   45.0000 5859.8555   12.8312
    0.0000   45.0000   45.0000 5881.8950   12.8265
    7.5000   45.0000   45.0000 5548.7012   12.8356

---------------------------------------------------------------------
imgreg_4dfp /opt/freesurfer/average/711-2C_as_mni_average_305 /opt/freesurfer/average/711-2B_as_mni_average_305_mask talsrcimg_g11 none talsrcimg_to_711-2C_as_mni_average_305_t4 4355
---------------------------------------------------------------------

freesurfer imgreg_4dfp.c
/opt/freesurfer/average/711-2C_as_mni_average_305.4dfp.img
       256       256       256         1
  1.000000  1.000000  1.000000
orientation T byte_order littleendian
Reading image: /opt/freesurfer/average/711-2C_as_mni_average_305.4dfp.img
dimensions:      256       256       256
mmppix:       1.0000   -1.0000   -1.0000
center:     128.0000 -129.0000 -129.0000
/opt/freesurfer/average/711-2B_as_mni_average_305_mask.4dfp.img
       256       256       256         1
  1.000000  1.000000  1.000000
orientation T byte_order littleendian
Reading mask: /opt/freesurfer/average/711-2B_as_mni_average_305_mask.4dfp.img (2306576 pixels)
talsrcimg_g11.4dfp.img
       288       288       288         1
  0.798611  0.798611  0.798611
orientation T byte_order littleendian
Reading image: talsrcimg_g11.4dfp.img
dimensions:      288       288       288
mmppix:       0.7986   -0.7986   -0.7986
center:     115.0000 -115.7986 -115.7986
rotation matrix determinant  1.000000
image alignment mode   4355 decimal     1103 hex
   -7.5000  -52.5000  -45.0000 1874.6642   14.9893
    0.0000  -52.5000  -45.0000 1891.9126   14.8065
    7.5000  -52.5000  -45.0000 1884.9810   14.9453
   -7.5000  -45.0000  -45.0000 1932.9784   14.3205
    0.0000  -45.0000  -45.0000 1951.7184   14.1794
    7.5000  -45.0000  -45.0000 1941.2106   14.3266
   -7.5000  -37.5000  -45.0000 1976.9553   13.6307
    0.0000  -37.5000  -45.0000 1991.4829   13.5214
    7.5000  -37.5000  -45.0000 1983.5416   13.6945
   -7.5000  -30.0000  -45.0000 2025.6462   13.0761
    0.0000  -30.0000  -45.0000 2036.2524   12.9657
    7.5000  -30.0000  -45.0000 2021.5359   13.1290
   -7.5000  -22.5000  -45.0000 2063.1033   12.5491
    0.0000  -22.5000  -45.0000 2072.9968   12.5039
    7.5000  -22.5000  -45.0000 2059.3582   12.6588
   -7.5000  -15.0000  -45.0000 2083.5095   12.0977
    0.0000  -15.0000  -45.0000 2094.9138   12.0905
    7.5000  -15.0000  -45.0000 2082.1997   12.2154
   -7.5000   -7.5000  -45.0000 2103.5942   11.7402
    0.0000   -7.5000  -45.0000 2112.6772   11.7451
    7.5000   -7.5000  -45.0000 2097.9656   11.8498
   -7.5000    0.0000  -45.0000 2112.3235   11.5481
    0.0000    0.0000  -45.0000 2121.9856   11.5135
    7.5000    0.0000  -45.0000 2103.3281   11.6477
   -7.5000    7.5000  -45.0000 2112.7415   11.4515
    0.0000    7.5000  -45.0000 2127.0132   11.4284
    7.5000    7.5000  -45.0000 2105.2266   11.5905
   -7.5000   15.0000  -45.0000 2119.0261   11.4838
    0.0000   15.0000  -45.0000 2124.3062   11.4400
    7.5000   15.0000  -45.0000 2097.5793   11.6121
   -7.5000   22.5000  -45.0000 2090.3306   11.7309
    0.0000   22.5000  -45.0000 2092.2859   11.6430
    7.5000   22.5000  -45.0000 2068.8232   11.8271
   -7.5000   30.0000  -45.0000 2043.7053   12.1590
    0.0000   30.0000  -45.0000 2043.4062   12.0750
    7.5000   30.0000  -45.0000 2022.0625   12.2454
   -7.5000   37.5000  -45.0000 1964.0006   12.6842
    0.0000   37.5000  -45.0000 1966.4132   12.6028
    7.5000   37.5000  -45.0000 1942.7496   12.8237
   -7.5000  -52.5000  -37.5000 2016.9105   14.4660
    0.0000  -52.5000  -37.5000 2038.0082   14.3674
    7.5000  -52.5000  -37.5000 2030.8370   14.4892
   -7.5000  -45.0000  -37.5000 2082.3596   13.8758
    0.0000  -45.0000  -37.5000 2103.7822   13.7900
    7.5000  -45.0000  -37.5000 2096.9153   13.9279
   -7.5000  -37.5000  -37.5000 2135.3499   13.2550
    0.0000  -37.5000  -37.5000 2155.1152   13.1997
    7.5000  -37.5000  -37.5000 2140.9373   13.3364
   -7.5000  -30.0000  -37.5000 2186.7815   12.6781
    0.0000  -30.0000  -37.5000 2198.6301   12.6448
    7.5000  -30.0000  -37.5000 2181.8889   12.7549
   -7.5000  -22.5000  -37.5000 2223.8240   12.2017
    0.0000  -22.5000  -37.5000 2231.9282   12.2263
    7.5000  -22.5000  -37.5000 2217.7646   12.2996
   -7.5000  -15.0000  -37.5000 2252.5757   11.8048
    0.0000  -15.0000  -37.5000 2263.5364   11.8689
    7.5000  -15.0000  -37.5000 2238.2803   11.9198
   -7.5000   -7.5000  -37.5000 2267.3779   11.5368
    0.0000   -7.5000  -37.5000 2281.7019   11.6064
    7.5000   -7.5000  -37.5000 2254.2336   11.6327
   -7.5000    0.0000  -37.5000 2272.7515   11.3394
    0.0000    0.0000  -37.5000 2287.0317   11.3721
    7.5000    0.0000  -37.5000 2261.1118   11.4379
   -7.5000    7.5000  -37.5000 2274.0383   11.2153
    0.0000    7.5000  -37.5000 2294.1416   11.2371
    7.5000    7.5000  -37.5000 2263.4636   11.3383
   -7.5000   15.0000  -37.5000 2283.1238   11.2463
    0.0000   15.0000  -37.5000 2297.7893   11.2400
    7.5000   15.0000  -37.5000 2262.3020   11.3450
   -7.5000   22.5000  -37.5000 2262.4956   11.4733
    0.0000   22.5000  -37.5000 2270.6519   11.4444
    7.5000   22.5000  -37.5000 2238.4792   11.5471
   -7.5000   30.0000  -37.5000 2210.3843   11.8734
    0.0000   30.0000  -37.5000 2213.1172   11.8546
    7.5000   30.0000  -37.5000 2188.2266   11.9546
   -7.5000   37.5000  -37.5000 2117.7036   12.3863
    0.0000   37.5000  -37.5000 2120.8398   12.3655
    7.5000   37.5000  -37.5000 2096.0862   12.5318
   -7.5000  -52.5000  -30.0000 2149.1035   14.0454
    0.0000  -52.5000  -30.0000 2181.3196   13.9574
    7.5000  -52.5000  -30.0000 2166.8389   14.0858
   -7.5000  -45.0000  -30.0000 2220.2930   13.4081
    0.0000  -45.0000  -30.0000 2247.2546   13.3781
    7.5000  -45.0000  -30.0000 2233.7744   13.4628
   -7.5000  -37.5000  -30.0000 2274.1790   12.8431
    0.0000  -37.5000  -30.0000 2301.6230   12.8563
    7.5000  -37.5000  -30.0000 2282.0142   12.8865
   -7.5000  -30.0000  -30.0000 2325.3335   12.3551
    0.0000  -30.0000  -30.0000 2343.6094   12.3407
    7.5000  -30.0000  -30.0000 2326.9355   12.3923
   -7.5000  -22.5000  -30.0000 2366.1621   11.8150
    0.0000  -22.5000  -30.0000 2385.5059   11.8762
    7.5000  -22.5000  -30.0000 2359.7869   11.9276
   -7.5000  -15.0000  -30.0000 2397.8667   11.4185
    0.0000  -15.0000  -30.0000 2422.0742   11.4920
    7.5000  -15.0000  -30.0000 2386.4280   11.5715
   -7.5000   -7.5000  -30.0000 2425.1152   11.1772
    0.0000   -7.5000  -30.0000 2440.6384   11.2788
    7.5000   -7.5000  -30.0000 2400.6196   11.2822
   -7.5000    0.0000  -30.0000 2438.1143   11.0172
    0.0000    0.0000  -30.0000 2443.8147   11.0858
    7.5000    0.0000  -30.0000 2414.4453   11.0698
   -7.5000    7.5000  -30.0000 2444.5845   10.9176
    0.0000    7.5000  -30.0000 2459.0220   10.9562
    7.5000    7.5000  -30.0000 2421.0090   11.0031
   -7.5000   15.0000  -30.0000 2439.2026   10.9435
    0.0000   15.0000  -30.0000 2452.7297   10.9704
    7.5000   15.0000  -30.0000 2417.0679   11.0569
   -7.5000   22.5000  -30.0000 2417.5898   11.1449
    0.0000   22.5000  -30.0000 2426.2317   11.1592
    7.5000   22.5000  -30.0000 2393.7451   11.2373
   -7.5000   30.0000  -30.0000 2368.3320   11.5182
    0.0000   30.0000  -30.0000 2376.9150   11.5156
    7.5000   30.0000  -30.0000 2342.6887   11.6084
   -7.5000   37.5000  -30.0000 2274.6272   12.0014
    0.0000   37.5000  -30.0000 2281.3398   12.0325
    7.5000   37.5000  -30.0000 2247.6023   12.1598
   -7.5000  -52.5000  -22.5000 2263.1526   13.5584
    0.0000  -52.5000  -22.5000 2290.5105   13.4729
    7.5000  -52.5000  -22.5000 2279.8105   13.5635
   -7.5000  -45.0000  -22.5000 2332.6497   12.9128
    0.0000  -45.0000  -22.5000 2365.6145   12.9020
    7.5000  -45.0000  -22.5000 2351.5112   12.9372
   -7.5000  -37.5000  -22.5000 2395.2397   12.4021
    0.0000  -37.5000  -22.5000 2423.8792   12.3972
    7.5000  -37.5000  -22.5000 2409.0039   12.4041
   -7.5000  -30.0000  -22.5000 2444.1553   11.8666
    0.0000  -30.0000  -22.5000 2470.3870   11.8866
    7.5000  -30.0000  -22.5000 2450.3018   11.9106
   -7.5000  -22.5000  -22.5000 2485.1909   11.3729
    0.0000  -22.5000  -22.5000 2510.2256   11.3982
    7.5000  -22.5000  -22.5000 2478.1270   11.4292
   -7.5000  -15.0000  -22.5000 2521.6736   10.9517
    0.0000  -15.0000  -22.5000 2547.0239   10.9647
    7.5000  -15.0000  -22.5000 2509.8682   11.0161
   -7.5000   -7.5000  -22.5000 2560.9529   10.6728
    0.0000   -7.5000  -22.5000 2578.1201   10.7397
    7.5000   -7.5000  -22.5000 2535.4832   10.7397
   -7.5000    0.0000  -22.5000 2582.8491   10.5126
    0.0000    0.0000  -22.5000 2587.0381   10.5631
    7.5000    0.0000  -22.5000 2555.6848   10.5707
   -7.5000    7.5000  -22.5000 2593.4861   10.4544
    0.0000    7.5000  -22.5000 2604.5891   10.5174
    7.5000    7.5000  -22.5000 2564.8154   10.5446
   -7.5000   15.0000  -22.5000 2590.3401   10.4989
    0.0000   15.0000  -22.5000 2597.4160   10.5524
    7.5000   15.0000  -22.5000 2560.6401   10.6240
   -7.5000   22.5000  -22.5000 2559.4385   10.7249
    0.0000   22.5000  -22.5000 2573.6826   10.7584
    7.5000   22.5000  -22.5000 2534.6948   10.8257
   -7.5000   30.0000  -22.5000 2507.0283   11.0949
    0.0000   30.0000  -22.5000 2519.0632   11.1156
    7.5000   30.0000  -22.5000 2482.7800   11.2051
   -7.5000   37.5000  -22.5000 2410.0608   11.5527
    0.0000   37.5000  -22.5000 2423.5403   11.5837
    7.5000   37.5000  -22.5000 2383.3521   11.7268
   -7.5000  -52.5000  -15.0000 2348.9077   13.0432
    0.0000  -52.5000  -15.0000 2374.5278   12.9289
    7.5000  -52.5000  -15.0000 2363.3621   13.0440
   -7.5000  -45.0000  -15.0000 2417.5969   12.4389
    0.0000  -45.0000  -15.0000 2458.1072   12.3509
    7.5000  -45.0000  -15.0000 2438.6323   12.4268
   -7.5000  -37.5000  -15.0000 2479.8794   11.8733
    0.0000  -37.5000  -15.0000 2516.8127   11.7897
    7.5000  -37.5000  -15.0000 2496.6094   11.8556
   -7.5000  -30.0000  -15.0000 2526.6567   11.3154
    0.0000  -30.0000  -15.0000 2563.2571   11.2666
    7.5000  -30.0000  -15.0000 2539.9270   11.3270
   -7.5000  -22.5000  -15.0000 2565.6362   10.8230
    0.0000  -22.5000  -15.0000 2600.6372   10.7923
    7.5000  -22.5000  -15.0000 2570.1133   10.8599
   -7.5000  -15.0000  -15.0000 2611.1685   10.4018
    0.0000  -15.0000  -15.0000 2640.6824   10.3961
    7.5000  -15.0000  -15.0000 2605.8394   10.4823
   -7.5000   -7.5000  -15.0000 2660.7100   10.1279
    0.0000   -7.5000  -15.0000 2680.1382   10.1103
    7.5000   -7.5000  -15.0000 2639.0469   10.1978
   -7.5000    0.0000  -15.0000 2688.8962    9.9342
    0.0000    0.0000  -15.0000 2699.2246    9.9403
    7.5000    0.0000  -15.0000 2660.6057   10.0239
   -7.5000    7.5000  -15.0000 2701.3464    9.8675
    0.0000    7.5000  -15.0000 2714.7578    9.9296
    7.5000    7.5000  -15.0000 2672.7734    9.9924
   -7.5000   15.0000  -15.0000 2704.1370    9.9876
    0.0000   15.0000  -15.0000 2719.0854   10.0312
    7.5000   15.0000  -15.0000 2676.0339   10.0878
   -7.5000   22.5000  -15.0000 2677.7158   10.2521
    0.0000   22.5000  -15.0000 2690.2500   10.2547
    7.5000   22.5000  -15.0000 2647.6069   10.3288
   -7.5000   30.0000  -15.0000 2616.0278   10.6098
    0.0000   30.0000  -15.0000 2629.1909   10.6215
    7.5000   30.0000  -15.0000 2591.1304   10.7330
   -7.5000   37.5000  -15.0000 2512.4216   11.0546
    0.0000   37.5000  -15.0000 2521.8220   11.0715
    7.5000   37.5000  -15.0000 2484.1594   11.2358
   -7.5000  -52.5000   -7.5000 2388.3518   12.5744
    0.0000  -52.5000   -7.5000 2418.2688   12.3991
    7.5000  -52.5000   -7.5000 2401.7075   12.5483
   -7.5000  -45.0000   -7.5000 2462.0823   11.9183
    0.0000  -45.0000   -7.5000 2496.4143   11.7739
    7.5000  -45.0000   -7.5000 2476.3286   11.8748
   -7.5000  -37.5000   -7.5000 2517.6013   11.2834
    0.0000  -37.5000   -7.5000 2554.0718   11.1529
    7.5000  -37.5000   -7.5000 2530.8896   11.2744
   -7.5000  -30.0000   -7.5000 2565.2715   10.7346
    0.0000  -30.0000   -7.5000 2601.6082   10.6258
    7.5000  -30.0000   -7.5000 2574.5654   10.7339
   -7.5000  -22.5000   -7.5000 2608.6917   10.2673
    0.0000  -22.5000   -7.5000 2644.6941   10.1850
    7.5000  -22.5000   -7.5000 2618.3101   10.2793
   -7.5000  -15.0000   -7.5000 2658.9556    9.9208
    0.0000  -15.0000   -7.5000 2684.9421    9.8387
    7.5000  -15.0000   -7.5000 2660.9790    9.9585
   -7.5000   -7.5000   -7.5000 2712.9780    9.6428
    0.0000   -7.5000   -7.5000 2736.1045    9.5556
    7.5000   -7.5000   -7.5000 2699.9583    9.6950
   -7.5000    0.0000   -7.5000 2745.7825    9.3601
    0.0000    0.0000   -7.5000 2767.1843    9.3289
    7.5000    0.0000   -7.5000 2722.8203    9.4917
   -7.5000    7.5000   -7.5000 2770.6082    9.2761
    0.0000    7.5000   -7.5000 2788.8257    9.2747
    7.5000    7.5000   -7.5000 2744.2659    9.4192
   -7.5000   15.0000   -7.5000 2776.6892    9.4275
    0.0000   15.0000   -7.5000 2796.3040    9.4146
    7.5000   15.0000   -7.5000 2749.7498    9.5529
   -7.5000   22.5000   -7.5000 2750.2229    9.7041
    0.0000   22.5000   -7.5000 2758.1201    9.6733
    7.5000   22.5000   -7.5000 2719.1082    9.8049
   -7.5000   30.0000   -7.5000 2679.1086   10.0842
    0.0000   30.0000   -7.5000 2688.0320   10.0690
    7.5000   30.0000   -7.5000 2653.3838   10.2122
   -7.5000   37.5000   -7.5000 2570.1748   10.5504
    0.0000   37.5000   -7.5000 2578.8914   10.5324
    7.5000   37.5000   -7.5000 2541.7415   10.7241
   -7.5000  -52.5000    0.0000 2424.4678   12.4148
    0.0000  -52.5000    0.0000 2452.4558   12.1986
    7.5000  -52.5000    0.0000 2435.0000   12.3663
   -7.5000  -45.0000    0.0000 2497.3955   11.6798
    0.0000  -45.0000    0.0000 2529.5837   11.4932
    7.5000  -45.0000    0.0000 2510.7498   11.6537
   -7.5000  -37.5000    0.0000 2547.9480   11.0053
    0.0000  -37.5000    0.0000 2575.9038   10.8355
    7.5000  -37.5000    0.0000 2559.6348   11.0125
   -7.5000  -30.0000    0.0000 2588.0444   10.4437
    0.0000  -30.0000    0.0000 2616.3528   10.2780
    7.5000  -30.0000    0.0000 2606.0425   10.4497
   -7.5000  -22.5000    0.0000 2639.9243    9.9947
    0.0000  -22.5000    0.0000 2665.6028    9.8653
    7.5000  -22.5000    0.0000 2649.9763    9.9977
   -7.5000  -15.0000    0.0000 2695.0610    9.6783
    0.0000  -15.0000    0.0000 2715.1018    9.5311
    7.5000  -15.0000    0.0000 2694.6985    9.6685
   -7.5000   -7.5000    0.0000 2754.8611    9.4415
    0.0000   -7.5000    0.0000 2783.2466    9.2943
    7.5000   -7.5000    0.0000 2748.6650    9.4505
   -7.5000    0.0000    0.0000 2795.3804    9.0962
    0.0000    0.0000    0.0000 2825.3232    8.9528
    7.5000    0.0000    0.0000 2779.5947    9.2281
   -7.5000    7.5000    0.0000 2834.8911    8.9436
    0.0000    7.5000    0.0000 2852.4050    8.8107
    7.5000    7.5000    0.0000 2805.8511    9.1306
   -7.5000   15.0000    0.0000 2840.6741    9.0910
    0.0000   15.0000    0.0000 2851.6917    8.9671
    7.5000   15.0000    0.0000 2812.4995    9.2609
   -7.5000   22.5000    0.0000 2811.7048    9.3888
    0.0000   22.5000    0.0000 2814.6963    9.2761
    7.5000   22.5000    0.0000 2780.7788    9.5432
   -7.5000   30.0000    0.0000 2744.1379    9.8035
    0.0000   30.0000    0.0000 2743.6313    9.7290
    7.5000   30.0000    0.0000 2708.4617    9.9750
   -7.5000   37.5000    0.0000 2631.8623   10.3126
    0.0000   37.5000    0.0000 2628.0503   10.2390
    7.5000   37.5000    0.0000 2590.7791   10.4868
   -7.5000  -52.5000    7.5000 2439.0708   12.3223
    0.0000  -52.5000    7.5000 2463.2666   12.0095
    7.5000  -52.5000    7.5000 2450.8728   12.2725
   -7.5000  -45.0000    7.5000 2512.0598   11.5509
    0.0000  -45.0000    7.5000 2535.3186   11.2848
    7.5000  -45.0000    7.5000 2524.2146   11.5156
   -7.5000  -37.5000    7.5000 2547.5715   10.8594
    0.0000  -37.5000    7.5000 2569.4797   10.6423
    7.5000  -37.5000    7.5000 2563.2295   10.8765
   -7.5000  -30.0000    7.5000 2584.9668   10.2706
    0.0000  -30.0000    7.5000 2608.6558   10.0903
    7.5000  -30.0000    7.5000 2600.6245   10.2910
   -7.5000  -22.5000    7.5000 2637.7087    9.8047
    0.0000  -22.5000    7.5000 2659.8716    9.6390
    7.5000  -22.5000    7.5000 2643.5420    9.8306
   -7.5000  -15.0000    7.5000 2698.1445    9.4735
    0.0000  -15.0000    7.5000 2710.9360    9.2883
    7.5000  -15.0000    7.5000 2696.2412    9.4785
   -7.5000   -7.5000    7.5000 2762.4880    9.2743
    0.0000   -7.5000    7.5000 2779.9016    9.0924
    7.5000   -7.5000    7.5000 2757.6423    9.2704
   -7.5000    0.0000    7.5000 2822.0283    9.0223
    0.0000    0.0000    7.5000 2836.6851    8.8154
    7.5000    0.0000    7.5000 2809.2017    9.1303
   -7.5000    7.5000    7.5000 2858.6074    8.8265
    0.0000    7.5000    7.5000 2853.2881    8.6186
    7.5000    7.5000    7.5000 2833.0342    9.0708
   -7.5000   15.0000    7.5000 2868.0405    8.8647
    0.0000   15.0000    7.5000 2866.0688    8.6912
    7.5000   15.0000    7.5000 2833.4390    9.1575
   -7.5000   22.5000    7.5000 2834.5757    9.1110
    0.0000   22.5000    7.5000 2843.0693    8.9964
    7.5000   22.5000    7.5000 2800.6248    9.3759
   -7.5000   30.0000    7.5000 2774.7095    9.5675
    0.0000   30.0000    7.5000 2774.2788    9.4734
    7.5000   30.0000    7.5000 2730.2004    9.7355
   -7.5000   37.5000    7.5000 2647.9734   10.1483
    0.0000   37.5000    7.5000 2648.1809   10.0833
    7.5000   37.5000    7.5000 2608.4141   10.2673
   -7.5000  -52.5000   15.0000 2437.7190   12.3388
    0.0000  -52.5000   15.0000 2462.7466   12.0286
    7.5000  -52.5000   15.0000 2455.5452   12.3045
   -7.5000  -45.0000   15.0000 2508.6765   11.5167
    0.0000  -45.0000   15.0000 2532.9080   11.2562
    7.5000  -45.0000   15.0000 2519.9939   11.5246
   -7.5000  -37.5000   15.0000 2533.3911   10.8028
    0.0000  -37.5000   15.0000 2560.6665   10.5518
    7.5000  -37.5000   15.0000 2555.8252   10.8384
   -7.5000  -30.0000   15.0000 2572.2673   10.1998
    0.0000  -30.0000   15.0000 2590.9902    9.9837
    7.5000  -30.0000   15.0000 2584.1748   10.2422
   -7.5000  -22.5000   15.0000 2620.5571    9.7222
    0.0000  -22.5000   15.0000 2639.2139    9.5347
    7.5000  -22.5000   15.0000 2624.2427    9.7917
   -7.5000  -15.0000   15.0000 2684.0674    9.3906
    0.0000  -15.0000   15.0000 2694.2327    9.1907
    7.5000  -15.0000   15.0000 2675.1289    9.4439
   -7.5000   -7.5000   15.0000 2745.6345    9.1796
    0.0000   -7.5000   15.0000 2757.5959    9.0113
    7.5000   -7.5000   15.0000 2732.9963    9.2385
   -7.5000    0.0000   15.0000 2796.6443    8.9729
    0.0000    0.0000   15.0000 2809.1328    8.8497
    7.5000    0.0000   15.0000 2776.9116    9.1654
   -7.5000    7.5000   15.0000 2829.4109    8.8170
    0.0000    7.5000   15.0000 2840.4050    8.7596
    7.5000    7.5000   15.0000 2818.2773    9.1864
   -7.5000   15.0000   15.0000 2853.3901    8.8417
    0.0000   15.0000   15.0000 2870.0657    8.8418
    7.5000   15.0000   15.0000 2824.2131    9.2509
   -7.5000   22.5000   15.0000 2838.6716    9.0848
    0.0000   22.5000   15.0000 2853.0037    9.0620
    7.5000   22.5000   15.0000 2801.0032    9.3698
   -7.5000   30.0000   15.0000 2779.9561    9.5167
    0.0000   30.0000   15.0000 2784.4045    9.4858
    7.5000   30.0000   15.0000 2730.9512    9.7083
   -7.5000   37.5000   15.0000 2650.3518   10.0995
    0.0000   37.5000   15.0000 2653.5701   10.0584
    7.5000   37.5000   15.0000 2614.7859   10.2159
   -7.5000  -52.5000   22.5000 2420.0535   12.4500
    0.0000  -52.5000   22.5000 2447.3833   12.1009
    7.5000  -52.5000   22.5000 2442.5583   12.4480
   -7.5000  -45.0000   22.5000 2491.1650   11.5994
    0.0000  -45.0000   22.5000 2516.8037   11.3075
    7.5000  -45.0000   22.5000 2504.8994   11.6170
   -7.5000  -37.5000   22.5000 2510.2952   10.8641
    0.0000  -37.5000   22.5000 2540.8198   10.5976
    7.5000  -37.5000   22.5000 2537.8203   10.8937
   -7.5000  -30.0000   22.5000 2547.0969   10.2511
    0.0000  -30.0000   22.5000 2566.4131   10.0295
    7.5000  -30.0000   22.5000 2559.8313   10.3124
   -7.5000  -22.5000   22.5000 2593.6831    9.7504
    0.0000  -22.5000   22.5000 2607.5088    9.5663
    7.5000  -22.5000   22.5000 2589.6504    9.8569
   -7.5000  -15.0000   22.5000 2647.5332    9.4301
    0.0000  -15.0000   22.5000 2653.9255    9.2739
    7.5000  -15.0000   22.5000 2635.0437    9.5233
   -7.5000   -7.5000   22.5000 2704.3970    9.2556
    0.0000   -7.5000   22.5000 2709.0725    9.1409
    7.5000   -7.5000   22.5000 2679.8621    9.4017
   -7.5000    0.0000   22.5000 2752.1799    9.0324
    0.0000    0.0000   22.5000 2762.1819    8.9609
    7.5000    0.0000   22.5000 2728.8752    9.3420
   -7.5000    7.5000   22.5000 2800.9919    8.9655
    0.0000    7.5000   22.5000 2814.7979    8.9329
    7.5000    7.5000   22.5000 2775.9072    9.3587
   -7.5000   15.0000   22.5000 2831.6167    9.1311
    0.0000   15.0000   22.5000 2848.1545    9.0958
    7.5000   15.0000   22.5000 2796.0298    9.4213
   -7.5000   22.5000   22.5000 2810.0596    9.3612
    0.0000   22.5000   22.5000 2827.7224    9.3577
    7.5000   22.5000   22.5000 2771.9297    9.6088
   -7.5000   30.0000   22.5000 2752.3572    9.7521
    0.0000   30.0000   22.5000 2760.4424    9.7547
    7.5000   30.0000   22.5000 2703.7908    9.9494
   -7.5000   37.5000   22.5000 2630.7742   10.2648
    0.0000   37.5000   22.5000 2638.3271   10.2439
    7.5000   37.5000   22.5000 2589.0999   10.4112
   -7.5000  -52.5000   30.0000 2377.5198   12.6513
    0.0000  -52.5000   30.0000 2403.3203   12.3403
    7.5000  -52.5000   30.0000 2404.9761   12.6236
   -7.5000  -45.0000   30.0000 2452.3491   11.7979
    0.0000  -45.0000   30.0000 2474.5476   11.5045
    7.5000  -45.0000   30.0000 2464.0132   11.8246
   -7.5000  -37.5000   30.0000 2478.0842   11.0349
    0.0000  -37.5000   30.0000 2500.8948   10.7735
    7.5000  -37.5000   30.0000 2492.1545   11.0776
   -7.5000  -30.0000   30.0000 2509.3186   10.4235
    0.0000  -30.0000   30.0000 2525.3811   10.2077
    7.5000  -30.0000   30.0000 2513.1980   10.5105
   -7.5000  -22.5000   30.0000 2553.5212    9.9898
    0.0000  -22.5000   30.0000 2563.8838    9.8153
    7.5000  -22.5000   30.0000 2544.4648   10.1019
   -7.5000  -15.0000   30.0000 2607.5791    9.7075
    0.0000  -15.0000   30.0000 2611.5535    9.5954
    7.5000  -15.0000   30.0000 2590.5457    9.8441
   -7.5000   -7.5000   30.0000 2658.4841    9.5215
    0.0000   -7.5000   30.0000 2664.7576    9.4225
    7.5000   -7.5000   30.0000 2632.8052    9.7334
   -7.5000    0.0000   30.0000 2701.3599    9.2948
    0.0000    0.0000   30.0000 2705.8743    9.2421
    7.5000    0.0000   30.0000 2673.4548    9.6538
   -7.5000    7.5000   30.0000 2756.3379    9.3356
    0.0000    7.5000   30.0000 2763.5437    9.2841
    7.5000    7.5000   30.0000 2719.1624    9.6662
   -7.5000   15.0000   30.0000 2776.9021    9.5587
    0.0000   15.0000   30.0000 2781.9360    9.5004
    7.5000   15.0000   30.0000 2734.4436    9.7891
   -7.5000   22.5000   30.0000 2749.3264    9.8157
    0.0000   22.5000   30.0000 2754.4666    9.7674
    7.5000   22.5000   30.0000 2711.0681   10.0145
   -7.5000   30.0000   30.0000 2686.2981   10.1826
    0.0000   30.0000   30.0000 2695.5269   10.1674
    7.5000   30.0000   30.0000 2652.3174   10.3816
   -7.5000   37.5000   30.0000 2582.2700   10.6340
    0.0000   37.5000   30.0000 2587.6313   10.6309
    7.5000   37.5000   30.0000 2539.4194   10.8110
   -7.5000  -52.5000   37.5000 2317.0071   12.9968
    0.0000  -52.5000   37.5000 2334.3975   12.7138
    7.5000  -52.5000   37.5000 2340.6667   12.9513
   -7.5000  -45.0000   37.5000 2388.2300   12.1774
    0.0000  -45.0000   37.5000 2403.3840   11.9306
    7.5000  -45.0000   37.5000 2398.2942   12.1887
   -7.5000  -37.5000   37.5000 2427.5168   11.4302
    0.0000  -37.5000   37.5000 2444.3606   11.1834
    7.5000  -37.5000   37.5000 2433.5173   11.5096
   -7.5000  -30.0000   37.5000 2462.3303   10.8414
    0.0000  -30.0000   37.5000 2478.5708   10.6645
    7.5000  -30.0000   37.5000 2460.7073   10.9912
   -7.5000  -22.5000   37.5000 2508.5837   10.4125
    0.0000  -22.5000   37.5000 2521.3452   10.2847
    7.5000  -22.5000   37.5000 2494.6929   10.5888
   -7.5000  -15.0000   37.5000 2562.5918   10.1297
    0.0000  -15.0000   37.5000 2569.0786   10.0130
    7.5000  -15.0000   37.5000 2532.7273   10.2903
   -7.5000   -7.5000   37.5000 2612.7808    9.9099
    0.0000   -7.5000   37.5000 2617.8667    9.8249
    7.5000   -7.5000   37.5000 2576.6809   10.1618
   -7.5000    0.0000   37.5000 2650.9460    9.7412
    0.0000    0.0000   37.5000 2648.8765    9.7067
    7.5000    0.0000   37.5000 2611.4802   10.0693
   -7.5000    7.5000   37.5000 2687.2366    9.8510
    0.0000    7.5000   37.5000 2693.1653    9.7869
    7.5000    7.5000   37.5000 2646.6235   10.1194
   -7.5000   15.0000   37.5000 2696.6997   10.0975
    0.0000   15.0000   37.5000 2700.7070   10.0225
    7.5000   15.0000   37.5000 2655.3049   10.3001
   -7.5000   22.5000   37.5000 2662.6160   10.3832
    0.0000   22.5000   37.5000 2666.2275   10.3181
    7.5000   22.5000   37.5000 2628.4451   10.5774
   -7.5000   30.0000   37.5000 2604.0713   10.7581
    0.0000   30.0000   37.5000 2611.3438   10.7062
    7.5000   30.0000   37.5000 2570.1106   10.9322
   -7.5000   37.5000   37.5000 2508.3784   11.2062
    0.0000   37.5000   37.5000 2514.1733   11.1844
    7.5000   37.5000   37.5000 2462.7852   11.4162
   -7.5000  -52.5000   45.0000 2230.8096   13.5705
    0.0000  -52.5000   45.0000 2244.6428   13.2815
    7.5000  -52.5000   45.0000 2244.4270   13.5572
   -7.5000  -45.0000   45.0000 2300.6216   12.7399
    0.0000  -45.0000   45.0000 2311.4631   12.5215
    7.5000  -45.0000   45.0000 2304.1357   12.7696
   -7.5000  -37.5000   45.0000 2345.4666   11.9752
    0.0000  -37.5000   45.0000 2361.9087   11.7904
    7.5000  -37.5000   45.0000 2350.4543   12.0864
   -7.5000  -30.0000   45.0000 2386.0364   11.3918
    0.0000  -30.0000   45.0000 2405.8223   11.2229
    7.5000  -30.0000   45.0000 2384.9551   11.5428
   -7.5000  -22.5000   45.0000 2435.8081   10.9253
    0.0000  -22.5000   45.0000 2453.9380   10.8137
    7.5000  -22.5000   45.0000 2419.5791   11.1063
   -7.5000  -15.0000   45.0000 2484.4021   10.6034
    0.0000  -15.0000   45.0000 2499.8184   10.5203
    7.5000  -15.0000   45.0000 2456.1077   10.8133
   -7.5000   -7.5000   45.0000 2525.0532   10.3762
    0.0000   -7.5000   45.0000 2533.1433   10.3151
    7.5000   -7.5000   45.0000 2485.4668   10.6533
   -7.5000    0.0000   45.0000 2561.8157   10.2851
    0.0000    0.0000   45.0000 2559.6746   10.2345
    7.5000    0.0000   45.0000 2512.0640   10.5727
   -7.5000    7.5000   45.0000 2583.6848   10.4126
    0.0000    7.5000   45.0000 2588.3948   10.3443
    7.5000    7.5000   45.0000 2541.8899   10.6563
   -7.5000   15.0000   45.0000 2582.3433   10.6689
    0.0000   15.0000   45.0000 2584.9214   10.6071
    7.5000   15.0000   45.0000 2543.5874   10.8848
   -7.5000   22.5000   45.0000 2543.6790   10.9914
    0.0000   22.5000   45.0000 2548.9663   10.9300
    7.5000   22.5000   45.0000 2516.3345   11.1771
   -7.5000   30.0000   45.0000 2487.4556   11.3967
    0.0000   30.0000   45.0000 2497.9111   11.3362
    7.5000   30.0000   45.0000 2460.9255   11.5690
   -7.5000   37.5000   45.0000 2400.8877   11.8391
    0.0000   37.5000   45.0000 2408.7014   11.8154
    7.5000   37.5000   45.0000 2366.9177   12.0456

---------------------------------------------------------------------
imgreg_4dfp /opt/freesurfer/average/711-2C_as_mni_average_305 /opt/freesurfer/average/711-2B_as_mni_average_305_mask talsrcimg_g11 none talsrcimg_to_711-2C_as_mni_average_305_t4 1283
---------------------------------------------------------------------

freesurfer imgreg_4dfp.c
/opt/freesurfer/average/711-2C_as_mni_average_305.4dfp.img
       256       256       256         1
  1.000000  1.000000  1.000000
orientation T byte_order littleendian
Reading image: /opt/freesurfer/average/711-2C_as_mni_average_305.4dfp.img
dimensions:      256       256       256
mmppix:       1.0000   -1.0000   -1.0000
center:     128.0000 -129.0000 -129.0000
/opt/freesurfer/average/711-2B_as_mni_average_305_mask.4dfp.img
       256       256       256         1
  1.000000  1.000000  1.000000
orientation T byte_order littleendian
Reading mask: /opt/freesurfer/average/711-2B_as_mni_average_305_mask.4dfp.img (2306576 pixels)
talsrcimg_g11.4dfp.img
       288       288       288         1
  0.798611  0.798611  0.798611
orientation T byte_order littleendian
Reading image: talsrcimg_g11.4dfp.img
dimensions:      288       288       288
mmppix:       0.7986   -0.7986   -0.7986
center:     115.0000 -115.7986 -115.7986
rotation matrix determinant  1.000000
fimgreg.f
image alignment mode   1283 decimal      503 hex
parameters
    0.0000   15.0000   15.0000    0.0000    0.0000    0.0000
eta,q 0.89984  8.85195
niter,ni,del,rscale     5    3   12.0000    1.2000
parameter  3  2.058833 ->  0.500000 qaram    1.1500
parameter  4  4.908031 ->  0.500000 qaram    1.1500
parameter  5 -0.572864 -> -0.500000 qaram    1.1500
parameter  6 -0.523951 -> -0.500000 qaram    1.1500
parameters
   -1.4582   15.1821   11.5500   -3.4500    3.4500    3.4500
eta,q 0.90968  8.58959
  0.1042  0.1067  0.0971  0.0900  0.1006  0.0992
  0.1022  0.1039  0.0978  0.0920  0.0974  0.0958
  0.1004  0.1009  0.0994  0.0948  0.0947  0.0927
  0.1003  0.1003  0.1006  0.0982  0.0927  0.0905
  0.1023  0.1031  0.1026  0.1024  0.0914  0.0902
  0.1068  0.1043  0.1048  0.1049  0.0904  0.0904
  0.1132  0.1048  0.1069  0.1087  0.0925  0.0905
niter,ni,del,rscale     7    3   12.0000    1.2000
parameter  4  3.273081 ->  0.500000 qaram    1.3225
parameters
   -2.0071   15.7073    9.5737   -7.4175    2.9996    4.1256
eta,q 0.91471  8.50359
  0.0959  0.0997  0.0935  0.0823  0.0889  0.0927
  0.0945  0.0940  0.0914  0.0847  0.0860  0.0895
  0.0923  0.0914  0.0901  0.0869  0.0850  0.0865
  0.0903  0.0908  0.0909  0.0900  0.0854  0.0853
  0.0906  0.0916  0.0933  0.0938  0.0868  0.0858
  0.0938  0.0935  0.0957  0.0974  0.0869  0.0876
  0.1017  0.0961  0.0988  0.1008  0.0890  0.0904
niter,ni,del,rscale     7    3   12.0000    1.2000
parameter  4  4.925848 ->  0.500000 qaram    1.5209
parameters
   -2.2664   16.5454    7.2261  -11.9801    3.2925    3.8511
eta,q 0.92108  8.47315
  0.0916  0.0964  0.0882  0.0749  0.0879  0.0833
  0.0904  0.0922  0.0869  0.0775  0.0838  0.0802
  0.0871  0.0860  0.0856  0.0820  0.0788  0.0787
  0.0853  0.0853  0.0865  0.0857  0.0787  0.0791
  0.0863  0.0881  0.0889  0.0902  0.0814  0.0802
  0.0889  0.0897  0.0903  0.0939  0.0826  0.0811
  0.0949  0.0907  0.0917  0.0993  0.0858  0.0833
niter,ni,del,rscale     7    3   12.0000    1.2000
parameters
   -2.1993   17.8024    7.4148  -15.6031    3.0106    3.7969
eta,q 0.92737  8.44476
  0.0882  0.0903  0.0888  0.0833  0.0838  0.0826
  0.0856  0.0870  0.0829  0.0752  0.0786  0.0776
  0.0803  0.0816  0.0802  0.0735  0.0732  0.0740
  0.0789  0.0790  0.0793  0.0793  0.0730  0.0726
  0.0812  0.0798  0.0795  0.0855  0.0767  0.0748
  0.0829  0.0816  0.0828  0.0895  0.0795  0.0787
  0.0891  0.0843  0.0875  0.0933  0.0847  0.0821
niter,ni,del,rscale     6    3   12.0000    1.2000
parameters
   -2.5880   18.8126    7.8169  -16.4650    2.8341    4.0006
eta,q 0.92873  8.47975
  0.0850  0.0910  0.0878  0.0848  0.0831  0.0824
  0.0805  0.0849  0.0840  0.0827  0.0784  0.0767
  0.0743  0.0770  0.0772  0.0743  0.0733  0.0726
  0.0726  0.0724  0.0721  0.0718  0.0714  0.0713
  0.0769  0.0731  0.0744  0.0781  0.0753  0.0726
  0.0815  0.0777  0.0810  0.0853  0.0786  0.0762
  0.0888  0.0827  0.0859  0.0899  0.0841  0.0808
niter,ni,del,rscale     5    3   12.0000    1.2000
parameters
   -2.7714   19.2081    7.9350  -16.9022    2.7256    4.1195
eta,q 0.92863  8.50005
  0.0843  0.0892  0.0875  0.0853  0.0833  0.0820
  0.0798  0.0817  0.0837  0.0835  0.0790  0.0761
  0.0742  0.0746  0.0757  0.0762  0.0738  0.0723
  0.0713  0.0712  0.0714  0.0714  0.0714  0.0713
  0.0749  0.0745  0.0752  0.0763  0.0751  0.0726
  0.0802  0.0799  0.0824  0.0835  0.0787  0.0759
  0.0863  0.0844  0.0870  0.0895  0.0842  0.0810
niter,ni,del,rscale     4    3   12.0000    1.2000
parameters
   -2.8150   19.4045    7.9610  -17.0934    2.6728    4.1543
eta,q 0.92843  8.51006
  0.0846  0.0883  0.0876  0.0858  0.0836  0.0818
  0.0801  0.0808  0.0837  0.0838  0.0794  0.0758
  0.0748  0.0741  0.0755  0.0774  0.0743  0.0722
  0.0714  0.0714  0.0715  0.0715  0.0716  0.0716
  0.0744  0.0755  0.0756  0.0755  0.0751  0.0727
  0.0799  0.0807  0.0829  0.0825  0.0788  0.0760
  0.0855  0.0850  0.0877  0.0891  0.0842  0.0811
niter,ni,del,rscale     3    3   12.0000    1.2000
parameters
   -2.8370   19.4977    7.9654  -17.1827    2.6480    4.1641
eta,q 0.92831  8.51487
  0.0848  0.0878  0.0876  0.0860  0.0838  0.0817
  0.0803  0.0804  0.0837  0.0838  0.0796  0.0757
  0.0751  0.0739  0.0755  0.0779  0.0745  0.0723
  0.0716  0.0716  0.0716  0.0716  0.0717  0.0717
  0.0744  0.0760  0.0758  0.0751  0.0752  0.0728
  0.0800  0.0811  0.0831  0.0821  0.0789  0.0761
  0.0855  0.0853  0.0879  0.0889  0.0843  0.0812
niter,ni,del,rscale     2    3   12.0000    1.2000
parameters
   -2.8468   19.5402    7.9630  -17.2236    2.6366    4.1673
eta,q 0.92824  8.51702
  0.0849  0.0876  0.0877  0.0861  0.0838  0.0817
  0.0804  0.0802  0.0837  0.0838  0.0798  0.0757
  0.0753  0.0738  0.0756  0.0781  0.0746  0.0723
  0.0717  0.0717  0.0717  0.0717  0.0718  0.0718
  0.0745  0.0763  0.0758  0.0750  0.0752  0.0729
  0.0800  0.0813  0.0831  0.0820  0.0789  0.0761
  0.0855  0.0854  0.0880  0.0888  0.0843  0.0812
registration optimization eta report
parameter search radius
    6.0000    6.0000    6.9000    9.1253    6.9000    6.9000
100000*second partial in parameter space
       34.       38.       31.       16.       23.       21.
  0.0849  0.0876  0.0877  0.0861  0.0838  0.0817
  0.0804  0.0802  0.0837  0.0838  0.0798  0.0757
  0.0753  0.0738  0.0756  0.0781  0.0746  0.0723
  0.0717  0.0717  0.0717  0.0717  0.0718  0.0718
  0.0745  0.0763  0.0758  0.0750  0.0752  0.0729
  0.0800  0.0813  0.0831  0.0820  0.0789  0.0761
  0.0855  0.0854  0.0880  0.0888  0.0843  0.0812
   -2.8468   19.5402    7.9630  -17.2236    2.6366    4.1673
eta,q 0.92824  8.51702

---------------------------------------------------------------------
imgreg_4dfp /opt/freesurfer/average/711-2C_as_mni_average_305 /opt/freesurfer/average/711-2B_as_mni_average_305_mask talsrcimg_g11 none talsrcimg_to_711-2C_as_mni_average_305_t4 3335
---------------------------------------------------------------------

freesurfer imgreg_4dfp.c
/opt/freesurfer/average/711-2C_as_mni_average_305.4dfp.img
       256       256       256         1
  1.000000  1.000000  1.000000
orientation T byte_order littleendian
Reading image: /opt/freesurfer/average/711-2C_as_mni_average_305.4dfp.img
dimensions:      256       256       256
mmppix:       1.0000   -1.0000   -1.0000
center:     128.0000 -129.0000 -129.0000
/opt/freesurfer/average/711-2B_as_mni_average_305_mask.4dfp.img
       256       256       256         1
  1.000000  1.000000  1.000000
orientation T byte_order littleendian
Reading mask: /opt/freesurfer/average/711-2B_as_mni_average_305_mask.4dfp.img (2306576 pixels)
talsrcimg_g11.4dfp.img
       288       288       288         1
  0.798611  0.798611  0.798611
orientation T byte_order littleendian
Reading image: talsrcimg_g11.4dfp.img
dimensions:      288       288       288
mmppix:       0.7986   -0.7986   -0.7986
center:     115.0000 -115.7986 -115.7986
fimgreg.f
image alignment mode   3335 decimal      D07 hex
parameters
   -2.8468   19.5402    7.9630   -0.3700   -4.6379   -4.5855
   -5.5825   -6.5339    7.2592   29.2125    4.6000  -29.5788
eta,q 0.92620  8.58495
niter,ni,del,rscale     5    3    5.0000    1.2000
parameter  4 -3.895296 ->  0.500000 qaram    1.1500
parameter  5  1.892681 ->  0.500000 qaram    1.1500
parameter  6  1.196370 ->  0.500000 qaram    1.1500
parameter 10  1.133703 ->  0.500000 qaram    1.1500
parameter 12 -0.643298 -> -0.500000 qaram    1.1500
parameters
   -3.0940   19.8762    7.5830   -4.5100   -8.7779   -8.7255
   -6.7821   -5.8762    3.7656   25.0725    1.9973  -25.4388
eta,q 0.94422  8.45954
  0.0748  0.0761  0.0747  0.0593  0.0606  0.0580  0.0602  0.0651  0.0587  0.0559  0.0569  0.0583
  0.0741  0.0750  0.0741  0.0637  0.0618  0.0585  0.0592  0.0623  0.0584  0.0562  0.0564  0.0574
  0.0738  0.0742  0.0737  0.0688  0.0634  0.0598  0.0588  0.0599  0.0583  0.0570  0.0562  0.0567
  0.0738  0.0738  0.0737  0.0737  0.0651  0.0622  0.0588  0.0587  0.0587  0.0583  0.0564  0.0562
  0.0740  0.0738  0.0741  0.0777  0.0672  0.0657  0.0593  0.0590  0.0595  0.0601  0.0570  0.0559
  0.0745  0.0743  0.0747  0.0809  0.0700  0.0692  0.0602  0.0607  0.0607  0.0623  0.0580  0.0558
  0.0753  0.0751  0.0757  0.0845  0.0729  0.0731  0.0615  0.0633  0.0622  0.0647  0.0593  0.0560
niter,ni,del,rscale     7    3    5.0000    1.2000
parameter  4  1.211082 ->  0.500000 qaram    1.3225
parameter  5 -4.346048 ->  0.500000 qaram    1.3225
parameter 10  0.502017 ->  0.500000 qaram    1.3225
parameters
   -3.3152   18.8648    7.0310   -9.2710  -13.5389  -11.2218
   -5.7353   -5.1195    6.4121   20.3115    1.3699  -29.3162
eta,q 0.95569  8.38907
  0.0591  0.0562  0.0565  0.0494  0.0422  0.0482  0.0492  0.0537  0.0491  0.0457  0.0460  0.0448
  0.0571  0.0555  0.0556  0.0490  0.0456  0.0468  0.0476  0.0498  0.0477  0.0448  0.0452  0.0444
  0.0560  0.0553  0.0552  0.0509  0.0478  0.0460  0.0466  0.0470  0.0466  0.0447  0.0447  0.0443
  0.0558  0.0557  0.0553  0.0552  0.0492  0.0463  0.0460  0.0459  0.0459  0.0455  0.0447  0.0447
  0.0565  0.0567  0.0559  0.0607  0.0512  0.0477  0.0460  0.0463  0.0455  0.0472  0.0450  0.0454
  0.0581  0.0580  0.0570  0.0662  0.0529  0.0507  0.0467  0.0480  0.0458  0.0495  0.0456  0.0463
  0.0606  0.0595  0.0584  0.0706  0.0553  0.0562  0.0478  0.0510  0.0464  0.0522  0.0464  0.0474
niter,ni,del,rscale     7    3    5.0000    1.2000
parameter  2  0.728958 ->  0.500000 qaram    1.1500
parameter  5-14.421137 ->  0.500000 qaram    1.5209
parameters
   -3.0352   17.4848    6.9930  -12.8588  -19.0141   -9.6924
   -4.8115   -5.1910    6.3674   21.4755    1.2534  -28.9080
eta,q 0.96607  8.43523
  0.0505  0.0433  0.0454  0.0455  0.0326  0.0411  0.0396  0.0403  0.0381  0.0455  0.0354  0.0378
  0.0474  0.0432  0.0442  0.0438  0.0337  0.0384  0.0371  0.0369  0.0360  0.0404  0.0346  0.0358
  0.0452  0.0435  0.0434  0.0428  0.0379  0.0361  0.0352  0.0348  0.0346  0.0364  0.0341  0.0344
  0.0443  0.0443  0.0432  0.0432  0.0429  0.0346  0.0342  0.0341  0.0341  0.0341  0.0339  0.0339
  0.0445  0.0455  0.0435  0.0466  0.0461  0.0343  0.0343  0.0349  0.0347  0.0344  0.0341  0.0343
  0.0459  0.0473  0.0443  0.0523  0.0490  0.0355  0.0355  0.0371  0.0361  0.0370  0.0346  0.0354
  0.0481  0.0495  0.0456  0.0592  0.0514  0.0380  0.0375  0.0405  0.0382  0.0414  0.0355  0.0370
niter,ni,del,rscale     7    3    5.0000    1.2000
parameters
   -2.8321   17.4104    7.2956  -13.0671  -23.7385   -7.2932
   -4.8467   -5.1550    6.4945   21.5863    0.9280  -29.5866
eta,q 0.96854  8.41234
  0.0394  0.0403  0.0371  0.0407  0.0368  0.0394  0.0358  0.0380  0.0356  0.0408  0.0328  0.0341
  0.0366  0.0367  0.0355  0.0377  0.0337  0.0364  0.0335  0.0342  0.0335  0.0357  0.0320  0.0323
  0.0348  0.0344  0.0344  0.0355  0.0319  0.0339  0.0320  0.0320  0.0321  0.0325  0.0316  0.0315
  0.0339  0.0339  0.0339  0.0338  0.0339  0.0322  0.0315  0.0315  0.0315  0.0315  0.0315  0.0315
  0.0342  0.0349  0.0339  0.0336  0.0398  0.0315  0.0321  0.0323  0.0319  0.0328  0.0318  0.0322
  0.0355  0.0373  0.0346  0.0368  0.0450  0.0318  0.0336  0.0343  0.0332  0.0356  0.0322  0.0333
  0.0379  0.0407  0.0358  0.0431  0.0484  0.0346  0.0358  0.0377  0.0354  0.0402  0.0330  0.0347
niter,ni,del,rscale     6    3    5.0000    1.2000
parameters
   -2.8576   18.4085    7.4464  -12.7979  -25.4326   -7.8033
   -4.8479   -5.1234    6.4341   22.0820    0.4103  -30.2716
eta,q 0.96946  8.33413
  0.0360  0.0421  0.0333  0.0380  0.0388  0.0357  0.0348  0.0369  0.0343  0.0403  0.0318  0.0330
  0.0335  0.0376  0.0319  0.0349  0.0351  0.0331  0.0325  0.0333  0.0323  0.0353  0.0311  0.0313
  0.0320  0.0339  0.0309  0.0325  0.0318  0.0313  0.0311  0.0311  0.0311  0.0320  0.0307  0.0306
  0.0315  0.0315  0.0305  0.0304  0.0303  0.0306  0.0306  0.0306  0.0306  0.0306  0.0306  0.0306
  0.0320  0.0305  0.0306  0.0297  0.0336  0.0309  0.0312  0.0314  0.0311  0.0314  0.0309  0.0312
  0.0335  0.0311  0.0314  0.0326  0.0403  0.0334  0.0326  0.0334  0.0324  0.0342  0.0313  0.0322
  0.0362  0.0334  0.0327  0.0390  0.0454  0.0382  0.0348  0.0366  0.0345  0.0383  0.0321  0.0335
niter,ni,del,rscale     5    3    5.0000    1.2000
parameters
   -2.8714   18.8571    7.3648  -12.6068  -26.2799   -8.0113
   -4.8286   -5.0725    6.4779   22.6057    0.2003  -30.6719
eta,q 0.96948  8.30615
  0.0350  0.0384  0.0325  0.0375  0.0397  0.0359  0.0347  0.0369  0.0341  0.0399  0.0317  0.0330
  0.0326  0.0347  0.0313  0.0346  0.0360  0.0333  0.0325  0.0332  0.0323  0.0351  0.0311  0.0313
  0.0311  0.0320  0.0306  0.0323  0.0326  0.0314  0.0310  0.0311  0.0311  0.0319  0.0306  0.0306
  0.0305  0.0305  0.0303  0.0303  0.0302  0.0306  0.0306  0.0306  0.0306  0.0306  0.0306  0.0305
  0.0310  0.0305  0.0306  0.0297  0.0318  0.0308  0.0311  0.0314  0.0309  0.0313  0.0308  0.0310
  0.0326  0.0319  0.0315  0.0325  0.0380  0.0328  0.0325  0.0333  0.0321  0.0340  0.0312  0.0320
  0.0352  0.0347  0.0329  0.0388  0.0439  0.0374  0.0347  0.0365  0.0341  0.0380  0.0318  0.0332
niter,ni,del,rscale     4    3    5.0000    1.2000
parameters
   -2.8818   19.1027    7.2481  -12.5847  -26.8034   -8.1653
   -4.8088   -5.0778    6.5323   23.0158    0.0810  -30.9228
eta,q 0.96934  8.28851
  0.0350  0.0372  0.0324  0.0373  0.0400  0.0359  0.0348  0.0368  0.0341  0.0395  0.0318  0.0331
  0.0325  0.0339  0.0313  0.0345  0.0364  0.0334  0.0325  0.0332  0.0323  0.0349  0.0312  0.0314
  0.0310  0.0316  0.0307  0.0323  0.0330  0.0315  0.0311  0.0311  0.0311  0.0319  0.0308  0.0307
  0.0305  0.0305  0.0304  0.0304  0.0304  0.0307  0.0307  0.0307  0.0307  0.0307  0.0307  0.0307
  0.0310  0.0307  0.0308  0.0299  0.0313  0.0309  0.0312  0.0315  0.0310  0.0314  0.0309  0.0311
  0.0325  0.0323  0.0316  0.0328  0.0371  0.0328  0.0325  0.0335  0.0322  0.0341  0.0312  0.0320
  0.0351  0.0353  0.0329  0.0391  0.0433  0.0372  0.0347  0.0366  0.0341  0.0380  0.0318  0.0331
niter,ni,del,rscale     3    3    5.0000    1.2000
parameters
   -2.8910   19.2788    7.1409  -12.6042  -27.1826   -8.3110
   -4.7891   -5.0996    6.5791   23.3504   -0.0361  -31.0973
eta,q 0.96921  8.27423
  0.0350  0.0368  0.0325  0.0372  0.0401  0.0359  0.0348  0.0369  0.0341  0.0392  0.0319  0.0332
  0.0326  0.0336  0.0315  0.0345  0.0365  0.0334  0.0326  0.0333  0.0323  0.0348  0.0313  0.0315
  0.0312  0.0316  0.0308  0.0324  0.0332  0.0316  0.0312  0.0312  0.0312  0.0320  0.0309  0.0308
  0.0307  0.0307  0.0306  0.0306  0.0306  0.0308  0.0308  0.0308  0.0308  0.0308  0.0308  0.0308
  0.0311  0.0310  0.0309  0.0301  0.0312  0.0310  0.0313  0.0316  0.0311  0.0315  0.0310  0.0312
  0.0326  0.0326  0.0317  0.0330  0.0367  0.0328  0.0326  0.0336  0.0322  0.0342  0.0313  0.0320
  0.0352  0.0355  0.0330  0.0392  0.0430  0.0372  0.0347  0.0367  0.0341  0.0381  0.0319  0.0331
niter,ni,del,rscale     2    3    5.0000    1.2000
parameters
   -2.9004   19.4247    7.0401  -12.6410  -27.4942   -8.4523
   -4.7736   -5.1191    6.6312   23.6446   -0.1513  -31.2156
eta,q 0.96908  8.26097
  0.0351  0.0366  0.0326  0.0372  0.0401  0.0360  0.0348  0.0369  0.0341  0.0391  0.0319  0.0333
  0.0327  0.0336  0.0316  0.0345  0.0366  0.0335  0.0327  0.0334  0.0324  0.0348  0.0314  0.0317
  0.0313  0.0316  0.0310  0.0325  0.0334  0.0317  0.0314  0.0314  0.0314  0.0321  0.0310  0.0309
  0.0308  0.0308  0.0308  0.0308  0.0308  0.0309  0.0310  0.0310  0.0310  0.0310  0.0309  0.0309
  0.0312  0.0311  0.0310  0.0302  0.0312  0.0311  0.0314  0.0318  0.0313  0.0316  0.0311  0.0313
  0.0327  0.0327  0.0318  0.0330  0.0365  0.0329  0.0327  0.0337  0.0323  0.0342  0.0314  0.0320
  0.0352  0.0356  0.0330  0.0392  0.0428  0.0372  0.0348  0.0367  0.0341  0.0381  0.0320  0.0331
niter,ni,del,rscale     1    3    5.0000    1.2000
parameters
   -2.9090   19.5574    6.9470  -12.6845  -27.7798   -8.5919
   -4.7558   -5.1400    6.6792   23.9199   -0.2969  -31.2992
eta,q 0.96895  8.24767
  0.0352  0.0365  0.0327  0.0372  0.0401  0.0360  0.0349  0.0370  0.0341  0.0390  0.0320  0.0333
  0.0328  0.0336  0.0317  0.0346  0.0367  0.0335  0.0328  0.0335  0.0325  0.0348  0.0314  0.0318
  0.0314  0.0317  0.0311  0.0326  0.0335  0.0318  0.0315  0.0315  0.0315  0.0322  0.0311  0.0311
  0.0309  0.0309  0.0309  0.0309  0.0309  0.0311  0.0311  0.0311  0.0311  0.0311  0.0311  0.0311
  0.0314  0.0313  0.0312  0.0303  0.0312  0.0312  0.0315  0.0319  0.0314  0.0317  0.0312  0.0314
  0.0328  0.0328  0.0319  0.0331  0.0364  0.0329  0.0328  0.0338  0.0324  0.0343  0.0315  0.0321
  0.0353  0.0356  0.0331  0.0391  0.0428  0.0372  0.0348  0.0368  0.0341  0.0381  0.0320  0.0331
registration optimization eta report
parameter search radius
    2.4000    2.7600    2.4000    9.5220   10.9503    8.2800
    7.2000    7.2000    7.2000    9.5220    7.2000    8.2800
100000*second partial in parameter space
       75.       67.       35.        8.        9.        8.
        7.       11.        6.        8.        2.        3.
  0.0352  0.0365  0.0327  0.0372  0.0401  0.0360  0.0349  0.0370  0.0341  0.0390  0.0320  0.0333
  0.0328  0.0336  0.0317  0.0346  0.0367  0.0335  0.0328  0.0335  0.0325  0.0348  0.0314  0.0318
  0.0314  0.0317  0.0311  0.0326  0.0335  0.0318  0.0315  0.0315  0.0315  0.0322  0.0311  0.0311
  0.0309  0.0309  0.0309  0.0309  0.0309  0.0311  0.0311  0.0311  0.0311  0.0311  0.0311  0.0311
  0.0314  0.0313  0.0312  0.0303  0.0312  0.0312  0.0315  0.0319  0.0314  0.0317  0.0312  0.0314
  0.0328  0.0328  0.0319  0.0331  0.0364  0.0329  0.0328  0.0338  0.0324  0.0343  0.0315  0.0321
  0.0353  0.0356  0.0331  0.0391  0.0428  0.0372  0.0348  0.0368  0.0341  0.0381  0.0320  0.0331
   -2.9090   19.5574    6.9470  -12.6845  -27.7798   -8.5919
   -4.7558   -5.1400    6.6792   23.9199   -0.2969  -31.2992
eta,q 0.96895  8.24767

---------------------------------------------------------------------
imgreg_4dfp /opt/freesurfer/average/711-2C_as_mni_average_305 /opt/freesurfer/average/711-2B_as_mni_average_305_mask talsrcimg_g11 none talsrcimg_to_711-2C_as_mni_average_305_t4 2311
---------------------------------------------------------------------

freesurfer imgreg_4dfp.c
/opt/freesurfer/average/711-2C_as_mni_average_305.4dfp.img
       256       256       256         1
  1.000000  1.000000  1.000000
orientation T byte_order littleendian
Reading image: /opt/freesurfer/average/711-2C_as_mni_average_305.4dfp.img
dimensions:      256       256       256
mmppix:       1.0000   -1.0000   -1.0000
center:     128.0000 -129.0000 -129.0000
/opt/freesurfer/average/711-2B_as_mni_average_305_mask.4dfp.img
       256       256       256         1
  1.000000  1.000000  1.000000
orientation T byte_order littleendian
Reading mask: /opt/freesurfer/average/711-2B_as_mni_average_305_mask.4dfp.img (2306576 pixels)
talsrcimg_g11.4dfp.img
       288       288       288         1
  0.798611  0.798611  0.798611
orientation T byte_order littleendian
Reading image: talsrcimg_g11.4dfp.img
dimensions:      288       288       288
mmppix:       0.7986   -0.7986   -0.7986
center:     115.0000 -115.7986 -115.7986
fimgreg.f
image alignment mode   2311 decimal      907 hex
parameters
   -2.9090   19.5574    6.9470  -12.6845  -27.7798   -8.5919
   -4.7558   -5.1400    6.6792   23.9199   -0.2969  -31.2992
eta,q 0.96895  8.24767
niter,ni,del,rscale     5    3    5.0000    0.8000
parameters
   -2.8953   19.7118    6.8697  -10.5410  -26.9556   -8.7979
   -5.0128   -4.8582    6.5148   24.0128   -0.0073  -31.4499
eta,q 0.96990  8.31709
  0.0329  0.0330  0.0318  0.0336  0.0338  0.0318  0.0321  0.0337  0.0318  0.0325  0.0309  0.0310
  0.0319  0.0320  0.0314  0.0327  0.0324  0.0309  0.0309  0.0317  0.0309  0.0313  0.0305  0.0304
  0.0313  0.0313  0.0311  0.0318  0.0313  0.0303  0.0303  0.0306  0.0303  0.0304  0.0302  0.0301
  0.0310  0.0311  0.0310  0.0310  0.0304  0.0301  0.0301  0.0301  0.0301  0.0301  0.0301  0.0301
  0.0312  0.0311  0.0311  0.0305  0.0301  0.0304  0.0305  0.0304  0.0303  0.0303  0.0302  0.0303
  0.0318  0.0316  0.0315  0.0305  0.0307  0.0309  0.0313  0.0313  0.0310  0.0311  0.0304  0.0305
  0.0329  0.0324  0.0320  0.0314  0.0324  0.0322  0.0325  0.0329  0.0321  0.0324  0.0308  0.0310
niter,ni,del,rscale     4    3    5.0000    0.7000
parameters
   -2.9833   19.3483    6.9656  -10.7103  -26.1972   -8.3421
   -4.8162   -5.0205    6.5332   23.6150    0.3434  -31.3017
eta,q 0.97023  8.35050
  0.0317  0.0308  0.0309  0.0319  0.0329  0.0315  0.0318  0.0321  0.0313  0.0314  0.0305  0.0307
  0.0308  0.0303  0.0304  0.0311  0.0317  0.0306  0.0307  0.0307  0.0305  0.0305  0.0301  0.0301
  0.0302  0.0300  0.0301  0.0304  0.0307  0.0301  0.0300  0.0300  0.0300  0.0299  0.0299  0.0298
  0.0301  0.0301  0.0300  0.0300  0.0300  0.0298  0.0298  0.0298  0.0298  0.0298  0.0298  0.0298
  0.0304  0.0305  0.0300  0.0301  0.0298  0.0298  0.0300  0.0301  0.0299  0.0301  0.0298  0.0299
  0.0311  0.0313  0.0303  0.0310  0.0303  0.0302  0.0305  0.0310  0.0304  0.0310  0.0300  0.0301
  0.0322  0.0325  0.0307  0.0327  0.0316  0.0309  0.0314  0.0325  0.0313  0.0322  0.0303  0.0305
niter,ni,del,rscale     3    3    5.0000    0.6000
parameters
   -3.0118   19.0824    7.0847  -10.6240  -25.7470   -8.0911
   -4.8185   -5.0792    6.5461   23.2660    0.5041  -31.1120
eta,q 0.97042  8.37094
  0.0311  0.0305  0.0304  0.0314  0.0319  0.0308  0.0310  0.0314  0.0308  0.0309  0.0301  0.0303
  0.0303  0.0300  0.0301  0.0307  0.0310  0.0302  0.0302  0.0304  0.0301  0.0301  0.0298  0.0299
  0.0299  0.0297  0.0298  0.0301  0.0302  0.0298  0.0297  0.0298  0.0297  0.0297  0.0297  0.0296
  0.0298  0.0298  0.0297  0.0297  0.0297  0.0296  0.0296  0.0296  0.0296  0.0296  0.0296  0.0296
  0.0300  0.0301  0.0297  0.0297  0.0296  0.0297  0.0298  0.0298  0.0297  0.0299  0.0296  0.0297
  0.0304  0.0307  0.0299  0.0303  0.0301  0.0299  0.0302  0.0305  0.0301  0.0305  0.0298  0.0298
  0.0312  0.0316  0.0302  0.0316  0.0312  0.0305  0.0310  0.0316  0.0308  0.0315  0.0300  0.0301
niter,ni,del,rscale     2    3    5.0000    0.5000
parameters
   -3.0243   18.9071    7.1805  -10.5171  -25.4166   -7.9765
   -4.8409   -5.0865    6.5573   23.0128    0.5457  -30.9563
eta,q 0.97051  8.38359
  0.0306  0.0302  0.0301  0.0309  0.0312  0.0303  0.0305  0.0308  0.0303  0.0304  0.0299  0.0300
  0.0300  0.0298  0.0298  0.0303  0.0305  0.0299  0.0299  0.0301  0.0299  0.0299  0.0297  0.0297
  0.0297  0.0296  0.0296  0.0298  0.0299  0.0296  0.0296  0.0296  0.0296  0.0296  0.0295  0.0295
  0.0296  0.0296  0.0296  0.0296  0.0295  0.0295  0.0295  0.0295  0.0295  0.0295  0.0295  0.0295
  0.0297  0.0298  0.0296  0.0296  0.0295  0.0296  0.0296  0.0296  0.0296  0.0297  0.0295  0.0295
  0.0301  0.0302  0.0297  0.0300  0.0299  0.0298  0.0300  0.0301  0.0299  0.0301  0.0296  0.0297
  0.0306  0.0308  0.0299  0.0309  0.0307  0.0302  0.0305  0.0309  0.0303  0.0308  0.0298  0.0299
niter,ni,del,rscale     1    3    5.0000    0.4000
parameters
   -3.0319   18.7860    7.2545  -10.4273  -25.1725   -7.9471
   -4.8611   -5.0685    6.5639   22.8249    0.5512  -30.8142
eta,q 0.97057  8.39125
  0.0301  0.0299  0.0298  0.0304  0.0306  0.0299  0.0301  0.0303  0.0300  0.0301  0.0297  0.0298
  0.0298  0.0296  0.0296  0.0300  0.0301  0.0297  0.0297  0.0298  0.0297  0.0297  0.0295  0.0296
  0.0295  0.0295  0.0295  0.0296  0.0297  0.0295  0.0295  0.0295  0.0295  0.0295  0.0295  0.0295
  0.0295  0.0295  0.0295  0.0295  0.0295  0.0294  0.0294  0.0294  0.0294  0.0294  0.0294  0.0294
  0.0296  0.0296  0.0295  0.0295  0.0295  0.0295  0.0295  0.0295  0.0295  0.0296  0.0295  0.0295
  0.0298  0.0299  0.0296  0.0298  0.0297  0.0296  0.0297  0.0298  0.0297  0.0298  0.0295  0.0295
  0.0302  0.0303  0.0297  0.0304  0.0303  0.0299  0.0301  0.0303  0.0300  0.0303  0.0297  0.0297
registration optimization eta report
parameter search radius
    0.8000    0.8000    0.8000    2.4000    2.4000    2.4000
    2.4000    2.4000    2.4000    2.4000    2.4000    2.4000
100000*second partial in parameter space
      104.       94.       46.       16.       17.        9.
       11.       15.       10.       13.        4.        5.
  0.0301  0.0299  0.0298  0.0304  0.0306  0.0299  0.0301  0.0303  0.0300  0.0301  0.0297  0.0298
  0.0298  0.0296  0.0296  0.0300  0.0301  0.0297  0.0297  0.0298  0.0297  0.0297  0.0295  0.0296
  0.0295  0.0295  0.0295  0.0296  0.0297  0.0295  0.0295  0.0295  0.0295  0.0295  0.0295  0.0295
  0.0295  0.0295  0.0295  0.0295  0.0295  0.0294  0.0294  0.0294  0.0294  0.0294  0.0294  0.0294
  0.0296  0.0296  0.0295  0.0295  0.0295  0.0295  0.0295  0.0295  0.0295  0.0296  0.0295  0.0295
  0.0298  0.0299  0.0296  0.0298  0.0297  0.0296  0.0297  0.0298  0.0297  0.0298  0.0295  0.0295
  0.0302  0.0303  0.0297  0.0304  0.0303  0.0299  0.0301  0.0303  0.0300  0.0303  0.0297  0.0297
   -3.0319   18.7860    7.2545  -10.4273  -25.1725   -7.9471
   -4.8611   -5.0685    6.5639   22.8249    0.5512  -30.8142
eta,q 0.97057  8.39125

---------------------------------------------------------------------
imgreg_4dfp /opt/freesurfer/average/711-2C_as_mni_average_305 /opt/freesurfer/average/711-2B_as_mni_average_305_mask talsrcimg_g11 none talsrcimg_to_711-2C_as_mni_average_305_t4 2311
---------------------------------------------------------------------

freesurfer imgreg_4dfp.c
/opt/freesurfer/average/711-2C_as_mni_average_305.4dfp.img
       256       256       256         1
  1.000000  1.000000  1.000000
orientation T byte_order littleendian
Reading image: /opt/freesurfer/average/711-2C_as_mni_average_305.4dfp.img
dimensions:      256       256       256
mmppix:       1.0000   -1.0000   -1.0000
center:     128.0000 -129.0000 -129.0000
/opt/freesurfer/average/711-2B_as_mni_average_305_mask.4dfp.img
       256       256       256         1
  1.000000  1.000000  1.000000
orientation T byte_order littleendian
Reading mask: /opt/freesurfer/average/711-2B_as_mni_average_305_mask.4dfp.img (2306576 pixels)
talsrcimg_g11.4dfp.img
       288       288       288         1
  0.798611  0.798611  0.798611
orientation T byte_order littleendian
Reading image: talsrcimg_g11.4dfp.img
dimensions:      288       288       288
mmppix:       0.7986   -0.7986   -0.7986
center:     115.0000 -115.7986 -115.7986
fimgreg.f
image alignment mode   2311 decimal      907 hex
parameters
   -3.0319   18.7860    7.2545  -10.4273  -25.1725   -7.9471
   -4.8611   -5.0685    6.5639   22.8249    0.5512  -30.8142
eta,q 0.97057  8.39125
niter,ni,del,rscale     5    3    5.0000    0.8000
parameters
   -3.0164   18.6870    7.2922  -10.9581  -25.3091   -7.8128
   -4.7918   -5.1084    6.5520   22.6898    0.6171  -30.7372
eta,q 0.97047  8.38457
  0.0322  0.0315  0.0307  0.0318  0.0326  0.0317  0.0320  0.0329  0.0315  0.0321  0.0304  0.0308
  0.0306  0.0303  0.0300  0.0308  0.0313  0.0305  0.0306  0.0309  0.0305  0.0307  0.0299  0.0300
  0.0297  0.0296  0.0296  0.0299  0.0301  0.0298  0.0298  0.0298  0.0298  0.0298  0.0296  0.0296
  0.0294  0.0294  0.0294  0.0294  0.0295  0.0295  0.0295  0.0295  0.0295  0.0295  0.0295  0.0295
  0.0297  0.0298  0.0295  0.0298  0.0298  0.0296  0.0298  0.0299  0.0297  0.0299  0.0296  0.0297
  0.0306  0.0307  0.0299  0.0313  0.0311  0.0302  0.0306  0.0311  0.0305  0.0309  0.0299  0.0300
  0.0320  0.0322  0.0306  0.0338  0.0334  0.0316  0.0318  0.0329  0.0316  0.0324  0.0304  0.0306
niter,ni,del,rscale     4    3    5.0000    0.7000
parameters
   -2.9934   18.7446    7.3012  -10.8758  -25.3045   -7.8125
   -4.8357   -5.1001    6.5303   22.6849    0.5717  -30.7641
eta,q 0.97050  8.38307
  0.0315  0.0314  0.0304  0.0318  0.0321  0.0310  0.0314  0.0321  0.0311  0.0316  0.0302  0.0304
  0.0304  0.0304  0.0299  0.0309  0.0310  0.0302  0.0303  0.0306  0.0302  0.0305  0.0298  0.0299
  0.0298  0.0298  0.0296  0.0301  0.0300  0.0297  0.0297  0.0298  0.0297  0.0297  0.0296  0.0296
  0.0295  0.0295  0.0295  0.0295  0.0295  0.0295  0.0295  0.0295  0.0295  0.0295  0.0295  0.0295
  0.0297  0.0297  0.0296  0.0295  0.0297  0.0296  0.0297  0.0298  0.0297  0.0298  0.0296  0.0296
  0.0304  0.0302  0.0299  0.0303  0.0306  0.0301  0.0304  0.0306  0.0302  0.0305  0.0298  0.0299
  0.0314  0.0312  0.0304  0.0320  0.0324  0.0311  0.0314  0.0321  0.0311  0.0316  0.0302  0.0304
niter,ni,del,rscale     3    3    5.0000    0.6000
parameters
   -2.9959   18.7412    7.3095  -10.7167  -25.2258   -7.8278
   -4.8591   -5.0823    6.5385   22.6865    0.5534  -30.7592
eta,q 0.97054  8.38697
  0.0309  0.0308  0.0302  0.0313  0.0316  0.0306  0.0309  0.0314  0.0307  0.0311  0.0300  0.0301
  0.0301  0.0301  0.0298  0.0306  0.0306  0.0300  0.0301  0.0303  0.0300  0.0302  0.0297  0.0297
  0.0296  0.0297  0.0296  0.0299  0.0299  0.0296  0.0296  0.0297  0.0296  0.0297  0.0295  0.0295
  0.0295  0.0295  0.0295  0.0295  0.0295  0.0295  0.0295  0.0295  0.0295  0.0295  0.0295  0.0295
  0.0297  0.0296  0.0296  0.0295  0.0296  0.0296  0.0296  0.0297  0.0296  0.0296  0.0295  0.0295
  0.0301  0.0301  0.0298  0.0301  0.0303  0.0299  0.0301  0.0303  0.0300  0.0302  0.0297  0.0298
  0.0309  0.0308  0.0301  0.0313  0.0316  0.0306  0.0309  0.0314  0.0307  0.0311  0.0300  0.0301
niter,ni,del,rscale     2    3    5.0000    0.5000
parameters
   -3.0071   18.7151    7.3162  -10.5732  -25.1209   -7.8302
   -4.8755   -5.0673    6.5507   22.6726    0.5473  -30.7209
eta,q 0.97057  8.39184
  0.0305  0.0303  0.0299  0.0308  0.0310  0.0302  0.0304  0.0308  0.0303  0.0306  0.0298  0.0299
  0.0299  0.0299  0.0297  0.0302  0.0303  0.0298  0.0299  0.0300  0.0298  0.0299  0.0296  0.0296
  0.0296  0.0296  0.0295  0.0297  0.0297  0.0295  0.0295  0.0296  0.0295  0.0296  0.0295  0.0295
  0.0295  0.0295  0.0295  0.0295  0.0294  0.0294  0.0294  0.0294  0.0294  0.0294  0.0294  0.0294
  0.0296  0.0296  0.0295  0.0295  0.0295  0.0295  0.0296  0.0296  0.0295  0.0296  0.0295  0.0295
  0.0299  0.0299  0.0297  0.0299  0.0300  0.0298  0.0299  0.0300  0.0298  0.0300  0.0296  0.0296
  0.0305  0.0305  0.0299  0.0308  0.0309  0.0302  0.0304  0.0308  0.0303  0.0306  0.0298  0.0299
niter,ni,del,rscale     1    3    5.0000    0.4000
parameters
   -3.0192   18.6791    7.3322  -10.4568  -25.0118   -7.8719
   -4.8866   -5.0549    6.5623   22.6302    0.5476  -30.6702
eta,q 0.97059  8.39546
  0.0301  0.0300  0.0297  0.0304  0.0305  0.0299  0.0301  0.0303  0.0300  0.0301  0.0297  0.0297
  0.0297  0.0297  0.0296  0.0300  0.0300  0.0296  0.0297  0.0298  0.0297  0.0297  0.0295  0.0296
  0.0295  0.0295  0.0295  0.0296  0.0296  0.0295  0.0295  0.0295  0.0295  0.0295  0.0294  0.0294
  0.0294  0.0294  0.0294  0.0294  0.0294  0.0294  0.0294  0.0294  0.0294  0.0294  0.0294  0.0294
  0.0295  0.0295  0.0295  0.0295  0.0295  0.0295  0.0295  0.0295  0.0295  0.0295  0.0294  0.0294
  0.0297  0.0297  0.0296  0.0297  0.0298  0.0296  0.0297  0.0298  0.0297  0.0298  0.0295  0.0295
  0.0301  0.0301  0.0297  0.0303  0.0304  0.0299  0.0301  0.0303  0.0300  0.0302  0.0297  0.0297
registration optimization eta report
parameter search radius
    0.8000    0.8000    0.8000    2.4000    2.4000    2.4000
    2.4000    2.4000    2.4000    2.4000    2.4000    2.4000
100000*second partial in parameter space
      105.       96.       47.       16.       17.        9.
       12.       15.       10.       13.        4.        5.
  0.0301  0.0300  0.0297  0.0304  0.0305  0.0299  0.0301  0.0303  0.0300  0.0301  0.0297  0.0297
  0.0297  0.0297  0.0296  0.0300  0.0300  0.0296  0.0297  0.0298  0.0297  0.0297  0.0295  0.0296
  0.0295  0.0295  0.0295  0.0296  0.0296  0.0295  0.0295  0.0295  0.0295  0.0295  0.0294  0.0294
  0.0294  0.0294  0.0294  0.0294  0.0294  0.0294  0.0294  0.0294  0.0294  0.0294  0.0294  0.0294
  0.0295  0.0295  0.0295  0.0295  0.0295  0.0295  0.0295  0.0295  0.0295  0.0295  0.0294  0.0294
  0.0297  0.0297  0.0296  0.0297  0.0298  0.0296  0.0297  0.0298  0.0297  0.0298  0.0295  0.0295
  0.0301  0.0301  0.0297  0.0303  0.0304  0.0299  0.0301  0.0303  0.0300  0.0302  0.0297  0.0297
   -3.0192   18.6791    7.3322  -10.4568  -25.0118   -7.8719
   -4.8866   -5.0549    6.5623   22.6302    0.5476  -30.6702
eta,q 0.97059  8.39546

---------------------------------------------------------------------
compute_vox2vox talsrcimg talsrcimg_to_711-2C_as_mni_average_305_t4 /opt/freesurfer/average/711-2C_as_mni_average_305
---------------------------------------------------------------------

freesurfer compute_vox2vox.c
Reading: talsrcimg.4dfp.ifh
Reading: talsrcimg_to_711-2C_as_mni_average_305_t4
Reading: /opt/freesurfer/average/711-2C_as_mni_average_305.4dfp.ifh
Writing: talsrcimg_to_711-2C_as_mni_average_305_t4_vox2vox.txt

start time lun 02 sep 2024 15:03:26 CEST
end		time lun 02 sep 2024 15:03:45 CEST

mpr2mni305 success

avi2talxfm orig_nu.mgz /opt/freesurfer/average/mni305.cor.mgz talsrcimg_to_711-2C_as_mni_average_305_t4_vox2vox.txt transforms/talairach.auto.xfm
avi2talxfm done
mv -f /data/derivatives/bootcamp-geneva/fmriprep-24.0.0/sourcedata/freesurfer/sub-15/mri/talsrcimg_to_711-2C_as_mni_average_305_t4_vox2vox.txt /data/derivatives/bootcamp-geneva/fmriprep-24.0.0/sourcedata/freesurfer/sub-15/mri/transforms/talsrcimg_to_711-2C_as_mni_average_305_t4_vox2vox.txt
lta_convert --src orig_nu.mgz --trg /opt/freesurfer/average/mni305.cor.mgz --inxfm transforms/talairach.auto.xfm --outlta transforms/talairach.auto.xfm.lta --subject fsaverage
7.3.2

--src: orig_nu.mgz src image (geometry).
--trg: /opt/freesurfer/average/mni305.cor.mgz trg image (geometry).
--inmni: transforms/talairach.auto.xfm input MNI/XFM transform.
--outlta: transforms/talairach.auto.xfm.lta output LTA.
--s: fsaverage subject name
 LTA read, type : 1
 1.11006   0.03920   0.08837   4.83638;
-0.03538   0.98510   0.40060  -17.28935;
-0.08646  -0.30072   1.20492   10.03339;
 0.00000   0.00000   0.00000   1.00000;
setting subject to fsaverage
Writing  LTA to file transforms/talairach.auto.xfm.lta...
lta_convert successful.
 
 
Started at lun 02 sep 2024 15:03:25 CEST
Ended   at lun 02 sep 2024 15:03:45 CEST
talairach_avi done
