status file for recon-all
mar 03 sep 2024 11:03:37 CEST
#@# Tessellate lh mar 03 sep 2024 11:03:37 CEST
#@# Smooth1 lh mar 03 sep 2024 11:03:42 CEST
#@# Inflation1 lh mar 03 sep 2024 11:03:45 CEST
#@# QSphere lh mar 03 sep 2024 11:05:27 CEST
#@# Fix Topology lh mar 03 sep 2024 11:07:02 CEST
#@# Smooth2 lh mar 03 sep 2024 11:23:20 CEST
#@# Inflation2 lh mar 03 sep 2024 11:23:24 CEST
#@# Curv .H and .K lh mar 03 sep 2024 11:23:59 CEST
#@# Sphere lh mar 03 sep 2024 11:24:57 CEST
#@# Surf Reg lh mar 03 sep 2024 11:34:18 CEST
#@# Jacobian white lh mar 03 sep 2024 11:43:02 CEST
#@# AvgCurv lh mar 03 sep 2024 11:43:03 CEST
#@# Cortical Parc lh mar 03 sep 2024 11:43:04 CEST
#@# white curv lh mar 03 sep 2024 11:56:44 CEST
#@# white area lh mar 03 sep 2024 11:56:46 CEST
#@# pial curv lh mar 03 sep 2024 11:56:47 CEST
#@# pial area lh mar 03 sep 2024 11:56:50 CEST
#@# thickness lh mar 03 sep 2024 11:56:51 CEST
#@# area and vertex vol lh mar 03 sep 2024 11:57:32 CEST
#@# Curvature Stats lh mar 03 sep 2024 11:57:34 CEST
#@# Cortical Parc 2 lh mar 03 sep 2024 11:57:37 CEST
#@# Cortical Parc 3 lh mar 03 sep 2024 11:57:55 CEST
#@# WM/GM Contrast lh mar 03 sep 2024 11:58:08 CEST
recon-all -s sub-17 finished without error at mar 03 sep 2024 11:58:12 CEST



#New# invocation of recon-all 



status file for recon-all
mar 03 sep 2024 16:02:21 CEST
#@# white curv lh mar 03 sep 2024 16:02:21 CEST
#@# white area lh mar 03 sep 2024 16:02:21 CEST
#@# pial curv lh mar 03 sep 2024 16:02:21 CEST
#@# pial area lh mar 03 sep 2024 16:02:21 CEST
#@# thickness lh mar 03 sep 2024 16:02:21 CEST
#@# area and vertex vol lh mar 03 sep 2024 16:02:21 CEST
#@# Parcellation Stats lh mar 03 sep 2024 16:02:21 CEST
#@# Parcellation Stats 2 lh mar 03 sep 2024 16:03:26 CEST
#@# Parcellation Stats 3 lh mar 03 sep 2024 16:03:59 CEST
#@# BA_exvivo Labels lh mar 03 sep 2024 16:04:31 CEST
recon-all -s sub-17 finished without error at mar 03 sep 2024 16:08:13 CEST
