status file for recon-all
mar 03 sep 2024 11:58:14 CEST
#@# Tessellate rh mar 03 sep 2024 11:58:14 CEST
#@# Smooth1 rh mar 03 sep 2024 11:58:19 CEST
#@# Inflation1 rh mar 03 sep 2024 11:58:22 CEST
#@# QSphere rh mar 03 sep 2024 12:00:14 CEST
#@# Fix Topology rh mar 03 sep 2024 12:01:59 CEST
#@# Smooth2 rh mar 03 sep 2024 12:19:46 CEST
#@# Inflation2 rh mar 03 sep 2024 12:19:49 CEST
#@# Curv .H and .K rh mar 03 sep 2024 12:20:28 CEST
#@# Sphere rh mar 03 sep 2024 12:21:27 CEST
#@# Surf Reg rh mar 03 sep 2024 12:31:39 CEST
#@# Jacobian white rh mar 03 sep 2024 12:41:08 CEST
#@# AvgCurv rh mar 03 sep 2024 12:41:09 CEST
#@# Cortical Parc rh mar 03 sep 2024 12:41:10 CEST
#@# white curv rh mar 03 sep 2024 13:03:00 CEST
#@# white area rh mar 03 sep 2024 13:03:02 CEST
#@# pial curv rh mar 03 sep 2024 13:03:03 CEST
#@# pial area rh mar 03 sep 2024 13:03:05 CEST
#@# thickness rh mar 03 sep 2024 13:03:06 CEST
#@# area and vertex vol rh mar 03 sep 2024 13:03:49 CEST
#@# Curvature Stats rh mar 03 sep 2024 13:03:51 CEST
#@# Cortical Parc 2 rh mar 03 sep 2024 13:03:55 CEST
#@# Cortical Parc 3 rh mar 03 sep 2024 13:04:13 CEST
#@# WM/GM Contrast rh mar 03 sep 2024 13:04:25 CEST
recon-all -s sub-17 finished without error at mar 03 sep 2024 13:04:30 CEST



#New# invocation of recon-all 



status file for recon-all
mar 03 sep 2024 16:08:15 CEST
#@# white curv rh mar 03 sep 2024 16:08:15 CEST
#@# white area rh mar 03 sep 2024 16:08:15 CEST
#@# pial curv rh mar 03 sep 2024 16:08:15 CEST
#@# pial area rh mar 03 sep 2024 16:08:15 CEST
#@# thickness rh mar 03 sep 2024 16:08:15 CEST
#@# area and vertex vol rh mar 03 sep 2024 16:08:15 CEST
#@# Parcellation Stats rh mar 03 sep 2024 16:08:15 CEST
#@# Parcellation Stats 2 rh mar 03 sep 2024 16:09:18 CEST
#@# Parcellation Stats 3 rh mar 03 sep 2024 16:09:51 CEST
#@# BA_exvivo Labels rh mar 03 sep 2024 16:10:24 CEST
recon-all -s sub-17 finished without error at mar 03 sep 2024 16:14:05 CEST
