Logfile for bbregister
mar 03 sep 2024 04:23:40 CEST

setenv SUBJECTS_DIR /data/derivatives/bootcamp-geneva/fmriprep-24.0.0/sourcedata/freesurfer
cd /data/derivatives/bootcamp-geneva/fmriprep-24.0.0/sourcedata/freesurfer/sub-14/scripts
/opt/freesurfer/bin/bbregister --s sub-14 --mov /data/derivatives/bootcamp-geneva/fmriprep-24.0.0/sourcedata/freesurfer/sub-14/mri/orig/T2raw.mgz --lta /data/derivatives/bootcamp-geneva/fmriprep-24.0.0/sourcedata/freesurfer/sub-14/mri/transforms/T2raw.auto.lta --init-coreg --T2 --gm-proj-abs 2 --wm-proj-abs 1 --no-coreg-ref-mask

bbregister 7.3.2
Linux hos70297 5.19.0-50-generic #50-Ubuntu SMP PREEMPT_DYNAMIC Mon Jul 10 18:24:29 UTC 2023 x86_64 x86_64 x86_64 GNU/Linux
FREESURFER_HOME /opt/freesurfer
mri_convert /data/derivatives/bootcamp-geneva/fmriprep-24.0.0/sourcedata/freesurfer/sub-14/mri/orig/T2raw.mgz /data/derivatives/bootcamp-geneva/fmriprep-24.0.0/sourcedata/freesurfer/sub-14/mri/transforms/tmp.bbregister.2714038/template.nii
mri_convert /data/derivatives/bootcamp-geneva/fmriprep-24.0.0/sourcedata/freesurfer/sub-14/mri/orig/T2raw.mgz /data/derivatives/bootcamp-geneva/fmriprep-24.0.0/sourcedata/freesurfer/sub-14/mri/transforms/tmp.bbregister.2714038/template.nii 
reading from /data/derivatives/bootcamp-geneva/fmriprep-24.0.0/sourcedata/freesurfer/sub-14/mri/orig/T2raw.mgz...
TR=2650.00, TE=0.00, TI=0.00, flip angle=0.00
i_ras = (0.997365, 0.061898, -0.0378313)
j_ras = (-0.061727, 0.998077, 0.00567386)
k_ras = (0.0381097, -0.0033237, 0.999268)
writing to /data/derivatives/bootcamp-geneva/fmriprep-24.0.0/sourcedata/freesurfer/sub-14/mri/transforms/tmp.bbregister.2714038/template.nii...
mri_coreg --s sub-14 --mov /data/derivatives/bootcamp-geneva/fmriprep-24.0.0/sourcedata/freesurfer/sub-14/mri/transforms/tmp.bbregister.2714038/template.nii --regdat /data/derivatives/bootcamp-geneva/fmriprep-24.0.0/sourcedata/freesurfer/sub-14/mri/transforms/tmp.bbregister.2714038/reg.init.dat --reg /data/derivatives/bootcamp-geneva/fmriprep-24.0.0/sourcedata/freesurfer/sub-14/mri/transforms/tmp.bbregister.2714038/mri_coreg.lta --nthreads 4 --dof 6 --sep 4 --ftol .0001 --linmintol .01 --no-ref-mask

$Id: mri_coreg.c,v 1.27 2016/04/30 15:11:49 greve Exp $
cwd /data/derivatives/bootcamp-geneva/fmriprep-24.0.0/sourcedata/freesurfer/sub-14/scripts
cmdline mri_coreg --s sub-14 --mov /data/derivatives/bootcamp-geneva/fmriprep-24.0.0/sourcedata/freesurfer/sub-14/mri/transforms/tmp.bbregister.2714038/template.nii --regdat /data/derivatives/bootcamp-geneva/fmriprep-24.0.0/sourcedata/freesurfer/sub-14/mri/transforms/tmp.bbregister.2714038/reg.init.dat --reg /data/derivatives/bootcamp-geneva/fmriprep-24.0.0/sourcedata/freesurfer/sub-14/mri/transforms/tmp.bbregister.2714038/mri_coreg.lta --nthreads 4 --dof 6 --sep 4 --ftol .0001 --linmintol .01 --no-ref-mask 
sysname  Linux
hostname hos70297
machine  x86_64
user     oesteban
dof    6
nsep    1
cras0    1
ftol    0.000100
linmintol    0.010000
bf       1
bflim    30.000000
bfnsamp    30
SmoothRef 0
SatPct    99.990000
MovOOB 0
optschema 1
Seed 53
Reading in mov /data/derivatives/bootcamp-geneva/fmriprep-24.0.0/sourcedata/freesurfer/sub-14/mri/transforms/tmp.bbregister.2714038/template.nii
Reading in ref /data/derivatives/bootcamp-geneva/fmriprep-24.0.0/sourcedata/freesurfer/sub-14/mri/brainmask.mgz
Setting cras translation parameters to align volume centers
Creating random numbers for coordinate dithering
Performing intensity dithering
Performing intensity dithering on mov with computed dither
Init matrix params  0.1870  1.4904 -1.1340  0.0000  0.0000  0.0000  1.0000  1.0000  1.0000  0.0000  0.0000  0.0000 
Initial parameters to be opt  0.1870  1.4904 -1.1340  0.0000  0.0000  0.0000 
Separation list (1):  4   min = 4
DoSmoothing 1
DoCoordDither 1
DoIntensityDither 1
nitersmax 4
ftol 1.000e-04
linmintol 1.000e-02
SatPct 99.990000
Hist FWHM 7.000000 7.000000
nthreads 4
movsat = 806.0013
mov gstd 1.9140 1.9168 1.9168
Smoothing mov
refsat = 115.0000
ref gstd 1.9141 1.9141 1.9141
Smoothing ref
COREGpreproc() done
Testing if mov and target overlap
Init cost   -1.0566055180
nhits = 248540 out of 23887872, Percent Overlap:  66.6
Initial  RefRAS-to-MovRAS
 1.00000   0.00000   0.00000   0.18696;
 0.00000   1.00000   0.00000   1.49037;
 0.00000   0.00000   1.00000  -1.13397;
 0.00000   0.00000   0.00000   1.00000;
Initial  RefVox-to-MovVox
-0.99563   0.03777   0.06179   232.08711;
 0.06395  -0.00588   1.03404  -13.21881;
-0.03948  -1.03528  -0.00344   298.22235;
 0.00000   0.00000   0.00000   1.00000;
sep = 4 -----------------------------------
COREGoptBruteForce() 30 1 30
Turning on MovOOB for BruteForce Search
#BF# sep= 4 iter=0 lim=30.0 delta=2.00   0.18696   1.49037  -1.13397   2.00000   0.00000   0.00000   -1.0500871
Turning  MovOOB back off after brute force search


---------------------------------
Init Powel Params dof = 6: 0.186958 1.490372 -1.133972 2.000000 0.000000 0.000000 
Starting OpenPowel2(), sep = 4
InitialCost        -1.0570530891 
#@#  4  188  0.18696 1.49037 -1.13397 2.00000 0.00000 0.00000   -1.0570531
fs_powell::minimize
  nparams 6
  maxfev 4
  ftol   0.000100
  linmin_xtol_   0.010000
  powell nthiter 0: fret = -1.057053
#@#  4  195  0.08700 1.49037 -1.13397 2.00000 0.00000 0.00000   -1.0570577
#@#  4  200  0.08700 -0.12766 -1.13397 2.00000 0.00000 0.00000   -1.0573423
#@#  4  201  0.08700 0.28308 -1.13397 2.00000 0.00000 0.00000   -1.0574142
#@#  4  204  0.08700 0.45922 -1.13397 2.00000 0.00000 0.00000   -1.0574155
#@#  4  205  0.08700 0.38265 -1.13397 2.00000 0.00000 0.00000   -1.0574175
#@#  4  207  0.08700 0.36265 -1.13397 2.00000 0.00000 0.00000   -1.0574176
#@#  4  214  0.08700 0.36265 -1.75201 2.00000 0.00000 0.00000   -1.0575711
#@#  4  216  0.08700 0.36265 -1.92775 2.00000 0.00000 0.00000   -1.0575811
#@#  4  230  0.08700 0.36265 -1.97492 2.01000 0.00000 0.00000   -1.0575818
#@#  4  234  0.08700 0.36265 -1.97492 2.01000 -1.61803 0.00000   -1.0576577
#@#  4  235  0.08700 0.36265 -1.97492 2.01000 -0.94104 0.00000   -1.0577539
#@#  4  239  0.08700 0.36265 -1.97492 2.01000 -0.92115 0.00000   -1.0577542
#@#  4  248  0.08700 0.36265 -1.97492 2.01000 -0.90906 -0.61803   -1.0578094
#@#  4  250  0.08700 0.36265 -1.97492 2.01000 -0.90906 -0.49773   -1.0578158
#@#  4  251  0.08700 0.36265 -1.97492 2.01000 -0.90906 -0.46464   -1.0578163
  powell nthiter 1: fret = -1.057816
#@#  4  261  0.02745 0.36265 -1.97492 2.01000 -0.90906 -0.46464   -1.0578167
#@#  4  267  0.03745 0.36265 -1.97492 2.01000 -0.90906 -0.46464   -1.0578169
#@#  4  274  0.03745 0.10481 -1.97492 2.01000 -0.90906 -0.46464   -1.0578415
#@#  4  284  0.03745 0.11481 -2.10764 2.01000 -0.90906 -0.46464   -1.0578508
#@#  4  285  0.03745 0.11481 -2.12675 2.01000 -0.90906 -0.46464   -1.0578511
#@#  4  297  0.03745 0.11481 -2.12675 2.00000 -0.90906 -0.46464   -1.0578513
#@#  4  305  0.03745 0.11481 -2.12675 2.00000 -0.86866 -0.46464   -1.0578529
#@#  4  320  0.03745 0.11481 -2.12675 2.00000 -0.86866 -0.47579   -1.0578532
Powell done niters total = 1
OptTimeSec 10.6 sec
OptTimeMin  0.18 min
nEvals 320
Final optimized parameters   0.03745171   0.11481185  -2.12675214   2.00000000  -0.86866146  -0.47578630 
Final matrix parameters  0.0375  0.1148 -2.1268  2.0000 -0.8687 -0.4758  1.0000  1.0000  1.0000  0.0000  0.0000  0.0000 
Final cost   -1.057853177850600
 

---------------------------------
Final  RefRAS-to-MovRAS
 0.99985  -0.00830  -0.01516   0.03745;
 0.00883   0.99935   0.03490   0.11481;
 0.01486  -0.03502   0.99928  -2.12675;
 0.00000   0.00000   0.00000   1.00000;
Final  RefVox-to-MovVox
-0.99547   0.05068   0.05481   231.19664;
 0.05473  -0.04293   1.03370  -9.18326;
-0.05483  -1.03381  -0.04003   303.81668;
 0.00000   0.00000   0.00000   1.00000;
Final matrix parameters  0.0375  0.1148 -2.1268  2.0000 -0.8687 -0.4758  0.0000  0.0000  0.0000  0.0000  0.0000  0.0000 
Final opt parameters  0.0375  0.1148 -2.1268  2.0000 -0.8687 -0.4758 
nhits = 247464 out of 23887872, Percent Overlap:  66.3
mri_coreg RunTimeSec 78.9 sec
To check run:
   tkregisterfv --mov /data/derivatives/bootcamp-geneva/fmriprep-24.0.0/sourcedata/freesurfer/sub-14/mri/transforms/tmp.bbregister.2714038/template.nii --targ /data/derivatives/bootcamp-geneva/fmriprep-24.0.0/sourcedata/freesurfer/sub-14/mri/brainmask.mgz --reg /data/derivatives/bootcamp-geneva/fmriprep-24.0.0/sourcedata/freesurfer/sub-14/mri/transforms/tmp.bbregister.2714038/mri_coreg.lta --s sub-14 --surfs 

mri_coreg done

mri_segreg --mov /data/derivatives/bootcamp-geneva/fmriprep-24.0.0/sourcedata/freesurfer/sub-14/mri/transforms/tmp.bbregister.2714038/template.nii --init-reg /data/derivatives/bootcamp-geneva/fmriprep-24.0.0/sourcedata/freesurfer/sub-14/mri/transforms/tmp.bbregister.2714038/reg.init.dat --out-reg /data/derivatives/bootcamp-geneva/fmriprep-24.0.0/sourcedata/freesurfer/sub-14/mri/transforms/tmp.bbregister.2714038/bbr.pass1.dat --subsamp-brute 100 --subsamp 100 --tol 1e-4 --tol1d 1e-3 --brute -4 4 4 --surf white --gm-proj-abs 2 --gm-gt-wm 0.5
7.3.2
setenv SUBJECTS_DIR /data/derivatives/bootcamp-geneva/fmriprep-24.0.0/sourcedata/freesurfer
cd /data/derivatives/bootcamp-geneva/fmriprep-24.0.0/sourcedata/freesurfer/sub-14/scripts
mri_segreg --mov /data/derivatives/bootcamp-geneva/fmriprep-24.0.0/sourcedata/freesurfer/sub-14/mri/transforms/tmp.bbregister.2714038/template.nii --init-reg /data/derivatives/bootcamp-geneva/fmriprep-24.0.0/sourcedata/freesurfer/sub-14/mri/transforms/tmp.bbregister.2714038/reg.init.dat --out-reg /data/derivatives/bootcamp-geneva/fmriprep-24.0.0/sourcedata/freesurfer/sub-14/mri/transforms/tmp.bbregister.2714038/bbr.pass1.dat --subsamp-brute 100 --subsamp 100 --tol 1e-4 --tol1d 1e-3 --brute -4 4 4 --surf white --gm-proj-abs 2 --gm-gt-wm 0.5 
sysname  Linux
hostname hos70297
machine  x86_64
user     oesteban
movvol /data/derivatives/bootcamp-geneva/fmriprep-24.0.0/sourcedata/freesurfer/sub-14/mri/transforms/tmp.bbregister.2714038/template.nii
regfile /data/derivatives/bootcamp-geneva/fmriprep-24.0.0/sourcedata/freesurfer/sub-14/mri/transforms/tmp.bbregister.2714038/reg.init.dat
subject sub-14
dof 6
outregfile /data/derivatives/bootcamp-geneva/fmriprep-24.0.0/sourcedata/freesurfer/sub-14/mri/transforms/tmp.bbregister.2714038/bbr.pass1.dat
UseMask 0
UseLH 1
UseRH 1
nsubsamp 100
PenaltySign  -1
PenaltySlope 0.500000
PenaltyCenter 0.000000
surfname white
GMProjAbs 2.000000
WMProjAbs 2.000000
lhcostfile (null)
rhcostfile (null)
interp  trilinear (1)
frame  0
TolPowell 0.000100
nMaxItersPowell 36
n1dmin  3
Profile   0
Gdiag_no  -1
AddNoise  0 (0)
SynthSeed 1725725466
TransRandMax 0.000000
RotRandMax 0.000000
Translations 0.000000 0.000000 0.000000
Rotations   0.000000 0.000000 0.000000
Input reg
-0.99720  -0.05490   0.05076   0.76910;
 0.05292  -0.03864   0.99785  -2.09038;
 0.05282  -0.99774  -0.04143   2.02843;
 0.00000   0.00000   0.00000   1.00000;

Loading mov
ExcludeZeroVoxels 1
Reading in targ vol /data/derivatives/bootcamp-geneva/fmriprep-24.0.0/sourcedata/freesurfer/sub-14/mri/orig.mgz
Projecting LH Surfs
Loading lh.white surf
GM Proj: 0 0.500000 2.000000
WM Proj: 0 0.500000 2.000000
Projecting RH Surfs
Loading rh.white surf
Projecting RH Surfs
Using lh.cortex.label
Using rh.cortex.label
Computing relative cost
 0  -25.0 -25.0 -25.0   1.017117
 1  -25.0 -25.0  25.0   1.015911
 2  -25.0  25.0 -25.0   1.021834
 3  -25.0  25.0  25.0   0.985444
 4   25.0 -25.0 -25.0   0.990552
 5   25.0 -25.0  25.0   0.987512
 6   25.0  25.0 -25.0   0.993636
 7   25.0  25.0  25.0   1.015850
REL:  8  0.288469    8.027856  1.003482 rel = 0.287468 
Initial costs ----------------
Number of surface hits 4386
WM  Intensity   147.8199 +/-  29.7692
Ctx Intensity   198.3271 +/-  69.4948
Pct Contrast     25.2138 +/-  29.0309
Cost   0.2885
RelCost   0.2875

------------------------------------
Brute force preopt -4 4 4, n = 729
     0  -4.0000  -4.0000  -4.0000  -4.0000  -4.0000  -4.0000      0.9766   0.9766  0.0
     2  -4.0000  -4.0000  -4.0000  -4.0000  -4.0000   4.0000      0.9697   0.9697  0.0
     6  -4.0000  -4.0000  -4.0000  -4.0000   4.0000  -4.0000      0.9540   0.9540  0.0
    15  -4.0000  -4.0000  -4.0000   0.0000   4.0000  -4.0000      0.9099   0.9099  0.0
    21  -4.0000  -4.0000  -4.0000   4.0000   0.0000  -4.0000      0.9000   0.9000  0.0
    39  -4.0000  -4.0000   0.0000   0.0000   0.0000  -4.0000      0.8981   0.8981  0.0
   102  -4.0000   0.0000  -4.0000   4.0000   0.0000  -4.0000      0.8390   0.8390  0.0
   120  -4.0000   0.0000   0.0000   0.0000   0.0000  -4.0000      0.7633   0.7633  0.0
   346   0.0000   0.0000  -4.0000   4.0000   0.0000   0.0000      0.7516   0.7516  0.0
   364   0.0000   0.0000   0.0000   0.0000   0.0000   0.0000      0.2885   0.2885  0.0
Brute Force --------------------------
Min cost was 0.288469
Number of iterations   729
Search time 1.828757 sec
Parameters at best (transmm, rotdeg)
  0.000   0.000   0.000  0.000  0.000  0.000 
--------------------------------------------

Starting Powell Minimization
Init Powel Params dof = 6
0 0
1 0
2 0
3 0
4 0
5 0
fs_powell::minimize
  nparams 6
  maxfev 36
  ftol   0.000100
  linmin_xtol_   0.001000
  powell nthiter 0: fret = 0.288469
   8 -0.236  0.000  0.000  0.000  0.000  0.000   0.2843842545
  13 -0.235  0.000  0.000  0.000  0.000  0.000   0.2843828592
  17 -0.235 -1.618  0.000  0.000  0.000  0.000   0.2358470961
  18 -0.235 -0.959  0.000  0.000  0.000  0.000   0.2029285199
  22 -0.235 -1.021  0.000  0.000  0.000  0.000   0.2011221467
  23 -0.235 -1.057  0.000  0.000  0.000  0.000   0.2008685721
  24 -0.235 -1.054  0.000  0.000  0.000  0.000   0.2008365233
  26 -0.235 -1.051  0.000  0.000  0.000  0.000   0.2008135750
  27 -0.235 -1.050  0.000  0.000  0.000  0.000   0.2008124072
  34 -0.235 -1.050  0.382  0.000  0.000  0.000   0.1957069038
  35 -0.235 -1.050  0.267  0.000  0.000  0.000   0.1951255057
  36 -0.235 -1.050  0.288  0.000  0.000  0.000   0.1946901081
  37 -0.235 -1.050  0.315  0.000  0.000  0.000   0.1945969963
  38 -0.235 -1.050  0.306  0.000  0.000  0.000   0.1945914909
  39 -0.235 -1.050  0.309  0.000  0.000  0.000   0.1945755263
  40 -0.235 -1.050  0.310  0.000  0.000  0.000   0.1945740605
  48 -0.235 -1.050  0.310  0.104  0.000  0.000   0.1922850883
  49 -0.235 -1.050  0.310  0.131  0.000  0.000   0.1919632057
  51 -0.235 -1.050  0.310  0.147  0.000  0.000   0.1912415917
  53 -0.235 -1.050  0.310  0.156  0.000  0.000   0.1911385070
  54 -0.235 -1.050  0.310  0.155  0.000  0.000   0.1911246248
  55 -0.235 -1.050  0.310  0.153  0.000  0.000   0.1911151223
  64 -0.235 -1.050  0.310  0.153  0.081  0.000   0.1902237092
  66 -0.235 -1.050  0.310  0.153  0.068  0.000   0.1900848152
  68 -0.235 -1.050  0.310  0.153  0.061  0.000   0.1900531312
  69 -0.235 -1.050  0.310  0.153  0.060  0.000   0.1900387590
  70 -0.235 -1.050  0.310  0.153  0.053  0.000   0.1900144806
  71 -0.235 -1.050  0.310  0.153  0.054  0.000   0.1900121825
  84 -0.235 -1.050  0.310  0.153  0.054  0.004   0.1900015913
  powell nthiter 1: fret = 0.190002
  96 -0.167 -1.050  0.310  0.153  0.054  0.004   0.1889111068
  97 -0.132 -1.050  0.310  0.153  0.054  0.004   0.1887843112
  98 -0.134 -1.050  0.310  0.153  0.054  0.004   0.1887794181
 101 -0.135 -1.050  0.310  0.153  0.054  0.004   0.1887788498
 108 -0.135 -1.022  0.310  0.153  0.054  0.004   0.1886091777
 109 -0.135 -1.009  0.310  0.153  0.054  0.004   0.1883673664
 110 -0.135 -0.879  0.310  0.153  0.054  0.004   0.1883560892
 111 -0.135 -0.943  0.310  0.153  0.054  0.004   0.1863959505
 113 -0.135 -0.932  0.310  0.153  0.054  0.004   0.1863659622
 115 -0.135 -0.937  0.310  0.153  0.054  0.004   0.1863348554
 128 -0.135 -0.937  0.304  0.153  0.054  0.004   0.1863021242
 130 -0.135 -0.937  0.305  0.153  0.054  0.004   0.1863006949
 142 -0.135 -0.937  0.305  0.154  0.054  0.004   0.1862996913
 150 -0.135 -0.937  0.305  0.154  0.120  0.004   0.1862805217
 151 -0.135 -0.937  0.305  0.154  0.089  0.004   0.1861481045
 154 -0.135 -0.937  0.305  0.154  0.093  0.004   0.1861269595
 164 -0.135 -0.937  0.305  0.154  0.093  0.046   0.1859171262
 165 -0.135 -0.937  0.305  0.154  0.093  0.048   0.1858599203
 167 -0.135 -0.937  0.305  0.154  0.093  0.097   0.1849033230
 169 -0.135 -0.937  0.305  0.154  0.093  0.089   0.1848690478
 171 -0.135 -0.937  0.305  0.154  0.093  0.090   0.1848669876
  powell nthiter 2: fret = 0.184867
 197 -0.135 -0.951  0.305  0.154  0.093  0.091   0.1846993139
 199 -0.135 -0.949  0.305  0.154  0.093  0.091   0.1846975853
 212 -0.135 -0.949  0.308  0.154  0.093  0.091   0.1846825317
 224 -0.135 -0.949  0.308  0.151  0.093  0.091   0.1846532498
 225 -0.135 -0.949  0.308  0.150  0.093  0.091   0.1846520986
 236 -0.135 -0.949  0.308  0.150  0.082  0.091   0.1845744578
 237 -0.135 -0.949  0.308  0.150  0.083  0.091   0.1845703005
 238 -0.135 -0.949  0.308  0.150  0.084  0.091   0.1845676337
 251 -0.135 -0.949  0.308  0.150  0.084  0.093   0.1845580006
 252 -0.135 -0.949  0.308  0.150  0.084  0.097   0.1845552688
 253 -0.135 -0.949  0.308  0.150  0.084  0.096   0.1845519043
  powell nthiter 3: fret = 0.184552
 267 -0.133 -0.949  0.308  0.150  0.084  0.096   0.1845349060
 268 -0.131 -0.949  0.308  0.150  0.084  0.096   0.1845295590
 269 -0.130 -0.949  0.308  0.150  0.084  0.096   0.1845294017
 279 -0.130 -0.957  0.308  0.150  0.084  0.096   0.1845248637
 280 -0.130 -0.954  0.308  0.150  0.084  0.096   0.1845052384
 294 -0.130 -0.954  0.311  0.150  0.084  0.096   0.1844988535
 295 -0.130 -0.954  0.310  0.150  0.084  0.096   0.1844983972
 304 -0.130 -0.954  0.310  0.149  0.084  0.096   0.1844880471
 316 -0.130 -0.954  0.310  0.149  0.083  0.096   0.1844869975
 328 -0.130 -0.954  0.310  0.149  0.083  0.098   0.1844712110
 329 -0.130 -0.954  0.310  0.149  0.083  0.102   0.1844650405
 330 -0.130 -0.954  0.310  0.149  0.083  0.101   0.1844636591
 332 -0.125 -0.958  0.311  0.147  0.082  0.107   0.1844168060
 335 -0.117 -0.965  0.314  0.144  0.081  0.117   0.1844096252
 336 -0.120 -0.962  0.313  0.145  0.081  0.113   0.1844082963
 338 -0.122 -0.961  0.312  0.146  0.082  0.111   0.1844081273
 340 -0.121 -0.961  0.313  0.146  0.082  0.112   0.1844079427
 341 -0.121 -0.961  0.313  0.146  0.082  0.112   0.1844076735
  powell nthiter 4: fret = 0.184408
 359 -0.118 -0.961  0.313  0.146  0.082  0.112   0.1843985008
 361 -0.119 -0.961  0.313  0.146  0.082  0.112   0.1843980479
 386 -0.119 -0.961  0.315  0.146  0.082  0.112   0.1843976882
 388 -0.119 -0.961  0.314  0.146  0.082  0.112   0.1843960475
 399 -0.119 -0.961  0.314  0.144  0.082  0.112   0.1843959621
 409 -0.119 -0.961  0.314  0.144  0.084  0.112   0.1843948968
 411 -0.119 -0.961  0.314  0.144  0.083  0.112   0.1843934520
 413 -0.114 -0.965  0.315  0.142  0.082  0.118   0.1843689005
 414 -0.105 -0.972  0.318  0.140  0.081  0.127   0.1842740298
 418 -0.108 -0.970  0.317  0.141  0.081  0.123   0.1842709446
 419 -0.107 -0.971  0.317  0.140  0.081  0.125   0.1842607734
  powell nthiter 5: fret = 0.184261
 437 -0.103 -0.971  0.317  0.140  0.081  0.125   0.1842572087
 438 -0.104 -0.971  0.317  0.140  0.081  0.125   0.1842525903
 439 -0.105 -0.971  0.317  0.140  0.081  0.125   0.1842522305
 451 -0.105 -0.971  0.317  0.140  0.081  0.124   0.1842520653
 464 -0.105 -0.971  0.320  0.140  0.081  0.124   0.1842498732
 466 -0.105 -0.971  0.319  0.140  0.081  0.124   0.1842484312
 475 -0.105 -0.971  0.319  0.139  0.081  0.124   0.1842449717
 486 -0.105 -0.971  0.319  0.139  0.082  0.124   0.1842443249
 493 -0.105 -0.971  0.319  0.139  0.082  0.124   0.1842439876
 494 -0.105 -0.971  0.319  0.139  0.082  0.124   0.1842439807
 495 -0.105 -0.971  0.319  0.139  0.082  0.124   0.1842438600
Powell done niters = 5
Computing relative cost
 0  -25.0 -25.0 -25.0   0.994953
 1  -25.0 -25.0  25.0   1.006458
 2  -25.0  25.0 -25.0   1.033274
 3  -25.0  25.0  25.0   0.985335
 4   25.0 -25.0 -25.0   0.995143
 5   25.0 -25.0  25.0   1.006138
 6   25.0  25.0 -25.0   1.006310
 7   25.0  25.0  25.0   1.006034
REL:  8  0.184244    8.033644  1.004206 rel = 0.183472 
Number of iterations     5
Min cost was 0.184244
Number of FunctionCalls   498
TolPowell 0.000100
nMaxItersPowell 36
OptimizationTime 1.154925 sec
Parameters at optimum (transmm) -0.10510 -0.97122  0.31932
Parameters at optimum (rotdeg)  0.13905  0.08211  0.12434 
Final costs ----------------
Number of surface hits 4386
WM  Intensity   146.7183 +/-  28.4094
Ctx Intensity   197.1999 +/-  60.5933
Pct Contrast     26.3513 +/-  25.6692
Cost   0.1842
RelCost   0.2875
Reg at min cost was 
-0.99724  -0.05625   0.04854   0.67145;
 0.05063  -0.03634   0.99806  -3.06483;
 0.05438  -0.99776  -0.03908   2.34157;
 0.00000   0.00000   0.00000   1.00000;

Writing optimal reg to /data/derivatives/bootcamp-geneva/fmriprep-24.0.0/sourcedata/freesurfer/sub-14/mri/transforms/tmp.bbregister.2714038/bbr.pass1.dat, type = 14 
Original Reg 
-0.99720  -0.05490   0.05076   0.76910;
 0.05292  -0.03864   0.99785  -2.09038;
 0.05282  -0.99774  -0.04143   2.02843;
 0.00000   0.00000   0.00000   1.00000;

Original Reg - Optimal Reg
 0.00004   0.00135   0.00222   0.09765;
 0.00229  -0.00230  -0.00021   0.97445;
-0.00156   0.00001  -0.00235  -0.31313;
 0.00000   0.00000   0.00000   0.00000;

Computing change in lh position
LH rmsDiffMean 1.035691
Computing change in rh position
Surface-RMS-Diff-mm 1.105442 0.116824 1.336306
mri_segreg done
mri_segreg --mov /data/derivatives/bootcamp-geneva/fmriprep-24.0.0/sourcedata/freesurfer/sub-14/mri/transforms/tmp.bbregister.2714038/template.nii --init-reg /data/derivatives/bootcamp-geneva/fmriprep-24.0.0/sourcedata/freesurfer/sub-14/mri/transforms/tmp.bbregister.2714038/bbr.pass1.dat --out-reg /data/derivatives/bootcamp-geneva/fmriprep-24.0.0/sourcedata/freesurfer/sub-14/mri/transforms/T2raw.auto.dat --interp trilinear --wm-proj-abs 1 --tol 1e-8 --tol1d 1e-3 --c0 0 --mincost /data/derivatives/bootcamp-geneva/fmriprep-24.0.0/sourcedata/freesurfer/sub-14/mri/transforms/T2raw.auto.dat.mincost --dof 6 --nmax 36 --param /data/derivatives/bootcamp-geneva/fmriprep-24.0.0/sourcedata/freesurfer/sub-14/mri/transforms/T2raw.auto.dat.param --surf white --brute -0.1 0.1 0.1 --cur-reg /data/derivatives/bootcamp-geneva/fmriprep-24.0.0/sourcedata/freesurfer/sub-14/mri/transforms/tmp.bbregister.2714038/reg.curopt.dat --gm-proj-abs 2 --nsub 1 --gm-gt-wm 0.5
7.3.2
setenv SUBJECTS_DIR /data/derivatives/bootcamp-geneva/fmriprep-24.0.0/sourcedata/freesurfer
cd /data/derivatives/bootcamp-geneva/fmriprep-24.0.0/sourcedata/freesurfer/sub-14/scripts
mri_segreg --mov /data/derivatives/bootcamp-geneva/fmriprep-24.0.0/sourcedata/freesurfer/sub-14/mri/transforms/tmp.bbregister.2714038/template.nii --init-reg /data/derivatives/bootcamp-geneva/fmriprep-24.0.0/sourcedata/freesurfer/sub-14/mri/transforms/tmp.bbregister.2714038/bbr.pass1.dat --out-reg /data/derivatives/bootcamp-geneva/fmriprep-24.0.0/sourcedata/freesurfer/sub-14/mri/transforms/T2raw.auto.dat --interp trilinear --wm-proj-abs 1 --tol 1e-8 --tol1d 1e-3 --c0 0 --mincost /data/derivatives/bootcamp-geneva/fmriprep-24.0.0/sourcedata/freesurfer/sub-14/mri/transforms/T2raw.auto.dat.mincost --dof 6 --nmax 36 --param /data/derivatives/bootcamp-geneva/fmriprep-24.0.0/sourcedata/freesurfer/sub-14/mri/transforms/T2raw.auto.dat.param --surf white --brute -0.1 0.1 0.1 --cur-reg /data/derivatives/bootcamp-geneva/fmriprep-24.0.0/sourcedata/freesurfer/sub-14/mri/transforms/tmp.bbregister.2714038/reg.curopt.dat --gm-proj-abs 2 --nsub 1 --gm-gt-wm 0.5 
sysname  Linux
hostname hos70297
machine  x86_64
user     oesteban
movvol /data/derivatives/bootcamp-geneva/fmriprep-24.0.0/sourcedata/freesurfer/sub-14/mri/transforms/tmp.bbregister.2714038/template.nii
regfile /data/derivatives/bootcamp-geneva/fmriprep-24.0.0/sourcedata/freesurfer/sub-14/mri/transforms/tmp.bbregister.2714038/bbr.pass1.dat
subject sub-14
dof 6
outregfile /data/derivatives/bootcamp-geneva/fmriprep-24.0.0/sourcedata/freesurfer/sub-14/mri/transforms/T2raw.auto.dat
UseMask 0
UseLH 1
UseRH 1
nsubsamp 1
PenaltySign  -1
PenaltySlope 0.500000
PenaltyCenter 0.000000
surfname white
GMProjAbs 2.000000
WMProjAbs 1.000000
lhcostfile (null)
rhcostfile (null)
interp  trilinear (1)
frame  0
TolPowell 0.000000
nMaxItersPowell 36
n1dmin  3
Profile   0
Gdiag_no  -1
AddNoise  0 (0)
SynthSeed 1725635618
TransRandMax 0.000000
RotRandMax 0.000000
Translations 0.000000 0.000000 0.000000
Rotations   0.000000 0.000000 0.000000
Input reg
-0.99724  -0.05625   0.04854   0.67145;
 0.05063  -0.03634   0.99806  -3.06483;
 0.05438  -0.99776  -0.03908   2.34157;
 0.00000   0.00000   0.00000   1.00000;

Loading mov
ExcludeZeroVoxels 1
Reading in targ vol /data/derivatives/bootcamp-geneva/fmriprep-24.0.0/sourcedata/freesurfer/sub-14/mri/orig.mgz
Projecting LH Surfs
Loading lh.white surf
GM Proj: 0 0.500000 2.000000
WM Proj: 0 0.500000 1.000000
Projecting RH Surfs
Loading rh.white surf
Projecting RH Surfs
Using lh.cortex.label
Using rh.cortex.label
Computing relative cost
 0  -25.0 -25.0 -25.0   0.999443
 1  -25.0 -25.0  25.0   1.002101
 2  -25.0  25.0 -25.0   1.005175
 3  -25.0  25.0  25.0   0.986382
 4   25.0 -25.0 -25.0   0.978898
 5   25.0 -25.0  25.0   0.983389
 6   25.0  25.0 -25.0   1.016039
 7   25.0  25.0  25.0   0.997097
REL:  8  0.172553    7.968524  0.996065 rel = 0.173235 
Initial costs ----------------
Number of surface hits 437103
WM  Intensity   143.2582 +/-  26.9647
Ctx Intensity   196.9814 +/-  59.0669
Pct Contrast     28.6156 +/-  25.9409
Cost   0.1726
RelCost   0.1732

------------------------------------
Brute force preopt -0.1 0.1 0.1, n = 729
     0  -0.1000  -0.1000  -0.1000  -0.1000  -0.1000  -0.1000      0.1676   0.1676  0.0
     1  -0.1000  -0.1000  -0.1000  -0.1000  -0.1000   0.0000      0.1668   0.1668  0.0
     3  -0.1000  -0.1000  -0.1000  -0.1000   0.0000  -0.1000      0.1655   0.1655  0.0
     4  -0.1000  -0.1000  -0.1000  -0.1000   0.0000   0.0000      0.1619   0.1619  0.0
    58  -0.1000  -0.1000   0.1000  -0.1000   0.0000   0.0000      0.1611   0.1611  0.0
    84  -0.1000   0.0000  -0.1000  -0.1000   0.0000  -0.1000      0.1605   0.1605  0.0
    85  -0.1000   0.0000  -0.1000  -0.1000   0.0000   0.0000      0.1591   0.1591  0.0
   328   0.0000   0.0000  -0.1000  -0.1000   0.0000   0.0000      0.1589   0.1589  0.0
   329   0.0000   0.0000  -0.1000  -0.1000   0.0000   0.1000      0.1584   0.1584  0.0
Brute Force --------------------------
Min cost was 0.158438
Number of iterations   729
Search time 1.645688 sec
Parameters at best (transmm, rotdeg)
  0.000   0.000  -0.100 -0.100  0.000  0.100 
--------------------------------------------

Starting Powell Minimization
Init Powel Params dof = 6
0 0
1 0
2 -0.1
3 -0.1
4 0
5 0.1
fs_powell::minimize
  nparams 6
  maxfev 36
  ftol   0.000000
  linmin_xtol_   0.001000
  powell nthiter 0: fret = 0.175272
   6  0.382  0.000 -0.100 -0.100  0.000  0.100   0.1719646523
   7  0.282  0.000 -0.100 -0.100  0.000  0.100   0.1719478815
   8  0.329  0.000 -0.100 -0.100  0.000  0.100   0.1718425257
   9  0.330  0.000 -0.100 -0.100  0.000  0.100   0.1718387713
  10  0.350  0.000 -0.100 -0.100  0.000  0.100   0.1718033217
  11  0.349  0.000 -0.100 -0.100  0.000  0.100   0.1718026810
  12  0.347  0.000 -0.100 -0.100  0.000  0.100   0.1718021482
  21  0.347  0.005 -0.100 -0.100  0.000  0.100   0.1717795802
  22  0.347  0.052 -0.100 -0.100  0.000  0.100   0.1715974835
  25  0.347  0.068 -0.100 -0.100  0.000  0.100   0.1715829921
  26  0.347  0.069 -0.100 -0.100  0.000  0.100   0.1715824521
  28  0.347  0.074 -0.100 -0.100  0.000  0.100   0.1715815401
  30  0.347  0.075 -0.100 -0.100  0.000  0.100   0.1715813941
  39  0.347  0.075  0.012 -0.100  0.000  0.100   0.1713990713
  41  0.347  0.075  0.004 -0.100  0.000  0.100   0.1713798159
  42  0.347  0.075 -0.001 -0.100  0.000  0.100   0.1713768165
  44  0.347  0.075 -0.000 -0.100  0.000  0.100   0.1713766605
  52  0.347  0.075 -0.000  0.065  0.000  0.100   0.1703532284
  54  0.347  0.075 -0.000  0.079  0.000  0.100   0.1703055729
  57  0.347  0.075 -0.000  0.090  0.000  0.100   0.1703033045
  58  0.347  0.075 -0.000  0.085  0.000  0.100   0.1703005281
  60  0.347  0.075 -0.000  0.084  0.000  0.100   0.1703004577
  69  0.347  0.075 -0.000  0.084 -0.084  0.100   0.1698769547
  70  0.347  0.075 -0.000  0.084 -0.101  0.100   0.1698590535
  71  0.347  0.075 -0.000  0.084 -0.106  0.100   0.1698570765
  72  0.347  0.075 -0.000  0.084 -0.110  0.100   0.1698507690
  75  0.347  0.075 -0.000  0.084 -0.138  0.100   0.1698272514
  77  0.347  0.075 -0.000  0.084 -0.126  0.100   0.1698016100
  86  0.347  0.075 -0.000  0.084 -0.126 -0.106   0.1690653642
  87  0.347  0.075 -0.000  0.084 -0.126 -0.083   0.1690363090
  88  0.347  0.075 -0.000  0.084 -0.126 -0.071   0.1690041948
  92  0.347  0.075 -0.000  0.084 -0.126 -0.067   0.1690023806
  powell nthiter 1: fret = 0.169002
 102  0.320  0.075 -0.000  0.084 -0.126 -0.067   0.1688496826
 105  0.308  0.075 -0.000  0.084 -0.126 -0.067   0.1688323469
 107  0.309  0.075 -0.000  0.084 -0.126 -0.067   0.1688320544
 109  0.310  0.075 -0.000  0.084 -0.126 -0.067   0.1688319142
 117  0.310  0.169 -0.000  0.084 -0.126 -0.067   0.1683313886
 118  0.310  0.188 -0.000  0.084 -0.126 -0.067   0.1683030408
 119  0.310  0.200 -0.000  0.084 -0.126 -0.067   0.1682991638
 120  0.310  0.198 -0.000  0.084 -0.126 -0.067   0.1682979919
 121  0.310  0.196 -0.000  0.084 -0.126 -0.067   0.1682975529
 131  0.310  0.195 -0.077  0.084 -0.126 -0.067   0.1681382804
 132  0.310  0.195 -0.067  0.084 -0.126 -0.067   0.1680992014
 134  0.310  0.195 -0.062  0.084 -0.126 -0.067   0.1680943963
 143  0.310  0.195 -0.062  0.135 -0.126 -0.067   0.1680751480
 147  0.310  0.195 -0.062  0.154 -0.126 -0.067   0.1680277960
 150  0.310  0.195 -0.062  0.156 -0.126 -0.067   0.1680260658
 152  0.310  0.195 -0.062  0.157 -0.126 -0.067   0.1680260327
 161  0.310  0.195 -0.062  0.157 -0.133 -0.067   0.1679980745
 166  0.310  0.195 -0.062  0.157 -0.138 -0.067   0.1679913248
 168  0.310  0.195 -0.062  0.157 -0.137 -0.067   0.1679912661
 184  0.310  0.195 -0.062  0.157 -0.137 -0.069   0.1679906645
  powell nthiter 2: fret = 0.167991
 197  0.307  0.195 -0.062  0.157 -0.137 -0.069   0.1679878899
 207  0.307  0.233 -0.062  0.157 -0.137 -0.069   0.1679740676
 209  0.307  0.216 -0.062  0.157 -0.137 -0.069   0.1679489511
 210  0.307  0.215 -0.062  0.157 -0.137 -0.069   0.1679481571
 212  0.307  0.212 -0.062  0.157 -0.137 -0.069   0.1679474539
 214  0.307  0.211 -0.062  0.157 -0.137 -0.069   0.1679473636
 225  0.307  0.211 -0.065  0.157 -0.137 -0.069   0.1679453729
 236  0.307  0.211 -0.065  0.160 -0.137 -0.069   0.1679364627
 237  0.307  0.211 -0.065  0.162 -0.137 -0.069   0.1679354577
 246  0.307  0.211 -0.065  0.162 -0.136 -0.069   0.1679343767
 249  0.307  0.211 -0.065  0.162 -0.135 -0.069   0.1679343767
 260  0.307  0.211 -0.065  0.162 -0.135 -0.074   0.1679308786
 262  0.307  0.211 -0.065  0.162 -0.135 -0.073   0.1679308335
 264  0.304  0.228 -0.067  0.168 -0.132 -0.077   0.1679227774
 270  0.305  0.222 -0.066  0.166 -0.133 -0.076   0.1679173968
  powell nthiter 3: fret = 0.167917
 287  0.295  0.222 -0.066  0.166 -0.133 -0.076   0.1679068512
 288  0.296  0.222 -0.066  0.166 -0.133 -0.076   0.1679067462
 298  0.296  0.222 -0.066  0.166 -0.133 -0.077   0.1679047618
 300  0.296  0.222 -0.066  0.166 -0.133 -0.081   0.1679021302
 311  0.296  0.222 -0.078  0.166 -0.133 -0.081   0.1679020433
 313  0.296  0.222 -0.072  0.166 -0.133 -0.081   0.1678956889
 314  0.296  0.222 -0.071  0.166 -0.133 -0.081   0.1678955425
 325  0.296  0.222 -0.071  0.168 -0.133 -0.081   0.1678947734
 342  0.296  0.222 -0.071  0.168 -0.131 -0.081   0.1678939033
 343  0.296  0.222 -0.071  0.168 -0.130 -0.081   0.1678938709
 351  0.295  0.222 -0.071  0.168 -0.130 -0.081   0.1678936813
 353  0.295  0.222 -0.071  0.168 -0.130 -0.081   0.1678936598
 357  0.295  0.222 -0.071  0.168 -0.130 -0.081   0.1678935791
 359  0.284  0.233 -0.077  0.174 -0.126 -0.089   0.1678806895
 362  0.265  0.251 -0.087  0.183 -0.118 -0.101   0.1678734062
 363  0.266  0.250 -0.087  0.182 -0.119 -0.100   0.1678705467
 365  0.273  0.243 -0.083  0.179 -0.121 -0.096   0.1678656559
 367  0.272  0.245 -0.084  0.180 -0.121 -0.097   0.1678651307
 369  0.272  0.244 -0.084  0.180 -0.121 -0.097   0.1678650249
  powell nthiter 4: fret = 0.167865
 378  0.277  0.218 -0.080  0.171 -0.125 -0.090   0.1678626150
 379  0.275  0.230 -0.082  0.175 -0.123 -0.093   0.1678595569
 383  0.275  0.230 -0.082  0.175 -0.123 -0.093   0.1678595303
 387  0.275  0.230 -0.082  0.175 -0.123 -0.093   0.1678594685
 400  0.275  0.230 -0.082  0.175 -0.123 -0.097   0.1678593127
 402  0.275  0.230 -0.082  0.175 -0.123 -0.095   0.1678591527
 413  0.275  0.230 -0.077  0.175 -0.123 -0.095   0.1678532919
 416  0.275  0.230 -0.076  0.175 -0.123 -0.095   0.1678532824
 424  0.275  0.230 -0.076  0.176 -0.123 -0.095   0.1678531760
 432  0.275  0.230 -0.076  0.176 -0.073 -0.095   0.1678428590
 441  0.263  0.241 -0.082  0.181 -0.068 -0.103   0.1678371897
 445  0.267  0.237 -0.080  0.179 -0.070 -0.100   0.1678347557
 447  0.267  0.237 -0.080  0.179 -0.070 -0.100   0.1678347261
 450  0.267  0.237 -0.080  0.179 -0.070 -0.100   0.1678346546
 453  0.267  0.237 -0.080  0.179 -0.070 -0.100   0.1678346459
  powell nthiter 5: fret = 0.167835
 457  0.264  0.253 -0.082  0.185 -0.067 -0.104   0.1678220901
 458  0.259  0.280 -0.086  0.194 -0.063 -0.111   0.1678186407
 467  0.259  0.281 -0.086  0.194 -0.063 -0.111   0.1678186217
 468  0.259  0.280 -0.086  0.194 -0.063 -0.111   0.1678185551
 473  0.259  0.280 -0.086  0.194 -0.063 -0.111   0.1678185514
 482  0.259  0.280 -0.086  0.194 -0.063 -0.138   0.1677905702
 483  0.259  0.280 -0.086  0.194 -0.063 -0.139   0.1677898179
 485  0.259  0.280 -0.086  0.194 -0.063 -0.148   0.1677879927
 488  0.259  0.280 -0.086  0.194 -0.063 -0.150   0.1677879741
 500  0.259  0.280 -0.078  0.194 -0.063 -0.150   0.1677840427
 501  0.259  0.280 -0.080  0.194 -0.063 -0.150   0.1677835971
 509  0.259  0.280 -0.080  0.182 -0.063 -0.150   0.1677250673
 512  0.259  0.280 -0.080  0.176 -0.063 -0.150   0.1677183978
 513  0.259  0.280 -0.080  0.177 -0.063 -0.150   0.1677176656
 527  0.278  0.263 -0.070  0.168 -0.070 -0.138   0.1677040820
 530  0.285  0.256 -0.066  0.164 -0.073 -0.133   0.1677015071
 532  0.285  0.256 -0.066  0.164 -0.073 -0.133   0.1677014187
 536  0.285  0.256 -0.066  0.164 -0.073 -0.133   0.1677014011
  powell nthiter 6: fret = 0.167701
 548  0.284  0.258 -0.066  0.165 -0.073 -0.134   0.1677009435
 549  0.284  0.258 -0.066  0.165 -0.073 -0.134   0.1677009410
 552  0.284  0.258 -0.066  0.165 -0.073 -0.134   0.1677009262
 555  0.284  0.258 -0.066  0.165 -0.073 -0.134   0.1677009006
 558  0.284  0.258 -0.066  0.165 -0.073 -0.134   0.1677008637
 567  0.284  0.258 -0.066  0.165 -0.073 -0.139   0.1676923859
 569  0.284  0.258 -0.066  0.165 -0.073 -0.142   0.1676911094
 580  0.284  0.258 -0.059  0.165 -0.073 -0.142   0.1676897177
 581  0.284  0.258 -0.061  0.165 -0.073 -0.142   0.1676862913
 593  0.284  0.258 -0.061  0.162 -0.073 -0.142   0.1676835554
 602  0.284  0.258 -0.061  0.162 -0.072 -0.142   0.1676808018
 604  0.284  0.258 -0.061  0.162 -0.062 -0.142   0.1676683968
 605  0.284  0.258 -0.061  0.162 -0.063 -0.142   0.1676680441
 614  0.285  0.257 -0.061  0.161 -0.063 -0.142   0.1676677707
  powell nthiter 7: fret = 0.167668
 627  0.285  0.256 -0.061  0.161 -0.064 -0.141   0.1676675140
 628  0.285  0.256 -0.061  0.161 -0.064 -0.142   0.1676674649
 633  0.285  0.256 -0.061  0.161 -0.064 -0.142   0.1676674495
 644  0.285  0.256 -0.061  0.161 -0.064 -0.137   0.1676647239
 655  0.285  0.256 -0.054  0.161 -0.064 -0.137   0.1676638081
 656  0.285  0.256 -0.057  0.161 -0.064 -0.137   0.1676619259
 668  0.285  0.256 -0.057  0.159 -0.064 -0.137   0.1676615612
 679  0.285  0.256 -0.057  0.159 -0.061 -0.137   0.1676604016
 680  0.285  0.256 -0.057  0.159 -0.060 -0.137   0.1676600830
 687  0.281  0.260 -0.059  0.161 -0.059 -0.140   0.1676594673
 688  0.283  0.258 -0.058  0.161 -0.059 -0.139   0.1676588150
 689  0.283  0.258 -0.058  0.161 -0.059 -0.139   0.1676587856
 692  0.283  0.258 -0.058  0.160 -0.059 -0.139   0.1676587379
 694  0.283  0.258 -0.058  0.160 -0.059 -0.139   0.1676587129
 695  0.283  0.258 -0.058  0.160 -0.059 -0.139   0.1676587014
 697  0.281  0.259 -0.055  0.160 -0.055 -0.136   0.1676501698
 700  0.277  0.261 -0.051  0.159 -0.049 -0.132   0.1676495285
 701  0.279  0.260 -0.053  0.159 -0.052 -0.134   0.1676468673
 707  0.279  0.260 -0.053  0.159 -0.052 -0.134   0.1676468439
 709  0.279  0.260 -0.053  0.159 -0.052 -0.134   0.1676468220
 710  0.279  0.260 -0.053  0.159 -0.052 -0.134   0.1676468146
 712  0.279  0.260 -0.053  0.159 -0.052 -0.134   0.1676468115
  powell nthiter 8: fret = 0.167647
 721  0.279  0.257 -0.052  0.158 -0.053 -0.133   0.1676455621
 722  0.279  0.257 -0.052  0.158 -0.053 -0.133   0.1676455287
 724  0.279  0.257 -0.052  0.158 -0.053 -0.133   0.1676454991
 725  0.279  0.257 -0.052  0.158 -0.053 -0.133   0.1676454847
 727  0.279  0.257 -0.052  0.158 -0.053 -0.133   0.1676454761
 738  0.279  0.257 -0.052  0.158 -0.053 -0.134   0.1676451587
 745  0.275  0.261 -0.055  0.160 -0.051 -0.137   0.1676446283
 746  0.277  0.259 -0.054  0.159 -0.052 -0.136   0.1676434322
 748  0.276  0.260 -0.054  0.160 -0.051 -0.136   0.1676434251
 750  0.277  0.259 -0.054  0.159 -0.052 -0.136   0.1676434231
 752  0.277  0.259 -0.054  0.160 -0.052 -0.136   0.1676434088
 755  0.277  0.259 -0.054  0.160 -0.052 -0.136   0.1676434036
 782  0.276  0.260 -0.053  0.159 -0.051 -0.136   0.1676433578
 786  0.276  0.260 -0.053  0.159 -0.051 -0.136   0.1676433284
  powell nthiter 9: fret = 0.167643
 799  0.277  0.257 -0.053  0.159 -0.051 -0.135   0.1676420679
 800  0.277  0.257 -0.053  0.158 -0.051 -0.135   0.1676420051
 802  0.277  0.256 -0.053  0.158 -0.051 -0.135   0.1676417785
 825  0.276  0.257 -0.054  0.159 -0.051 -0.136   0.1676415206
 826  0.276  0.257 -0.054  0.159 -0.051 -0.135   0.1676414935
 838  0.276  0.257 -0.054  0.157 -0.051 -0.135   0.1676413960
 864  0.276  0.257 -0.053  0.157 -0.051 -0.135   0.1676413802
  powell nthiter 10: fret = 0.167641
 874  0.276  0.256 -0.053  0.157 -0.051 -0.135   0.1676413295
 875  0.276  0.257 -0.053  0.157 -0.051 -0.135   0.1676412849
 913  0.276  0.257 -0.053  0.158 -0.051 -0.135   0.1676410094
 926  0.276  0.257 -0.053  0.158 -0.052 -0.135   0.1676409344
 933  0.276  0.257 -0.053  0.158 -0.052 -0.135   0.1676408422
 937  0.276  0.257 -0.053  0.158 -0.052 -0.135   0.1676407969
  powell nthiter 11: fret = 0.167641
 948  0.276  0.256 -0.053  0.157 -0.052 -0.135   0.1676407607
 949  0.276  0.256 -0.053  0.157 -0.052 -0.135   0.1676407267
 968  0.276  0.256 -0.053  0.157 -0.052 -0.136   0.1676405135
 976  0.275  0.257 -0.053  0.158 -0.051 -0.136   0.1676403710
 977  0.275  0.257 -0.053  0.158 -0.051 -0.136   0.1676403598
 981  0.275  0.257 -0.053  0.158 -0.051 -0.136   0.1676403359
1010  0.275  0.257 -0.053  0.158 -0.051 -0.136   0.1676402683
  powell nthiter 12: fret = 0.167640
1024  0.275  0.256 -0.053  0.157 -0.051 -0.136   0.1676401959
1025  0.275  0.256 -0.053  0.157 -0.051 -0.136   0.1676401957
1026  0.275  0.256 -0.053  0.157 -0.051 -0.136   0.1676401881
1045  0.275  0.256 -0.053  0.158 -0.051 -0.136   0.1676401362
1049  0.275  0.256 -0.053  0.158 -0.051 -0.136   0.1676401162
1050  0.275  0.256 -0.053  0.158 -0.051 -0.136   0.1676401067
  powell nthiter 13: fret = 0.167640
1097  0.275  0.256 -0.053  0.158 -0.051 -0.136   0.1676401007
Powell done niters = 13
Computing relative cost
 0  -25.0 -25.0 -25.0   0.999429
 1  -25.0 -25.0  25.0   1.001373
 2  -25.0  25.0 -25.0   1.005562
 3  -25.0  25.0  25.0   0.982019
 4   25.0 -25.0 -25.0   0.978913
 5   25.0 -25.0  25.0   0.980100
 6   25.0  25.0 -25.0   1.014722
 7   25.0  25.0  25.0   0.996594
REL:  8  0.167640    7.958712  0.994839 rel = 0.16851 
Number of iterations    13
Min cost was 0.167640
Number of FunctionCalls  1162
TolPowell 0.000000
nMaxItersPowell 36
OptimizationTime 150.009344 sec
Parameters at optimum (transmm)  0.27464  0.25651 -0.05308
Parameters at optimum (rotdeg)  0.15755 -0.05109 -0.13590 
Final costs ----------------
Number of surface hits 437103
WM  Intensity   143.5739 +/-  27.0166
Ctx Intensity   196.8696 +/-  58.5847
Pct Contrast     28.4449 +/-  25.4843
Cost   0.1676
RelCost   0.1732
Reg at min cost was 
-0.99716  -0.05544   0.05094   0.93673;
 0.05285  -0.03346   0.99804  -2.81633;
 0.05363  -0.99790  -0.03630   2.28065;
 0.00000   0.00000   0.00000   1.00000;

Writing optimal reg to /data/derivatives/bootcamp-geneva/fmriprep-24.0.0/sourcedata/freesurfer/sub-14/mri/transforms/T2raw.auto.dat, type = 14 
Original Reg 
-0.99724  -0.05625   0.04854   0.67145;
 0.05063  -0.03634   0.99806  -3.06483;
 0.05438  -0.99776  -0.03908   2.34157;
 0.00000   0.00000   0.00000   1.00000;

Original Reg - Optimal Reg
-0.00007  -0.00081  -0.00240  -0.26528;
-0.00222  -0.00288   0.00001  -0.24850;
 0.00075   0.00015  -0.00279   0.06092;
 0.00000   0.00000   0.00000   0.00000;

Computing change in lh position
LH rmsDiffMean 0.359112
Computing change in rh position
Surface-RMS-Diff-mm 0.393976 0.112049 0.638267
mri_segreg done
MinCost: 0.167640 143.573857 196.869645 28.444910 
tkregister2_cmdl --mov /data/derivatives/bootcamp-geneva/fmriprep-24.0.0/sourcedata/freesurfer/sub-14/mri/orig/T2raw.mgz --reg /data/derivatives/bootcamp-geneva/fmriprep-24.0.0/sourcedata/freesurfer/sub-14/mri/transforms/T2raw.auto.dat --noedit --ltaout /data/derivatives/bootcamp-geneva/fmriprep-24.0.0/sourcedata/freesurfer/sub-14/mri/transforms/T2raw.auto.lta
INFO: no target volume specified, assuming FreeSurfer orig volume.
target  volume orig
movable volume /data/derivatives/bootcamp-geneva/fmriprep-24.0.0/sourcedata/freesurfer/sub-14/mri/orig/T2raw.mgz
reg file       /data/derivatives/bootcamp-geneva/fmriprep-24.0.0/sourcedata/freesurfer/sub-14/mri/transforms/T2raw.auto.dat
LoadVol        0
ZeroCRAS       0
7.3.2
Diagnostic Level -1
---- Input registration matrix --------
-0.99716  -0.05544   0.05094   0.93673;
 0.05285  -0.03346   0.99804  -2.81633;
 0.05363  -0.99790  -0.03630   2.28065;
 0.00000   0.00000   0.00000   1.00000;
float2int = 0
---------------------------------------
INFO: loading target /data/derivatives/bootcamp-geneva/fmriprep-24.0.0/sourcedata/freesurfer/sub-14/mri/orig.mgz
INFO: target does not conform to COR format, so I'm going to
reslice to COR. This will not affect the final registration.
Ttarg: --------------------
-1.00000   0.00000   0.00000   128.00000;
 0.00000   0.00000   1.00000  -128.00000;
 0.00000  -1.00000   0.00000   128.00000;
 0.00000   0.00000   0.00000   1.00000;
INFO: loading movable /data/derivatives/bootcamp-geneva/fmriprep-24.0.0/sourcedata/freesurfer/sub-14/mri/orig/T2raw.mgz
Tmov: --------------------
-0.80000   0.00000   0.00000   83.20000;
 0.00000   0.00000   0.77083  -110.99995;
 0.00000  -0.77083   0.00000   110.99995;
 0.00000   0.00000   0.00000   1.00000;
mkheaderreg = 0, float2int = 0
---- Input registration matrix --------
-0.99716  -0.05544   0.05094   0.93674;
 0.05285  -0.03346   0.99804  -2.81633;
 0.05363  -0.99790  -0.03630   2.28063;
 0.00000   0.00000   0.00000   1.00000;
Determinant -1
subject = sub-14
RegMat ---------------------------
-0.99716  -0.05544   0.05094   0.93673;
 0.05285  -0.03346   0.99804  -2.81633;
 0.05363  -0.99790  -0.03630   2.28065;
 0.00000   0.00000   0.00000   1.00000;
Cleaning up
 
Started at mar 03 sep 2024 04:23:40 CEST 
Ended   at mar 03 sep 2024 04:27:48 CEST
BBR-Run-Time-Sec 248
 
bbregister Done
To check results, run:
tkregisterfv --mov /data/derivatives/bootcamp-geneva/fmriprep-24.0.0/sourcedata/freesurfer/sub-14/mri/orig/T2raw.mgz --reg /data/derivatives/bootcamp-geneva/fmriprep-24.0.0/sourcedata/freesurfer/sub-14/mri/transforms/T2raw.auto.lta --surfs  --sd /data/derivatives/bootcamp-geneva/fmriprep-24.0.0/sourcedata/freesurfer
