/data/derivatives/bootcamp-geneva/fmriprep-24.0.0/sourcedata/freesurfer/sub-14/mri
/opt/freesurfer/bin/talairach_avi
--i orig_nu.mgz --xfm transforms/talairach.auto.xfm
talairach_avi 7.3.2
Linux hos70297 5.19.0-50-generic #50-Ubuntu SMP PREEMPT_DYNAMIC Mon Jul 10 18:24:29 UTC 2023 x86_64 x86_64 x86_64 GNU/Linux
lun 02 sep 2024 14:49:38 CEST
mri_convert orig_nu.mgz talsrcimg.img 
reading from orig_nu.mgz...
TR=0.00, TE=0.00, TI=0.00, flip angle=0.00
i_ras = (-1, -2.03626e-09, 1.16618e-09)
j_ras = (0, 0, -1)
k_ras = (6.70552e-09, 1, 0)
writing to talsrcimg.img...
Analyze Output Matrix
-0.79861   0.00000   0.00000   114.71833;
-0.00000   0.00000   0.79861  -107.09798;
 0.00000  -0.79861   0.00000   96.72292;
 0.00000   0.00000   0.00000   1.00000;
--------------------
INFO: set hdr.hist.orient to -1
mpr2mni305 talsrcimg
lun 02 sep 2024 14:49:39 CEST
/opt/freesurfer/bin/mpr2mni305 talsrcimg
mpr2mni305 7.3.2
target=711-2C_as_mni_average_305

---------------------------------------------------------------------
analyzeto4dfp talsrcimg -O0 -y
---------------------------------------------------------------------

freesurfer ifh2hdr.c
Mon Sep  2 14:49:39 2024
Writing: talsrcimg.4dfp.hdr
freesurfer analyzeto4dfp.c
Reading: talsrcimg.hdr
header size 348 bytes
hdr.dime.datatype	offset=70	value=2
hdr.dime.bitpix		offset=72	value=8
hdr.hist.orient		offset=252	value=-1
dimensionality     4
dimensions       288       288       288         1
Reading: talsrcimg.img
Writing: talsrcimg.4dfp.img
Writing: talsrcimg.4dfp.ifh
ifh2hdr talsrcimg -r0to247
ori=2

---------------------------------------------------------------------
gauss_4dfp talsrcimg 1.1
---------------------------------------------------------------------

freesurfer gauss_4dfp.c
Reading: talsrcimg.4dfp.img
Writing: talsrcimg_g11.4dfp.img
image dimensions 288 288 288 padded to 320 320 320
processing volume 1freesurfer ifh2hdr.c
Mon Sep  2 14:49:44 2024
Writing: talsrcimg_g11.4dfp.hdr

Writing: talsrcimg_g11.4dfp.ifh
including: talsrcimg.4dfp.img.rec in talsrcimg_g11.4dfp.img.rec

---------------------------------------------------------------------
imgreg_4dfp /opt/freesurfer/average/711-2C_as_mni_average_305 none talsrcimg_g11 none talsrcimg_to_711-2C_as_mni_average_305_t4 4355
---------------------------------------------------------------------

freesurfer imgreg_4dfp.c
/opt/freesurfer/average/711-2C_as_mni_average_305.4dfp.img
       256       256       256         1
  1.000000  1.000000  1.000000
orientation T byte_order littleendian
Reading image: /opt/freesurfer/average/711-2C_as_mni_average_305.4dfp.img
dimensions:      256       256       256
mmppix:       1.0000   -1.0000   -1.0000
center:     128.0000 -129.0000 -129.0000
talsrcimg_g11.4dfp.img
       288       288       288         1
  0.798611  0.798611  0.798611
orientation T byte_order littleendian
Reading image: talsrcimg_g11.4dfp.img
dimensions:      288       288       288
mmppix:       0.7986   -0.7986   -0.7986
center:     115.0000 -115.7986 -115.7986
t4_read: open error in t4_sub.f l:  41 t4_file(1:l)talsrcimg_to_711-2C_as_mni_average_305_t4 
t4_read: transform initialized to I4
rotation matrix determinant  1.000000
image alignment mode   4355 decimal     1103 hex
   -7.5000  -45.0000  -45.0000 6062.7314    8.5046
    0.0000  -45.0000  -45.0000 6060.9888    8.5021
    7.5000  -45.0000  -45.0000 5794.7368    8.5097
   -7.5000  -37.5000  -45.0000 6436.0024    8.7961
    0.0000  -37.5000  -45.0000 6465.8179    8.7910
    7.5000  -37.5000  -45.0000 6166.6528    8.7977
   -7.5000  -30.0000  -45.0000 6876.4219    8.8633
    0.0000  -30.0000  -45.0000 6929.0728    8.8618
    7.5000  -30.0000  -45.0000 6609.1460    8.8707
   -7.5000  -22.5000  -45.0000 7514.6821    8.7463
    0.0000  -22.5000  -45.0000 7593.7271    8.7506
    7.5000  -22.5000  -45.0000 7226.0034    8.7628
   -7.5000  -15.0000  -45.0000 8156.9053    8.7170
    0.0000  -15.0000  -45.0000 8257.8496    8.7231
    7.5000  -15.0000  -45.0000 7858.0264    8.7361
   -7.5000   -7.5000  -45.0000 8349.4707    8.7157
    0.0000   -7.5000  -45.0000 8447.2158    8.7179
    7.5000   -7.5000  -45.0000 8017.8271    8.7287
   -7.5000    0.0000  -45.0000 8402.4971    8.7256
    0.0000    0.0000  -45.0000 8505.4199    8.7225
    7.5000    0.0000  -45.0000 8052.8682    8.7301
   -7.5000    7.5000  -45.0000 8020.0620    8.7398
    0.0000    7.5000  -45.0000 8137.6528    8.7351
    7.5000    7.5000  -45.0000 7688.4443    8.7416
   -7.5000   15.0000  -45.0000 7958.5957    8.8019
    0.0000   15.0000  -45.0000 8076.5679    8.8007
    7.5000   15.0000  -45.0000 7618.9556    8.8104
   -7.5000   22.5000  -45.0000 7559.5815    8.8196
    0.0000   22.5000  -45.0000 7648.4717    8.8224
    7.5000   22.5000  -45.0000 7233.5767    8.8356
   -7.5000   30.0000  -45.0000 7172.6147    8.7798
    0.0000   30.0000  -45.0000 7243.2153    8.7866
    7.5000   30.0000  -45.0000 6865.7715    8.8015
   -7.5000   37.5000  -45.0000 6767.8770    8.7333
    0.0000   37.5000  -45.0000 6854.2725    8.7326
    7.5000   37.5000  -45.0000 6472.9067    8.7469
   -7.5000   45.0000  -45.0000 6360.1870    8.6961
    0.0000   45.0000  -45.0000 6466.7075    8.6901
    7.5000   45.0000  -45.0000 6074.1104    8.7016
   -7.5000  -45.0000  -37.5000 6545.5430    8.9458
    0.0000  -45.0000  -37.5000 6571.3306    8.9476
    7.5000  -45.0000  -37.5000 6277.7700    8.9546
   -7.5000  -37.5000  -37.5000 6953.0117    9.2493
    0.0000  -37.5000  -37.5000 7005.0879    9.2504
    7.5000  -37.5000  -37.5000 6687.0112    9.2575
   -7.5000  -30.0000  -37.5000 7470.4561    9.3046
    0.0000  -30.0000  -37.5000 7541.6357    9.3113
    7.5000  -30.0000  -37.5000 7198.6870    9.3224
   -7.5000  -22.5000  -37.5000 8162.5029    9.1888
    0.0000  -22.5000  -37.5000 8258.8789    9.2012
    7.5000  -22.5000  -37.5000 7873.0054    9.2158
   -7.5000  -15.0000  -37.5000 8885.7383    9.1655
    0.0000  -15.0000  -37.5000 8995.0283    9.1774
    7.5000  -15.0000  -37.5000 8548.9111    9.1915
   -7.5000   -7.5000  -37.5000 9098.8525    9.1652
    0.0000   -7.5000  -37.5000 9208.4062    9.1712
    7.5000   -7.5000  -37.5000 8726.6709    9.1817
   -7.5000    0.0000  -37.5000 9126.1787    9.1692
    0.0000    0.0000  -37.5000 9252.2217    9.1701
    7.5000    0.0000  -37.5000 8744.1777    9.1773
   -7.5000    7.5000  -37.5000 8706.9385    9.1766
    0.0000    7.5000  -37.5000 8846.3984    9.1779
    7.5000    7.5000  -37.5000 8329.6865    9.1852
   -7.5000   15.0000  -37.5000 8631.5117    9.2410
    0.0000   15.0000  -37.5000 8759.1123    9.2478
    7.5000   15.0000  -37.5000 8256.8594    9.2596
   -7.5000   22.5000  -37.5000 8206.2061    9.2662
    0.0000   22.5000  -37.5000 8301.0547    9.2781
    7.5000   22.5000  -37.5000 7828.2183    9.2937
   -7.5000   30.0000  -37.5000 7780.0303    9.2376
    0.0000   30.0000  -37.5000 7887.8833    9.2518
    7.5000   30.0000  -37.5000 7423.2119    9.2677
   -7.5000   37.5000  -37.5000 7318.3813    9.1900
    0.0000   37.5000  -37.5000 7449.2754    9.1942
    7.5000   37.5000  -37.5000 6988.6704    9.2079
   -7.5000   45.0000  -37.5000 6858.2368    9.1318
    0.0000   45.0000  -37.5000 6994.2241    9.1305
    7.5000   45.0000  -37.5000 6535.4438    9.1414
   -7.5000  -45.0000  -30.0000 7016.7651    9.3858
    0.0000  -45.0000  -30.0000 7071.1899    9.3879
    7.5000  -45.0000  -30.0000 6744.9688    9.3949
   -7.5000  -37.5000  -30.0000 7474.0513    9.7090
    0.0000  -37.5000  -30.0000 7548.1294    9.7139
    7.5000  -37.5000  -30.0000 7203.2393    9.7214
   -7.5000  -30.0000  -30.0000 8060.9512    9.7534
    0.0000  -30.0000  -30.0000 8181.2129    9.7643
    7.5000  -30.0000  -30.0000 7784.7886    9.7751
   -7.5000  -22.5000  -30.0000 8814.4521    9.6327
    0.0000  -22.5000  -30.0000 8944.5645    9.6463
    7.5000  -22.5000  -30.0000 8501.1885    9.6598
   -7.5000  -15.0000  -30.0000 9574.3447    9.6097
    0.0000  -15.0000  -30.0000 9728.4697    9.6197
    7.5000  -15.0000  -30.0000 9226.4004    9.6319
   -7.5000   -7.5000  -30.0000 9812.2119    9.6100
    0.0000   -7.5000  -30.0000 9968.4209    9.6136
    7.5000   -7.5000  -30.0000 9421.2109    9.6226
   -7.5000    0.0000  -30.0000 9861.2607    9.6132
    0.0000    0.0000  -30.000010006.1055    9.6145
    7.5000    0.0000  -30.0000 9436.0537    9.6212
   -7.5000    7.5000  -30.0000 9398.3447    9.6187
    0.0000    7.5000  -30.0000 9549.7236    9.6235
    7.5000    7.5000  -30.0000 8982.5479    9.6308
   -7.5000   15.0000  -30.0000 9292.3516    9.6860
    0.0000   15.0000  -30.0000 9446.8203    9.6968
    7.5000   15.0000  -30.0000 8878.9844    9.7077
   -7.5000   22.5000  -30.0000 8820.2256    9.7138
    0.0000   22.5000  -30.0000 8955.7695    9.7276
    7.5000   22.5000  -30.0000 8413.5674    9.7418
   -7.5000   30.0000  -30.0000 8357.9951    9.6930
    0.0000   30.0000  -30.0000 8502.0645    9.7067
    7.5000   30.0000  -30.0000 7969.0962    9.7199
   -7.5000   37.5000  -30.0000 7845.3203    9.6538
    0.0000   37.5000  -30.0000 8014.4199    9.6574
    7.5000   37.5000  -30.0000 7486.9434    9.6684
   -7.5000   45.0000  -30.0000 7346.7485    9.5920
    0.0000   45.0000  -30.0000 7512.3311    9.5924
    7.5000   45.0000  -30.0000 7016.7900    9.6015
   -7.5000  -45.0000  -22.5000 7441.8784    9.7871
    0.0000  -45.0000  -22.5000 7516.3506    9.7846
    7.5000  -45.0000  -22.5000 7181.0122    9.7922
   -7.5000  -37.5000  -22.5000 7966.0537   10.1369
    0.0000  -37.5000  -22.5000 8064.1499   10.1389
    7.5000  -37.5000  -22.5000 7704.9238   10.1467
   -7.5000  -30.0000  -22.5000 8605.7910   10.1722
    0.0000  -30.0000  -22.5000 8750.4590   10.1784
    7.5000  -30.0000  -22.5000 8328.6660   10.1873
   -7.5000  -22.5000  -22.5000 9404.6943   10.0438
    0.0000  -22.5000  -22.5000 9555.1025   10.0495
    7.5000  -22.5000  -22.5000 9077.0752   10.0596
   -7.5000  -15.0000  -22.500010212.1660   10.0163
    0.0000  -15.0000  -22.500010380.3936   10.0173
    7.5000  -15.0000  -22.5000 9837.2275   10.0269
   -7.5000   -7.5000  -22.500010481.2207   10.0157
    0.0000   -7.5000  -22.500010659.6777   10.0122
    7.5000   -7.5000  -22.500010061.9492   10.0202
   -7.5000    0.0000  -22.500010535.7666   10.0215
    0.0000    0.0000  -22.500010712.5537   10.0185
    7.5000    0.0000  -22.500010105.9014   10.0253
   -7.5000    7.5000  -22.500010044.9736   10.0291
    0.0000    7.5000  -22.500010226.0791   10.0309
    7.5000    7.5000  -22.5000 9623.0332   10.0379
   -7.5000   15.0000  -22.5000 9908.0557   10.1000
    0.0000   15.0000  -22.500010120.5713   10.1061
    7.5000   15.0000  -22.5000 9482.9414   10.1145
   -7.5000   22.5000  -22.5000 9400.0430   10.1283
    0.0000   22.5000  -22.5000 9603.2314   10.1339
    7.5000   22.5000  -22.5000 8964.6377   10.1444
   -7.5000   30.0000  -22.5000 8895.3994   10.1101
    0.0000   30.0000  -22.5000 9113.3867   10.1147
    7.5000   30.0000  -22.5000 8492.7373   10.1246
   -7.5000   37.5000  -22.5000 8353.7627   10.0789
    0.0000   37.5000  -22.5000 8559.0889   10.0756
    7.5000   37.5000  -22.5000 7980.8477   10.0848
   -7.5000   45.0000  -22.5000 7804.4673   10.0290
    0.0000   45.0000  -22.5000 7993.8584   10.0253
    7.5000   45.0000  -22.5000 7461.2534   10.0337
   -7.5000  -45.0000  -15.0000 7857.7368   10.1415
    0.0000  -45.0000  -15.0000 7950.4048   10.1338
    7.5000  -45.0000  -15.0000 7567.2764   10.1424
   -7.5000  -37.5000  -15.0000 8428.9336   10.5107
    0.0000  -37.5000  -15.0000 8563.2275   10.5053
    7.5000  -37.5000  -15.0000 8150.9976   10.5130
   -7.5000  -30.0000  -15.0000 9111.3271   10.5390
    0.0000  -30.0000  -15.0000 9280.3535   10.5359
    7.5000  -30.0000  -15.0000 8835.6719   10.5430
   -7.5000  -22.5000  -15.0000 9944.8408   10.4021
    0.0000  -22.5000  -15.000010117.0879   10.3988
    7.5000  -22.5000  -15.0000 9631.5420   10.4069
   -7.5000  -15.0000  -15.000010798.7529   10.3675
    0.0000  -15.0000  -15.000010976.3379   10.3621
    7.5000  -15.0000  -15.000010435.2256   10.3711
   -7.5000   -7.5000  -15.000011099.1084   10.3647
    0.0000   -7.5000  -15.000011307.1885   10.3570
    7.5000   -7.5000  -15.000010711.1279   10.3658
   -7.5000    0.0000  -15.000011174.2969   10.3747
    0.0000    0.0000  -15.000011386.8154   10.3669
    7.5000    0.0000  -15.000010762.9795   10.3745
   -7.5000    7.5000  -15.000010652.8594   10.3875
    0.0000    7.5000  -15.000010878.6328   10.3822
    7.5000    7.5000  -15.000010243.8838   10.3888
   -7.5000   15.0000  -15.000010511.4131   10.4621
    0.0000   15.0000  -15.000010728.6113   10.4590
    7.5000   15.0000  -15.000010065.5518   10.4659
   -7.5000   22.5000  -15.0000 9976.3936   10.4900
    0.0000   22.5000  -15.000010197.0840   10.4854
    7.5000   22.5000  -15.0000 9513.1553   10.4937
   -7.5000   30.0000  -15.0000 9425.9971   10.4699
    0.0000   30.0000  -15.0000 9658.5518   10.4666
    7.5000   30.0000  -15.0000 8990.9277   10.4759
   -7.5000   37.5000  -15.0000 8864.2939   10.4429
    0.0000   37.5000  -15.0000 9060.1357   10.4338
    7.5000   37.5000  -15.0000 8443.1279   10.4443
   -7.5000   45.0000  -15.0000 8258.6836   10.4080
    0.0000   45.0000  -15.0000 8432.0586   10.3985
    7.5000   45.0000  -15.0000 7878.8188   10.4081
   -7.5000  -45.0000   -7.5000 7978.3774   10.1477
    0.0000  -45.0000   -7.5000 8088.4429   10.1399
    7.5000  -45.0000   -7.5000 7691.7163   10.1486
   -7.5000  -37.5000   -7.5000 8569.8535   10.5173
    0.0000  -37.5000   -7.5000 8699.3057   10.5077
    7.5000  -37.5000   -7.5000 8278.3584   10.5147
   -7.5000  -30.0000   -7.5000 9306.5908   10.5459
    0.0000  -30.0000   -7.5000 9452.2812   10.5386
    7.5000  -30.0000   -7.5000 9001.3604   10.5457
   -7.5000  -22.5000   -7.500010199.8574   10.4071
    0.0000  -22.5000   -7.500010350.8408   10.4036
    7.5000  -22.5000   -7.5000 9857.4766   10.4132
   -7.5000  -15.0000   -7.500011063.5293   10.3702
    0.0000  -15.0000   -7.500011227.7422   10.3681
    7.5000  -15.0000   -7.500010674.6963   10.3794
   -7.5000   -7.5000   -7.500011410.6719   10.3665
    0.0000   -7.5000   -7.500011625.2480   10.3621
    7.5000   -7.5000   -7.500011016.2021   10.3728
   -7.5000    0.0000   -7.500011497.8301   10.3783
    0.0000    0.0000   -7.500011763.6494   10.3702
    7.5000    0.0000   -7.500011111.5332   10.3783
   -7.5000    7.5000   -7.500010993.4746   10.3937
    0.0000    7.5000   -7.500011231.0186   10.3845
    7.5000    7.5000   -7.500010552.6621   10.3907
   -7.5000   15.0000   -7.500010881.3027   10.4685
    0.0000   15.0000   -7.500011043.8213   10.4615
    7.5000   15.0000   -7.500010346.5605   10.4691
   -7.5000   22.5000   -7.500010294.4385   10.4950
    0.0000   22.5000   -7.500010447.7061   10.4893
    7.5000   22.5000   -7.5000 9746.7402   10.4995
   -7.5000   30.0000   -7.5000 9712.5781   10.4707
    0.0000   30.0000   -7.5000 9871.4756   10.4693
    7.5000   30.0000   -7.5000 9199.2451   10.4819
   -7.5000   37.5000   -7.5000 9115.6172   10.4394
    0.0000   37.5000   -7.5000 9258.7764   10.4318
    7.5000   37.5000   -7.5000 8638.3818   10.4456
   -7.5000   45.0000   -7.5000 8475.5938   10.4065
    0.0000   45.0000   -7.5000 8639.6484   10.3955
    7.5000   45.0000   -7.5000 8053.2954   10.4072
   -7.5000  -45.0000    0.0000 7965.5010   10.3999
    0.0000  -45.0000    0.0000 8048.6055   10.3968
    7.5000  -45.0000    0.0000 7693.7310   10.4056
   -7.5000  -37.5000    0.0000 8548.0742   10.7669
    0.0000  -37.5000    0.0000 8645.4951   10.7606
    7.5000  -37.5000    0.0000 8275.3936   10.7681
   -7.5000  -30.0000    0.0000 9276.8643   10.7884
    0.0000  -30.0000    0.0000 9404.0352   10.7864
    7.5000  -30.0000    0.0000 8985.4541   10.7965
   -7.5000  -22.5000    0.000010164.6982   10.6488
    0.0000  -22.5000    0.000010301.1807   10.6539
    7.5000  -22.5000    0.0000 9826.1221   10.6681
   -7.5000  -15.0000    0.000011031.2441   10.6147
    0.0000  -15.0000    0.000011193.5020   10.6220
    7.5000  -15.0000    0.000010642.6260   10.6373
   -7.5000   -7.5000    0.000011434.8135   10.6125
    0.0000   -7.5000    0.000011669.6084   10.6151
    7.5000   -7.5000    0.000011039.1826   10.6278
   -7.5000    0.0000    0.000011673.0654   10.6223
    0.0000    0.0000    0.000012030.2363   10.6185
    7.5000    0.0000    0.000011273.2441   10.6273
   -7.5000    7.5000    0.000011266.3525   10.6343
    0.0000    7.5000    0.000011511.8525   10.6284
    7.5000    7.5000    0.000010714.8506   10.6358
   -7.5000   15.0000    0.000011122.7490   10.7099
    0.0000   15.0000    0.000011187.6934   10.7082
    7.5000   15.0000    0.000010429.8418   10.7193
   -7.5000   22.5000    0.000010455.2686   10.7416
    0.0000   22.5000    0.000010451.3916   10.7449
    7.5000   22.5000    0.0000 9783.2148   10.7602
   -7.5000   30.0000    0.0000 9810.7266   10.7252
    0.0000   30.0000    0.0000 9861.9971   10.7334
    7.5000   30.0000    0.0000 9237.1992   10.7511
   -7.5000   37.5000    0.0000 9204.2246   10.6981
    0.0000   37.5000    0.0000 9324.8984   10.6972
    7.5000   37.5000    0.0000 8688.9258   10.7142
   -7.5000   45.0000    0.0000 8569.5195   10.6666
    0.0000   45.0000    0.0000 8754.2930   10.6593
    7.5000   45.0000    0.0000 8107.2407   10.6729
   -7.5000  -45.0000    7.5000 7615.2549   10.3940
    0.0000  -45.0000    7.5000 7686.7378   10.3961
    7.5000  -45.0000    7.5000 7377.0186   10.4044
   -7.5000  -37.5000    7.5000 8177.5137   10.7532
    0.0000  -37.5000    7.5000 8260.2197   10.7546
    7.5000  -37.5000    7.5000 7933.4165   10.7628
   -7.5000  -30.0000    7.5000 8898.0352   10.7734
    0.0000  -30.0000    7.5000 8976.3291   10.7813
    7.5000  -30.0000    7.5000 8619.6172   10.7940
   -7.5000  -22.5000    7.5000 9744.0957   10.6384
    0.0000  -22.5000    7.5000 9829.5723   10.6529
    7.5000  -22.5000    7.5000 9430.4746   10.6698
   -7.5000  -15.0000    7.500010569.8223   10.6106
    0.0000  -15.0000    7.500010633.7764   10.6245
    7.5000  -15.0000    7.500010173.4990   10.6409
   -7.5000   -7.5000    7.500010974.9463   10.6102
    0.0000   -7.5000    7.500011121.6201   10.6173
    7.5000   -7.5000    7.500010538.4424   10.6295
   -7.5000    0.0000    7.500011283.6006   10.6156
    0.0000    0.0000    7.500011627.8926   10.6168
    7.5000    0.0000    7.500010902.1055   10.6252
   -7.5000    7.5000    7.500010927.6709   10.6217
    0.0000    7.5000    7.500011166.7061   10.6233
    7.5000    7.5000    7.500010467.9170   10.6317
   -7.5000   15.0000    7.500010717.8369   10.6962
    0.0000   15.0000    7.500010782.1982   10.7042
    7.5000   15.0000    7.500010168.5488   10.7176
   -7.5000   22.5000    7.500010013.2930   10.7321
    0.0000   22.5000    7.500010057.1074   10.7460
    7.5000   22.5000    7.5000 9476.0195   10.7641
   -7.5000   30.0000    7.5000 9396.4785   10.7232
    0.0000   30.0000    7.5000 9507.5371   10.7397
    7.5000   30.0000    7.5000 8901.5908   10.7583
   -7.5000   37.5000    7.5000 8840.9473   10.6986
    0.0000   37.5000    7.5000 8991.6943   10.7037
    7.5000   37.5000    7.5000 8358.2900   10.7197
   -7.5000   45.0000    7.5000 8243.5264   10.6588
    0.0000   45.0000    7.5000 8421.2168   10.6575
    7.5000   45.0000    7.5000 7787.3628   10.6702
   -7.5000  -45.0000   15.0000 7547.2256   10.4848
    0.0000  -45.0000   15.0000 7602.7446   10.4878
    7.5000  -45.0000   15.0000 7333.0933   10.4962
   -7.5000  -37.5000   15.0000 8080.9507   10.8442
    0.0000  -37.5000   15.0000 8150.8799   10.8503
    7.5000  -37.5000   15.0000 7859.9146   10.8595
   -7.5000  -30.0000   15.0000 8774.5088   10.8623
    0.0000  -30.0000   15.0000 8851.4600   10.8749
    7.5000  -30.0000   15.0000 8520.0107   10.8877
   -7.5000  -22.5000   15.0000 9605.0508   10.7270
    0.0000  -22.5000   15.0000 9698.2920   10.7424
    7.5000  -22.5000   15.0000 9304.6016   10.7579
   -7.5000  -15.0000   15.000010395.3398   10.7013
    0.0000  -15.0000   15.000010434.0293   10.7127
    7.5000  -15.0000   15.0000 9987.9453   10.7268
   -7.5000   -7.5000   15.000010756.8340   10.7017
    0.0000   -7.5000   15.000010873.2246   10.7061
    7.5000   -7.5000   15.000010310.4648   10.7166
   -7.5000    0.0000   15.000011040.1807   10.7050
    0.0000    0.0000   15.000011265.6699   10.7070
    7.5000    0.0000   15.000010659.5352   10.7151
   -7.5000    7.5000   15.000010667.1504   10.7085
    0.0000    7.5000   15.000010842.9541   10.7144
    7.5000    7.5000   15.000010301.1084   10.7233
   -7.5000   15.0000   15.000010512.0176   10.7840
    0.0000   15.0000   15.000010621.7998   10.7964
    7.5000   15.0000   15.000010108.4873   10.8092
   -7.5000   22.5000   15.0000 9856.0410   10.8232
    0.0000   22.5000   15.000010010.2793   10.8388
    7.5000   22.5000   15.0000 9443.3564   10.8552
   -7.5000   30.0000   15.0000 9258.8545   10.8207
    0.0000   30.0000   15.0000 9439.7148   10.8362
    7.5000   30.0000   15.0000 8833.8613   10.8515
   -7.5000   37.5000   15.0000 8686.0010   10.8027
    0.0000   37.5000   15.0000 8846.5664   10.8071
    7.5000   37.5000   15.0000 8251.1621   10.8199
   -7.5000   45.0000   15.0000 8075.5464   10.7634
    0.0000   45.0000   15.0000 8224.6094   10.7643
    7.5000   45.0000   15.0000 7657.6587   10.7754
   -7.5000  -45.0000   22.5000 7110.3877   10.6606
    0.0000  -45.0000   22.5000 7178.4668   10.6585
    7.5000  -45.0000   22.5000 6892.5376   10.6680
   -7.5000  -37.5000   22.5000 7617.4600   11.0287
    0.0000  -37.5000   22.5000 7693.6494   11.0313
    7.5000  -37.5000   22.5000 7389.9795   11.0407
   -7.5000  -30.0000   22.5000 8250.4600   11.0441
    0.0000  -30.0000   22.5000 8324.2275   11.0507
    7.5000  -30.0000   22.5000 8000.0337   11.0607
   -7.5000  -22.5000   22.5000 8988.1426   10.9020
    0.0000  -22.5000   22.5000 9057.1494   10.9077
    7.5000  -22.5000   22.5000 8724.1152   10.9187
   -7.5000  -15.0000   22.5000 9712.2803   10.8717
    0.0000  -15.0000   22.5000 9738.6201   10.8726
    7.5000  -15.0000   22.5000 9361.6338   10.8833
   -7.5000   -7.5000   22.500010073.8916   10.8709
    0.0000   -7.5000   22.500010149.8281   10.8674
    7.5000   -7.5000   22.5000 9671.4893   10.8768
   -7.5000    0.0000   22.500010322.9082   10.8768
    0.0000    0.0000   22.500010425.7266   10.8741
    7.5000    0.0000   22.5000 9948.3799   10.8825
   -7.5000    7.5000   22.5000 9929.8369   10.8835
    0.0000    7.5000   22.5000 9975.3154   10.8858
    7.5000    7.5000   22.5000 9544.1230   10.8943
   -7.5000   15.0000   22.5000 9808.5732   10.9624
    0.0000   15.0000   22.5000 9844.8740   10.9687
    7.5000   15.0000   22.5000 9366.5547   10.9782
   -7.5000   22.5000   22.5000 9228.8730   11.0023
    0.0000   22.5000   22.5000 9314.0127   11.0079
    7.5000   22.5000   22.5000 8805.3701   11.0193
   -7.5000   30.0000   22.5000 8650.8389   11.0006
    0.0000   30.0000   22.5000 8760.5586   11.0056
    7.5000   30.0000   22.5000 8270.6289   11.0166
   -7.5000   37.5000   22.5000 8099.5391   10.9891
    0.0000   37.5000   22.5000 8190.3247   10.9859
    7.5000   37.5000   22.5000 7725.5254   10.9968
   -7.5000   45.0000   22.5000 7534.5747   10.9611
    0.0000   45.0000   22.5000 7631.6133   10.9578
    7.5000   45.0000   22.5000 7182.1138   10.9681
   -7.5000  -45.0000   30.0000 6669.8833   10.8585
    0.0000  -45.0000   30.0000 6729.5400   10.8510
    7.5000  -45.0000   30.0000 6436.8066   10.8619
   -7.5000  -37.5000   30.0000 7129.6167   11.2378
    0.0000  -37.5000   30.0000 7200.9312   11.2317
    7.5000  -37.5000   30.0000 6892.2124   11.2414
   -7.5000  -30.0000   30.0000 7700.2612   11.2483
    0.0000  -30.0000   30.0000 7764.4204   11.2444
    7.5000  -30.0000   30.0000 7466.0547   11.2527
   -7.5000  -22.5000   30.0000 8402.4180   11.0949
    0.0000  -22.5000   30.0000 8455.4141   11.0918
    7.5000  -22.5000   30.0000 8166.9336   11.1008
   -7.5000  -15.0000   30.0000 9112.3311   11.0582
    0.0000  -15.0000   30.0000 9144.3604   11.0539
    7.5000  -15.0000   30.0000 8798.0459   11.0643
   -7.5000   -7.5000   30.0000 9447.8408   11.0571
    0.0000   -7.5000   30.0000 9500.3271   11.0504
    7.5000   -7.5000   30.0000 9082.1953   11.0611
   -7.5000    0.0000   30.0000 9610.5967   11.0686
    0.0000    0.0000   30.0000 9665.0518   11.0608
    7.5000    0.0000   30.0000 9248.6152   11.0705
   -7.5000    7.5000   30.0000 9178.1182   11.0805
    0.0000    7.5000   30.0000 9208.9424   11.0744
    7.5000    7.5000   30.0000 8798.8857   11.0826
   -7.5000   15.0000   30.0000 9035.7734   11.1616
    0.0000   15.0000   30.0000 9079.5713   11.1577
    7.5000   15.0000   30.0000 8624.8643   11.1657
   -7.5000   22.5000   30.0000 8503.5889   11.2004
    0.0000   22.5000   30.0000 8541.4053   11.1958
    7.5000   22.5000   30.0000 8109.9282   11.2051
   -7.5000   30.0000   30.0000 7964.8154   11.2043
    0.0000   30.0000   30.0000 8006.5420   11.2025
    7.5000   30.0000   30.0000 7615.6187   11.2133
   -7.5000   37.5000   30.0000 7460.4487   11.2051
    0.0000   37.5000   30.0000 7502.9390   11.1970
    7.5000   37.5000   30.0000 7130.7559   11.2098
   -7.5000   45.0000   30.0000 6973.3423   11.2001
    0.0000   45.0000   30.0000 7029.4795   11.1906
    7.5000   45.0000   30.0000 6663.4736   11.2028
   -7.5000  -45.0000   37.5000 6263.0435   11.0056
    0.0000  -45.0000   37.5000 6327.1401   10.9949
    7.5000  -45.0000   37.5000 6034.2197   11.0015
   -7.5000  -37.5000   37.5000 6692.3398   11.3873
    0.0000  -37.5000   37.5000 6763.4209   11.3734
    7.5000  -37.5000   37.5000 6462.2329   11.3771
   -7.5000  -30.0000   37.5000 7253.8833   11.3849
    0.0000  -30.0000   37.5000 7330.9253   11.3742
    7.5000  -30.0000   37.5000 7029.7812   11.3780
   -7.5000  -22.5000   37.5000 7954.1499   11.2227
    0.0000  -22.5000   37.5000 8020.0029   11.2181
    7.5000  -22.5000   37.5000 7707.4351   11.2257
   -7.5000  -15.0000   37.5000 8602.1436   11.1792
    0.0000  -15.0000   37.5000 8673.2793   11.1774
    7.5000  -15.0000   37.5000 8317.2559   11.1877
   -7.5000   -7.5000   37.5000 8822.3125   11.1741
    0.0000   -7.5000   37.5000 8920.6484   11.1689
    7.5000   -7.5000   37.5000 8503.0400   11.1786
   -7.5000    0.0000   37.5000 8896.3037   11.1879
    0.0000    0.0000   37.5000 8996.2363   11.1769
    7.5000    0.0000   37.5000 8575.0430   11.1828
   -7.5000    7.5000   37.5000 8456.6348   11.2060
    0.0000    7.5000   37.5000 8533.0020   11.1927
    7.5000    7.5000   37.5000 8132.1016   11.1955
   -7.5000   15.0000   37.5000 8318.5078   11.2938
    0.0000   15.0000   37.5000 8376.2393   11.2834
    7.5000   15.0000   37.5000 7961.1743   11.2879
   -7.5000   22.5000   37.5000 7820.6401   11.3358
    0.0000   22.5000   37.5000 7854.9141   11.3286
    7.5000   22.5000   37.5000 7480.5439   11.3368
   -7.5000   30.0000   37.5000 7325.6597   11.3432
    0.0000   30.0000   37.5000 7360.0229   11.3422
    7.5000   30.0000   37.5000 7008.1489   11.3541
   -7.5000   37.5000   37.5000 6881.7847   11.3475
    0.0000   37.5000   37.5000 6922.7407   11.3386
    7.5000   37.5000   37.5000 6580.3149   11.3518
   -7.5000   45.0000   37.5000 6458.2080   11.3570
    0.0000   45.0000   37.5000 6517.8052   11.3423
    7.5000   45.0000   37.5000 6176.0981   11.3523
   -7.5000  -45.0000   45.0000 5949.6108   11.2072
    0.0000  -45.0000   45.0000 5984.6455   11.1960
    7.5000  -45.0000   45.0000 5700.0679   11.1934
   -7.5000  -37.5000   45.0000 6334.9492   11.5814
    0.0000  -37.5000   45.0000 6387.9849   11.5662
    7.5000  -37.5000   45.0000 6107.8794   11.5617
   -7.5000  -30.0000   45.0000 6831.2432   11.5514
    0.0000  -30.0000   45.0000 6914.3271   11.5433
    7.5000  -30.0000   45.0000 6630.8838   11.5425
   -7.5000  -22.5000   45.0000 7481.3369   11.3823
    0.0000  -22.5000   45.0000 7580.7837   11.3843
    7.5000  -22.5000   45.0000 7243.4990   11.3896
   -7.5000  -15.0000   45.0000 8048.3271   11.3452
    0.0000  -15.0000   45.0000 8176.0669   11.3497
    7.5000  -15.0000   45.0000 7792.0962   11.3566
   -7.5000   -7.5000   45.0000 8196.6055   11.3460
    0.0000   -7.5000   45.0000 8333.1406   11.3437
    7.5000   -7.5000   45.0000 7913.6509   11.3471
   -7.5000    0.0000   45.0000 8222.2979   11.3580
    0.0000    0.0000   45.0000 8346.4678   11.3465
    7.5000    0.0000   45.0000 7931.8857   11.3445
   -7.5000    7.5000   45.0000 7800.0864   11.3692
    0.0000    7.5000   45.0000 7883.1416   11.3551
    7.5000    7.5000   45.0000 7499.5654   11.3511
   -7.5000   15.0000   45.0000 7643.1265   11.4564
    0.0000   15.0000   45.0000 7705.9395   11.4488
    7.5000   15.0000   45.0000 7324.2300   11.4494
   -7.5000   22.5000   45.0000 7187.0366   11.5087
    0.0000   22.5000   45.0000 7227.1768   11.5084
    7.5000   22.5000   45.0000 6883.9321   11.5148
   -7.5000   30.0000   45.0000 6757.4800   11.5377
    0.0000   30.0000   45.0000 6784.0454   11.5432
    7.5000   30.0000   45.0000 6462.6240   11.5526
   -7.5000   37.5000   45.0000 6360.9185   11.5592
    0.0000   37.5000   45.0000 6397.3862   11.5520
    7.5000   37.5000   45.0000 6081.5352   11.5598
   -7.5000   45.0000   45.0000 5980.7402   11.5782
    0.0000   45.0000   45.0000 6023.5586   11.5613
    7.5000   45.0000   45.0000 5703.4814   11.5638

---------------------------------------------------------------------
imgreg_4dfp /opt/freesurfer/average/711-2C_as_mni_average_305 /opt/freesurfer/average/711-2B_as_mni_average_305_mask talsrcimg_g11 none talsrcimg_to_711-2C_as_mni_average_305_t4 4355
---------------------------------------------------------------------

freesurfer imgreg_4dfp.c
/opt/freesurfer/average/711-2C_as_mni_average_305.4dfp.img
       256       256       256         1
  1.000000  1.000000  1.000000
orientation T byte_order littleendian
Reading image: /opt/freesurfer/average/711-2C_as_mni_average_305.4dfp.img
dimensions:      256       256       256
mmppix:       1.0000   -1.0000   -1.0000
center:     128.0000 -129.0000 -129.0000
/opt/freesurfer/average/711-2B_as_mni_average_305_mask.4dfp.img
       256       256       256         1
  1.000000  1.000000  1.000000
orientation T byte_order littleendian
Reading mask: /opt/freesurfer/average/711-2B_as_mni_average_305_mask.4dfp.img (2306576 pixels)
talsrcimg_g11.4dfp.img
       288       288       288         1
  0.798611  0.798611  0.798611
orientation T byte_order littleendian
Reading image: talsrcimg_g11.4dfp.img
dimensions:      288       288       288
mmppix:       0.7986   -0.7986   -0.7986
center:     115.0000 -115.7986 -115.7986
rotation matrix determinant  1.000000
image alignment mode   4355 decimal     1103 hex
   -7.5000  -45.0000  -45.0000 1979.1061   12.6849
    0.0000  -45.0000  -45.0000 1977.3070   12.5856
    7.5000  -45.0000  -45.0000 1972.3129   12.6948
   -7.5000  -37.5000  -45.0000 2019.3258   12.1252
    0.0000  -37.5000  -45.0000 2024.9028   12.0695
    7.5000  -37.5000  -45.0000 2015.7703   12.1397
   -7.5000  -30.0000  -45.0000 2061.9785   11.5944
    0.0000  -30.0000  -45.0000 2070.9131   11.5372
    7.5000  -30.0000  -45.0000 2061.5098   11.5972
   -7.5000  -22.5000  -45.0000 2110.6560   11.2164
    0.0000  -22.5000  -45.0000 2121.5854   11.1396
    7.5000  -22.5000  -45.0000 2110.2944   11.1836
   -7.5000  -15.0000  -45.0000 2142.6284   10.8609
    0.0000  -15.0000  -45.0000 2151.6807   10.8242
    7.5000  -15.0000  -45.0000 2140.8955   10.8518
   -7.5000   -7.5000  -45.0000 2164.1492   10.5696
    0.0000   -7.5000  -45.0000 2177.4080   10.5314
    7.5000   -7.5000  -45.0000 2162.9790   10.5747
   -7.5000    0.0000  -45.0000 2176.8696   10.3308
    0.0000    0.0000  -45.0000 2197.3945   10.2693
    7.5000    0.0000  -45.0000 2176.0320   10.3222
   -7.5000    7.5000  -45.0000 2188.4888   10.2073
    0.0000    7.5000  -45.0000 2210.6035   10.0994
    7.5000    7.5000  -45.0000 2190.3562   10.1360
   -7.5000   15.0000  -45.0000 2191.9690   10.1815
    0.0000   15.0000  -45.0000 2212.9016   10.0674
    7.5000   15.0000  -45.0000 2192.6711   10.1097
   -7.5000   22.5000  -45.0000 2178.3318   10.3074
    0.0000   22.5000  -45.0000 2202.1162   10.1963
    7.5000   22.5000  -45.0000 2183.5803   10.2220
   -7.5000   30.0000  -45.0000 2146.2458   10.6072
    0.0000   30.0000  -45.0000 2171.2888   10.5010
    7.5000   30.0000  -45.0000 2157.0981   10.5184
   -7.5000   37.5000  -45.0000 2075.2336   10.9989
    0.0000   37.5000  -45.0000 2100.3481   10.8752
    7.5000   37.5000  -45.0000 2085.2715   10.8895
   -7.5000   45.0000  -45.0000 1963.1454   11.4220
    0.0000   45.0000  -45.0000 1986.0939   11.2738
    7.5000   45.0000  -45.0000 1971.0919   11.3004
   -7.5000  -45.0000  -37.5000 2128.6406   12.3504
    0.0000  -45.0000  -37.5000 2134.4763   12.3444
    7.5000  -45.0000  -37.5000 2123.6655   12.3954
   -7.5000  -37.5000  -37.5000 2175.7429   11.8179
    0.0000  -37.5000  -37.5000 2189.3406   11.8183
    7.5000  -37.5000  -37.5000 2177.0237   11.8798
   -7.5000  -30.0000  -37.5000 2223.5601   11.3605
    0.0000  -30.0000  -37.5000 2239.9512   11.3152
    7.5000  -30.0000  -37.5000 2225.8054   11.3566
   -7.5000  -22.5000  -37.5000 2272.3254   10.9769
    0.0000  -22.5000  -37.5000 2286.8413   10.9418
    7.5000  -22.5000  -37.5000 2273.7041   10.9685
   -7.5000  -15.0000  -37.5000 2308.0256   10.6458
    0.0000  -15.0000  -37.5000 2323.7451   10.6159
    7.5000  -15.0000  -37.5000 2308.2112   10.6437
   -7.5000   -7.5000  -37.5000 2331.0769   10.4083
    0.0000   -7.5000  -37.5000 2347.3521   10.3761
    7.5000   -7.5000  -37.5000 2330.3044   10.3947
   -7.5000    0.0000  -37.5000 2337.0950   10.2120
    0.0000    0.0000  -37.5000 2359.8755   10.1553
    7.5000    0.0000  -37.5000 2340.6978   10.2018
   -7.5000    7.5000  -37.5000 2347.7222   10.0434
    0.0000    7.5000  -37.5000 2373.0916    9.9694
    7.5000    7.5000  -37.5000 2349.1592   10.0229
   -7.5000   15.0000  -37.5000 2359.0366   10.0158
    0.0000   15.0000  -37.5000 2385.5876    9.9214
    7.5000   15.0000  -37.5000 2363.3711    9.9488
   -7.5000   22.5000  -37.5000 2352.8318   10.1075
    0.0000   22.5000  -37.5000 2377.9021    9.9993
    7.5000   22.5000  -37.5000 2359.7253   10.0296
   -7.5000   30.0000  -37.5000 2318.6179   10.3951
    0.0000   30.0000  -37.5000 2349.6843   10.2883
    7.5000   30.0000  -37.5000 2337.6162   10.3123
   -7.5000   37.5000  -37.5000 2244.3965   10.7599
    0.0000   37.5000  -37.5000 2276.7654   10.6687
    7.5000   37.5000  -37.5000 2261.7427   10.6560
   -7.5000   45.0000  -37.5000 2130.1147   11.1560
    0.0000   45.0000  -37.5000 2156.2490   11.0506
    7.5000   45.0000  -37.5000 2140.2290   11.0709
   -7.5000  -45.0000  -30.0000 2258.3469   12.0613
    0.0000  -45.0000  -30.0000 2277.1824   12.0233
    7.5000  -45.0000  -30.0000 2263.3198   12.0459
   -7.5000  -37.5000  -30.0000 2310.0974   11.5234
    0.0000  -37.5000  -30.0000 2330.2659   11.5080
    7.5000  -37.5000  -30.0000 2318.0461   11.5297
   -7.5000  -30.0000  -30.0000 2365.0535   11.0940
    0.0000  -30.0000  -30.0000 2391.9236   11.0667
    7.5000  -30.0000  -30.0000 2373.7671   11.0811
   -7.5000  -22.5000  -30.0000 2416.9927   10.7297
    0.0000  -22.5000  -30.0000 2439.2183   10.7048
    7.5000  -22.5000  -30.0000 2422.7808   10.7107
   -7.5000  -15.0000  -30.0000 2452.2366   10.4135
    0.0000  -15.0000  -30.0000 2477.8291   10.3872
    7.5000  -15.0000  -30.0000 2458.2471   10.3802
   -7.5000   -7.5000  -30.0000 2479.9426   10.1657
    0.0000   -7.5000  -30.0000 2503.7485   10.1139
    7.5000   -7.5000  -30.0000 2484.1035   10.1249
   -7.5000    0.0000  -30.0000 2496.5139    9.9651
    0.0000    0.0000  -30.0000 2518.6355    9.9245
    7.5000    0.0000  -30.0000 2501.8838    9.9293
   -7.5000    7.5000  -30.0000 2510.0093    9.8022
    0.0000    7.5000  -30.0000 2530.0544    9.7410
    7.5000    7.5000  -30.0000 2510.7041    9.7783
   -7.5000   15.0000  -30.0000 2514.5186    9.7820
    0.0000   15.0000  -30.0000 2539.0464    9.6815
    7.5000   15.0000  -30.0000 2518.1716    9.7195
   -7.5000   22.5000  -30.0000 2507.4685    9.8681
    0.0000   22.5000  -30.0000 2533.1448    9.7776
    7.5000   22.5000  -30.0000 2517.6384    9.8016
   -7.5000   30.0000  -30.0000 2475.7715   10.1353
    0.0000   30.0000  -30.0000 2508.7219   10.0413
    7.5000   30.0000  -30.0000 2493.7939   10.0561
   -7.5000   37.5000  -30.0000 2398.7598   10.4773
    0.0000   37.5000  -30.0000 2438.8652   10.3770
    7.5000   37.5000  -30.0000 2420.9941   10.3885
   -7.5000   45.0000  -30.0000 2279.5562   10.8600
    0.0000   45.0000  -30.0000 2314.3057   10.7497
    7.5000   45.0000  -30.0000 2298.6138   10.7643
   -7.5000  -45.0000  -22.5000 2383.0488   11.6600
    0.0000  -45.0000  -22.5000 2400.2795   11.6340
    7.5000  -45.0000  -22.5000 2387.8181   11.6815
   -7.5000  -37.5000  -22.5000 2439.5237   11.1578
    0.0000  -37.5000  -22.5000 2459.3982   11.1268
    7.5000  -37.5000  -22.5000 2449.7256   11.1540
   -7.5000  -30.0000  -22.5000 2495.8101   10.7379
    0.0000  -30.0000  -22.5000 2523.0881   10.6927
    7.5000  -30.0000  -22.5000 2505.6509   10.6796
   -7.5000  -22.5000  -22.5000 2541.6135   10.3581
    0.0000  -22.5000  -22.5000 2566.3887   10.2976
    7.5000  -22.5000  -22.5000 2548.0061   10.2916
   -7.5000  -15.0000  -22.5000 2576.4949   10.0530
    0.0000  -15.0000  -22.5000 2600.3562    9.9917
    7.5000  -15.0000  -22.5000 2582.0356    9.9891
   -7.5000   -7.5000  -22.5000 2608.1147    9.8050
    0.0000   -7.5000  -22.5000 2632.5505    9.7471
    7.5000   -7.5000  -22.5000 2612.1606    9.7131
   -7.5000    0.0000  -22.5000 2635.3450    9.6204
    0.0000    0.0000  -22.5000 2658.9382    9.5384
    7.5000    0.0000  -22.5000 2641.0225    9.5173
   -7.5000    7.5000  -22.5000 2654.5901    9.4620
    0.0000    7.5000  -22.5000 2670.1792    9.3891
    7.5000    7.5000  -22.5000 2655.9563    9.3915
   -7.5000   15.0000  -22.5000 2653.2886    9.4415
    0.0000   15.0000  -22.5000 2677.1863    9.3514
    7.5000   15.0000  -22.5000 2656.6714    9.3703
   -7.5000   22.5000  -22.5000 2644.4443    9.5262
    0.0000   22.5000  -22.5000 2676.1792    9.4439
    7.5000   22.5000  -22.5000 2654.3806    9.4682
   -7.5000   30.0000  -22.5000 2613.8684    9.8012
    0.0000   30.0000  -22.5000 2654.9421    9.7018
    7.5000   30.0000  -22.5000 2631.1326    9.7134
   -7.5000   37.5000  -22.5000 2536.1013   10.1435
    0.0000   37.5000  -22.5000 2575.8848   10.0162
    7.5000   37.5000  -22.5000 2555.1609   10.0413
   -7.5000   45.0000  -22.5000 2409.9214   10.5018
    0.0000   45.0000  -22.5000 2445.4055   10.3601
    7.5000   45.0000  -22.5000 2426.6445   10.3884
   -7.5000  -45.0000  -15.0000 2469.6250   11.3119
    0.0000  -45.0000  -15.0000 2488.7903   11.2251
    7.5000  -45.0000  -15.0000 2470.9016   11.2911
   -7.5000  -37.5000  -15.0000 2528.7095   10.8242
    0.0000  -37.5000  -15.0000 2554.8887   10.7222
    7.5000  -37.5000  -15.0000 2536.6262   10.7738
   -7.5000  -30.0000  -15.0000 2583.5042   10.3699
    0.0000  -30.0000  -15.0000 2616.5867   10.2629
    7.5000  -30.0000  -15.0000 2593.2319   10.2914
   -7.5000  -22.5000  -15.0000 2626.3882    9.9667
    0.0000  -22.5000  -15.0000 2656.9248    9.8528
    7.5000  -22.5000  -15.0000 2635.6162    9.8766
   -7.5000  -15.0000  -15.0000 2662.7349    9.6500
    0.0000  -15.0000  -15.0000 2689.5081    9.5477
    7.5000  -15.0000  -15.0000 2671.7302    9.5696
   -7.5000   -7.5000  -15.0000 2696.1738    9.4051
    0.0000   -7.5000  -15.0000 2728.2466    9.3099
    7.5000   -7.5000  -15.0000 2711.2996    9.3207
   -7.5000    0.0000  -15.0000 2728.2468    9.2185
    0.0000    0.0000  -15.0000 2755.6562    9.1090
    7.5000    0.0000  -15.0000 2736.9900    9.1091
   -7.5000    7.5000  -15.0000 2750.4836    9.0582
    0.0000    7.5000  -15.0000 2775.7629    8.9393
    7.5000    7.5000  -15.0000 2756.9702    8.9429
   -7.5000   15.0000  -15.0000 2759.4983    9.0091
    0.0000   15.0000  -15.0000 2787.1851    8.8965
    7.5000   15.0000  -15.0000 2766.8018    8.9030
   -7.5000   22.5000  -15.0000 2751.8892    9.1249
    0.0000   22.5000  -15.0000 2788.4502    9.0060
    7.5000   22.5000  -15.0000 2762.1741    9.0324
   -7.5000   30.0000  -15.0000 2719.6450    9.4186
    0.0000   30.0000  -15.0000 2762.9719    9.2729
    7.5000   30.0000  -15.0000 2735.1938    9.2992
   -7.5000   37.5000  -15.0000 2642.3198    9.7572
    0.0000   37.5000  -15.0000 2674.9548    9.5856
    7.5000   37.5000  -15.0000 2654.7146    9.6318
   -7.5000   45.0000  -15.0000 2507.6614   10.1001
    0.0000   45.0000  -15.0000 2538.2952    9.9438
    7.5000   45.0000  -15.0000 2521.2568   10.0012
   -7.5000  -45.0000   -7.5000 2504.6113   10.9663
    0.0000  -45.0000   -7.5000 2532.5332   10.8240
    7.5000  -45.0000   -7.5000 2515.0901   10.8822
   -7.5000  -37.5000   -7.5000 2565.0547   10.4457
    0.0000  -37.5000   -7.5000 2593.1355   10.3055
    7.5000  -37.5000   -7.5000 2573.7346   10.3660
   -7.5000  -30.0000   -7.5000 2614.9053   10.0088
    0.0000  -30.0000   -7.5000 2646.0881    9.8346
    7.5000  -30.0000   -7.5000 2625.4258    9.8966
   -7.5000  -22.5000   -7.5000 2665.8884    9.6118
    0.0000  -22.5000   -7.5000 2693.4854    9.4444
    7.5000  -22.5000   -7.5000 2675.2737    9.4963
   -7.5000  -15.0000   -7.5000 2705.7761    9.2945
    0.0000  -15.0000   -7.5000 2731.3779    9.1515
    7.5000  -15.0000   -7.5000 2714.6626    9.1725
   -7.5000   -7.5000   -7.5000 2743.6453    9.0477
    0.0000   -7.5000   -7.5000 2767.4558    8.9208
    7.5000   -7.5000   -7.5000 2752.0505    8.9553
   -7.5000    0.0000   -7.5000 2773.7065    8.8413
    0.0000    0.0000   -7.5000 2805.7256    8.7324
    7.5000    0.0000   -7.5000 2785.5015    8.7611
   -7.5000    7.5000   -7.5000 2796.7844    8.6627
    0.0000    7.5000   -7.5000 2834.0056    8.4829
    7.5000    7.5000   -7.5000 2807.8628    8.5244
   -7.5000   15.0000   -7.5000 2816.6436    8.6053
    0.0000   15.0000   -7.5000 2846.4558    8.3841
    7.5000   15.0000   -7.5000 2820.4990    8.4401
   -7.5000   22.5000   -7.5000 2817.2393    8.7169
    0.0000   22.5000   -7.5000 2847.4578    8.5015
    7.5000   22.5000   -7.5000 2821.0488    8.5620
   -7.5000   30.0000   -7.5000 2782.6028    8.9985
    0.0000   30.0000   -7.5000 2810.9609    8.7965
    7.5000   30.0000   -7.5000 2787.9739    8.8686
   -7.5000   37.5000   -7.5000 2704.6255    9.3312
    0.0000   37.5000   -7.5000 2725.0647    9.1352
    7.5000   37.5000   -7.5000 2708.8682    9.2380
   -7.5000   45.0000   -7.5000 2564.5535    9.7053
    0.0000   45.0000   -7.5000 2586.4841    9.5156
    7.5000   45.0000   -7.5000 2572.2344    9.6308
   -7.5000  -45.0000    0.0000 2535.7861   10.9235
    0.0000  -45.0000    0.0000 2564.3154   10.7121
    7.5000  -45.0000    0.0000 2551.3894   10.8325
   -7.5000  -37.5000    0.0000 2590.3630   10.3435
    0.0000  -37.5000    0.0000 2617.8218   10.1304
    7.5000  -37.5000    0.0000 2606.8496   10.2437
   -7.5000  -30.0000    0.0000 2635.0645    9.8528
    0.0000  -30.0000    0.0000 2661.4543    9.6399
    7.5000  -30.0000    0.0000 2653.9666    9.7385
   -7.5000  -22.5000    0.0000 2682.3281    9.4236
    0.0000  -22.5000    0.0000 2707.0295    9.2412
    7.5000  -22.5000    0.0000 2694.4089    9.3168
   -7.5000  -15.0000    0.0000 2725.1846    9.1181
    0.0000  -15.0000    0.0000 2753.6104    8.9441
    7.5000  -15.0000    0.0000 2738.4712    8.9968
   -7.5000   -7.5000    0.0000 2769.1577    8.8860
    0.0000   -7.5000    0.0000 2796.0303    8.7383
    7.5000   -7.5000    0.0000 2779.9224    8.7887
   -7.5000    0.0000    0.0000 2804.1978    8.6954
    0.0000    0.0000    0.0000 2839.0627    8.5984
    7.5000    0.0000    0.0000 2820.5935    8.6395
   -7.5000    7.5000    0.0000 2830.8228    8.4979
    0.0000    7.5000    0.0000 2876.9934    8.2972
    7.5000    7.5000    0.0000 2848.7258    8.3805
   -7.5000   15.0000    0.0000 2867.9351    8.4019
    0.0000   15.0000    0.0000 2888.8130    8.1107
    7.5000   15.0000    0.0000 2866.8960    8.2161
   -7.5000   22.5000    0.0000 2868.0325    8.4941
    0.0000   22.5000    0.0000 2883.1030    8.2335
    7.5000   22.5000    0.0000 2859.9207    8.3488
   -7.5000   30.0000    0.0000 2833.9534    8.7548
    0.0000   30.0000    0.0000 2855.0525    8.5515
    7.5000   30.0000    0.0000 2837.7019    8.6756
   -7.5000   37.5000    0.0000 2746.5046    9.0958
    0.0000   37.5000    0.0000 2775.1831    8.9480
    7.5000   37.5000    0.0000 2756.6182    9.0626
   -7.5000   45.0000    0.0000 2604.7114    9.5154
    0.0000   45.0000    0.0000 2633.8347    9.3958
    7.5000   45.0000    0.0000 2619.9482    9.4782
   -7.5000  -45.0000    7.5000 2542.4202   10.8874
    0.0000  -45.0000    7.5000 2564.8708   10.6684
    7.5000  -45.0000    7.5000 2559.9238   10.8364
   -7.5000  -37.5000    7.5000 2592.1060   10.2687
    0.0000  -37.5000    7.5000 2618.6204   10.0402
    7.5000  -37.5000    7.5000 2611.6477   10.1813
   -7.5000  -30.0000    7.5000 2625.4734    9.7763
    0.0000  -30.0000    7.5000 2652.3362    9.5310
    7.5000  -30.0000    7.5000 2649.4587    9.6799
   -7.5000  -22.5000    7.5000 2667.8330    9.3425
    0.0000  -22.5000    7.5000 2696.1018    9.1195
    7.5000  -22.5000    7.5000 2690.2788    9.2436
   -7.5000  -15.0000    7.5000 2714.5786    9.0006
    0.0000  -15.0000    7.5000 2741.5635    8.7939
    7.5000  -15.0000    7.5000 2735.7075    8.9185
   -7.5000   -7.5000    7.5000 2761.2070    8.7741
    0.0000   -7.5000    7.5000 2784.6282    8.6064
    7.5000   -7.5000    7.5000 2779.5093    8.6942
   -7.5000    0.0000    7.5000 2807.8044    8.6321
    0.0000    0.0000    7.5000 2835.5557    8.5118
    7.5000    0.0000    7.5000 2827.3257    8.5806
   -7.5000    7.5000    7.5000 2846.0242    8.4978
    0.0000    7.5000    7.5000 2888.9998    8.3534
    7.5000    7.5000    7.5000 2863.2402    8.4563
   -7.5000   15.0000    7.5000 2871.5925    8.3419
    0.0000   15.0000    7.5000 2900.6294    8.1163
    7.5000   15.0000    7.5000 2876.5835    8.2850
   -7.5000   22.5000    7.5000 2870.6621    8.3620
    0.0000   22.5000    7.5000 2900.2192    8.1379
    7.5000   22.5000    7.5000 2875.0586    8.3307
   -7.5000   30.0000    7.5000 2842.9778    8.5882
    0.0000   30.0000    7.5000 2874.2646    8.4349
    7.5000   30.0000    7.5000 2852.7859    8.5739
   -7.5000   37.5000    7.5000 2765.9077    9.0012
    0.0000   37.5000    7.5000 2793.1865    8.8772
    7.5000   37.5000    7.5000 2771.8723    8.9668
   -7.5000   45.0000    7.5000 2620.0513    9.4811
    0.0000   45.0000    7.5000 2647.5591    9.3753
    7.5000   45.0000    7.5000 2632.7312    9.4192
   -7.5000  -45.0000   15.0000 2538.2021   10.9223
    0.0000  -45.0000   15.0000 2555.6362   10.6420
    7.5000  -45.0000   15.0000 2554.4600   10.8683
   -7.5000  -37.5000   15.0000 2581.8313   10.2555
    0.0000  -37.5000   15.0000 2607.1797    9.9813
    7.5000  -37.5000   15.0000 2601.1934   10.1623
   -7.5000  -30.0000   15.0000 2610.4294    9.7580
    0.0000  -30.0000   15.0000 2635.8296    9.4781
    7.5000  -30.0000   15.0000 2631.3936    9.6396
   -7.5000  -22.5000   15.0000 2645.5813    9.3174
    0.0000  -22.5000   15.0000 2670.5735    9.0698
    7.5000  -22.5000   15.0000 2664.8274    9.2300
   -7.5000  -15.0000   15.0000 2687.3838    9.0071
    0.0000  -15.0000   15.0000 2708.8132    8.7862
    7.5000  -15.0000   15.0000 2704.7881    8.9327
   -7.5000   -7.5000   15.0000 2731.9548    8.8104
    0.0000   -7.5000   15.0000 2755.1614    8.5974
    7.5000   -7.5000   15.0000 2747.0835    8.7502
   -7.5000    0.0000   15.0000 2783.1694    8.7020
    0.0000    0.0000   15.0000 2811.1401    8.5628
    7.5000    0.0000   15.0000 2802.6606    8.7078
   -7.5000    7.5000   15.0000 2826.1707    8.6376
    0.0000    7.5000   15.0000 2863.3701    8.4764
    7.5000    7.5000   15.0000 2842.2354    8.6721
   -7.5000   15.0000   15.0000 2850.2441    8.5439
    0.0000   15.0000   15.0000 2887.3530    8.3538
    7.5000   15.0000   15.0000 2863.7380    8.5875
   -7.5000   22.5000   15.0000 2853.3599    8.5305
    0.0000   22.5000   15.0000 2902.9607    8.4023
    7.5000   22.5000   15.0000 2869.0103    8.5869
   -7.5000   30.0000   15.0000 2832.4678    8.7316
    0.0000   30.0000   15.0000 2875.2192    8.6500
    7.5000   30.0000   15.0000 2848.3342    8.7644
   -7.5000   37.5000   15.0000 2759.5457    9.1295
    0.0000   37.5000   15.0000 2789.0801    9.0260
    7.5000   37.5000   15.0000 2765.2878    9.0946
   -7.5000   45.0000   15.0000 2606.9629    9.6192
    0.0000   45.0000   15.0000 2634.1978    9.4995
    7.5000   45.0000   15.0000 2618.3000    9.5317
   -7.5000  -45.0000   22.5000 2505.3884   11.0236
    0.0000  -45.0000   22.5000 2531.3289   10.7237
    7.5000  -45.0000   22.5000 2529.2639   10.9580
   -7.5000  -37.5000   22.5000 2551.9993   10.3438
    0.0000  -37.5000   22.5000 2579.8733   10.0290
    7.5000  -37.5000   22.5000 2575.9136   10.2470
   -7.5000  -30.0000   22.5000 2574.7104    9.8345
    0.0000  -30.0000   22.5000 2602.1584    9.5389
    7.5000  -30.0000   22.5000 2598.6309    9.7427
   -7.5000  -22.5000   22.5000 2603.4153    9.4380
    0.0000  -22.5000   22.5000 2626.2629    9.1532
    7.5000  -22.5000   22.5000 2623.4561    9.3515
   -7.5000  -15.0000   22.5000 2642.2046    9.1628
    0.0000  -15.0000   22.5000 2656.3838    8.8947
    7.5000  -15.0000   22.5000 2652.6228    9.0991
   -7.5000   -7.5000   22.5000 2686.3252    9.0170
    0.0000   -7.5000   22.5000 2701.1301    8.7883
    7.5000   -7.5000   22.5000 2695.1118    8.9889
   -7.5000    0.0000   22.5000 2746.3906    8.9606
    0.0000    0.0000   22.5000 2768.8206    8.7738
    7.5000    0.0000   22.5000 2755.9370    8.9604
   -7.5000    7.5000   22.5000 2788.3313    8.8560
    0.0000    7.5000   22.5000 2816.4841    8.6285
    7.5000    7.5000   22.5000 2798.2981    8.9083
   -7.5000   15.0000   22.5000 2818.6489    8.8282
    0.0000   15.0000   22.5000 2857.5010    8.6028
    7.5000   15.0000   22.5000 2829.5330    8.8458
   -7.5000   22.5000   22.5000 2825.7661    8.9010
    0.0000   22.5000   22.5000 2870.1638    8.7560
    7.5000   22.5000   22.5000 2838.9136    8.9043
   -7.5000   30.0000   22.5000 2802.6145    9.1144
    0.0000   30.0000   22.5000 2835.8843    9.0063
    7.5000   30.0000   22.5000 2812.3777    9.1126
   -7.5000   37.5000   22.5000 2722.0276    9.4586
    0.0000   37.5000   22.5000 2747.2605    9.3587
    7.5000   37.5000   22.5000 2725.5256    9.4402
   -7.5000   45.0000   22.5000 2575.3179    9.9013
    0.0000   45.0000   22.5000 2600.2896    9.7795
    7.5000   45.0000   22.5000 2580.1682    9.8372
   -7.5000  -45.0000   30.0000 2454.5640   11.2823
    0.0000  -45.0000   30.0000 2477.7339   10.9901
    7.5000  -45.0000   30.0000 2473.4773   11.1778
   -7.5000  -37.5000   30.0000 2500.8313   10.5866
    0.0000  -37.5000   30.0000 2529.8601   10.2540
    7.5000  -37.5000   30.0000 2522.6438   10.4824
   -7.5000  -30.0000   30.0000 2524.9695   10.0696
    0.0000  -30.0000   30.0000 2547.9492    9.7306
    7.5000  -30.0000   30.0000 2543.8992    9.9751
   -7.5000  -22.5000   30.0000 2556.7058    9.7108
    0.0000  -22.5000   30.0000 2573.6045    9.4117
    7.5000  -22.5000   30.0000 2573.7932    9.6325
   -7.5000  -15.0000   30.0000 2602.0806    9.5049
    0.0000  -15.0000   30.0000 2613.4080    9.2310
    7.5000  -15.0000   30.0000 2605.3760    9.4424
   -7.5000   -7.5000   30.0000 2649.2625    9.4003
    0.0000   -7.5000   30.0000 2659.4639    9.1585
    7.5000   -7.5000   30.0000 2653.2002    9.3402
   -7.5000    0.0000   30.0000 2694.9780    9.3073
    0.0000    0.0000   30.0000 2717.0327    9.0891
    7.5000    0.0000   30.0000 2701.5684    9.3074
   -7.5000    7.5000   30.0000 2737.5032    9.1863
    0.0000    7.5000   30.0000 2758.0537    8.9517
    7.5000    7.5000   30.0000 2737.2764    9.2112
   -7.5000   15.0000   30.0000 2769.7549    9.2347
    0.0000   15.0000   30.0000 2800.5081    9.0006
    7.5000   15.0000   30.0000 2766.6138    9.1960
   -7.5000   22.5000   30.0000 2773.3435    9.3793
    0.0000   22.5000   30.0000 2797.8943    9.2097
    7.5000   22.5000   30.0000 2778.2568    9.3566
   -7.5000   30.0000   30.0000 2731.4226    9.6458
    0.0000   30.0000   30.0000 2761.7346    9.4730
    7.5000   30.0000   30.0000 2750.0415    9.6053
   -7.5000   37.5000   30.0000 2649.0027    9.9558
    0.0000   37.5000   30.0000 2675.9929    9.8189
    7.5000   37.5000   30.0000 2662.6389    9.9207
   -7.5000   45.0000   30.0000 2520.3088   10.3303
    0.0000   45.0000   30.0000 2544.7144   10.2115
    7.5000   45.0000   30.0000 2525.1682   10.2682
   -7.5000  -45.0000   37.5000 2391.4746   11.7490
    0.0000  -45.0000   37.5000 2409.5735   11.4538
    7.5000  -45.0000   37.5000 2404.4734   11.5797
   -7.5000  -37.5000   37.5000 2439.1238   11.0528
    0.0000  -37.5000   37.5000 2457.1118   10.7567
    7.5000  -37.5000   37.5000 2450.1023   10.9289
   -7.5000  -30.0000   37.5000 2474.0186   10.5331
    0.0000  -30.0000   37.5000 2493.5527   10.2474
    7.5000  -30.0000   37.5000 2483.7783   10.4524
   -7.5000  -22.5000   37.5000 2512.6714   10.1969
    0.0000  -22.5000   37.5000 2527.4626    9.9172
    7.5000  -22.5000   37.5000 2518.9001   10.1307
   -7.5000  -15.0000   37.5000 2560.1216    9.9689
    0.0000  -15.0000   37.5000 2570.7781    9.7234
    7.5000  -15.0000   37.5000 2556.6536    9.9420
   -7.5000   -7.5000   37.5000 2599.4890    9.8593
    0.0000   -7.5000   37.5000 2616.3760    9.6219
    7.5000   -7.5000   37.5000 2595.8884    9.8240
   -7.5000    0.0000   37.5000 2638.4250    9.7510
    0.0000    0.0000   37.5000 2659.4873    9.5237
    7.5000    0.0000   37.5000 2634.9619    9.7533
   -7.5000    7.5000   37.5000 2673.5542    9.6707
    0.0000    7.5000   37.5000 2696.5247    9.4387
    7.5000    7.5000   37.5000 2667.5476    9.6570
   -7.5000   15.0000   37.5000 2700.1125    9.7532
    0.0000   15.0000   37.5000 2722.5627    9.5267
    7.5000   15.0000   37.5000 2692.9270    9.6954
   -7.5000   22.5000   37.5000 2690.0459    9.9487
    0.0000   22.5000   37.5000 2708.8833    9.7391
    7.5000   22.5000   37.5000 2693.6013    9.9109
   -7.5000   30.0000   37.5000 2645.6699   10.2285
    0.0000   30.0000   37.5000 2671.9775   10.0503
    7.5000   30.0000   37.5000 2656.5728   10.2037
   -7.5000   37.5000   37.5000 2572.4019   10.5416
    0.0000   37.5000   37.5000 2600.4810   10.3912
    7.5000   37.5000   37.5000 2579.4109   10.5134
   -7.5000   45.0000   37.5000 2449.6135   10.8981
    0.0000   45.0000   37.5000 2477.2944   10.7776
    7.5000   45.0000   37.5000 2452.2666   10.8781
   -7.5000  -45.0000   45.0000 2307.3699   12.4183
    0.0000  -45.0000   45.0000 2317.0564   12.1241
    7.5000  -45.0000   45.0000 2303.9790   12.1831
   -7.5000  -37.5000   45.0000 2359.6777   11.6845
    0.0000  -37.5000   45.0000 2368.9900   11.4301
    7.5000  -37.5000   45.0000 2357.4575   11.5508
   -7.5000  -30.0000   45.0000 2396.3677   11.0771
    0.0000  -30.0000   45.0000 2414.8879   10.8646
    7.5000  -30.0000   45.0000 2403.8169   11.0565
   -7.5000  -22.5000   45.0000 2441.5662   10.7266
    0.0000  -22.5000   45.0000 2464.5583   10.5085
    7.5000  -22.5000   45.0000 2439.9238   10.7123
   -7.5000  -15.0000   45.0000 2482.7671   10.5076
    0.0000  -15.0000   45.0000 2503.5593   10.3125
    7.5000  -15.0000   45.0000 2474.4958   10.5042
   -7.5000   -7.5000   45.0000 2517.3960   10.3826
    0.0000   -7.5000   45.0000 2540.8687   10.1852
    7.5000   -7.5000   45.0000 2508.3811   10.3753
   -7.5000    0.0000   45.0000 2539.8794   10.2659
    0.0000    0.0000   45.0000 2569.9226   10.0696
    7.5000    0.0000   45.0000 2534.2207   10.2749
   -7.5000    7.5000   45.0000 2570.4104   10.1955
    0.0000    7.5000   45.0000 2594.9771    9.9915
    7.5000    7.5000   45.0000 2559.9260   10.1965
   -7.5000   15.0000   45.0000 2584.8337   10.3087
    0.0000   15.0000   45.0000 2609.0273   10.1081
    7.5000   15.0000   45.0000 2581.1716   10.2591
   -7.5000   22.5000   45.0000 2570.4041   10.5382
    0.0000   22.5000   45.0000 2592.4739   10.3538
    7.5000   22.5000   45.0000 2579.6023   10.5071
   -7.5000   30.0000   45.0000 2533.5339   10.8649
    0.0000   30.0000   45.0000 2556.8462   10.7007
    7.5000   30.0000   45.0000 2542.8552   10.8382
   -7.5000   37.5000   45.0000 2461.3706   11.2304
    0.0000   37.5000   45.0000 2485.5300   11.0787
    7.5000   37.5000   45.0000 2465.3931   11.2129
   -7.5000   45.0000   45.0000 2357.0962   11.5397
    0.0000   45.0000   45.0000 2382.8628   11.4013
    7.5000   45.0000   45.0000 2352.5183   11.4947

---------------------------------------------------------------------
imgreg_4dfp /opt/freesurfer/average/711-2C_as_mni_average_305 /opt/freesurfer/average/711-2B_as_mni_average_305_mask talsrcimg_g11 none talsrcimg_to_711-2C_as_mni_average_305_t4 1283
---------------------------------------------------------------------

freesurfer imgreg_4dfp.c
/opt/freesurfer/average/711-2C_as_mni_average_305.4dfp.img
       256       256       256         1
  1.000000  1.000000  1.000000
orientation T byte_order littleendian
Reading image: /opt/freesurfer/average/711-2C_as_mni_average_305.4dfp.img
dimensions:      256       256       256
mmppix:       1.0000   -1.0000   -1.0000
center:     128.0000 -129.0000 -129.0000
/opt/freesurfer/average/711-2B_as_mni_average_305_mask.4dfp.img
       256       256       256         1
  1.000000  1.000000  1.000000
orientation T byte_order littleendian
Reading mask: /opt/freesurfer/average/711-2B_as_mni_average_305_mask.4dfp.img (2306576 pixels)
talsrcimg_g11.4dfp.img
       288       288       288         1
  0.798611  0.798611  0.798611
orientation T byte_order littleendian
Reading image: talsrcimg_g11.4dfp.img
dimensions:      288       288       288
mmppix:       0.7986   -0.7986   -0.7986
center:     115.0000 -115.7986 -115.7986
rotation matrix determinant  1.000000
fimgreg.f
image alignment mode   1283 decimal      503 hex
parameters
    0.0000   22.5000   15.0000    0.0000    0.0000    0.0000
eta,q 0.90898  8.40946
niter,ni,del,rscale     5    3   12.0000    1.2000
parameter  2  0.504319 ->  0.500000 qaram    1.1500
parameter  3 12.261730 ->  0.500000 qaram    1.1500
parameter  4  0.904302 ->  0.500000 qaram    1.1500
parameters
    2.1990   19.0500   11.5500   -3.4500    2.0095   -0.6395
eta,q 0.91322  8.17289
  0.1073  0.0952  0.0901  0.0865  0.0949  0.0892
  0.1036  0.0934  0.0904  0.0877  0.0919  0.0880
  0.0980  0.0929  0.0926  0.0894  0.0898  0.0870
  0.0945  0.0943  0.0932  0.0909  0.0883  0.0868
  0.0941  0.0970  0.0925  0.0931  0.0868  0.0873
  0.0952  0.0990  0.0934  0.0983  0.0871  0.0886
  0.0973  0.1002  0.0956  0.1045  0.0899  0.0909
niter,ni,del,rscale     7    3   12.0000    1.2000
parameter  4  0.809492 ->  0.500000 qaram    1.3225
parameters
    0.4508   20.1612   11.7354   -7.4175    2.4941   -0.9412
eta,q 0.91642  8.19456
  0.0893  0.0930  0.0932  0.0830  0.0883  0.0878
  0.0875  0.0913  0.0914  0.0834  0.0853  0.0856
  0.0870  0.0897  0.0870  0.0836  0.0843  0.0843
  0.0868  0.0869  0.0855  0.0856  0.0837  0.0835
  0.0884  0.0848  0.0874  0.0904  0.0836  0.0840
  0.0921  0.0871  0.0899  0.0957  0.0852  0.0859
  0.0992  0.0918  0.0929  0.1001  0.0867  0.0892
niter,ni,del,rscale     7    3   12.0000    1.2000
parameter  4  1.077717 ->  0.500000 qaram    1.5209
parameters
    0.6029   23.0787   11.5267  -11.9801    2.5928   -1.7977
eta,q 0.92294  8.18658
  0.0912  0.0919  0.0891  0.0755  0.0811  0.0820
  0.0859  0.0877  0.0874  0.0769  0.0778  0.0794
  0.0848  0.0839  0.0841  0.0786  0.0772  0.0776
  0.0836  0.0835  0.0821  0.0821  0.0772  0.0772
  0.0837  0.0824  0.0825  0.0842  0.0776  0.0792
  0.0858  0.0821  0.0864  0.0892  0.0786  0.0822
  0.0905  0.0836  0.0918  0.0965  0.0801  0.0848
niter,ni,del,rscale     7    3   12.0000    1.2000
parameter  4  0.791657 ->  0.500000 qaram    1.7490
parameters
    0.4383   25.6177   10.3704  -17.2272    3.0474   -1.8827
eta,q 0.92961  8.14439
  0.0863  0.0882  0.0818  0.0724  0.0750  0.0773
  0.0818  0.0857  0.0768  0.0702  0.0725  0.0740
  0.0796  0.0812  0.0750  0.0723  0.0713  0.0713
  0.0771  0.0772  0.0764  0.0755  0.0705  0.0704
  0.0770  0.0763  0.0780  0.0812  0.0705  0.0711
  0.0811  0.0773  0.0814  0.0863  0.0718  0.0738
  0.0896  0.0804  0.0863  0.0932  0.0739  0.0781
niter,ni,del,rscale     7    3   12.0000    1.2000
parameters
   -0.1249   26.4395   10.1723  -18.2649    3.4165   -1.4825
eta,q 0.93012  8.15733
  0.0794  0.0852  0.0810  0.0811  0.0762  0.0778
  0.0721  0.0803  0.0744  0.0755  0.0730  0.0741
  0.0705  0.0734  0.0711  0.0719  0.0709  0.0712
  0.0704  0.0703  0.0702  0.0702  0.0700  0.0699
  0.0719  0.0710  0.0716  0.0735  0.0703  0.0703
  0.0755  0.0750  0.0766  0.0794  0.0721  0.0725
  0.0832  0.0805  0.0814  0.0856  0.0749  0.0762
niter,ni,del,rscale     6    3   12.0000    1.2000
parameters
   -0.3526   26.7183   10.1073  -18.6503    3.3760   -1.3193
eta,q 0.92998  8.16438
  0.0817  0.0836  0.0814  0.0817  0.0761  0.0772
  0.0730  0.0772  0.0754  0.0764  0.0728  0.0735
  0.0700  0.0714  0.0712  0.0728  0.0707  0.0709
  0.0699  0.0699  0.0700  0.0700  0.0700  0.0700
  0.0715  0.0720  0.0712  0.0720  0.0708  0.0707
  0.0755  0.0761  0.0759  0.0775  0.0729  0.0729
  0.0825  0.0811  0.0817  0.0840  0.0762  0.0765
niter,ni,del,rscale     5    3   12.0000    1.2000
parameters
   -0.3421   26.8300   10.0496  -18.8289    3.3341   -1.2640
eta,q 0.92988  8.16645
  0.0833  0.0828  0.0814  0.0817  0.0763  0.0769
  0.0741  0.0761  0.0756  0.0768  0.0730  0.0733
  0.0703  0.0709  0.0714  0.0730  0.0708  0.0708
  0.0700  0.0700  0.0701  0.0701  0.0701  0.0701
  0.0714  0.0723  0.0714  0.0716  0.0709  0.0709
  0.0752  0.0762  0.0759  0.0768  0.0731  0.0730
  0.0820  0.0811  0.0818  0.0835  0.0764  0.0767
niter,ni,del,rscale     4    3   12.0000    1.2000
parameters
   -0.3218   26.8769   10.0104  -18.9152    3.3183   -1.2426
eta,q 0.92983  8.16658
  0.0835  0.0825  0.0815  0.0817  0.0764  0.0768
  0.0743  0.0756  0.0758  0.0770  0.0731  0.0732
  0.0704  0.0708  0.0715  0.0730  0.0709  0.0708
  0.0701  0.0701  0.0702  0.0701  0.0702  0.0702
  0.0715  0.0724  0.0715  0.0714  0.0710  0.0709
  0.0754  0.0762  0.0759  0.0764  0.0731  0.0731
  0.0822  0.0810  0.0818  0.0832  0.0765  0.0767
registration optimization eta report
parameter search radius
    6.0000    6.9000    6.9000   10.4940    6.0000    6.0000
100000*second partial in parameter space
       36.       24.       24.       11.       17.       18.
  0.0835  0.0825  0.0815  0.0817  0.0764  0.0768
  0.0743  0.0756  0.0758  0.0770  0.0731  0.0732
  0.0704  0.0708  0.0715  0.0730  0.0709  0.0708
  0.0701  0.0701  0.0702  0.0701  0.0702  0.0702
  0.0715  0.0724  0.0715  0.0714  0.0710  0.0709
  0.0754  0.0762  0.0759  0.0764  0.0731  0.0731
  0.0822  0.0810  0.0818  0.0832  0.0765  0.0767
   -0.3218   26.8769   10.0104  -18.9152    3.3183   -1.2426
eta,q 0.92983  8.16658

---------------------------------------------------------------------
imgreg_4dfp /opt/freesurfer/average/711-2C_as_mni_average_305 /opt/freesurfer/average/711-2B_as_mni_average_305_mask talsrcimg_g11 none talsrcimg_to_711-2C_as_mni_average_305_t4 3335
---------------------------------------------------------------------

freesurfer imgreg_4dfp.c
/opt/freesurfer/average/711-2C_as_mni_average_305.4dfp.img
       256       256       256         1
  1.000000  1.000000  1.000000
orientation T byte_order littleendian
Reading image: /opt/freesurfer/average/711-2C_as_mni_average_305.4dfp.img
dimensions:      256       256       256
mmppix:       1.0000   -1.0000   -1.0000
center:     128.0000 -129.0000 -129.0000
/opt/freesurfer/average/711-2B_as_mni_average_305_mask.4dfp.img
       256       256       256         1
  1.000000  1.000000  1.000000
orientation T byte_order littleendian
Reading mask: /opt/freesurfer/average/711-2B_as_mni_average_305_mask.4dfp.img (2306576 pixels)
talsrcimg_g11.4dfp.img
       288       288       288         1
  0.798611  0.798611  0.798611
orientation T byte_order littleendian
Reading image: talsrcimg_g11.4dfp.img
dimensions:      288       288       288
mmppix:       0.7986   -0.7986   -0.7986
center:     115.0000 -115.7986 -115.7986
fimgreg.f
image alignment mode   3335 decimal      D07 hex
parameters
   -0.3218   26.8769   10.0104   -0.1911   -5.4630   -5.5587
    3.9274   -4.7715   -2.1650   32.5279    5.7883  -32.3625
eta,q 0.93123  8.23958
niter,ni,del,rscale     5    3    5.0000    1.2000
parameter  3  0.836041 ->  0.500000 qaram    1.1500
parameter  4  3.719425 ->  0.500000 qaram    1.1500
parameter  5 14.230942 ->  0.500000 qaram    1.1500
parameter  6  0.570769 ->  0.500000 qaram    1.1500
parameter 12 -1.214125 -> -0.500000 qaram    1.1500
parameters
    0.1296   26.5687    8.6304   -4.3311   -9.6030   -9.6987
    3.6820   -4.3601   -2.5692   29.2061    2.3287  -28.2225
eta,q 0.94393  8.14335
  0.0725  0.0697  0.0679  0.0583  0.0568  0.0582  0.0600  0.0645  0.0586  0.0579  0.0576  0.0611
  0.0708  0.0690  0.0678  0.0600  0.0586  0.0579  0.0589  0.0613  0.0581  0.0576  0.0573  0.0596
  0.0695  0.0686  0.0680  0.0633  0.0598  0.0581  0.0582  0.0589  0.0579  0.0576  0.0573  0.0583
  0.0688  0.0686  0.0686  0.0678  0.0608  0.0590  0.0579  0.0579  0.0579  0.0579  0.0575  0.0573
  0.0686  0.0689  0.0693  0.0727  0.0620  0.0613  0.0582  0.0583  0.0580  0.0583  0.0580  0.0565
  0.0692  0.0695  0.0703  0.0771  0.0634  0.0650  0.0591  0.0602  0.0583  0.0591  0.0589  0.0559
  0.0706  0.0704  0.0715  0.0805  0.0652  0.0698  0.0604  0.0633  0.0587  0.0604  0.0600  0.0557
niter,ni,del,rscale     7    3    5.0000    1.2000
parameter  2  8.281963 ->  0.500000 qaram    1.1500
parameter  3  1.097471 ->  0.500000 qaram    1.3225
parameter  4  0.759984 ->  0.500000 qaram    1.3225
parameter  5 -1.360674 ->  0.500000 qaram    1.3225
parameter 10  1.259927 ->  0.500000 qaram    1.1500
parameter 12  0.506482 ->  0.500000 qaram    1.3225
parameters
   -0.5881   25.1887    7.0434   -9.0921  -14.3640  -13.0077
    3.4022   -4.9368   -2.6945   25.0661    2.9448  -32.9835
eta,q 0.96090  8.17332
  0.0576  0.0517  0.0512  0.0489  0.0380  0.0430  0.0450  0.0458  0.0438  0.0392  0.0408  0.0397
  0.0562  0.0529  0.0514  0.0488  0.0416  0.0422  0.0433  0.0434  0.0427  0.0394  0.0402  0.0392
  0.0557  0.0542  0.0521  0.0495  0.0455  0.0419  0.0423  0.0421  0.0420  0.0404  0.0398  0.0391
  0.0561  0.0557  0.0532  0.0515  0.0489  0.0427  0.0419  0.0419  0.0419  0.0419  0.0396  0.0396
  0.0573  0.0572  0.0548  0.0559  0.0510  0.0438  0.0424  0.0427  0.0422  0.0437  0.0397  0.0408
  0.0593  0.0587  0.0566  0.0616  0.0523  0.0455  0.0437  0.0445  0.0428  0.0458  0.0399  0.0424
  0.0618  0.0602  0.0588  0.0668  0.0537  0.0498  0.0455  0.0472  0.0438  0.0481  0.0405  0.0441
niter,ni,del,rscale     7    3    5.0000    1.2000
parameter  2  2.608038 ->  0.500000 qaram    1.3225
parameter  5  0.937056 ->  0.500000 qaram    1.5209
parameters
   -0.3961   23.6017    5.4940  -10.2498  -19.8391   -9.6090
    4.5202   -4.8919   -1.3494   25.0601    4.2998  -33.2248
eta,q 0.97449  8.25352
  0.0442  0.0299  0.0326  0.0372  0.0285  0.0341  0.0316  0.0316  0.0301  0.0320  0.0275  0.0303
  0.0416  0.0317  0.0317  0.0347  0.0274  0.0316  0.0289  0.0281  0.0279  0.0286  0.0266  0.0276
  0.0399  0.0349  0.0317  0.0327  0.0278  0.0293  0.0270  0.0262  0.0265  0.0265  0.0259  0.0258
  0.0391  0.0391  0.0325  0.0316  0.0318  0.0272  0.0259  0.0257  0.0257  0.0256  0.0256  0.0255
  0.0394  0.0437  0.0342  0.0322  0.0379  0.0260  0.0258  0.0264  0.0257  0.0261  0.0256  0.0266
  0.0406  0.0484  0.0368  0.0360  0.0429  0.0262  0.0269  0.0281  0.0264  0.0284  0.0259  0.0283
  0.0429  0.0528  0.0402  0.0428  0.0465  0.0284  0.0290  0.0313  0.0277  0.0323  0.0265  0.0304
niter,ni,del,rscale     7    3    5.0000    1.2000
parameters
   -0.4255   22.7201    5.4762   -8.6086  -22.0234   -9.3916
    4.0667   -5.2308   -1.7583   24.9918    4.2615  -33.6467
eta,q 0.97541  8.25275
  0.0300  0.0287  0.0294  0.0339  0.0302  0.0312  0.0280  0.0306  0.0271  0.0301  0.0262  0.0286
  0.0275  0.0263  0.0271  0.0308  0.0276  0.0287  0.0261  0.0270  0.0256  0.0270  0.0254  0.0259
  0.0260  0.0251  0.0256  0.0278  0.0255  0.0264  0.0250  0.0252  0.0249  0.0252  0.0249  0.0246
  0.0255  0.0255  0.0251  0.0251  0.0239  0.0248  0.0247  0.0247  0.0247  0.0247  0.0247  0.0247
  0.0261  0.0277  0.0256  0.0233  0.0256  0.0245  0.0253  0.0254  0.0251  0.0251  0.0248  0.0257
  0.0277  0.0315  0.0271  0.0248  0.0326  0.0269  0.0267  0.0278  0.0261  0.0270  0.0253  0.0270
  0.0303  0.0367  0.0296  0.0312  0.0410  0.0319  0.0290  0.0319  0.0276  0.0305  0.0263  0.0286
niter,ni,del,rscale     6    3    5.0000    1.2000
parameters
   -0.4424   22.8896    5.3944   -8.5741  -22.7697   -9.3942
    4.0760   -5.2425   -1.8023   25.2823    4.2389  -33.9236
eta,q 0.97516  8.23306
  0.0292  0.0310  0.0287  0.0324  0.0316  0.0310  0.0285  0.0313  0.0274  0.0304  0.0263  0.0288
  0.0266  0.0277  0.0264  0.0295  0.0288  0.0286  0.0266  0.0275  0.0259  0.0274  0.0256  0.0262
  0.0251  0.0255  0.0250  0.0269  0.0264  0.0264  0.0253  0.0255  0.0251  0.0255  0.0251  0.0249
  0.0246  0.0246  0.0246  0.0246  0.0245  0.0249  0.0249  0.0249  0.0249  0.0249  0.0249  0.0249
  0.0251  0.0250  0.0251  0.0237  0.0241  0.0248  0.0253  0.0254  0.0252  0.0252  0.0250  0.0258
  0.0267  0.0267  0.0267  0.0273  0.0285  0.0274  0.0265  0.0275  0.0261  0.0267  0.0255  0.0271
  0.0294  0.0299  0.0291  0.0347  0.0368  0.0324  0.0285  0.0313  0.0273  0.0298  0.0264  0.0286
niter,ni,del,rscale     5    3    5.0000    1.2000
parameters
   -0.4492   23.0131    5.3241   -8.5534  -23.0401   -9.4795
    4.1094   -5.2430   -1.7961   25.5012    4.2248  -34.0719
eta,q 0.97505  8.22670
  0.0294  0.0307  0.0288  0.0324  0.0321  0.0310  0.0286  0.0313  0.0274  0.0303  0.0264  0.0290
  0.0269  0.0276  0.0266  0.0297  0.0292  0.0286  0.0266  0.0275  0.0260  0.0273  0.0256  0.0263
  0.0254  0.0256  0.0253  0.0271  0.0268  0.0264  0.0254  0.0256  0.0252  0.0255  0.0252  0.0250
  0.0248  0.0248  0.0248  0.0248  0.0248  0.0249  0.0250  0.0250  0.0250  0.0250  0.0250  0.0250
  0.0253  0.0253  0.0253  0.0240  0.0239  0.0249  0.0254  0.0255  0.0253  0.0253  0.0251  0.0258
  0.0269  0.0269  0.0269  0.0275  0.0275  0.0276  0.0266  0.0276  0.0261  0.0268  0.0256  0.0271
  0.0295  0.0299  0.0292  0.0348  0.0355  0.0326  0.0285  0.0313  0.0273  0.0299  0.0265  0.0286
niter,ni,del,rscale     4    3    5.0000    1.2000
parameters
   -0.4537   23.0788    5.2707   -8.5428  -23.1512   -9.5471
    4.1340   -5.2428   -1.7859   25.6339    4.2263  -34.1538
eta,q 0.97500  8.22447
  0.0295  0.0304  0.0289  0.0325  0.0322  0.0310  0.0286  0.0314  0.0274  0.0301  0.0264  0.0291
  0.0270  0.0275  0.0268  0.0298  0.0293  0.0286  0.0267  0.0276  0.0260  0.0272  0.0257  0.0264
  0.0255  0.0256  0.0254  0.0272  0.0269  0.0265  0.0254  0.0256  0.0253  0.0255  0.0252  0.0250
  0.0250  0.0249  0.0249  0.0250  0.0249  0.0250  0.0250  0.0250  0.0250  0.0250  0.0250  0.0250
  0.0254  0.0254  0.0254  0.0241  0.0239  0.0249  0.0254  0.0255  0.0253  0.0253  0.0251  0.0259
  0.0270  0.0271  0.0269  0.0276  0.0272  0.0276  0.0266  0.0276  0.0261  0.0269  0.0256  0.0271
  0.0295  0.0301  0.0292  0.0349  0.0351  0.0326  0.0286  0.0314  0.0273  0.0300  0.0265  0.0285
niter,ni,del,rscale     3    3    5.0000    1.2000
parameters
   -0.4559   23.1146    5.2356   -8.5365  -23.2071   -9.5905
    4.1476   -5.2443   -1.7791   25.7147    4.2283  -34.2033
eta,q 0.97497  8.22354
  0.0295  0.0303  0.0290  0.0325  0.0322  0.0311  0.0286  0.0314  0.0274  0.0301  0.0264  0.0292
  0.0270  0.0274  0.0268  0.0298  0.0294  0.0286  0.0267  0.0276  0.0260  0.0272  0.0257  0.0264
  0.0255  0.0257  0.0255  0.0272  0.0270  0.0265  0.0255  0.0257  0.0253  0.0255  0.0253  0.0251
  0.0250  0.0250  0.0250  0.0250  0.0250  0.0250  0.0250  0.0250  0.0250  0.0250  0.0250  0.0250
  0.0255  0.0255  0.0255  0.0242  0.0239  0.0249  0.0254  0.0256  0.0253  0.0253  0.0251  0.0259
  0.0270  0.0272  0.0269  0.0277  0.0271  0.0275  0.0266  0.0276  0.0261  0.0269  0.0256  0.0271
  0.0296  0.0302  0.0292  0.0349  0.0350  0.0325  0.0286  0.0314  0.0273  0.0300  0.0265  0.0285
niter,ni,del,rscale     2    3    5.0000    1.2000
parameters
   -0.4570   23.1367    5.2143   -8.5330  -23.2438   -9.6172
    4.1579   -5.2453   -1.7740   25.7636    4.2250  -34.2293
eta,q 0.97495  8.22283
  0.0295  0.0303  0.0290  0.0325  0.0322  0.0311  0.0286  0.0314  0.0274  0.0300  0.0264  0.0292
  0.0270  0.0274  0.0269  0.0298  0.0294  0.0287  0.0267  0.0276  0.0260  0.0272  0.0257  0.0265
  0.0255  0.0257  0.0255  0.0273  0.0270  0.0265  0.0255  0.0257  0.0253  0.0255  0.0253  0.0251
  0.0250  0.0250  0.0250  0.0250  0.0250  0.0250  0.0251  0.0251  0.0251  0.0251  0.0251  0.0251
  0.0255  0.0255  0.0255  0.0242  0.0240  0.0249  0.0255  0.0256  0.0254  0.0254  0.0251  0.0259
  0.0270  0.0272  0.0269  0.0277  0.0271  0.0275  0.0266  0.0276  0.0261  0.0269  0.0256  0.0271
  0.0296  0.0302  0.0292  0.0349  0.0350  0.0325  0.0286  0.0314  0.0273  0.0301  0.0265  0.0285
registration optimization eta report
parameter search radius
    2.4000    3.1740    3.1740    9.5220   10.9503    8.2800
    7.2000    7.2000    7.2000    8.2800    7.2000    9.5220
100000*second partial in parameter space
       79.       52.       40.       10.        7.       10.
        7.       12.        4.        7.        3.        4.
  0.0295  0.0303  0.0290  0.0325  0.0322  0.0311  0.0286  0.0314  0.0274  0.0300  0.0264  0.0292
  0.0270  0.0274  0.0269  0.0298  0.0294  0.0287  0.0267  0.0276  0.0260  0.0272  0.0257  0.0265
  0.0255  0.0257  0.0255  0.0273  0.0270  0.0265  0.0255  0.0257  0.0253  0.0255  0.0253  0.0251
  0.0250  0.0250  0.0250  0.0250  0.0250  0.0250  0.0251  0.0251  0.0251  0.0251  0.0251  0.0251
  0.0255  0.0255  0.0255  0.0242  0.0240  0.0249  0.0255  0.0256  0.0254  0.0254  0.0251  0.0259
  0.0270  0.0272  0.0269  0.0277  0.0271  0.0275  0.0266  0.0276  0.0261  0.0269  0.0256  0.0271
  0.0296  0.0302  0.0292  0.0349  0.0350  0.0325  0.0286  0.0314  0.0273  0.0301  0.0265  0.0285
   -0.4570   23.1367    5.2143   -8.5330  -23.2438   -9.6172
    4.1579   -5.2453   -1.7740   25.7636    4.2250  -34.2293
eta,q 0.97495  8.22283

---------------------------------------------------------------------
imgreg_4dfp /opt/freesurfer/average/711-2C_as_mni_average_305 /opt/freesurfer/average/711-2B_as_mni_average_305_mask talsrcimg_g11 none talsrcimg_to_711-2C_as_mni_average_305_t4 2311
---------------------------------------------------------------------

freesurfer imgreg_4dfp.c
/opt/freesurfer/average/711-2C_as_mni_average_305.4dfp.img
       256       256       256         1
  1.000000  1.000000  1.000000
orientation T byte_order littleendian
Reading image: /opt/freesurfer/average/711-2C_as_mni_average_305.4dfp.img
dimensions:      256       256       256
mmppix:       1.0000   -1.0000   -1.0000
center:     128.0000 -129.0000 -129.0000
/opt/freesurfer/average/711-2B_as_mni_average_305_mask.4dfp.img
       256       256       256         1
  1.000000  1.000000  1.000000
orientation T byte_order littleendian
Reading mask: /opt/freesurfer/average/711-2B_as_mni_average_305_mask.4dfp.img (2306576 pixels)
talsrcimg_g11.4dfp.img
       288       288       288         1
  0.798611  0.798611  0.798611
orientation T byte_order littleendian
Reading image: talsrcimg_g11.4dfp.img
dimensions:      288       288       288
mmppix:       0.7986   -0.7986   -0.7986
center:     115.0000 -115.7986 -115.7986
fimgreg.f
image alignment mode   2311 decimal      907 hex
parameters
   -0.4570   23.1367    5.2143   -8.5330  -23.2437   -9.6172
    4.1579   -5.2453   -1.7740   25.7636    4.2250  -34.2293
eta,q 0.97495  8.22283
niter,ni,del,rscale     5    3    5.0000    0.8000
parameter  5 -0.569027 -> -0.500000 qaram    1.1500
parameters
   -0.4513   23.1784    5.2440   -6.2614  -20.4837   -9.8380
    4.2771   -5.1427   -1.5951   26.0467    3.7135  -34.1612
eta,q 0.97666  8.32483
  0.0271  0.0264  0.0261  0.0285  0.0268  0.0261  0.0263  0.0277  0.0255  0.0262  0.0243  0.0251
  0.0259  0.0257  0.0256  0.0273  0.0258  0.0248  0.0248  0.0254  0.0244  0.0248  0.0237  0.0241
  0.0253  0.0252  0.0252  0.0261  0.0249  0.0238  0.0238  0.0239  0.0237  0.0238  0.0234  0.0235
  0.0251  0.0251  0.0250  0.0250  0.0241  0.0233  0.0234  0.0234  0.0234  0.0234  0.0233  0.0233
  0.0253  0.0252  0.0251  0.0243  0.0235  0.0236  0.0237  0.0237  0.0236  0.0234  0.0235  0.0236
  0.0259  0.0256  0.0255  0.0242  0.0234  0.0248  0.0246  0.0251  0.0242  0.0242  0.0241  0.0241
  0.0270  0.0263  0.0261  0.0254  0.0241  0.0272  0.0260  0.0274  0.0252  0.0257  0.0249  0.0249
niter,ni,del,rscale     5    3    5.0000    0.8000
parameters
   -0.4564   22.6910    5.2216   -6.9851  -20.7601   -9.1869
    4.1350   -5.1187   -1.5941   25.8122    3.7378  -34.1575
eta,q 0.97682  8.32966
  0.0263  0.0242  0.0245  0.0259  0.0261  0.0268  0.0255  0.0273  0.0250  0.0255  0.0243  0.0248
  0.0247  0.0235  0.0238  0.0246  0.0250  0.0254  0.0242  0.0250  0.0240  0.0242  0.0237  0.0239
  0.0237  0.0232  0.0233  0.0236  0.0240  0.0242  0.0234  0.0237  0.0234  0.0235  0.0234  0.0233
  0.0233  0.0233  0.0232  0.0232  0.0233  0.0233  0.0232  0.0232  0.0232  0.0232  0.0232  0.0232
  0.0237  0.0240  0.0233  0.0238  0.0233  0.0231  0.0235  0.0236  0.0234  0.0234  0.0232  0.0234
  0.0247  0.0252  0.0238  0.0258  0.0247  0.0238  0.0244  0.0249  0.0240  0.0244  0.0236  0.0239
  0.0264  0.0268  0.0246  0.0290  0.0277  0.0257  0.0258  0.0273  0.0249  0.0262  0.0243  0.0247
niter,ni,del,rscale     4    3    5.0000    0.7000
parameters
   -0.4229   22.6742    5.2865   -6.9789  -20.6911   -9.0637
    4.1139   -5.1008   -1.6173   25.8165    3.7399  -34.1594
eta,q 0.97687  8.33214
  0.0254  0.0246  0.0243  0.0259  0.0256  0.0257  0.0251  0.0263  0.0245  0.0251  0.0240  0.0244
  0.0242  0.0239  0.0237  0.0248  0.0246  0.0245  0.0240  0.0246  0.0238  0.0241  0.0236  0.0237
  0.0235  0.0234  0.0233  0.0238  0.0238  0.0236  0.0234  0.0235  0.0233  0.0234  0.0233  0.0233
  0.0232  0.0232  0.0232  0.0232  0.0232  0.0232  0.0231  0.0231  0.0231  0.0231  0.0231  0.0231
  0.0234  0.0233  0.0233  0.0232  0.0231  0.0232  0.0234  0.0234  0.0233  0.0233  0.0232  0.0233
  0.0241  0.0239  0.0236  0.0242  0.0240  0.0239  0.0240  0.0245  0.0238  0.0240  0.0235  0.0237
  0.0252  0.0248  0.0241  0.0264  0.0260  0.0257  0.0251  0.0263  0.0245  0.0252  0.0240  0.0244
niter,ni,del,rscale     3    3    5.0000    0.6000
parameters
   -0.4172   22.6539    5.2976   -6.8503  -20.5141   -9.0027
    4.1240   -5.0908   -1.6218   25.8622    3.7491  -34.1332
eta,q 0.97694  8.33766
  0.0247  0.0242  0.0239  0.0253  0.0251  0.0249  0.0246  0.0255  0.0241  0.0246  0.0237  0.0240
  0.0239  0.0236  0.0235  0.0244  0.0243  0.0241  0.0237  0.0241  0.0235  0.0238  0.0234  0.0235
  0.0233  0.0233  0.0232  0.0236  0.0236  0.0234  0.0232  0.0233  0.0232  0.0233  0.0232  0.0232
  0.0231  0.0231  0.0231  0.0231  0.0231  0.0231  0.0231  0.0231  0.0231  0.0231  0.0231  0.0231
  0.0233  0.0233  0.0232  0.0231  0.0230  0.0231  0.0232  0.0233  0.0232  0.0232  0.0231  0.0232
  0.0238  0.0237  0.0235  0.0238  0.0237  0.0237  0.0237  0.0241  0.0235  0.0237  0.0233  0.0235
  0.0247  0.0243  0.0239  0.0254  0.0251  0.0251  0.0245  0.0255  0.0241  0.0246  0.0238  0.0240
niter,ni,del,rscale     2    3    5.0000    0.5000
parameters
   -0.4157   22.6213    5.3006   -6.7465  -20.3175   -8.9504
    4.1293   -5.0860   -1.6119   25.8968    3.7401  -34.0863
eta,q 0.97700  8.34302
  0.0242  0.0238  0.0236  0.0247  0.0245  0.0244  0.0241  0.0247  0.0238  0.0241  0.0235  0.0237
  0.0236  0.0234  0.0233  0.0240  0.0239  0.0237  0.0235  0.0238  0.0234  0.0235  0.0232  0.0233
  0.0232  0.0231  0.0231  0.0234  0.0234  0.0232  0.0231  0.0232  0.0231  0.0232  0.0231  0.0231
  0.0231  0.0231  0.0231  0.0231  0.0230  0.0230  0.0230  0.0230  0.0230  0.0230  0.0230  0.0230
  0.0232  0.0232  0.0231  0.0231  0.0230  0.0231  0.0231  0.0232  0.0231  0.0231  0.0230  0.0231
  0.0236  0.0235  0.0233  0.0236  0.0234  0.0235  0.0235  0.0238  0.0234  0.0235  0.0232  0.0233
  0.0242  0.0239  0.0236  0.0247  0.0245  0.0244  0.0241  0.0247  0.0238  0.0241  0.0235  0.0237
niter,ni,del,rscale     1    3    5.0000    0.4000
parameters
   -0.4132   22.5894    5.3048   -6.6618  -20.1383   -8.8972
    4.1261   -5.0798   -1.6111   25.9091    3.7564  -34.0252
eta,q 0.97703  8.34724
  0.0238  0.0235  0.0234  0.0241  0.0240  0.0239  0.0237  0.0241  0.0235  0.0237  0.0233  0.0235
  0.0233  0.0232  0.0232  0.0236  0.0236  0.0234  0.0233  0.0235  0.0232  0.0233  0.0231  0.0232
  0.0231  0.0231  0.0230  0.0232  0.0232  0.0231  0.0230  0.0231  0.0230  0.0231  0.0230  0.0230
  0.0230  0.0230  0.0230  0.0230  0.0230  0.0230  0.0230  0.0230  0.0230  0.0230  0.0230  0.0230
  0.0231  0.0231  0.0230  0.0230  0.0230  0.0230  0.0231  0.0231  0.0230  0.0230  0.0230  0.0230
  0.0233  0.0233  0.0232  0.0234  0.0233  0.0233  0.0233  0.0235  0.0232  0.0233  0.0231  0.0232
  0.0237  0.0236  0.0234  0.0241  0.0239  0.0239  0.0237  0.0241  0.0235  0.0237  0.0233  0.0234
registration optimization eta report
parameter search radius
    0.8000    0.8000    0.8000    2.4000    2.7600    2.4000
    2.4000    2.4000    2.4000    2.4000    2.4000    2.4000
100000*second partial in parameter space
      117.       85.       58.       19.       13.       15.
       12.       20.        9.       13.        6.        8.
  0.0238  0.0235  0.0234  0.0241  0.0240  0.0239  0.0237  0.0241  0.0235  0.0237  0.0233  0.0235
  0.0233  0.0232  0.0232  0.0236  0.0236  0.0234  0.0233  0.0235  0.0232  0.0233  0.0231  0.0232
  0.0231  0.0231  0.0230  0.0232  0.0232  0.0231  0.0230  0.0231  0.0230  0.0231  0.0230  0.0230
  0.0230  0.0230  0.0230  0.0230  0.0230  0.0230  0.0230  0.0230  0.0230  0.0230  0.0230  0.0230
  0.0231  0.0231  0.0230  0.0230  0.0230  0.0230  0.0231  0.0231  0.0230  0.0230  0.0230  0.0230
  0.0233  0.0233  0.0232  0.0234  0.0233  0.0233  0.0233  0.0235  0.0232  0.0233  0.0231  0.0232
  0.0237  0.0236  0.0234  0.0241  0.0239  0.0239  0.0237  0.0241  0.0235  0.0237  0.0233  0.0234
   -0.4132   22.5894    5.3048   -6.6618  -20.1383   -8.8972
    4.1261   -5.0798   -1.6111   25.9091    3.7564  -34.0252
eta,q 0.97703  8.34724

---------------------------------------------------------------------
imgreg_4dfp /opt/freesurfer/average/711-2C_as_mni_average_305 /opt/freesurfer/average/711-2B_as_mni_average_305_mask talsrcimg_g11 none talsrcimg_to_711-2C_as_mni_average_305_t4 2311
---------------------------------------------------------------------

freesurfer imgreg_4dfp.c
/opt/freesurfer/average/711-2C_as_mni_average_305.4dfp.img
       256       256       256         1
  1.000000  1.000000  1.000000
orientation T byte_order littleendian
Reading image: /opt/freesurfer/average/711-2C_as_mni_average_305.4dfp.img
dimensions:      256       256       256
mmppix:       1.0000   -1.0000   -1.0000
center:     128.0000 -129.0000 -129.0000
/opt/freesurfer/average/711-2B_as_mni_average_305_mask.4dfp.img
       256       256       256         1
  1.000000  1.000000  1.000000
orientation T byte_order littleendian
Reading mask: /opt/freesurfer/average/711-2B_as_mni_average_305_mask.4dfp.img (2306576 pixels)
talsrcimg_g11.4dfp.img
       288       288       288         1
  0.798611  0.798611  0.798611
orientation T byte_order littleendian
Reading image: talsrcimg_g11.4dfp.img
dimensions:      288       288       288
mmppix:       0.7986   -0.7986   -0.7986
center:     115.0000 -115.7986 -115.7986
fimgreg.f
image alignment mode   2311 decimal      907 hex
parameters
   -0.4132   22.5894    5.3048   -6.6618  -20.1383   -8.8972
    4.1261   -5.0798   -1.6111   25.9091    3.7564  -34.0252
eta,q 0.97703  8.34724
niter,ni,del,rscale     5    3    5.0000    0.8000
parameters
   -0.4135   22.5177    5.3246   -7.2260  -20.4917   -9.0897
    4.1087   -5.1037   -1.6141   25.6236    3.7819  -34.0461
eta,q 0.97681  8.33477
  0.0260  0.0249  0.0245  0.0259  0.0253  0.0261  0.0256  0.0271  0.0250  0.0255  0.0243  0.0248
  0.0243  0.0239  0.0237  0.0246  0.0244  0.0247  0.0243  0.0249  0.0240  0.0242  0.0237  0.0239
  0.0233  0.0232  0.0231  0.0235  0.0236  0.0237  0.0235  0.0236  0.0234  0.0235  0.0234  0.0233
  0.0230  0.0230  0.0230  0.0230  0.0231  0.0231  0.0232  0.0232  0.0232  0.0232  0.0232  0.0232
  0.0233  0.0232  0.0231  0.0234  0.0232  0.0233  0.0235  0.0236  0.0234  0.0235  0.0233  0.0234
  0.0243  0.0241  0.0236  0.0253  0.0244  0.0246  0.0243  0.0249  0.0240  0.0245  0.0236  0.0240
  0.0260  0.0254  0.0244  0.0286  0.0268  0.0272  0.0256  0.0272  0.0249  0.0263  0.0243  0.0248
niter,ni,del,rscale     4    3    5.0000    0.7000
parameters
   -0.4144   22.6262    5.3376   -7.0256  -20.4269   -9.0644
    4.1179   -5.0973   -1.6090   25.7241    3.7645  -34.0509
eta,q 0.97691  8.33679
  0.0253  0.0249  0.0243  0.0260  0.0251  0.0255  0.0251  0.0262  0.0245  0.0252  0.0240  0.0244
  0.0241  0.0241  0.0237  0.0248  0.0243  0.0244  0.0240  0.0245  0.0237  0.0241  0.0235  0.0236
  0.0234  0.0235  0.0233  0.0239  0.0236  0.0236  0.0233  0.0235  0.0233  0.0234  0.0232  0.0232
  0.0232  0.0232  0.0232  0.0232  0.0231  0.0231  0.0231  0.0231  0.0231  0.0231  0.0231  0.0231
  0.0234  0.0233  0.0233  0.0231  0.0231  0.0232  0.0233  0.0234  0.0233  0.0232  0.0232  0.0233
  0.0241  0.0237  0.0236  0.0240  0.0238  0.0240  0.0240  0.0245  0.0238  0.0239  0.0235  0.0237
  0.0253  0.0245  0.0242  0.0260  0.0254  0.0258  0.0251  0.0262  0.0245  0.0251  0.0240  0.0243
niter,ni,del,rscale     3    3    5.0000    0.6000
parameters
   -0.4164   22.6155    5.3236   -6.8821  -20.2770   -9.0124
    4.1259   -5.0889   -1.6063   25.7957    3.7576  -34.0345
eta,q 0.97697  8.34186
  0.0247  0.0242  0.0239  0.0253  0.0246  0.0249  0.0246  0.0254  0.0241  0.0247  0.0237  0.0240
  0.0238  0.0236  0.0234  0.0244  0.0240  0.0240  0.0237  0.0241  0.0235  0.0238  0.0234  0.0235
  0.0233  0.0232  0.0232  0.0236  0.0234  0.0234  0.0232  0.0233  0.0232  0.0233  0.0231  0.0231
  0.0231  0.0231  0.0231  0.0231  0.0231  0.0230  0.0230  0.0230  0.0230  0.0230  0.0230  0.0230
  0.0233  0.0232  0.0232  0.0231  0.0230  0.0231  0.0232  0.0233  0.0232  0.0231  0.0231  0.0232
  0.0238  0.0236  0.0235  0.0238  0.0235  0.0237  0.0237  0.0241  0.0235  0.0237  0.0233  0.0235
  0.0247  0.0243  0.0239  0.0253  0.0247  0.0250  0.0245  0.0254  0.0241  0.0246  0.0237  0.0240
niter,ni,del,rscale     2    3    5.0000    0.5000
parameters
   -0.4145   22.5885    5.3209   -6.7734  -20.1339   -8.9483
    4.1259   -5.0837   -1.6048   25.8413    3.7549  -34.0090
eta,q 0.97701  8.34615
  0.0242  0.0238  0.0236  0.0247  0.0242  0.0244  0.0241  0.0247  0.0238  0.0242  0.0235  0.0237
  0.0235  0.0234  0.0233  0.0240  0.0237  0.0237  0.0235  0.0238  0.0233  0.0236  0.0232  0.0233
  0.0232  0.0231  0.0231  0.0234  0.0233  0.0232  0.0231  0.0232  0.0231  0.0232  0.0231  0.0231
  0.0230  0.0230  0.0230  0.0230  0.0230  0.0230  0.0230  0.0230  0.0230  0.0230  0.0230  0.0230
  0.0232  0.0231  0.0231  0.0231  0.0230  0.0230  0.0231  0.0232  0.0231  0.0231  0.0230  0.0231
  0.0235  0.0234  0.0233  0.0236  0.0234  0.0235  0.0235  0.0237  0.0233  0.0235  0.0232  0.0233
  0.0242  0.0239  0.0236  0.0247  0.0241  0.0244  0.0241  0.0247  0.0238  0.0241  0.0235  0.0237
niter,ni,del,rscale     1    3    5.0000    0.4000
parameters
   -0.4125   22.5626    5.3220   -6.6854  -20.0134   -8.8894
    4.1216   -5.0811   -1.6049   25.8589    3.7503  -33.9762
eta,q 0.97704  8.34926
  0.0237  0.0235  0.0234  0.0241  0.0238  0.0239  0.0237  0.0241  0.0235  0.0237  0.0233  0.0234
  0.0233  0.0232  0.0232  0.0236  0.0234  0.0234  0.0233  0.0235  0.0232  0.0233  0.0231  0.0232
  0.0231  0.0230  0.0230  0.0232  0.0231  0.0231  0.0230  0.0231  0.0230  0.0231  0.0230  0.0230
  0.0230  0.0230  0.0230  0.0230  0.0230  0.0230  0.0230  0.0230  0.0230  0.0230  0.0230  0.0230
  0.0231  0.0231  0.0230  0.0230  0.0230  0.0230  0.0230  0.0231  0.0230  0.0230  0.0230  0.0230
  0.0233  0.0233  0.0232  0.0234  0.0232  0.0233  0.0233  0.0235  0.0232  0.0233  0.0231  0.0232
  0.0237  0.0236  0.0234  0.0241  0.0237  0.0238  0.0237  0.0241  0.0235  0.0237  0.0233  0.0234
registration optimization eta report
parameter search radius
    0.8000    0.8000    0.8000    2.4000    2.4000    2.4000
    2.4000    2.4000    2.4000    2.4000    2.4000    2.4000
100000*second partial in parameter space
      117.       86.       59.       19.       14.       16.
       13.       20.        9.       13.        6.        8.
  0.0237  0.0235  0.0234  0.0241  0.0238  0.0239  0.0237  0.0241  0.0235  0.0237  0.0233  0.0234
  0.0233  0.0232  0.0232  0.0236  0.0234  0.0234  0.0233  0.0235  0.0232  0.0233  0.0231  0.0232
  0.0231  0.0230  0.0230  0.0232  0.0231  0.0231  0.0230  0.0231  0.0230  0.0231  0.0230  0.0230
  0.0230  0.0230  0.0230  0.0230  0.0230  0.0230  0.0230  0.0230  0.0230  0.0230  0.0230  0.0230
  0.0231  0.0231  0.0230  0.0230  0.0230  0.0230  0.0230  0.0231  0.0230  0.0230  0.0230  0.0230
  0.0233  0.0233  0.0232  0.0234  0.0232  0.0233  0.0233  0.0235  0.0232  0.0233  0.0231  0.0232
  0.0237  0.0236  0.0234  0.0241  0.0237  0.0238  0.0237  0.0241  0.0235  0.0237  0.0233  0.0234
   -0.4125   22.5626    5.3220   -6.6854  -20.0134   -8.8894
    4.1216   -5.0811   -1.6049   25.8589    3.7503  -33.9762
eta,q 0.97704  8.34926

---------------------------------------------------------------------
compute_vox2vox talsrcimg talsrcimg_to_711-2C_as_mni_average_305_t4 /opt/freesurfer/average/711-2C_as_mni_average_305
---------------------------------------------------------------------

freesurfer compute_vox2vox.c
Reading: talsrcimg.4dfp.ifh
Reading: talsrcimg_to_711-2C_as_mni_average_305_t4
Reading: /opt/freesurfer/average/711-2C_as_mni_average_305.4dfp.ifh
Writing: talsrcimg_to_711-2C_as_mni_average_305_t4_vox2vox.txt

start time lun 02 sep 2024 14:49:39 CEST
end		time lun 02 sep 2024 14:49:57 CEST

mpr2mni305 success

avi2talxfm orig_nu.mgz /opt/freesurfer/average/mni305.cor.mgz talsrcimg_to_711-2C_as_mni_average_305_t4_vox2vox.txt transforms/talairach.auto.xfm
avi2talxfm done
mv -f /data/derivatives/bootcamp-geneva/fmriprep-24.0.0/sourcedata/freesurfer/sub-14/mri/talsrcimg_to_711-2C_as_mni_average_305_t4_vox2vox.txt /data/derivatives/bootcamp-geneva/fmriprep-24.0.0/sourcedata/freesurfer/sub-14/mri/transforms/talsrcimg_to_711-2C_as_mni_average_305_t4_vox2vox.txt
lta_convert --src orig_nu.mgz --trg /opt/freesurfer/average/mni305.cor.mgz --inxfm transforms/talairach.auto.xfm --outlta transforms/talairach.auto.xfm.lta --subject fsaverage
7.3.2

--src: orig_nu.mgz src image (geometry).
--trg: /opt/freesurfer/average/mni305.cor.mgz trg image (geometry).
--inmni: transforms/talairach.auto.xfm input MNI/XFM transform.
--outlta: transforms/talairach.auto.xfm.lta output LTA.
--s: fsaverage subject name
 LTA read, type : 1
 1.06849   0.06712  -0.02655   0.79978;
-0.03212   0.97747   0.41686  -15.42733;
 0.03182  -0.31466   1.11491   0.32089;
 0.00000   0.00000   0.00000   1.00000;
setting subject to fsaverage
Writing  LTA to file transforms/talairach.auto.xfm.lta...
lta_convert successful.
 
 
Started at lun 02 sep 2024 14:49:38 CEST
Ended   at lun 02 sep 2024 14:49:58 CEST
talairach_avi done
