/data/derivatives/bootcamp-geneva/fmriprep-24.0.0/sourcedata/freesurfer/sub-16/mri
/opt/freesurfer/bin/talairach_avi
--i orig_nu.mgz --xfm transforms/talairach.auto.xfm
talairach_avi 7.3.2
Linux hos70297 5.19.0-50-generic #50-Ubuntu SMP PREEMPT_DYNAMIC Mon Jul 10 18:24:29 UTC 2023 x86_64 x86_64 x86_64 GNU/Linux
lun 02 sep 2024 15:15:31 CEST
mri_convert orig_nu.mgz talsrcimg.img 
reading from orig_nu.mgz...
TR=0.00, TE=0.00, TI=0.00, flip angle=0.00
i_ras = (-1, -6.76019e-09, 0)
j_ras = (4.66471e-09, 2.91545e-10, -1)
k_ras = (2.05903e-09, 1, -8.74634e-10)
writing to talsrcimg.img...
Analyze Output Matrix
-0.79861   0.00000   0.00000   113.68567;
-0.00000   0.00000   0.79861  -104.12955;
 0.00000  -0.79861  -0.00000   84.75473;
 0.00000   0.00000   0.00000   1.00000;
--------------------
INFO: set hdr.hist.orient to -1
mpr2mni305 talsrcimg
lun 02 sep 2024 15:15:31 CEST
/opt/freesurfer/bin/mpr2mni305 talsrcimg
mpr2mni305 7.3.2
target=711-2C_as_mni_average_305

---------------------------------------------------------------------
analyzeto4dfp talsrcimg -O0 -y
---------------------------------------------------------------------

freesurfer ifh2hdr.c
Mon Sep  2 15:15:32 2024
Writing: talsrcimg.4dfp.hdr
freesurfer analyzeto4dfp.c
Reading: talsrcimg.hdr
header size 348 bytes
hdr.dime.datatype	offset=70	value=2
hdr.dime.bitpix		offset=72	value=8
hdr.hist.orient		offset=252	value=-1
dimensionality     4
dimensions       288       288       288         1
Reading: talsrcimg.img
Writing: talsrcimg.4dfp.img
Writing: talsrcimg.4dfp.ifh
ifh2hdr talsrcimg -r0to245
ori=2

---------------------------------------------------------------------
gauss_4dfp talsrcimg 1.1
---------------------------------------------------------------------

freesurfer gauss_4dfp.c
Reading: talsrcimg.4dfp.img
Writing: talsrcimg_g11.4dfp.img
image dimensions 288 288 288 padded to 320 320 320
processing volume 1freesurfer ifh2hdr.c
Mon Sep  2 15:15:37 2024
Writing: talsrcimg_g11.4dfp.hdr

Writing: talsrcimg_g11.4dfp.ifh
including: talsrcimg.4dfp.img.rec in talsrcimg_g11.4dfp.img.rec

---------------------------------------------------------------------
imgreg_4dfp /opt/freesurfer/average/711-2C_as_mni_average_305 none talsrcimg_g11 none talsrcimg_to_711-2C_as_mni_average_305_t4 4355
---------------------------------------------------------------------

freesurfer imgreg_4dfp.c
/opt/freesurfer/average/711-2C_as_mni_average_305.4dfp.img
       256       256       256         1
  1.000000  1.000000  1.000000
orientation T byte_order littleendian
Reading image: /opt/freesurfer/average/711-2C_as_mni_average_305.4dfp.img
dimensions:      256       256       256
mmppix:       1.0000   -1.0000   -1.0000
center:     128.0000 -129.0000 -129.0000
talsrcimg_g11.4dfp.img
       288       288       288         1
  0.798611  0.798611  0.798611
orientation T byte_order littleendian
Reading image: talsrcimg_g11.4dfp.img
dimensions:      288       288       288
mmppix:       0.7986   -0.7986   -0.7986
center:     115.0000 -115.7986 -115.7986
t4_read: open error in t4_sub.f l:  41 t4_file(1:l)talsrcimg_to_711-2C_as_mni_average_305_t4 
t4_read: transform initialized to I4
rotation matrix determinant  1.000000
image alignment mode   4355 decimal     1103 hex
   -7.5000  -45.0000  -45.0000 5622.5757   10.1685
    0.0000  -45.0000  -45.0000 5646.5327   10.1794
    7.5000  -45.0000  -45.0000 5342.2295   10.1629
   -7.5000  -37.5000  -45.0000 6037.9336   10.4492
    0.0000  -37.5000  -45.0000 6035.0508   10.4594
    7.5000  -37.5000  -45.0000 5738.2612   10.4462
   -7.5000  -30.0000  -45.0000 6538.0405   10.5067
    0.0000  -30.0000  -45.0000 6509.0859   10.5122
    7.5000  -30.0000  -45.0000 6206.3018   10.5007
   -7.5000  -22.5000  -45.0000 7167.9355   10.3074
    0.0000  -22.5000  -45.0000 7147.0962   10.3086
    7.5000  -22.5000  -45.0000 6814.7388   10.2935
   -7.5000  -15.0000  -45.0000 7854.0562   10.2565
    0.0000  -15.0000  -45.0000 7862.6577   10.2598
    7.5000  -15.0000  -45.0000 7461.9824   10.2405
   -7.5000   -7.5000  -45.0000 8202.3770   10.2680
    0.0000   -7.5000  -45.0000 8220.4082   10.2781
    7.5000   -7.5000  -45.0000 7800.0303   10.2589
   -7.5000    0.0000  -45.0000 8404.4531   10.2807
    0.0000    0.0000  -45.0000 8444.8887   10.2944
    7.5000    0.0000  -45.0000 7992.7876   10.2787
   -7.5000    7.5000  -45.0000 8133.6665   10.2779
    0.0000    7.5000  -45.0000 8184.5923   10.2884
    7.5000    7.5000  -45.0000 7716.4146   10.2764
   -7.5000   15.0000  -45.0000 8134.1411   10.2718
    0.0000   15.0000  -45.0000 8211.4570   10.2768
    7.5000   15.0000  -45.0000 7710.8936   10.2656
   -7.5000   22.5000  -45.0000 7800.2437   10.1793
    0.0000   22.5000  -45.0000 7845.5479   10.1808
    7.5000   22.5000  -45.0000 7372.8198   10.1652
   -7.5000   30.0000  -45.0000 7443.6118   10.0150
    0.0000   30.0000  -45.0000 7488.0996   10.0182
    7.5000   30.0000  -45.0000 7051.2402    9.9965
   -7.5000   37.5000  -45.0000 7017.9702    9.8607
    0.0000   37.5000  -45.0000 7055.7876    9.8702
    7.5000   37.5000  -45.0000 6653.9326    9.8475
   -7.5000   45.0000  -45.0000 6554.1968    9.7324
    0.0000   45.0000  -45.0000 6568.1997    9.7448
    7.5000   45.0000  -45.0000 6206.9995    9.7261
   -7.5000  -45.0000  -37.5000 6079.0737   10.7443
    0.0000  -45.0000  -37.5000 6108.3779   10.7512
    7.5000  -45.0000  -37.5000 5796.6089   10.7297
   -7.5000  -37.5000  -37.5000 6525.8779   11.0396
    0.0000  -37.5000  -37.5000 6533.7666   11.0450
    7.5000  -37.5000  -37.5000 6233.1523   11.0259
   -7.5000  -30.0000  -37.5000 7110.7549   11.0684
    0.0000  -30.0000  -37.5000 7095.0732   11.0691
    7.5000  -30.0000  -37.5000 6766.7910   11.0531
   -7.5000  -22.5000  -37.5000 7814.1431   10.8557
    0.0000  -22.5000  -37.5000 7816.0620   10.8529
    7.5000  -22.5000  -37.5000 7428.8643   10.8345
   -7.5000  -15.0000  -37.5000 8543.4023   10.8115
    0.0000  -15.0000  -37.5000 8569.8125   10.8118
    7.5000  -15.0000  -37.5000 8140.3062   10.7897
   -7.5000   -7.5000  -37.5000 8886.0889   10.8370
    0.0000   -7.5000  -37.5000 8939.9404   10.8445
    7.5000   -7.5000  -37.5000 8462.4971   10.8217
   -7.5000    0.0000  -37.5000 9093.8896   10.8548
    0.0000    0.0000  -37.5000 9170.3135   10.8648
    7.5000    0.0000  -37.5000 8642.2920   10.8439
   -7.5000    7.5000  -37.5000 8792.3242   10.8415
    0.0000    7.5000  -37.5000 8895.9297   10.8474
    7.5000    7.5000  -37.5000 8348.7666   10.8294
   -7.5000   15.0000  -37.5000 8802.2549   10.8209
    0.0000   15.0000  -37.5000 8930.0967   10.8211
    7.5000   15.0000  -37.5000 8349.7930   10.8052
   -7.5000   22.5000  -37.5000 8452.5410   10.7204
    0.0000   22.5000  -37.5000 8541.3096   10.7177
    7.5000   22.5000  -37.5000 7975.0430   10.6988
   -7.5000   30.0000  -37.5000 8072.9805   10.5632
    0.0000   30.0000  -37.5000 8159.2939   10.5629
    7.5000   30.0000  -37.5000 7607.9229   10.5385
   -7.5000   37.5000  -37.5000 7621.7969   10.4162
    0.0000   37.5000  -37.5000 7684.5825   10.4226
    7.5000   37.5000  -37.5000 7173.3145   10.3965
   -7.5000   45.0000  -37.5000 7082.1108   10.2772
    0.0000   45.0000  -37.5000 7130.0503   10.2849
    7.5000   45.0000  -37.5000 6668.9316   10.2595
   -7.5000  -45.0000  -30.0000 6519.6504   11.2908
    0.0000  -45.0000  -30.0000 6542.5835   11.2902
    7.5000  -45.0000  -30.0000 6221.4238   11.2617
   -7.5000  -37.5000  -30.0000 7016.7036   11.6081
    0.0000  -37.5000  -30.0000 7031.4365   11.6050
    7.5000  -37.5000  -30.0000 6699.4761   11.5769
   -7.5000  -30.0000  -30.0000 7668.5796   11.6225
    0.0000  -30.0000  -30.0000 7682.1821   11.6157
    7.5000  -30.0000  -30.0000 7312.3281   11.5913
   -7.5000  -22.5000  -30.0000 8441.9736   11.4001
    0.0000  -22.5000  -30.0000 8466.5166   11.3915
    7.5000  -22.5000  -30.0000 8056.5425   11.3672
   -7.5000  -15.0000  -30.0000 9236.4775   11.3550
    0.0000  -15.0000  -30.0000 9277.6973   11.3501
    7.5000  -15.0000  -30.0000 8821.0273   11.3239
   -7.5000   -7.5000  -30.0000 9573.4639   11.3821
    0.0000   -7.5000  -30.0000 9652.0479   11.3837
    7.5000   -7.5000  -30.0000 9124.4150   11.3563
   -7.5000    0.0000  -30.0000 9792.0273   11.4001
    0.0000    0.0000  -30.0000 9887.0293   11.4030
    7.5000    0.0000  -30.0000 9311.3135   11.3751
   -7.5000    7.5000  -30.0000 9480.3154   11.3835
    0.0000    7.5000  -30.0000 9604.7861   11.3814
    7.5000    7.5000  -30.0000 9012.0684   11.3548
   -7.5000   15.0000  -30.0000 9478.8242   11.3611
    0.0000   15.0000  -30.0000 9625.6338   11.3540
    7.5000   15.0000  -30.0000 9004.9805   11.3299
   -7.5000   22.5000  -30.0000 9082.3359   11.2586
    0.0000   22.5000  -30.0000 9197.3389   11.2496
    7.5000   22.5000  -30.0000 8575.6367   11.2250
   -7.5000   30.0000  -30.0000 8675.3135   11.1032
    0.0000   30.0000  -30.0000 8783.3135   11.0971
    7.5000   30.0000  -30.0000 8153.4014   11.0692
   -7.5000   37.5000  -30.0000 8177.5601   10.9582
    0.0000   37.5000  -30.0000 8274.1602   10.9581
    7.5000   37.5000  -30.0000 7670.6641   10.9284
   -7.5000   45.0000  -30.0000 7600.3740   10.8138
    0.0000   45.0000  -30.0000 7667.1650   10.8140
    7.5000   45.0000  -30.0000 7130.2500   10.7824
   -7.5000  -45.0000  -22.5000 6957.3906   11.7678
    0.0000  -45.0000  -22.5000 6973.8794   11.7634
    7.5000  -45.0000  -22.5000 6619.7109   11.7316
   -7.5000  -37.5000  -22.5000 7492.2393   12.1144
    0.0000  -37.5000  -22.5000 7524.1909   12.1070
    7.5000  -37.5000  -22.5000 7149.7393   12.0749
   -7.5000  -30.0000  -22.5000 8195.4629   12.1304
    0.0000  -30.0000  -22.5000 8231.3408   12.1197
    7.5000  -30.0000  -22.5000 7825.0444   12.0907
   -7.5000  -22.5000  -22.5000 9035.3184   11.9035
    0.0000  -22.5000  -22.5000 9083.6348   11.8917
    7.5000  -22.5000  -22.5000 8643.4297   11.8640
   -7.5000  -15.0000  -22.5000 9863.8750   11.8489
    0.0000  -15.0000  -22.5000 9928.5928   11.8406
    7.5000  -15.0000  -22.5000 9423.3525   11.8117
   -7.5000   -7.5000  -22.500010222.0107   11.8632
    0.0000   -7.5000  -22.500010324.9404   11.8609
    7.5000   -7.5000  -22.5000 9741.8047   11.8313
   -7.5000    0.0000  -22.500010456.4736   11.8754
    0.0000    0.0000  -22.500010558.4844   11.8744
    7.5000    0.0000  -22.5000 9955.7246   11.8440
   -7.5000    7.5000  -22.500010134.5996   11.8650
    0.0000    7.5000  -22.500010240.0010   11.8590
    7.5000    7.5000  -22.5000 9637.8828   11.8287
   -7.5000   15.0000  -22.500010120.0420   11.8561
    0.0000   15.0000  -22.500010243.1738   11.8452
    7.5000   15.0000  -22.5000 9622.4336   11.8169
   -7.5000   22.5000  -22.5000 9673.4951   11.7583
    0.0000   22.5000  -22.5000 9776.2686   11.7460
    7.5000   22.5000  -22.5000 9138.2578   11.7178
   -7.5000   30.0000  -22.5000 9200.6748   11.5968
    0.0000   30.0000  -22.5000 9304.1953   11.5875
    7.5000   30.0000  -22.5000 8667.2842   11.5573
   -7.5000   37.5000  -22.5000 8673.3652   11.4396
    0.0000   37.5000  -22.5000 8768.4434   11.4357
    7.5000   37.5000  -22.5000 8153.2632   11.4046
   -7.5000   45.0000  -22.5000 8061.7002   11.2930
    0.0000   45.0000  -22.5000 8135.7764   11.2905
    7.5000   45.0000  -22.5000 7574.1523   11.2583
   -7.5000  -45.0000  -15.0000 7343.1636   12.1844
    0.0000  -45.0000  -15.0000 7366.2031   12.1846
    7.5000  -45.0000  -15.0000 6966.8257   12.1562
   -7.5000  -37.5000  -15.0000 7923.7500   12.5489
    0.0000  -37.5000  -15.0000 7968.8721   12.5468
    7.5000  -37.5000  -15.0000 7537.8921   12.5196
   -7.5000  -30.0000  -15.0000 8660.4814   12.5682
    0.0000  -30.0000  -15.0000 8693.7080   12.5622
    7.5000  -30.0000  -15.0000 8252.5322   12.5372
   -7.5000  -22.5000  -15.0000 9534.8994   12.3368
    0.0000  -22.5000  -15.0000 9592.5781   12.3286
    7.5000  -22.5000  -15.0000 9108.7041   12.3035
   -7.5000  -15.0000  -15.000010379.2109   12.2709
    0.0000  -15.0000  -15.000010481.9990   12.2653
    7.5000  -15.0000  -15.0000 9931.5205   12.2375
   -7.5000   -7.5000  -15.000010781.5186   12.2713
    0.0000   -7.5000  -15.000010915.0840   12.2722
    7.5000   -7.5000  -15.000010304.3770   12.2444
   -7.5000    0.0000  -15.000011037.9531   12.2786
    0.0000    0.0000  -15.000011170.4492   12.2820
    7.5000    0.0000  -15.000010555.9619   12.2557
   -7.5000    7.5000  -15.000010689.1035   12.2768
    0.0000    7.5000  -15.000010790.9404   12.2761
    7.5000    7.5000  -15.000010207.0879   12.2509
   -7.5000   15.0000  -15.000010655.4756   12.2828
    0.0000   15.0000  -15.000010763.2441   12.2767
    7.5000   15.0000  -15.000010159.7637   12.2526
   -7.5000   22.5000  -15.000010174.9980   12.1895
    0.0000   22.5000  -15.000010257.4141   12.1809
    7.5000   22.5000  -15.0000 9650.3164   12.1549
   -7.5000   30.0000  -15.0000 9666.2578   12.0200
    0.0000   30.0000  -15.0000 9747.8105   12.0140
    7.5000   30.0000  -15.0000 9152.7959   11.9845
   -7.5000   37.5000  -15.0000 9098.2393   11.8503
    0.0000   37.5000  -15.0000 9176.3516   11.8499
    7.5000   37.5000  -15.0000 8600.5752   11.8201
   -7.5000   45.0000  -15.0000 8466.4199   11.7026
    0.0000   45.0000  -15.0000 8524.5371   11.7058
    7.5000   45.0000  -15.0000 7978.7197   11.6788
   -7.5000  -45.0000   -7.5000 7471.1455   12.1912
    0.0000  -45.0000   -7.5000 7508.3311   12.2007
    7.5000  -45.0000   -7.5000 7089.1079   12.1789
   -7.5000  -37.5000   -7.5000 8041.6064   12.5535
    0.0000  -37.5000   -7.5000 8085.3140   12.5618
    7.5000  -37.5000   -7.5000 7648.3657   12.5432
   -7.5000  -30.0000   -7.5000 8744.1738   12.5716
    0.0000  -30.0000   -7.5000 8784.8174   12.5751
    7.5000  -30.0000   -7.5000 8327.8125   12.5582
   -7.5000  -22.5000   -7.5000 9620.2480   12.3380
    0.0000  -22.5000   -7.5000 9677.6133   12.3372
    7.5000  -22.5000   -7.5000 9187.2305   12.3176
   -7.5000  -15.0000   -7.500010525.8125   12.2694
    0.0000  -15.0000   -7.500010653.7715   12.2707
    7.5000  -15.0000   -7.500010085.2676   12.2467
   -7.5000   -7.5000   -7.500011008.4570   12.2697
    0.0000   -7.5000   -7.500011154.5811   12.2783
    7.5000   -7.5000   -7.500010529.1973   12.2546
   -7.5000    0.0000   -7.500011351.3750   12.2789
    0.0000    0.0000   -7.500011476.2998   12.2915
    7.5000    0.0000   -7.500010863.7129   12.2715
   -7.5000    7.5000   -7.500010999.7969   12.2794
    0.0000    7.5000   -7.500011078.8330   12.2884
    7.5000    7.5000   -7.500010512.0176   12.2717
   -7.5000   15.0000   -7.500010932.6016   12.2858
    0.0000   15.0000   -7.500010965.8428   12.2890
    7.5000   15.0000   -7.500010420.8652   12.2728
   -7.5000   22.5000   -7.500010384.3994   12.1901
    0.0000   22.5000   -7.500010390.8467   12.1894
    7.5000   22.5000   -7.5000 9885.5254   12.1689
   -7.5000   30.0000   -7.5000 9840.9922   12.0172
    0.0000   30.0000   -7.5000 9853.5762   12.0185
    7.5000   30.0000   -7.5000 9373.6973   11.9919
   -7.5000   37.5000   -7.5000 9251.2861   11.8463
    0.0000   37.5000   -7.5000 9259.2275   11.8542
    7.5000   37.5000   -7.5000 8818.4717   11.8270
   -7.5000   45.0000   -7.5000 8616.9668   11.6989
    0.0000   45.0000   -7.5000 8626.4512   11.7111
    7.5000   45.0000   -7.5000 8184.2744   11.6897
   -7.5000  -45.0000    0.0000 7427.6812   12.5011
    0.0000  -45.0000    0.0000 7474.1450   12.5144
    7.5000  -45.0000    0.0000 7075.6333   12.4941
   -7.5000  -37.5000    0.0000 7996.3618   12.8581
    0.0000  -37.5000    0.0000 8033.5879   12.8706
    7.5000  -37.5000    0.0000 7615.9502   12.8542
   -7.5000  -30.0000    0.0000 8677.3613   12.8534
    0.0000  -30.0000    0.0000 8694.3232   12.8600
    7.5000  -30.0000    0.0000 8286.9219   12.8459
   -7.5000  -22.5000    0.0000 9526.7451   12.6094
    0.0000  -22.5000    0.0000 9546.7529   12.6108
    7.5000  -22.5000    0.0000 9134.5352   12.5925
   -7.5000  -15.0000    0.000010447.2666   12.5472
    0.0000  -15.0000    0.000010507.5059   12.5512
    7.5000  -15.0000    0.000010043.5078   12.5277
   -7.5000   -7.5000    0.000010937.9189   12.5618
    0.0000   -7.5000    0.000011065.4824   12.5741
    7.5000   -7.5000    0.000010513.1494   12.5507
   -7.5000    0.0000    0.000011410.4590   12.5775
    0.0000    0.0000    0.000011556.1885   12.5942
    7.5000    0.0000    0.000010930.4531   12.5750
   -7.5000    7.5000    0.000011161.0469   12.5690
    0.0000    7.5000    0.000011237.0654   12.5818
    7.5000    7.5000    0.000010661.8076   12.5670
   -7.5000   15.0000    0.000011016.9678   12.5608
    0.0000   15.0000    0.000010964.8604   12.5669
    7.5000   15.0000    0.000010540.0244   12.5531
   -7.5000   22.5000    0.000010308.4844   12.4582
    0.0000   22.5000    0.000010216.8906   12.4599
    7.5000   22.5000    0.0000 9904.7900   12.4409
   -7.5000   30.0000    0.0000 9720.3145   12.2944
    0.0000   30.0000    0.0000 9633.3721   12.2983
    7.5000   30.0000    0.0000 9368.6670   12.2717
   -7.5000   37.5000    0.0000 9166.4639   12.1421
    0.0000   37.5000    0.0000 9078.0859   12.1538
    7.5000   37.5000    0.0000 8809.8535   12.1259
   -7.5000   45.0000    0.0000 8579.8281   12.0051
    0.0000   45.0000    0.0000 8523.8447   12.0204
    7.5000   45.0000    0.0000 8182.2915   11.9973
   -7.5000  -45.0000    7.5000 7085.8555   12.5014
    0.0000  -45.0000    7.5000 7115.0669   12.5093
    7.5000  -45.0000    7.5000 6784.5449   12.4842
   -7.5000  -37.5000    7.5000 7613.9009   12.8512
    0.0000  -37.5000    7.5000 7643.6528   12.8573
    7.5000  -37.5000    7.5000 7295.2598   12.8352
   -7.5000  -30.0000    7.5000 8258.5498   12.8318
    0.0000  -30.0000    7.5000 8293.0283   12.8325
    7.5000  -30.0000    7.5000 7928.7227   12.8139
   -7.5000  -22.5000    7.5000 9071.7061   12.5848
    0.0000  -22.5000    7.5000 9108.1377   12.5815
    7.5000  -22.5000    7.5000 8733.3203   12.5600
   -7.5000  -15.0000    7.5000 9936.8857   12.5332
    0.0000  -15.0000    7.5000 9976.3213   12.5335
    7.5000  -15.0000    7.5000 9574.0479   12.5078
   -7.5000   -7.5000    7.500010384.9727   12.5627
    0.0000   -7.5000    7.500010452.5566   12.5713
    7.5000   -7.5000    7.500010028.4072   12.5449
   -7.5000    0.0000    7.500010847.5928   12.5834
    0.0000    0.0000    7.500010961.4170   12.5950
    7.5000    0.0000    7.500010456.6914   12.5706
   -7.5000    7.5000    7.500010691.8672   12.5641
    0.0000    7.5000    7.500010760.9971   12.5709
    7.5000    7.5000    7.500010303.0371   12.5500
   -7.5000   15.0000    7.500010554.1846   12.5403
    0.0000   15.0000    7.500010514.7070   12.5405
    7.5000   15.0000    7.500010225.7510   12.5219
   -7.5000   22.5000    7.5000 9898.8252   12.4330
    0.0000   22.5000    7.5000 9834.6016   12.4297
    7.5000   22.5000    7.5000 9586.1045   12.4078
   -7.5000   30.0000    7.5000 9349.3506   12.2798
    0.0000   30.0000    7.5000 9290.7832   12.2793
    7.5000   30.0000    7.5000 9009.8477   12.2509
   -7.5000   37.5000    7.5000 8809.4268   12.1444
    0.0000   37.5000    7.5000 8770.3525   12.1518
    7.5000   37.5000    7.5000 8422.3330   12.1213
   -7.5000   45.0000    7.5000 8212.4814   12.0136
    0.0000   45.0000    7.5000 8220.7812   12.0225
    7.5000   45.0000    7.5000 7807.6567   11.9928
   -7.5000  -45.0000   15.0000 7045.0103   12.6514
    0.0000  -45.0000   15.0000 7089.7671   12.6505
    7.5000  -45.0000   15.0000 6736.4277   12.6180
   -7.5000  -37.5000   15.0000 7564.0029   13.0032
    0.0000  -37.5000   15.0000 7613.1055   12.9994
    7.5000  -37.5000   15.0000 7253.6987   12.9675
   -7.5000  -30.0000   15.0000 8197.4873   12.9807
    0.0000  -30.0000   15.0000 8232.7432   12.9727
    7.5000  -30.0000   15.0000 7884.7896   12.9450
   -7.5000  -22.5000   15.0000 8979.9570   12.7296
    0.0000  -22.5000   15.0000 8998.1768   12.7196
    7.5000  -22.5000   15.0000 8670.3711   12.6920
   -7.5000  -15.0000   15.0000 9771.3564   12.6790
    0.0000  -15.0000   15.0000 9798.8076   12.6732
    7.5000  -15.0000   15.0000 9454.9082   12.6431
   -7.5000   -7.5000   15.000010142.6104   12.7096
    0.0000   -7.5000   15.000010172.8750   12.7111
    7.5000   -7.5000   15.0000 9837.9844   12.6799
   -7.5000    0.0000   15.000010497.2607   12.7297
    0.0000    0.0000   15.000010609.7031   12.7326
    7.5000    0.0000   15.000010189.7666   12.7010
   -7.5000    7.5000   15.000010299.6807   12.7081
    0.0000    7.5000   15.000010428.5215   12.7055
    7.5000    7.5000   15.000010019.0693   12.6753
   -7.5000   15.0000   15.000010282.9609   12.6829
    0.0000   15.0000   15.000010372.9316   12.6746
    7.5000   15.0000   15.0000 9981.0488   12.6473
   -7.5000   22.5000   15.0000 9788.0703   12.5767
    0.0000   22.5000   15.0000 9902.8770   12.5663
    7.5000   22.5000   15.0000 9424.7559   12.5382
   -7.5000   30.0000   15.0000 9262.1670   12.4257
    0.0000   30.0000   15.0000 9398.6523   12.4186
    7.5000   30.0000   15.0000 8864.7363   12.3865
   -7.5000   37.5000   15.0000 8660.2021   12.2921
    0.0000   37.5000   15.0000 8773.1621   12.2916
    7.5000   37.5000   15.0000 8252.4912   12.2576
   -7.5000   45.0000   15.0000 8018.0967   12.1636
    0.0000   45.0000   15.0000 8126.8701   12.1635
    7.5000   45.0000   15.0000 7626.5498   12.1275
   -7.5000  -45.0000   22.5000 6651.9214   12.8827
    0.0000  -45.0000   22.5000 6698.1709   12.8771
    7.5000  -45.0000   22.5000 6351.6055   12.8400
   -7.5000  -37.5000   22.5000 7154.8633   13.2444
    0.0000  -37.5000   22.5000 7185.9165   13.2355
    7.5000  -37.5000   22.5000 6836.2158   13.1979
   -7.5000  -30.0000   22.5000 7736.0327   13.2328
    0.0000  -30.0000   22.5000 7772.9326   13.2203
    7.5000  -30.0000   22.5000 7421.1265   13.1864
   -7.5000  -22.5000   22.5000 8450.0059   12.9779
    0.0000  -22.5000   22.5000 8492.3945   12.9642
    7.5000  -22.5000   22.5000 8142.7959   12.9322
   -7.5000  -15.0000   22.5000 9151.1904   12.9163
    0.0000  -15.0000   22.5000 9198.4443   12.9063
    7.5000  -15.0000   22.5000 8863.8525   12.8730
   -7.5000   -7.5000   22.5000 9483.6074   12.9318
    0.0000   -7.5000   22.5000 9547.7158   12.9285
    7.5000   -7.5000   22.5000 9214.1357   12.8942
   -7.5000    0.0000   22.5000 9807.0225   12.9455
    0.0000    0.0000   22.5000 9899.7119   12.9438
    7.5000    0.0000   22.5000 9512.5781   12.9085
   -7.5000    7.5000   22.5000 9577.5986   12.9334
    0.0000    7.5000   22.5000 9656.1846   12.9263
    7.5000    7.5000   22.5000 9302.4209   12.8910
   -7.5000   15.0000   22.5000 9587.9150   12.9241
    0.0000   15.0000   22.5000 9636.3291   12.9115
    7.5000   15.0000   22.5000 9244.5635   12.8786
   -7.5000   22.5000   22.5000 9159.3203   12.8239
    0.0000   22.5000   22.5000 9222.8066   12.8097
    7.5000   22.5000   22.5000 8761.8916   12.7770
   -7.5000   30.0000   22.5000 8670.4404   12.6638
    0.0000   30.0000   22.5000 8764.9990   12.6527
    7.5000   30.0000   22.5000 8273.7529   12.6178
   -7.5000   37.5000   22.5000 8064.7510   12.5142
    0.0000   37.5000   22.5000 8157.2358   12.5090
    7.5000   37.5000   22.5000 7694.2197   12.4730
   -7.5000   45.0000   22.5000 7439.7886   12.3822
    0.0000   45.0000   22.5000 7530.8984   12.3787
    7.5000   45.0000   22.5000 7093.2207   12.3414
   -7.5000  -45.0000   30.0000 6233.6440   13.1427
    0.0000  -45.0000   30.0000 6276.3877   13.1437
    7.5000  -45.0000   30.0000 5948.6064   13.1060
   -7.5000  -37.5000   30.0000 6704.2837   13.5143
    0.0000  -37.5000   30.0000 6746.6431   13.5135
    7.5000  -37.5000   30.0000 6400.9995   13.4777
   -7.5000  -30.0000   30.0000 7241.5376   13.5126
    0.0000  -30.0000   30.0000 7296.1299   13.5079
    7.5000  -30.0000   30.0000 6927.9023   13.4758
   -7.5000  -22.5000   30.0000 7894.1694   13.2505
    0.0000  -22.5000   30.0000 7954.7202   13.2428
    7.5000  -22.5000   30.0000 7588.0308   13.2110
   -7.5000  -15.0000   30.0000 8564.7920   13.1745
    0.0000  -15.0000   30.0000 8625.5781   13.1690
    7.5000  -15.0000   30.0000 8266.5264   13.1338
   -7.5000   -7.5000   30.0000 8904.4951   13.1733
    0.0000   -7.5000   30.0000 8982.2080   13.1747
    7.5000   -7.5000   30.0000 8632.0137   13.1386
   -7.5000    0.0000   30.0000 9199.6787   13.1815
    0.0000    0.0000   30.0000 9285.8574   13.1861
    7.5000    0.0000   30.0000 8890.3740   13.1513
   -7.5000    7.5000   30.0000 8921.2275   13.1807
    0.0000    7.5000   30.0000 8987.7266   13.1814
    7.5000    7.5000   30.0000 8603.4873   13.1484
   -7.5000   15.0000   30.0000 8886.8350   13.1893
    0.0000   15.0000   30.0000 8942.7295   13.1843
    7.5000   15.0000   30.0000 8524.5059   13.1535
   -7.5000   22.5000   30.0000 8471.5029   13.0938
    0.0000   22.5000   30.0000 8528.6738   13.0856
    7.5000   22.5000   30.0000 8084.8438   13.0530
   -7.5000   30.0000   30.0000 7972.3804   12.9294
    0.0000   30.0000   30.0000 8049.8213   12.9235
    7.5000   30.0000   30.0000 7608.8853   12.8862
   -7.5000   37.5000   30.0000 7400.6157   12.7689
    0.0000   37.5000   30.0000 7472.7402   12.7691
    7.5000   37.5000   30.0000 7075.9873   12.7305
   -7.5000   45.0000   30.0000 6836.4131   12.6404
    0.0000   45.0000   30.0000 6909.7896   12.6449
    7.5000   45.0000   30.0000 6536.0171   12.6092
   -7.5000  -45.0000   37.5000 5864.4414   13.3557
    0.0000  -45.0000   37.5000 5904.2129   13.3672
    7.5000  -45.0000   37.5000 5575.2041   13.3359
   -7.5000  -37.5000   37.5000 6299.3496   13.7378
    0.0000  -37.5000   37.5000 6336.4341   13.7475
    7.5000  -37.5000   37.5000 5984.1987   13.7209
   -7.5000  -30.0000   37.5000 6798.0186   13.7129
    0.0000  -30.0000   37.5000 6834.1152   13.7167
    7.5000  -30.0000   37.5000 6486.1309   13.6944
   -7.5000  -22.5000   37.5000 7409.2881   13.4297
    0.0000  -22.5000   37.5000 7457.0288   13.4288
    7.5000  -22.5000   37.5000 7112.0723   13.4042
   -7.5000  -15.0000   37.5000 8051.0044   13.3441
    0.0000  -15.0000   37.5000 8105.4912   13.3462
    7.5000  -15.0000   37.5000 7768.6724   13.3156
   -7.5000   -7.5000   37.5000 8396.4688   13.3451
    0.0000   -7.5000   37.5000 8483.9170   13.3560
    7.5000   -7.5000   37.5000 8111.8735   13.3241
   -7.5000    0.0000   37.5000 8631.9189   13.3611
    0.0000    0.0000   37.5000 8722.9453   13.3762
    7.5000    0.0000   37.5000 8306.5498   13.3477
   -7.5000    7.5000   37.5000 8340.0498   13.3656
    0.0000    7.5000   37.5000 8412.4238   13.3761
    7.5000    7.5000   37.5000 8007.1489   13.3523
   -7.5000   15.0000   37.5000 8284.5195   13.3728
    0.0000   15.0000   37.5000 8344.6318   13.3761
    7.5000   15.0000   37.5000 7919.7061   13.3549
   -7.5000   22.5000   37.5000 7840.2593   13.2683
    0.0000   22.5000   37.5000 7891.4404   13.2675
    7.5000   22.5000   37.5000 7480.7085   13.2418
   -7.5000   30.0000   37.5000 7346.9565   13.1021
    0.0000   30.0000   37.5000 7404.8965   13.1043
    7.5000   30.0000   37.5000 7023.6621   13.0704
   -7.5000   37.5000   37.5000 6818.4058   12.9480
    0.0000   37.5000   37.5000 6872.1929   12.9583
    7.5000   37.5000   37.5000 6522.7319   12.9221
   -7.5000   45.0000   37.5000 6335.9297   12.8330
    0.0000   45.0000   37.5000 6369.8687   12.8481
    7.5000   45.0000   37.5000 6044.8989   12.8176
   -7.5000  -45.0000   45.0000 5502.0767   13.5956
    0.0000  -45.0000   45.0000 5534.4673   13.6088
    7.5000  -45.0000   45.0000 5239.3184   13.5804
   -7.5000  -37.5000   45.0000 5899.1289   13.9766
    0.0000  -37.5000   45.0000 5923.7598   13.9881
    7.5000  -37.5000   45.0000 5618.4229   13.9659
   -7.5000  -30.0000   45.0000 6377.8408   13.9154
    0.0000  -30.0000   45.0000 6399.6509   13.9185
    7.5000  -30.0000   45.0000 6092.3560   13.9005
   -7.5000  -22.5000   45.0000 6974.8350   13.6152
    0.0000  -22.5000   45.0000 7005.0303   13.6118
    7.5000  -22.5000   45.0000 6684.9683   13.5889
   -7.5000  -15.0000   45.0000 7601.4497   13.5416
    0.0000  -15.0000   45.0000 7636.0776   13.5423
    7.5000  -15.0000   45.0000 7292.2432   13.5123
   -7.5000   -7.5000   45.0000 7899.1064   13.5629
    0.0000   -7.5000   45.0000 7957.5122   13.5750
    7.5000   -7.5000   45.0000 7582.5703   13.5438
   -7.5000    0.0000   45.0000 8078.8999   13.5825
    0.0000    0.0000   45.0000 8158.1870   13.6001
    7.5000    0.0000   45.0000 7743.2905   13.5736
   -7.5000    7.5000   45.0000 7776.8042   13.5698
    0.0000    7.5000   45.0000 7838.6479   13.5818
    7.5000    7.5000   45.0000 7441.6768   13.5617
   -7.5000   15.0000   45.0000 7700.9111   13.5571
    0.0000   15.0000   45.0000 7743.9922   13.5597
    7.5000   15.0000   45.0000 7352.5225   13.5422
   -7.5000   22.5000   45.0000 7246.8081   13.4482
    0.0000   22.5000   45.0000 7273.8491   13.4452
    7.5000   22.5000   45.0000 6920.7485   13.4215
   -7.5000   30.0000   45.0000 6773.9111   13.3022
    0.0000   30.0000   45.0000 6806.5239   13.3030
    7.5000   30.0000   45.0000 6489.2466   13.2689
   -7.5000   37.5000   45.0000 6303.6953   13.1756
    0.0000   37.5000   45.0000 6312.2949   13.1871
    7.5000   37.5000   45.0000 6032.5864   13.1500
   -7.5000   45.0000   45.0000 5869.1299   13.0712
    0.0000   45.0000   45.0000 5861.8428   13.0875
    7.5000   45.0000   45.0000 5607.8354   13.0559

---------------------------------------------------------------------
imgreg_4dfp /opt/freesurfer/average/711-2C_as_mni_average_305 /opt/freesurfer/average/711-2B_as_mni_average_305_mask talsrcimg_g11 none talsrcimg_to_711-2C_as_mni_average_305_t4 4355
---------------------------------------------------------------------

freesurfer imgreg_4dfp.c
/opt/freesurfer/average/711-2C_as_mni_average_305.4dfp.img
       256       256       256         1
  1.000000  1.000000  1.000000
orientation T byte_order littleendian
Reading image: /opt/freesurfer/average/711-2C_as_mni_average_305.4dfp.img
dimensions:      256       256       256
mmppix:       1.0000   -1.0000   -1.0000
center:     128.0000 -129.0000 -129.0000
/opt/freesurfer/average/711-2B_as_mni_average_305_mask.4dfp.img
       256       256       256         1
  1.000000  1.000000  1.000000
orientation T byte_order littleendian
Reading mask: /opt/freesurfer/average/711-2B_as_mni_average_305_mask.4dfp.img (2306576 pixels)
talsrcimg_g11.4dfp.img
       288       288       288         1
  0.798611  0.798611  0.798611
orientation T byte_order littleendian
Reading image: talsrcimg_g11.4dfp.img
dimensions:      288       288       288
mmppix:       0.7986   -0.7986   -0.7986
center:     115.0000 -115.7986 -115.7986
rotation matrix determinant  1.000000
image alignment mode   4355 decimal     1103 hex
   -7.5000  -45.0000  -45.0000 1901.1061   14.7389
    0.0000  -45.0000  -45.0000 1904.7374   14.7964
    7.5000  -45.0000  -45.0000 1878.9160   15.0465
   -7.5000  -37.5000  -45.0000 1957.6536   13.8124
    0.0000  -37.5000  -45.0000 1958.8459   13.8316
    7.5000  -37.5000  -45.0000 1933.8644   14.1318
   -7.5000  -30.0000  -45.0000 2005.4941   13.0771
    0.0000  -30.0000  -45.0000 2005.2159   12.9977
    7.5000  -30.0000  -45.0000 1984.4058   13.2988
   -7.5000  -22.5000  -45.0000 2054.2249   12.4689
    0.0000  -22.5000  -45.0000 2058.4270   12.3948
    7.5000  -22.5000  -45.0000 2038.5795   12.6443
   -7.5000  -15.0000  -45.0000 2099.8635   11.9734
    0.0000  -15.0000  -45.0000 2111.2815   11.9228
    7.5000  -15.0000  -45.0000 2087.7798   12.1256
   -7.5000   -7.5000  -45.0000 2139.9819   11.5744
    0.0000   -7.5000  -45.0000 2148.3618   11.5871
    7.5000   -7.5000  -45.0000 2128.4919   11.7290
   -7.5000    0.0000  -45.0000 2160.0154   11.2496
    0.0000    0.0000  -45.0000 2172.7598   11.2951
    7.5000    0.0000  -45.0000 2150.1157   11.3705
   -7.5000    7.5000  -45.0000 2169.0928   11.0408
    0.0000    7.5000  -45.0000 2180.5388   11.0532
    7.5000    7.5000  -45.0000 2157.9053   11.1556
   -7.5000   15.0000  -45.0000 2179.2397   10.9255
    0.0000   15.0000  -45.0000 2195.2795   10.9466
    7.5000   15.0000  -45.0000 2169.9146   11.0196
   -7.5000   22.5000  -45.0000 2177.2678   10.9576
    0.0000   22.5000  -45.0000 2190.3979   10.9297
    7.5000   22.5000  -45.0000 2163.8599   11.0171
   -7.5000   30.0000  -45.0000 2161.1489   11.1702
    0.0000   30.0000  -45.0000 2179.2976   11.0951
    7.5000   30.0000  -45.0000 2151.9397   11.1858
   -7.5000   37.5000  -45.0000 2095.5583   11.4836
    0.0000   37.5000  -45.0000 2117.6570   11.4172
    7.5000   37.5000  -45.0000 2093.4700   11.4960
   -7.5000   45.0000  -45.0000 1992.1949   11.7961
    0.0000   45.0000  -45.0000 2008.4966   11.7123
    7.5000   45.0000  -45.0000 1986.5177   11.8045
   -7.5000  -45.0000  -37.5000 2041.3757   14.4252
    0.0000  -45.0000  -37.5000 2046.2021   14.4535
    7.5000  -45.0000  -37.5000 2018.4547   14.7437
   -7.5000  -37.5000  -37.5000 2099.0674   13.4943
    0.0000  -37.5000  -37.5000 2100.7339   13.5042
    7.5000  -37.5000  -37.5000 2077.8577   13.8004
   -7.5000  -30.0000  -37.5000 2163.8882   12.7850
    0.0000  -30.0000  -37.5000 2167.2686   12.7566
    7.5000  -30.0000  -37.5000 2140.6143   13.0151
   -7.5000  -22.5000  -37.5000 2218.9170   12.1939
    0.0000  -22.5000  -37.5000 2226.0530   12.1358
    7.5000  -22.5000  -37.5000 2197.8130   12.3349
   -7.5000  -15.0000  -37.5000 2265.4453   11.6930
    0.0000  -15.0000  -37.5000 2274.4631   11.6888
    7.5000  -15.0000  -37.5000 2247.9473   11.8014
   -7.5000   -7.5000  -37.5000 2302.1021   11.3116
    0.0000   -7.5000  -37.5000 2313.3340   11.3037
    7.5000   -7.5000  -37.5000 2287.5974   11.4173
   -7.5000    0.0000  -37.5000 2319.5083   11.0379
    0.0000    0.0000  -37.5000 2337.6550   11.0769
    7.5000    0.0000  -37.5000 2303.0781   11.1346
   -7.5000    7.5000  -37.5000 2323.8872   10.8441
    0.0000    7.5000  -37.5000 2347.4561   10.9046
    7.5000    7.5000  -37.5000 2312.0457   10.9145
   -7.5000   15.0000  -37.5000 2333.7361   10.7644
    0.0000   15.0000  -37.5000 2358.8484   10.8079
    7.5000   15.0000  -37.5000 2321.2346   10.8019
   -7.5000   22.5000  -37.5000 2338.2961   10.7751
    0.0000   22.5000  -37.5000 2363.7664   10.7592
    7.5000   22.5000  -37.5000 2325.0322   10.7861
   -7.5000   30.0000  -37.5000 2324.2065   10.9794
    0.0000   30.0000  -37.5000 2357.7729   10.9323
    7.5000   30.0000  -37.5000 2317.7068   10.9656
   -7.5000   37.5000  -37.5000 2269.0261   11.2985
    0.0000   37.5000  -37.5000 2295.8623   11.2419
    7.5000   37.5000  -37.5000 2264.1487   11.2979
   -7.5000   45.0000  -37.5000 2154.3848   11.6208
    0.0000   45.0000  -37.5000 2175.4626   11.5551
    7.5000   45.0000  -37.5000 2147.2156   11.6066
   -7.5000  -45.0000  -30.0000 2180.1548   14.0805
    0.0000  -45.0000  -30.0000 2183.7517   14.1063
    7.5000  -45.0000  -30.0000 2155.6594   14.3886
   -7.5000  -37.5000  -30.0000 2241.9915   13.1395
    0.0000  -37.5000  -30.0000 2245.6118   13.0899
    7.5000  -37.5000  -30.0000 2217.1355   13.4115
   -7.5000  -30.0000  -30.0000 2304.4033   12.4652
    0.0000  -30.0000  -30.0000 2311.6250   12.4074
    7.5000  -30.0000  -30.0000 2278.5649   12.6419
   -7.5000  -22.5000  -30.0000 2364.1077   11.8667
    0.0000  -22.5000  -30.0000 2373.6387   11.8398
    7.5000  -22.5000  -30.0000 2340.7322   11.9954
   -7.5000  -15.0000  -30.0000 2417.0049   11.3927
    0.0000  -15.0000  -30.0000 2423.4561   11.4095
    7.5000  -15.0000  -30.0000 2395.6235   11.5065
   -7.5000   -7.5000  -30.0000 2442.4995   11.0150
    0.0000   -7.5000  -30.0000 2456.4436   11.0274
    7.5000   -7.5000  -30.0000 2422.6321   11.0938
   -7.5000    0.0000  -30.0000 2458.6575   10.7462
    0.0000    0.0000  -30.0000 2480.5305   10.7876
    7.5000    0.0000  -30.0000 2444.0696   10.8134
   -7.5000    7.5000  -30.0000 2477.2351   10.5556
    0.0000    7.5000  -30.0000 2504.8420   10.5952
    7.5000    7.5000  -30.0000 2464.6606   10.5972
   -7.5000   15.0000  -30.0000 2490.0791   10.4738
    0.0000   15.0000  -30.0000 2521.6482   10.4926
    7.5000   15.0000  -30.0000 2480.1433   10.4731
   -7.5000   22.5000  -30.0000 2491.4653   10.5284
    0.0000   22.5000  -30.0000 2522.2991   10.4967
    7.5000   22.5000  -30.0000 2482.6248   10.4980
   -7.5000   30.0000  -30.0000 2479.7415   10.7552
    0.0000   30.0000  -30.0000 2518.2573   10.7050
    7.5000   30.0000  -30.0000 2473.6367   10.7136
   -7.5000   37.5000  -30.0000 2420.6738   11.0768
    0.0000   37.5000  -30.0000 2452.2017   11.0330
    7.5000   37.5000  -30.0000 2414.4370   11.0416
   -7.5000   45.0000  -30.0000 2307.1365   11.3658
    0.0000   45.0000  -30.0000 2328.3655   11.3156
    7.5000   45.0000  -30.0000 2300.9182   11.3778
   -7.5000  -45.0000  -22.5000 2300.0002   13.6744
    0.0000  -45.0000  -22.5000 2303.5867   13.6576
    7.5000  -45.0000  -22.5000 2273.5669   13.9485
   -7.5000  -37.5000  -22.5000 2369.0234   12.7542
    0.0000  -37.5000  -22.5000 2374.2690   12.7015
    7.5000  -37.5000  -22.5000 2341.5127   12.9917
   -7.5000  -30.0000  -22.5000 2432.7783   12.0678
    0.0000  -30.0000  -22.5000 2439.6023   12.0146
    7.5000  -30.0000  -22.5000 2406.7551   12.2379
   -7.5000  -22.5000  -22.5000 2492.2175   11.4764
    0.0000  -22.5000  -22.5000 2501.5935   11.4662
    7.5000  -22.5000  -22.5000 2467.0637   11.6245
   -7.5000  -15.0000  -22.5000 2534.2339   11.0341
    0.0000  -15.0000  -22.5000 2539.6987   11.0205
    7.5000  -15.0000  -22.5000 2508.8647   11.1305
   -7.5000   -7.5000  -22.5000 2554.6790   10.6847
    0.0000   -7.5000  -22.5000 2572.5142   10.6917
    7.5000   -7.5000  -22.5000 2536.2800   10.7569
   -7.5000    0.0000  -22.5000 2576.4783   10.4047
    0.0000    0.0000  -22.5000 2600.7219   10.3737
    7.5000    0.0000  -22.5000 2569.3899   10.4386
   -7.5000    7.5000  -22.5000 2606.9150   10.1604
    0.0000    7.5000  -22.5000 2638.0684   10.1352
    7.5000    7.5000  -22.5000 2599.3135   10.2040
   -7.5000   15.0000  -22.5000 2626.8313   10.0723
    0.0000   15.0000  -22.5000 2659.3916   10.0253
    7.5000   15.0000  -22.5000 2621.4773   10.0797
   -7.5000   22.5000  -22.5000 2630.1597   10.1592
    0.0000   22.5000  -22.5000 2664.8826   10.1152
    7.5000   22.5000  -22.5000 2622.8901   10.1290
   -7.5000   30.0000  -22.5000 2618.1184   10.3851
    0.0000   30.0000  -22.5000 2656.9861   10.3325
    7.5000   30.0000  -22.5000 2611.7385   10.3549
   -7.5000   37.5000  -22.5000 2554.5674   10.7085
    0.0000   37.5000  -22.5000 2589.8508   10.6799
    7.5000   37.5000  -22.5000 2550.7344   10.6941
   -7.5000   45.0000  -22.5000 2440.2720   11.0195
    0.0000   45.0000  -22.5000 2466.9844   10.9560
    7.5000   45.0000  -22.5000 2429.7004   11.0457
   -7.5000  -45.0000  -15.0000 2382.7664   13.2165
    0.0000  -45.0000  -15.0000 2385.3242   13.2032
    7.5000  -45.0000  -15.0000 2355.6035   13.5055
   -7.5000  -37.5000  -15.0000 2458.4980   12.3150
    0.0000  -37.5000  -15.0000 2471.1650   12.3277
    7.5000  -37.5000  -15.0000 2431.1150   12.5821
   -7.5000  -30.0000  -15.0000 2519.0364   11.6214
    0.0000  -30.0000  -15.0000 2530.6521   11.6089
    7.5000  -30.0000  -15.0000 2493.4688   11.8506
   -7.5000  -22.5000  -15.0000 2571.7966   11.0916
    0.0000  -22.5000  -15.0000 2582.7861   11.0462
    7.5000  -22.5000  -15.0000 2549.1226   11.2543
   -7.5000  -15.0000  -15.0000 2607.2976   10.6462
    0.0000  -15.0000  -15.0000 2620.9385   10.5959
    7.5000  -15.0000  -15.0000 2587.0110   10.7745
   -7.5000   -7.5000  -15.0000 2636.0491   10.3038
    0.0000   -7.5000  -15.0000 2656.9751   10.2490
    7.5000   -7.5000  -15.0000 2620.2417   10.3753
   -7.5000    0.0000  -15.0000 2664.3291   10.0097
    0.0000    0.0000  -15.0000 2696.8140    9.9439
    7.5000    0.0000  -15.0000 2660.8323   10.0649
   -7.5000    7.5000  -15.0000 2695.9307    9.7391
    0.0000    7.5000  -15.0000 2731.0820    9.6532
    7.5000    7.5000  -15.0000 2693.0471    9.8269
   -7.5000   15.0000  -15.0000 2719.8169    9.6170
    0.0000   15.0000  -15.0000 2757.6221    9.5238
    7.5000   15.0000  -15.0000 2717.3101    9.6840
   -7.5000   22.5000  -15.0000 2725.3853    9.7065
    0.0000   22.5000  -15.0000 2764.1812    9.6148
    7.5000   22.5000  -15.0000 2722.3384    9.7207
   -7.5000   30.0000  -15.0000 2721.4661    9.9367
    0.0000   30.0000  -15.0000 2765.4023    9.8623
    7.5000   30.0000  -15.0000 2720.0461    9.9448
   -7.5000   37.5000  -15.0000 2655.0027   10.2846
    0.0000   37.5000  -15.0000 2696.6875   10.2058
    7.5000   37.5000  -15.0000 2653.3601   10.3014
   -7.5000   45.0000  -15.0000 2540.5466   10.6304
    0.0000   45.0000  -15.0000 2565.2820   10.5436
    7.5000   45.0000  -15.0000 2528.5698   10.6664
   -7.5000  -45.0000   -7.5000 2420.9736   12.8208
    0.0000  -45.0000   -7.5000 2425.2998   12.8016
    7.5000  -45.0000   -7.5000 2392.2810   13.1346
   -7.5000  -37.5000   -7.5000 2496.9204   11.9088
    0.0000  -37.5000   -7.5000 2503.9934   11.9202
    7.5000  -37.5000   -7.5000 2466.6848   12.2089
   -7.5000  -30.0000   -7.5000 2549.2646   11.1748
    0.0000  -30.0000   -7.5000 2558.3132   11.1678
    7.5000  -30.0000   -7.5000 2524.0227   11.4524
   -7.5000  -22.5000   -7.5000 2593.4399   10.6288
    0.0000  -22.5000   -7.5000 2608.6267   10.5948
    7.5000  -22.5000   -7.5000 2572.4648   10.8361
   -7.5000  -15.0000   -7.5000 2633.6155   10.2069
    0.0000  -15.0000   -7.5000 2655.8928   10.1609
    7.5000  -15.0000   -7.5000 2616.6716   10.3733
   -7.5000   -7.5000   -7.5000 2672.3848    9.8997
    0.0000   -7.5000   -7.5000 2700.7214    9.8335
    7.5000   -7.5000   -7.5000 2662.0449   10.0218
   -7.5000    0.0000   -7.5000 2710.4229    9.6427
    0.0000    0.0000   -7.5000 2742.7078    9.5539
    7.5000    0.0000   -7.5000 2711.1350    9.7647
   -7.5000    7.5000   -7.5000 2740.6499    9.3673
    0.0000    7.5000   -7.5000 2774.9045    9.2323
    7.5000    7.5000   -7.5000 2740.3054    9.5098
   -7.5000   15.0000   -7.5000 2769.7227    9.1627
    0.0000   15.0000   -7.5000 2805.9868    9.0078
    7.5000   15.0000   -7.5000 2763.8154    9.3033
   -7.5000   22.5000   -7.5000 2782.3435    9.2190
    0.0000   22.5000   -7.5000 2815.9963    9.0433
    7.5000   22.5000   -7.5000 2776.7578    9.2946
   -7.5000   30.0000   -7.5000 2778.8796    9.4758
    0.0000   30.0000   -7.5000 2811.7693    9.3146
    7.5000   30.0000   -7.5000 2777.5950    9.5183
   -7.5000   37.5000   -7.5000 2713.3787    9.8384
    0.0000   37.5000   -7.5000 2742.6172    9.7098
    7.5000   37.5000   -7.5000 2717.3655    9.8935
   -7.5000   45.0000   -7.5000 2589.5457   10.2193
    0.0000   45.0000   -7.5000 2615.9526   10.1046
    7.5000   45.0000   -7.5000 2583.5588   10.3163
   -7.5000  -45.0000    0.0000 2453.9570   12.7476
    0.0000  -45.0000    0.0000 2455.8416   12.7558
    7.5000  -45.0000    0.0000 2429.2822   13.1337
   -7.5000  -37.5000    0.0000 2519.6604   11.8263
    0.0000  -37.5000    0.0000 2527.7544   11.7981
    7.5000  -37.5000    0.0000 2496.1289   12.1673
   -7.5000  -30.0000    0.0000 2567.7727   11.0538
    0.0000  -30.0000    0.0000 2571.0232   10.9737
    7.5000  -30.0000    0.0000 2547.2346   11.3360
   -7.5000  -22.5000    0.0000 2604.6304   10.4465
    0.0000  -22.5000    0.0000 2615.3770   10.3559
    7.5000  -22.5000    0.0000 2592.7983   10.6789
   -7.5000  -15.0000    0.0000 2654.2095   10.0028
    0.0000  -15.0000    0.0000 2672.6304    9.9160
    7.5000  -15.0000    0.0000 2645.2219   10.2137
   -7.5000   -7.5000    0.0000 2693.3767    9.7124
    0.0000   -7.5000    0.0000 2716.9016    9.6054
    7.5000   -7.5000    0.0000 2692.8320    9.8957
   -7.5000    0.0000    0.0000 2735.5305    9.5098
    0.0000    0.0000    0.0000 2765.4292    9.3889
    7.5000    0.0000    0.0000 2745.5610    9.6398
   -7.5000    7.5000    0.0000 2772.6296    9.2730
    0.0000    7.5000    0.0000 2815.4170    9.1239
    7.5000    7.5000    0.0000 2776.5103    9.4010
   -7.5000   15.0000    0.0000 2804.5981    8.9845
    0.0000   15.0000    0.0000 2834.9053    8.7515
    7.5000   15.0000    0.0000 2799.9043    9.1396
   -7.5000   22.5000    0.0000 2822.8577    8.9525
    0.0000   22.5000    0.0000 2846.9587    8.6803
    7.5000   22.5000    0.0000 2812.8823    9.0854
   -7.5000   30.0000    0.0000 2816.6047    9.2158
    0.0000   30.0000    0.0000 2833.9360    8.9645
    7.5000   30.0000    0.0000 2819.5405    9.3612
   -7.5000   37.5000    0.0000 2754.4456    9.6465
    0.0000   37.5000    0.0000 2769.2319    9.4443
    7.5000   37.5000    0.0000 2756.1787    9.7729
   -7.5000   45.0000    0.0000 2625.1008   10.1108
    0.0000   45.0000    0.0000 2646.4866    9.9440
    7.5000   45.0000    0.0000 2618.7688   10.1864
   -7.5000  -45.0000    7.5000 2460.9365   12.7676
    0.0000  -45.0000    7.5000 2461.5698   12.7063
    7.5000  -45.0000    7.5000 2445.8506   13.1449
   -7.5000  -37.5000    7.5000 2523.7827   11.7975
    0.0000  -37.5000    7.5000 2526.6912   11.6998
    7.5000  -37.5000    7.5000 2508.9585   12.1249
   -7.5000  -30.0000    7.5000 2564.8999   10.9557
    0.0000  -30.0000    7.5000 2573.7114   10.8669
    7.5000  -30.0000    7.5000 2553.3892   11.2400
   -7.5000  -22.5000    7.5000 2598.0115   10.3418
    0.0000  -22.5000    7.5000 2614.2078   10.2311
    7.5000  -22.5000    7.5000 2595.2673   10.5749
   -7.5000  -15.0000    7.5000 2639.2419    9.9193
    0.0000  -15.0000    7.5000 2661.2087    9.7840
    7.5000  -15.0000    7.5000 2638.9500   10.1185
   -7.5000   -7.5000    7.5000 2682.1851    9.6067
    0.0000   -7.5000    7.5000 2702.1057    9.4654
    7.5000   -7.5000    7.5000 2684.6096    9.7799
   -7.5000    0.0000    7.5000 2725.9468    9.3962
    0.0000    0.0000    7.5000 2748.8159    9.2548
    7.5000    0.0000    7.5000 2736.2097    9.5490
   -7.5000    7.5000    7.5000 2775.8577    9.2323
    0.0000    7.5000    7.5000 2806.6389    9.0515
    7.5000    7.5000    7.5000 2783.5281    9.3608
   -7.5000   15.0000    7.5000 2813.5171    9.0129
    0.0000   15.0000    7.5000 2832.4092    8.7719
    7.5000   15.0000    7.5000 2813.2695    9.1682
   -7.5000   22.5000    7.5000 2823.2827    8.9629
    0.0000   22.5000    7.5000 2843.0090    8.7227
    7.5000   22.5000    7.5000 2823.6941    9.1546
   -7.5000   30.0000    7.5000 2819.1111    9.2069
    0.0000   30.0000    7.5000 2839.6631    9.0050
    7.5000   30.0000    7.5000 2822.7920    9.3420
   -7.5000   37.5000    7.5000 2759.8232    9.6213
    0.0000   37.5000    7.5000 2782.8201    9.4735
    7.5000   37.5000    7.5000 2756.1985    9.6827
   -7.5000   45.0000    7.5000 2632.7708   10.0952
    0.0000   45.0000    7.5000 2661.2878    9.9690
    7.5000   45.0000    7.5000 2626.6375   10.1077
   -7.5000  -45.0000   15.0000 2451.5583   12.9375
    0.0000  -45.0000   15.0000 2454.8000   12.8832
    7.5000  -45.0000   15.0000 2439.5850   13.3089
   -7.5000  -37.5000   15.0000 2511.6526   11.8823
    0.0000  -37.5000   15.0000 2522.4141   11.7989
    7.5000  -37.5000   15.0000 2499.8789   12.2068
   -7.5000  -30.0000   15.0000 2550.7466   10.9644
    0.0000  -30.0000   15.0000 2568.4084   10.8557
    7.5000  -30.0000   15.0000 2542.5283   11.2558
   -7.5000  -22.5000   15.0000 2587.1602   10.3360
    0.0000  -22.5000   15.0000 2601.6584   10.1880
    7.5000  -22.5000   15.0000 2582.1497   10.5748
   -7.5000  -15.0000   15.0000 2617.4827    9.8828
    0.0000  -15.0000   15.0000 2638.7949    9.7310
    7.5000  -15.0000   15.0000 2616.5413   10.1109
   -7.5000   -7.5000   15.0000 2650.1648    9.5938
    0.0000   -7.5000   15.0000 2671.1938    9.4403
    7.5000   -7.5000   15.0000 2653.3020    9.7802
   -7.5000    0.0000   15.0000 2691.8716    9.4049
    0.0000    0.0000   15.0000 2717.5593    9.2718
    7.5000    0.0000   15.0000 2695.2664    9.5836
   -7.5000    7.5000   15.0000 2742.9065    9.2944
    0.0000    7.5000   15.0000 2779.0154    9.1923
    7.5000    7.5000   15.0000 2746.2522    9.4681
   -7.5000   15.0000   15.0000 2777.6624    9.2195
    0.0000   15.0000   15.0000 2805.7131    9.0908
    7.5000   15.0000   15.0000 2776.8101    9.4292
   -7.5000   22.5000   15.0000 2800.2729    9.2985
    0.0000   22.5000   15.0000 2836.6289    9.1916
    7.5000   22.5000   15.0000 2793.9939    9.4558
   -7.5000   30.0000   15.0000 2796.2297    9.5695
    0.0000   30.0000   15.0000 2838.7168    9.5127
    7.5000   30.0000   15.0000 2789.3621    9.6342
   -7.5000   37.5000   15.0000 2735.6265    9.9001
    0.0000   37.5000   15.0000 2771.0872    9.8445
    7.5000   37.5000   15.0000 2727.7129    9.9442
   -7.5000   45.0000   15.0000 2608.2610   10.2801
    0.0000   45.0000   15.0000 2646.8657   10.2060
    7.5000   45.0000   15.0000 2596.8342   10.3000
   -7.5000  -45.0000   22.5000 2419.8799   13.1635
    0.0000  -45.0000   22.5000 2427.7166   13.1410
    7.5000  -45.0000   22.5000 2406.8157   13.5328
   -7.5000  -37.5000   22.5000 2487.0640   12.0783
    0.0000  -37.5000   22.5000 2503.6978   11.9849
    7.5000  -37.5000   22.5000 2473.2764   12.3920
   -7.5000  -30.0000   22.5000 2528.1145   11.1517
    0.0000  -30.0000   22.5000 2547.5422   11.0184
    7.5000  -30.0000   22.5000 2513.3264   11.4253
   -7.5000  -22.5000   22.5000 2558.7200   10.4857
    0.0000  -22.5000   22.5000 2578.8787   10.3587
    7.5000  -22.5000   22.5000 2549.2725   10.7562
   -7.5000  -15.0000   22.5000 2581.5715   10.0502
    0.0000  -15.0000   22.5000 2600.9475    9.9032
    7.5000  -15.0000   22.5000 2576.4050   10.2725
   -7.5000   -7.5000   22.5000 2612.0286    9.7256
    0.0000   -7.5000   22.5000 2631.9668    9.6270
    7.5000   -7.5000   22.5000 2610.6990    9.9698
   -7.5000    0.0000   22.5000 2650.5796    9.5863
    0.0000    0.0000   22.5000 2676.0854    9.4813
    7.5000    0.0000   22.5000 2648.7097    9.7785
   -7.5000    7.5000   22.5000 2689.3557    9.5362
    0.0000    7.5000   22.5000 2725.0483    9.4331
    7.5000    7.5000   22.5000 2687.4211    9.7253
   -7.5000   15.0000   22.5000 2731.6016    9.5126
    0.0000   15.0000   22.5000 2759.7278    9.4123
    7.5000   15.0000   22.5000 2720.4302    9.6876
   -7.5000   22.5000   22.5000 2756.2434    9.7079
    0.0000   22.5000   22.5000 2793.2107    9.6366
    7.5000   22.5000   22.5000 2745.5254    9.8027
   -7.5000   30.0000   22.5000 2746.4902   10.0549
    0.0000   30.0000   22.5000 2786.5527   10.0023
    7.5000   30.0000   22.5000 2739.7520   10.0867
   -7.5000   37.5000   22.5000 2673.6501   10.4217
    0.0000   37.5000   22.5000 2711.9978   10.3699
    7.5000   37.5000   22.5000 2668.5964   10.4581
   -7.5000   45.0000   22.5000 2549.9941   10.7361
    0.0000   45.0000   22.5000 2590.5508   10.6773
    7.5000   45.0000   22.5000 2539.6033   10.7696
   -7.5000  -45.0000   30.0000 2370.2654   13.5730
    0.0000  -45.0000   30.0000 2379.2034   13.5320
    7.5000  -45.0000   30.0000 2359.6135   13.8867
   -7.5000  -37.5000   30.0000 2438.3406   12.4691
    0.0000  -37.5000   30.0000 2450.3772   12.3853
    7.5000  -37.5000   30.0000 2425.0183   12.7440
   -7.5000  -30.0000   30.0000 2484.4480   11.5222
    0.0000  -30.0000   30.0000 2498.5305   11.4315
    7.5000  -30.0000   30.0000 2469.7065   11.8090
   -7.5000  -22.5000   30.0000 2514.9785   10.8152
    0.0000  -22.5000   30.0000 2529.9956   10.7190
    7.5000  -22.5000   30.0000 2500.6641   11.0928
   -7.5000  -15.0000   30.0000 2538.3291   10.3724
    0.0000  -15.0000   30.0000 2552.7766   10.2741
    7.5000  -15.0000   30.0000 2527.1113   10.6281
   -7.5000   -7.5000   30.0000 2571.3740   10.0832
    0.0000   -7.5000   30.0000 2588.1064   10.0005
    7.5000   -7.5000   30.0000 2565.2883   10.3215
   -7.5000    0.0000   30.0000 2607.3762    9.9655
    0.0000    0.0000   30.0000 2633.8674    9.8800
    7.5000    0.0000   30.0000 2595.6177   10.1628
   -7.5000    7.5000   30.0000 2634.7451    9.9135
    0.0000    7.5000   30.0000 2665.8662    9.8377
    7.5000    7.5000   30.0000 2623.0723   10.1117
   -7.5000   15.0000   30.0000 2664.1062    9.9485
    0.0000   15.0000   30.0000 2688.7764    9.8863
    7.5000   15.0000   30.0000 2644.6919   10.1197
   -7.5000   22.5000   30.0000 2685.4856   10.2298
    0.0000   22.5000   30.0000 2709.4131   10.1698
    7.5000   22.5000   30.0000 2667.1917   10.3124
   -7.5000   30.0000   30.0000 2671.3584   10.6300
    0.0000   30.0000   30.0000 2702.8606   10.5847
    7.5000   30.0000   30.0000 2658.5813   10.6653
   -7.5000   37.5000   30.0000 2598.6208   11.0223
    0.0000   37.5000   30.0000 2630.9028   10.9815
    7.5000   37.5000   30.0000 2591.5652   11.0613
   -7.5000   45.0000   30.0000 2473.0371   11.3644
    0.0000   45.0000   30.0000 2506.9587   11.3053
    7.5000   45.0000   30.0000 2466.7290   11.3897
   -7.5000  -45.0000   37.5000 2315.2644   14.1398
    0.0000  -45.0000   37.5000 2321.7092   14.1029
    7.5000  -45.0000   37.5000 2298.8557   14.4346
   -7.5000  -37.5000   37.5000 2376.7051   13.0255
    0.0000  -37.5000   37.5000 2383.1401   12.9669
    7.5000  -37.5000   37.5000 2359.7715   13.2834
   -7.5000  -30.0000   37.5000 2424.4575   12.0517
    0.0000  -30.0000   37.5000 2431.3284   11.9757
    7.5000  -30.0000   37.5000 2404.1968   12.3363
   -7.5000  -22.5000   37.5000 2458.2605   11.3416
    0.0000  -22.5000   37.5000 2469.3618   11.2698
    7.5000  -22.5000   37.5000 2441.6426   11.6482
   -7.5000  -15.0000   37.5000 2477.8503   10.8950
    0.0000  -15.0000   37.5000 2493.7876   10.8141
    7.5000  -15.0000   37.5000 2468.6855   11.1805
   -7.5000   -7.5000   37.5000 2510.5679   10.6374
    0.0000   -7.5000   37.5000 2534.5024   10.5698
    7.5000   -7.5000   37.5000 2504.6038   10.8890
   -7.5000    0.0000   37.5000 2546.8738   10.5060
    0.0000    0.0000   37.5000 2577.1631   10.4597
    7.5000    0.0000   37.5000 2531.0684   10.7106
   -7.5000    7.5000   37.5000 2574.0789   10.4558
    0.0000    7.5000   37.5000 2601.7205   10.4202
    7.5000    7.5000   37.5000 2555.0320   10.6364
   -7.5000   15.0000   37.5000 2596.8623   10.5674
    0.0000   15.0000   37.5000 2619.5815   10.5269
    7.5000   15.0000   37.5000 2575.9019   10.6964
   -7.5000   22.5000   37.5000 2602.5945   10.8687
    0.0000   22.5000   37.5000 2626.3354   10.8125
    7.5000   22.5000   37.5000 2586.6753   10.9507
   -7.5000   30.0000   37.5000 2581.1443   11.3086
    0.0000   30.0000   37.5000 2610.3440   11.2295
    7.5000   30.0000   37.5000 2574.2026   11.3396
   -7.5000   37.5000   37.5000 2509.4224   11.7189
    0.0000   37.5000   37.5000 2537.1404   11.6561
    7.5000   37.5000   37.5000 2506.1479   11.7470
   -7.5000   45.0000   37.5000 2395.4629   12.0816
    0.0000   45.0000   37.5000 2420.2241   12.0338
    7.5000   45.0000   37.5000 2386.6489   12.1356
   -7.5000  -45.0000   45.0000 2233.1179   14.8025
    0.0000  -45.0000   45.0000 2236.6421   14.7825
    7.5000  -45.0000   45.0000 2216.2512   15.1332
   -7.5000  -37.5000   45.0000 2287.8464   13.6449
    0.0000  -37.5000   45.0000 2292.2356   13.5987
    7.5000  -37.5000   45.0000 2269.4802   13.9742
   -7.5000  -30.0000   45.0000 2338.5764   12.6497
    0.0000  -30.0000   45.0000 2340.8760   12.5949
    7.5000  -30.0000   45.0000 2317.8306   12.9869
   -7.5000  -22.5000   45.0000 2373.6003   11.9676
    0.0000  -22.5000   45.0000 2383.1501   11.9162
    7.5000  -22.5000   45.0000 2357.1699   12.3037
   -7.5000  -15.0000   45.0000 2398.5393   11.5246
    0.0000  -15.0000   45.0000 2411.7986   11.4651
    7.5000  -15.0000   45.0000 2381.9827   11.7959
   -7.5000   -7.5000   45.0000 2426.3833   11.2648
    0.0000   -7.5000   45.0000 2444.8767   11.1912
    7.5000   -7.5000   45.0000 2413.7371   11.4880
   -7.5000    0.0000   45.0000 2454.7876   11.1264
    0.0000    0.0000   45.0000 2480.3059   11.0766
    7.5000    0.0000   45.0000 2437.8669   11.3237
   -7.5000    7.5000   45.0000 2478.1924   11.0913
    0.0000    7.5000   45.0000 2496.4216   11.0579
    7.5000    7.5000   45.0000 2457.6289   11.2626
   -7.5000   15.0000   45.0000 2494.3843   11.2277
    0.0000   15.0000   45.0000 2511.4404   11.1922
    7.5000   15.0000   45.0000 2475.8521   11.3627
   -7.5000   22.5000   45.0000 2490.3049   11.5423
    0.0000   22.5000   45.0000 2509.1321   11.4792
    7.5000   22.5000   45.0000 2476.5229   11.6229
   -7.5000   30.0000   45.0000 2459.1702   11.9855
    0.0000   30.0000   45.0000 2481.1201   11.9216
    7.5000   30.0000   45.0000 2457.9719   12.0520
   -7.5000   37.5000   45.0000 2397.0117   12.4529
    0.0000   37.5000   45.0000 2411.8879   12.3757
    7.5000   37.5000   45.0000 2397.1233   12.5081
   -7.5000   45.0000   45.0000 2293.4329   12.8680
    0.0000   45.0000   45.0000 2306.9595   12.7793
    7.5000   45.0000   45.0000 2287.7866   12.9329

---------------------------------------------------------------------
imgreg_4dfp /opt/freesurfer/average/711-2C_as_mni_average_305 /opt/freesurfer/average/711-2B_as_mni_average_305_mask talsrcimg_g11 none talsrcimg_to_711-2C_as_mni_average_305_t4 1283
---------------------------------------------------------------------

freesurfer imgreg_4dfp.c
/opt/freesurfer/average/711-2C_as_mni_average_305.4dfp.img
       256       256       256         1
  1.000000  1.000000  1.000000
orientation T byte_order littleendian
Reading image: /opt/freesurfer/average/711-2C_as_mni_average_305.4dfp.img
dimensions:      256       256       256
mmppix:       1.0000   -1.0000   -1.0000
center:     128.0000 -129.0000 -129.0000
/opt/freesurfer/average/711-2B_as_mni_average_305_mask.4dfp.img
       256       256       256         1
  1.000000  1.000000  1.000000
orientation T byte_order littleendian
Reading mask: /opt/freesurfer/average/711-2B_as_mni_average_305_mask.4dfp.img (2306576 pixels)
talsrcimg_g11.4dfp.img
       288       288       288         1
  0.798611  0.798611  0.798611
orientation T byte_order littleendian
Reading image: talsrcimg_g11.4dfp.img
dimensions:      288       288       288
mmppix:       0.7986   -0.7986   -0.7986
center:     115.0000 -115.7986 -115.7986
rotation matrix determinant  1.000000
fimgreg.f
image alignment mode   1283 decimal      503 hex
parameters
    0.0000   22.5000    0.0000    0.0000    0.0000    0.0000
eta,q 0.89049  8.65188
niter,ni,del,rscale     5    3   12.0000    1.2000
parameter  1 -0.533587 -> -0.500000 qaram    1.1500
parameter  2 -0.699565 -> -0.500000 qaram    1.1500
parameter  4 -3.392075 ->  0.500000 qaram    1.1500
parameter  6 -0.592161 -> -0.500000 qaram    1.1500
parameters
    3.4500   25.9500    2.4905   -3.4500    0.3174    3.4500
eta,q 0.89632  8.76681
  0.1124  0.1129  0.1122  0.1020  0.1098  0.1103
  0.1146  0.1130  0.1109  0.1043  0.1073  0.1076
  0.1150  0.1130  0.1096  0.1065  0.1060  0.1060
  0.1120  0.1107  0.1094  0.1092  0.1049  0.1049
  0.1096  0.1090  0.1090  0.1119  0.1051  0.1041
  0.1115  0.1100  0.1090  0.1140  0.1065  0.1036
  0.1135  0.1111  0.1095  0.1145  0.1091  0.1044
niter,ni,del,rscale     7    3   12.0000    1.2000
parameter  4  0.656709 ->  0.500000 qaram    1.3225
parameters
    2.9839   27.5466    4.5228   -7.4175    3.2044    1.4788
eta,q 0.90031  8.71397
  0.1136  0.1093  0.1059  0.1002  0.1101  0.1014
  0.1137  0.1103  0.1074  0.1016  0.1070  0.0998
  0.1077  0.1091  0.1061  0.1015  0.1040  0.0997
  0.1037  0.1043  0.1025  0.1016  0.1017  0.0998
  0.1028  0.1026  0.1016  0.1052  0.1001  0.1011
  0.1101  0.1048  0.1031  0.1106  0.0999  0.1025
  0.1241  0.1090  0.1052  0.1155  0.1024  0.1039
niter,ni,del,rscale     7    3   12.0000    1.2000
parameter  4  0.751944 ->  0.500000 qaram    1.5209
parameters
    1.7287   28.0360    5.3743  -11.9801    2.3845    1.1836
eta,q 0.90282  8.57462
  0.1101  0.1039  0.1030  0.0968  0.0997  0.1008
  0.1056  0.1025  0.1018  0.0972  0.0983  0.0986
  0.1008  0.1014  0.0993  0.0974  0.0977  0.0971
  0.0997  0.1000  0.0995  0.0999  0.0970  0.0973
  0.1026  0.0991  0.0998  0.1009  0.0976  0.0986
  0.1125  0.1009  0.1000  0.1038  0.0995  0.0995
  0.1252  0.1039  0.1015  0.1094  0.1021  0.1006
niter,ni,del,rscale     7    3   12.0000    1.2000
parameter  2 -5.084288 -> -0.500000 qaram    1.3225
parameter  3  0.853560 -> -0.500000 qaram    1.1500
parameter  4  1.500124 ->  0.500000 qaram    1.7490
parameters
    0.3077   32.0035    8.8243  -17.2272    2.0836   -0.5487
eta,q 0.91127  8.99046
  0.1004  0.1006  0.0972  0.0879  0.0945  0.0901
  0.1009  0.1006  0.0967  0.0876  0.0924  0.0890
  0.0971  0.0984  0.0981  0.0906  0.0902  0.0888
  0.0972  0.0966  0.0979  0.0940  0.0882  0.0884
  0.0975  0.0984  0.0953  0.0989  0.0889  0.0889
  0.1010  0.0972  0.0940  0.1037  0.0929  0.0911
  0.1131  0.0952  0.0958  0.1078  0.0969  0.0959
niter,ni,del,rscale     7    3   12.0000    1.2000
parameters
   -1.4930   33.3335    7.3419  -20.0150    2.3420   -2.0580
eta,q 0.91393  8.93503
  0.0937  0.1028  0.0945  0.0934  0.0925  0.0881
  0.0924  0.0967  0.0924  0.0902  0.0898  0.0868
  0.0904  0.0917  0.0895  0.0860  0.0876  0.0862
  0.0887  0.0897  0.0897  0.0891  0.0864  0.0862
  0.0924  0.0899  0.0924  0.0917  0.0858  0.0870
  0.0979  0.0914  0.0963  0.0975  0.0878  0.0887
  0.1061  0.0966  0.1023  0.1036  0.0928  0.0913
niter,ni,del,rscale     6    3   12.0000    1.2000
parameters
   -0.7217   33.6465    5.6293  -21.6974    1.6601   -2.2067
eta,q 0.91638  8.76744
  0.0984  0.1009  0.0897  0.0931  0.0899  0.0889
  0.0926  0.0955  0.0876  0.0910  0.0869  0.0861
  0.0902  0.0901  0.0853  0.0844  0.0846  0.0845
  0.0861  0.0850  0.0850  0.0849  0.0833  0.0836
  0.0854  0.0880  0.0888  0.0901  0.0843  0.0845
  0.0895  0.0930  0.0929  0.0939  0.0890  0.0866
  0.0950  0.0999  0.0964  0.1005  0.0949  0.0893
niter,ni,del,rscale     5    3   12.0000    1.2000
parameters
   -0.7812   33.4590    4.6684  -22.5510    1.7233   -2.1375
eta,q 0.91577  8.66176
  0.0925  0.0985  0.0911  0.0939  0.0926  0.0900
  0.0902  0.0931  0.0890  0.0950  0.0900  0.0869
  0.0888  0.0885  0.0857  0.0880  0.0869  0.0852
  0.0836  0.0837  0.0838  0.0843  0.0843  0.0842
  0.0846  0.0879  0.0863  0.0894  0.0842  0.0850
  0.0887  0.0940  0.0927  0.0942  0.0884  0.0871
  0.0954  0.1001  0.0965  0.0991  0.0940  0.0896
niter,ni,del,rscale     4    3   12.0000    1.2000
parameters
   -0.8920   33.7625    4.1795  -22.8470    1.8461   -2.3379
eta,q 0.91536  8.64498
  0.0918  0.0993  0.0927  0.0942  0.0934  0.0899
  0.0907  0.0937  0.0908  0.0962  0.0909  0.0869
  0.0903  0.0889  0.0872  0.0901  0.0877  0.0854
  0.0842  0.0844  0.0843  0.0847  0.0848  0.0846
  0.0852  0.0875  0.0854  0.0883  0.0846  0.0855
  0.0892  0.0921  0.0918  0.0940  0.0890  0.0877
  0.0953  0.0978  0.0970  0.0979  0.0945  0.0903
niter,ni,del,rscale     3    3   12.0000    1.2000
parameters
   -0.9482   34.0140    4.0050  -22.9077    1.8760   -2.4827
eta,q 0.91508  8.65022
  0.0926  0.0989  0.0936  0.0943  0.0934  0.0902
  0.0913  0.0933  0.0918  0.0963  0.0910  0.0870
  0.0911  0.0887  0.0882  0.0907  0.0879  0.0856
  0.0846  0.0848  0.0848  0.0849  0.0849  0.0849
  0.0856  0.0883  0.0850  0.0881  0.0850  0.0857
  0.0901  0.0919  0.0909  0.0937  0.0895  0.0877
  0.0956  0.0976  0.0968  0.0973  0.0951  0.0904
niter,ni,del,rscale     2    3   12.0000    1.2000
parameters
   -0.9688   34.0901    3.9649  -22.9230    1.8832   -2.5264
eta,q 0.91498  8.65283
  0.0931  0.0985  0.0939  0.0944  0.0934  0.0903
  0.0916  0.0929  0.0921  0.0964  0.0910  0.0872
  0.0915  0.0884  0.0887  0.0908  0.0879  0.0857
  0.0849  0.0850  0.0850  0.0850  0.0850  0.0850
  0.0858  0.0888  0.0849  0.0881  0.0851  0.0857
  0.0905  0.0923  0.0905  0.0937  0.0896  0.0876
  0.0958  0.0981  0.0966  0.0971  0.0952  0.0903
registration optimization eta report
parameter search radius
    6.9000    7.9350    6.9000   10.4940    6.0000    6.9000
100000*second partial in parameter space
       16.       19.       21.        8.       25.       11.
  0.0931  0.0985  0.0939  0.0944  0.0934  0.0903
  0.0916  0.0929  0.0921  0.0964  0.0910  0.0872
  0.0915  0.0884  0.0887  0.0908  0.0879  0.0857
  0.0849  0.0850  0.0850  0.0850  0.0850  0.0850
  0.0858  0.0888  0.0849  0.0881  0.0851  0.0857
  0.0905  0.0923  0.0905  0.0937  0.0896  0.0876
  0.0958  0.0981  0.0966  0.0971  0.0952  0.0903
   -0.9688   34.0901    3.9649  -22.9230    1.8832   -2.5264
eta,q 0.91498  8.65283

---------------------------------------------------------------------
imgreg_4dfp /opt/freesurfer/average/711-2C_as_mni_average_305 /opt/freesurfer/average/711-2B_as_mni_average_305_mask talsrcimg_g11 none talsrcimg_to_711-2C_as_mni_average_305_t4 3335
---------------------------------------------------------------------

freesurfer imgreg_4dfp.c
/opt/freesurfer/average/711-2C_as_mni_average_305.4dfp.img
       256       256       256         1
  1.000000  1.000000  1.000000
orientation T byte_order littleendian
Reading image: /opt/freesurfer/average/711-2C_as_mni_average_305.4dfp.img
dimensions:      256       256       256
mmppix:       1.0000   -1.0000   -1.0000
center:     128.0000 -129.0000 -129.0000
/opt/freesurfer/average/711-2B_as_mni_average_305_mask.4dfp.img
       256       256       256         1
  1.000000  1.000000  1.000000
orientation T byte_order littleendian
Reading mask: /opt/freesurfer/average/711-2B_as_mni_average_305_mask.4dfp.img (2306576 pixels)
talsrcimg_g11.4dfp.img
       288       288       288         1
  0.798611  0.798611  0.798611
orientation T byte_order littleendian
Reading image: talsrcimg_g11.4dfp.img
dimensions:      288       288       288
mmppix:       0.7986   -0.7986   -0.7986
center:     115.0000 -115.7986 -115.7986
fimgreg.f
image alignment mode   3335 decimal      D07 hex
parameters
   -0.9688   34.0901    3.9649   -0.1512   -8.0431   -7.9469
    5.3385   -1.3068   -4.4055   39.0450    3.2861  -38.9284
eta,q 0.91372  8.64921
niter,ni,del,rscale     5    3    5.0000    1.2000
parameter  4 -2.287635 ->  0.500000 qaram    1.1500
parameter  5  2.271932 ->  0.500000 qaram    1.1500
parameter  6 13.747951 ->  0.500000 qaram    1.1500
parameter  7  0.658773 ->  0.500000 qaram    1.1500
parameter 10  0.911110 ->  0.500000 qaram    1.1500
parameter 12 -3.820503 -> -0.500000 qaram    1.1500
parameters
   -0.7345   33.0799    2.9674   -4.2912  -12.1831  -12.0869
    1.1985   -0.7806   -5.0402   34.9050    0.2196  -34.7884
eta,q 0.93716  8.46260
  0.0871  0.0863  0.0862  0.0708  0.0741  0.0658  0.0679  0.0727  0.0688  0.0661  0.0664  0.0714
  0.0869  0.0862  0.0861  0.0771  0.0753  0.0677  0.0677  0.0704  0.0681  0.0660  0.0659  0.0695
  0.0866  0.0861  0.0861  0.0824  0.0769  0.0710  0.0679  0.0685  0.0678  0.0665  0.0658  0.0677
  0.0863  0.0862  0.0861  0.0861  0.0787  0.0756  0.0685  0.0677  0.0677  0.0677  0.0661  0.0658
  0.0862  0.0865  0.0864  0.0895  0.0806  0.0805  0.0695  0.0682  0.0680  0.0695  0.0668  0.0640
  0.0865  0.0870  0.0867  0.0932  0.0829  0.0842  0.0710  0.0695  0.0685  0.0716  0.0678  0.0625
  0.0871  0.0878  0.0870  0.0961  0.0857  0.0864  0.0728  0.0715  0.0692  0.0738  0.0690  0.0614
niter,ni,del,rscale     7    3    5.0000    1.2000
parameter  2  0.710024 ->  0.500000 qaram    1.1500
parameter  4 32.178398 ->  0.500000 qaram    1.3225
parameter  5 -3.832878 ->  0.500000 qaram    1.3225
parameter 12 -0.732263 -> -0.500000 qaram    1.3225
parameters
   -1.3470   31.6999    2.4622   -9.0522  -16.9441  -15.7124
    2.2787   -0.6225   -3.2327   31.4404   -1.3921  -30.0274
eta,q 0.95774  8.51788
  0.0638  0.0620  0.0634  0.0451  0.0409  0.0462  0.0498  0.0526  0.0472  0.0450  0.0448  0.0502
  0.0629  0.0620  0.0624  0.0487  0.0445  0.0451  0.0474  0.0487  0.0459  0.0439  0.0440  0.0476
  0.0626  0.0621  0.0619  0.0551  0.0478  0.0446  0.0456  0.0458  0.0450  0.0438  0.0436  0.0453
  0.0628  0.0627  0.0620  0.0618  0.0503  0.0454  0.0446  0.0445  0.0445  0.0444  0.0437  0.0436
  0.0634  0.0635  0.0626  0.0677  0.0523  0.0488  0.0447  0.0453  0.0444  0.0458  0.0442  0.0426
  0.0644  0.0648  0.0638  0.0733  0.0549  0.0555  0.0458  0.0480  0.0447  0.0480  0.0451  0.0422
  0.0658  0.0663  0.0653  0.0785  0.0574  0.0639  0.0478  0.0522  0.0454  0.0507  0.0464  0.0425
niter,ni,del,rscale     7    3    5.0000    1.2000
parameter  2  2.210717 ->  0.500000 qaram    1.3225
parameter  3  0.636356 ->  0.500000 qaram    1.1500
parameter  4  0.766456 ->  0.500000 qaram    1.5209
parameter  5  2.049411 ->  0.500000 qaram    1.5209
parameters
   -1.0114   30.1129    1.0822  -14.5273  -22.4192  -13.6562
    2.9698   -0.0044   -3.0491   30.2354   -1.5814  -31.7331
eta,q 0.97493  8.64071
  0.0489  0.0363  0.0373  0.0336  0.0266  0.0331  0.0323  0.0343  0.0294  0.0301  0.0269  0.0280
  0.0458  0.0375  0.0369  0.0325  0.0262  0.0305  0.0290  0.0295  0.0272  0.0274  0.0260  0.0256
  0.0434  0.0395  0.0371  0.0329  0.0283  0.0283  0.0266  0.0266  0.0258  0.0257  0.0255  0.0250
  0.0423  0.0422  0.0379  0.0369  0.0324  0.0265  0.0255  0.0254  0.0253  0.0253  0.0253  0.0253
  0.0424  0.0452  0.0393  0.0449  0.0366  0.0253  0.0258  0.0256  0.0257  0.0265  0.0255  0.0264
  0.0437  0.0484  0.0412  0.0531  0.0399  0.0259  0.0275  0.0276  0.0270  0.0299  0.0261  0.0281
  0.0461  0.0516  0.0434  0.0599  0.0423  0.0295  0.0305  0.0317  0.0289  0.0345  0.0271  0.0300
niter,ni,del,rscale     7    3    5.0000    1.2000
parameters
   -0.8923   29.0758    1.1500  -15.8377  -24.0740  -13.1173
    3.0684    0.1626   -2.9675   30.4030   -1.7924  -32.5557
eta,q 0.97557  8.62499
  0.0312  0.0279  0.0276  0.0334  0.0320  0.0314  0.0302  0.0316  0.0282  0.0308  0.0261  0.0278
  0.0279  0.0252  0.0258  0.0294  0.0284  0.0287  0.0273  0.0276  0.0262  0.0277  0.0252  0.0254
  0.0258  0.0242  0.0246  0.0261  0.0257  0.0266  0.0253  0.0254  0.0250  0.0256  0.0247  0.0245
  0.0251  0.0251  0.0242  0.0242  0.0247  0.0248  0.0246  0.0246  0.0246  0.0246  0.0245  0.0245
  0.0255  0.0278  0.0245  0.0250  0.0270  0.0240  0.0252  0.0250  0.0249  0.0247  0.0247  0.0253
  0.0272  0.0322  0.0255  0.0319  0.0326  0.0258  0.0270  0.0271  0.0261  0.0268  0.0253  0.0267
  0.0300  0.0377  0.0273  0.0425  0.0383  0.0315  0.0300  0.0311  0.0280  0.0309  0.0263  0.0286
niter,ni,del,rscale     6    3    5.0000    1.2000
parameters
   -0.8875   29.3921    1.2467  -15.9250  -24.8445  -13.1067
    3.0422    0.1780   -3.0695   30.7926   -1.8479  -32.8787
eta,q 0.97556  8.60407
  0.0297  0.0331  0.0278  0.0347  0.0328  0.0308  0.0299  0.0310  0.0279  0.0309  0.0261  0.0281
  0.0267  0.0287  0.0260  0.0305  0.0291  0.0282  0.0271  0.0273  0.0260  0.0277  0.0252  0.0257
  0.0250  0.0258  0.0248  0.0268  0.0260  0.0261  0.0252  0.0252  0.0249  0.0256  0.0246  0.0246
  0.0244  0.0244  0.0243  0.0243  0.0244  0.0245  0.0245  0.0245  0.0245  0.0245  0.0245  0.0245
  0.0250  0.0247  0.0246  0.0237  0.0254  0.0240  0.0252  0.0250  0.0250  0.0246  0.0247  0.0251
  0.0268  0.0267  0.0257  0.0281  0.0304  0.0263  0.0271  0.0271  0.0262  0.0264  0.0252  0.0264
  0.0295  0.0303  0.0273  0.0379  0.0365  0.0327  0.0300  0.0311  0.0280  0.0303  0.0261  0.0282
niter,ni,del,rscale     5    3    5.0000    1.2000
parameters
   -0.8843   29.5532    1.2235  -15.8784  -25.1896  -13.1593
    3.0446    0.1835   -3.1043   30.9788   -1.8504  -33.0370
eta,q 0.97553  8.59617
  0.0296  0.0322  0.0276  0.0348  0.0332  0.0307  0.0299  0.0310  0.0279  0.0305  0.0261  0.0282
  0.0267  0.0282  0.0259  0.0306  0.0296  0.0281  0.0271  0.0272  0.0260  0.0274  0.0252  0.0258
  0.0250  0.0255  0.0248  0.0270  0.0262  0.0261  0.0252  0.0252  0.0249  0.0254  0.0247  0.0247
  0.0244  0.0244  0.0244  0.0244  0.0244  0.0245  0.0245  0.0245  0.0245  0.0245  0.0245  0.0245
  0.0251  0.0249  0.0248  0.0237  0.0250  0.0240  0.0252  0.0250  0.0249  0.0246  0.0247  0.0251
  0.0268  0.0271  0.0259  0.0278  0.0295  0.0265  0.0270  0.0271  0.0261  0.0266  0.0252  0.0263
  0.0295  0.0309  0.0277  0.0374  0.0356  0.0329  0.0299  0.0311  0.0279  0.0305  0.0261  0.0281
niter,ni,del,rscale     4    3    5.0000    1.2000
parameters
   -0.8825   29.6227    1.2015  -15.8512  -25.3347  -13.1978
    3.0493    0.1830   -3.1188   31.0708   -1.8419  -33.1125
eta,q 0.97551  8.59307
  0.0296  0.0317  0.0276  0.0348  0.0334  0.0308  0.0299  0.0310  0.0279  0.0304  0.0261  0.0283
  0.0267  0.0279  0.0259  0.0306  0.0298  0.0282  0.0271  0.0272  0.0260  0.0273  0.0252  0.0258
  0.0250  0.0254  0.0248  0.0270  0.0264  0.0261  0.0252  0.0252  0.0249  0.0254  0.0247  0.0247
  0.0245  0.0245  0.0245  0.0245  0.0245  0.0245  0.0245  0.0245  0.0245  0.0245  0.0245  0.0245
  0.0251  0.0251  0.0249  0.0238  0.0248  0.0240  0.0252  0.0250  0.0249  0.0247  0.0247  0.0251
  0.0268  0.0274  0.0260  0.0279  0.0291  0.0265  0.0270  0.0271  0.0261  0.0267  0.0252  0.0263
  0.0295  0.0312  0.0277  0.0375  0.0352  0.0328  0.0299  0.0311  0.0279  0.0306  0.0261  0.0281
niter,ni,del,rscale     3    3    5.0000    1.2000
parameters
   -0.8819   29.6534    1.1878  -15.8384  -25.3964  -13.2204
    3.0513    0.1820   -3.1194   31.1147   -1.8373  -33.1498
eta,q 0.97550  8.59179
  0.0296  0.0316  0.0277  0.0348  0.0335  0.0308  0.0299  0.0310  0.0279  0.0303  0.0261  0.0283
  0.0267  0.0278  0.0260  0.0306  0.0299  0.0282  0.0271  0.0272  0.0260  0.0273  0.0252  0.0259
  0.0250  0.0254  0.0249  0.0270  0.0265  0.0261  0.0252  0.0252  0.0249  0.0253  0.0247  0.0248
  0.0245  0.0245  0.0245  0.0245  0.0245  0.0245  0.0245  0.0245  0.0245  0.0245  0.0245  0.0245
  0.0251  0.0252  0.0249  0.0238  0.0248  0.0240  0.0252  0.0250  0.0249  0.0247  0.0247  0.0251
  0.0268  0.0275  0.0260  0.0280  0.0289  0.0265  0.0270  0.0271  0.0261  0.0267  0.0252  0.0263
  0.0295  0.0314  0.0277  0.0375  0.0351  0.0328  0.0299  0.0311  0.0279  0.0307  0.0261  0.0280
registration optimization eta report
parameter search radius
    2.4000    3.1740    2.7600   10.9503   10.9503    8.2800
    8.2800    7.2000    7.2000    8.2800    7.2000    9.5220
100000*second partial in parameter space
       88.       69.       42.       10.        8.       11.
        8.       13.        7.        9.        3.        4.
  0.0296  0.0316  0.0277  0.0348  0.0335  0.0308  0.0299  0.0310  0.0279  0.0303  0.0261  0.0283
  0.0267  0.0278  0.0260  0.0306  0.0299  0.0282  0.0271  0.0272  0.0260  0.0273  0.0252  0.0259
  0.0250  0.0254  0.0249  0.0270  0.0265  0.0261  0.0252  0.0252  0.0249  0.0253  0.0247  0.0248
  0.0245  0.0245  0.0245  0.0245  0.0245  0.0245  0.0245  0.0245  0.0245  0.0245  0.0245  0.0245
  0.0251  0.0252  0.0249  0.0238  0.0248  0.0240  0.0252  0.0250  0.0249  0.0247  0.0247  0.0251
  0.0268  0.0275  0.0260  0.0280  0.0289  0.0265  0.0270  0.0271  0.0261  0.0267  0.0252  0.0263
  0.0295  0.0314  0.0277  0.0375  0.0351  0.0328  0.0299  0.0311  0.0279  0.0307  0.0261  0.0280
   -0.8819   29.6534    1.1878  -15.8384  -25.3964  -13.2204
    3.0513    0.1820   -3.1194   31.1147   -1.8373  -33.1498
eta,q 0.97550  8.59179

---------------------------------------------------------------------
imgreg_4dfp /opt/freesurfer/average/711-2C_as_mni_average_305 /opt/freesurfer/average/711-2B_as_mni_average_305_mask talsrcimg_g11 none talsrcimg_to_711-2C_as_mni_average_305_t4 2311
---------------------------------------------------------------------

freesurfer imgreg_4dfp.c
/opt/freesurfer/average/711-2C_as_mni_average_305.4dfp.img
       256       256       256         1
  1.000000  1.000000  1.000000
orientation T byte_order littleendian
Reading image: /opt/freesurfer/average/711-2C_as_mni_average_305.4dfp.img
dimensions:      256       256       256
mmppix:       1.0000   -1.0000   -1.0000
center:     128.0000 -129.0000 -129.0000
/opt/freesurfer/average/711-2B_as_mni_average_305_mask.4dfp.img
       256       256       256         1
  1.000000  1.000000  1.000000
orientation T byte_order littleendian
Reading mask: /opt/freesurfer/average/711-2B_as_mni_average_305_mask.4dfp.img (2306576 pixels)
talsrcimg_g11.4dfp.img
       288       288       288         1
  0.798611  0.798611  0.798611
orientation T byte_order littleendian
Reading image: talsrcimg_g11.4dfp.img
dimensions:      288       288       288
mmppix:       0.7986   -0.7986   -0.7986
center:     115.0000 -115.7986 -115.7986
fimgreg.f
image alignment mode   2311 decimal      907 hex
parameters
   -0.8819   29.6534    1.1878  -15.8384  -25.3964  -13.2204
    3.0513    0.1820   -3.1194   31.1147   -1.8373  -33.1498
eta,q 0.97550  8.59179
niter,ni,del,rscale     5    3    5.0000    0.8000
parameter  4 -0.560251 -> -0.500000 qaram    1.1500
parameters
   -0.8970   29.6899    1.1861  -13.0784  -24.6900  -12.4312
    2.9975    0.1285   -3.1689   31.2397   -1.7281  -33.2272
eta,q 0.97667  8.66968
  0.0268  0.0264  0.0256  0.0281  0.0265  0.0267  0.0255  0.0273  0.0251  0.0259  0.0245  0.0244
  0.0255  0.0254  0.0250  0.0266  0.0253  0.0255  0.0243  0.0251  0.0241  0.0246  0.0238  0.0237
  0.0247  0.0247  0.0246  0.0254  0.0243  0.0244  0.0236  0.0238  0.0235  0.0238  0.0234  0.0234
  0.0245  0.0245  0.0245  0.0245  0.0237  0.0236  0.0233  0.0233  0.0233  0.0233  0.0233  0.0233
  0.0248  0.0247  0.0246  0.0239  0.0236  0.0232  0.0236  0.0237  0.0236  0.0234  0.0235  0.0235
  0.0256  0.0252  0.0250  0.0237  0.0241  0.0237  0.0244  0.0251  0.0242  0.0242  0.0238  0.0239
  0.0268  0.0262  0.0256  0.0244  0.0255  0.0256  0.0257  0.0275  0.0252  0.0258  0.0243  0.0244
niter,ni,del,rscale     5    3    5.0000    0.8000
parameters
   -0.8732   29.4354    1.0629  -14.1762  -24.3467  -12.4234
    3.0427    0.1482   -3.1266   31.2072   -1.7308  -33.4157
eta,q 0.97669  8.67107
  0.0263  0.0247  0.0245  0.0258  0.0260  0.0262  0.0255  0.0270  0.0252  0.0257  0.0243  0.0243
  0.0246  0.0238  0.0238  0.0245  0.0248  0.0251  0.0243  0.0249  0.0241  0.0245  0.0238  0.0237
  0.0237  0.0233  0.0234  0.0236  0.0239  0.0240  0.0236  0.0238  0.0235  0.0237  0.0234  0.0234
  0.0233  0.0233  0.0233  0.0233  0.0234  0.0233  0.0233  0.0233  0.0233  0.0233  0.0233  0.0233
  0.0236  0.0238  0.0235  0.0239  0.0233  0.0233  0.0235  0.0236  0.0235  0.0235  0.0235  0.0235
  0.0245  0.0247  0.0241  0.0264  0.0240  0.0244  0.0242  0.0248  0.0241  0.0243  0.0238  0.0239
  0.0261  0.0260  0.0249  0.0306  0.0256  0.0269  0.0254  0.0270  0.0251  0.0260  0.0243  0.0244
niter,ni,del,rscale     4    3    5.0000    0.7000
parameters
   -0.8814   29.4143    1.0937  -14.1325  -24.2323  -12.2317
    3.0397    0.1503   -3.1225   31.2372   -1.7560  -33.4683
eta,q 0.97676  8.67606
  0.0253  0.0248  0.0244  0.0260  0.0252  0.0257  0.0249  0.0261  0.0247  0.0252  0.0241  0.0241
  0.0242  0.0240  0.0238  0.0248  0.0243  0.0248  0.0240  0.0245  0.0239  0.0242  0.0236  0.0236
  0.0235  0.0235  0.0235  0.0239  0.0237  0.0239  0.0234  0.0236  0.0234  0.0236  0.0233  0.0233
  0.0233  0.0233  0.0233  0.0233  0.0233  0.0233  0.0232  0.0232  0.0232  0.0232  0.0232  0.0232
  0.0235  0.0235  0.0234  0.0233  0.0233  0.0232  0.0234  0.0235  0.0234  0.0233  0.0234  0.0234
  0.0242  0.0240  0.0238  0.0242  0.0239  0.0240  0.0240  0.0244  0.0239  0.0240  0.0236  0.0237
  0.0253  0.0249  0.0243  0.0265  0.0253  0.0258  0.0249  0.0261  0.0246  0.0253  0.0240  0.0241
niter,ni,del,rscale     3    3    5.0000    0.6000
parameters
   -0.8829   29.3956    1.1084  -13.9928  -24.1667  -12.0961
    3.0387    0.1638   -3.1251   31.2498   -1.7912  -33.5059
eta,q 0.97682  8.68054
  0.0247  0.0244  0.0241  0.0254  0.0246  0.0251  0.0244  0.0253  0.0242  0.0247  0.0238  0.0238
  0.0239  0.0237  0.0236  0.0244  0.0240  0.0243  0.0237  0.0242  0.0236  0.0239  0.0234  0.0234
  0.0234  0.0234  0.0233  0.0237  0.0235  0.0236  0.0233  0.0235  0.0233  0.0234  0.0232  0.0232
  0.0232  0.0232  0.0232  0.0232  0.0232  0.0232  0.0232  0.0232  0.0232  0.0232  0.0232  0.0232
  0.0234  0.0234  0.0233  0.0232  0.0233  0.0232  0.0233  0.0234  0.0233  0.0233  0.0233  0.0233
  0.0239  0.0238  0.0236  0.0238  0.0237  0.0238  0.0237  0.0241  0.0236  0.0238  0.0235  0.0235
  0.0247  0.0245  0.0240  0.0254  0.0247  0.0252  0.0244  0.0254  0.0242  0.0248  0.0238  0.0238
niter,ni,del,rscale     2    3    5.0000    0.5000
parameters
   -0.8808   29.3843    1.1173  -13.8592  -24.0921  -11.9780
    3.0368    0.1886   -3.1263   31.2636   -1.8276  -33.5411
eta,q 0.97687  8.68456
  0.0242  0.0240  0.0238  0.0247  0.0242  0.0246  0.0240  0.0247  0.0239  0.0242  0.0236  0.0236
  0.0236  0.0235  0.0234  0.0240  0.0237  0.0240  0.0235  0.0239  0.0235  0.0237  0.0233  0.0233
  0.0233  0.0233  0.0232  0.0235  0.0233  0.0235  0.0232  0.0233  0.0232  0.0233  0.0232  0.0232
  0.0232  0.0232  0.0232  0.0232  0.0232  0.0232  0.0231  0.0231  0.0231  0.0231  0.0231  0.0231
  0.0233  0.0233  0.0232  0.0232  0.0232  0.0232  0.0232  0.0233  0.0232  0.0232  0.0232  0.0232
  0.0236  0.0236  0.0234  0.0236  0.0235  0.0236  0.0235  0.0238  0.0235  0.0236  0.0233  0.0234
  0.0242  0.0240  0.0237  0.0247  0.0242  0.0246  0.0240  0.0247  0.0239  0.0243  0.0236  0.0236
niter,ni,del,rscale     1    3    5.0000    0.4000
parameters
   -0.8788   29.3700    1.1241  -13.7448  -24.0249  -11.8793
    3.0449    0.2191   -3.1253   31.2664   -1.8701  -33.5719
eta,q 0.97689  8.68773
  0.0238  0.0237  0.0235  0.0241  0.0238  0.0241  0.0237  0.0241  0.0236  0.0238  0.0234  0.0234
  0.0234  0.0234  0.0233  0.0237  0.0235  0.0237  0.0234  0.0236  0.0233  0.0235  0.0232  0.0232
  0.0232  0.0232  0.0232  0.0233  0.0232  0.0233  0.0232  0.0232  0.0232  0.0232  0.0231  0.0231
  0.0231  0.0231  0.0231  0.0231  0.0231  0.0231  0.0231  0.0231  0.0231  0.0231  0.0231  0.0231
  0.0232  0.0232  0.0232  0.0231  0.0232  0.0231  0.0232  0.0232  0.0232  0.0232  0.0232  0.0231
  0.0234  0.0234  0.0233  0.0234  0.0234  0.0234  0.0234  0.0235  0.0233  0.0234  0.0233  0.0233
  0.0238  0.0237  0.0235  0.0241  0.0238  0.0241  0.0237  0.0241  0.0236  0.0239  0.0234  0.0234
registration optimization eta report
parameter search radius
    0.8000    0.8000    0.8000    2.7600    2.4000    2.4000
    2.4000    2.4000    2.4000    2.4000    2.4000    2.4000
100000*second partial in parameter space
      108.       84.       60.       13.       11.       17.
       10.       18.        8.       13.        5.        5.
  0.0238  0.0237  0.0235  0.0241  0.0238  0.0241  0.0237  0.0241  0.0236  0.0238  0.0234  0.0234
  0.0234  0.0234  0.0233  0.0237  0.0235  0.0237  0.0234  0.0236  0.0233  0.0235  0.0232  0.0232
  0.0232  0.0232  0.0232  0.0233  0.0232  0.0233  0.0232  0.0232  0.0232  0.0232  0.0231  0.0231
  0.0231  0.0231  0.0231  0.0231  0.0231  0.0231  0.0231  0.0231  0.0231  0.0231  0.0231  0.0231
  0.0232  0.0232  0.0232  0.0231  0.0232  0.0231  0.0232  0.0232  0.0232  0.0232  0.0232  0.0231
  0.0234  0.0234  0.0233  0.0234  0.0234  0.0234  0.0234  0.0235  0.0233  0.0234  0.0233  0.0233
  0.0238  0.0237  0.0235  0.0241  0.0238  0.0241  0.0237  0.0241  0.0236  0.0239  0.0234  0.0234
   -0.8788   29.3700    1.1241  -13.7448  -24.0249  -11.8793
    3.0449    0.2191   -3.1253   31.2664   -1.8701  -33.5719
eta,q 0.97689  8.68773

---------------------------------------------------------------------
imgreg_4dfp /opt/freesurfer/average/711-2C_as_mni_average_305 /opt/freesurfer/average/711-2B_as_mni_average_305_mask talsrcimg_g11 none talsrcimg_to_711-2C_as_mni_average_305_t4 2311
---------------------------------------------------------------------

freesurfer imgreg_4dfp.c
/opt/freesurfer/average/711-2C_as_mni_average_305.4dfp.img
       256       256       256         1
  1.000000  1.000000  1.000000
orientation T byte_order littleendian
Reading image: /opt/freesurfer/average/711-2C_as_mni_average_305.4dfp.img
dimensions:      256       256       256
mmppix:       1.0000   -1.0000   -1.0000
center:     128.0000 -129.0000 -129.0000
/opt/freesurfer/average/711-2B_as_mni_average_305_mask.4dfp.img
       256       256       256         1
  1.000000  1.000000  1.000000
orientation T byte_order littleendian
Reading mask: /opt/freesurfer/average/711-2B_as_mni_average_305_mask.4dfp.img (2306576 pixels)
talsrcimg_g11.4dfp.img
       288       288       288         1
  0.798611  0.798611  0.798611
orientation T byte_order littleendian
Reading image: talsrcimg_g11.4dfp.img
dimensions:      288       288       288
mmppix:       0.7986   -0.7986   -0.7986
center:     115.0000 -115.7986 -115.7986
fimgreg.f
image alignment mode   2311 decimal      907 hex
parameters
   -0.8788   29.3700    1.1241  -13.7448  -24.0249  -11.8793
    3.0449    0.2191   -3.1253   31.2664   -1.8701  -33.5719
eta,q 0.97689  8.68773
niter,ni,del,rscale     5    3    5.0000    0.8000
parameters
   -0.8674   29.3526    1.1486  -14.2888  -24.3631  -12.3345
    3.0339    0.1708   -3.0991   31.2073   -1.7505  -33.3846
eta,q 0.97668  8.67055
  0.0260  0.0252  0.0247  0.0254  0.0254  0.0259  0.0255  0.0269  0.0252  0.0257  0.0244  0.0245
  0.0244  0.0241  0.0238  0.0243  0.0243  0.0247  0.0243  0.0248  0.0241  0.0245  0.0238  0.0238
  0.0234  0.0233  0.0233  0.0235  0.0235  0.0238  0.0235  0.0237  0.0235  0.0237  0.0234  0.0235
  0.0231  0.0231  0.0231  0.0231  0.0232  0.0232  0.0233  0.0233  0.0233  0.0233  0.0233  0.0233
  0.0234  0.0234  0.0233  0.0234  0.0234  0.0235  0.0235  0.0236  0.0235  0.0235  0.0234  0.0234
  0.0243  0.0241  0.0238  0.0247  0.0245  0.0250  0.0243  0.0249  0.0241  0.0244  0.0238  0.0238
  0.0259  0.0254  0.0246  0.0276  0.0265  0.0280  0.0255  0.0271  0.0251  0.0261  0.0243  0.0243
niter,ni,del,rscale     4    3    5.0000    0.7000
parameters
   -0.8834   29.4136    1.1116  -13.9439  -24.2817  -12.2514
    3.0308    0.1441   -3.1249   31.2289   -1.7518  -33.4313
eta,q 0.97678  8.67716
  0.0253  0.0250  0.0243  0.0256  0.0252  0.0256  0.0249  0.0261  0.0246  0.0252  0.0240  0.0241
  0.0242  0.0241  0.0238  0.0246  0.0243  0.0247  0.0240  0.0245  0.0238  0.0242  0.0236  0.0236
  0.0235  0.0235  0.0234  0.0238  0.0236  0.0238  0.0234  0.0236  0.0234  0.0235  0.0233  0.0233
  0.0233  0.0233  0.0233  0.0233  0.0232  0.0232  0.0232  0.0232  0.0232  0.0232  0.0232  0.0232
  0.0236  0.0234  0.0235  0.0232  0.0233  0.0232  0.0234  0.0235  0.0234  0.0233  0.0233  0.0233
  0.0242  0.0239  0.0238  0.0237  0.0239  0.0240  0.0240  0.0245  0.0239  0.0240  0.0236  0.0236
  0.0254  0.0248  0.0244  0.0253  0.0253  0.0259  0.0249  0.0262  0.0247  0.0253  0.0240  0.0241
niter,ni,del,rscale     3    3    5.0000    0.6000
parameters
   -0.8810   29.3964    1.0998  -13.8405  -24.1902  -12.1229
    3.0390    0.1615   -3.1281   31.2493   -1.7795  -33.5000
eta,q 0.97684  8.68191
  0.0247  0.0244  0.0240  0.0248  0.0246  0.0251  0.0244  0.0254  0.0242  0.0247  0.0238  0.0238
  0.0239  0.0237  0.0236  0.0241  0.0240  0.0243  0.0237  0.0242  0.0236  0.0239  0.0234  0.0234
  0.0234  0.0233  0.0233  0.0235  0.0235  0.0236  0.0233  0.0235  0.0233  0.0234  0.0232  0.0232
  0.0232  0.0232  0.0232  0.0232  0.0232  0.0232  0.0232  0.0232  0.0232  0.0232  0.0232  0.0232
  0.0234  0.0234  0.0233  0.0232  0.0232  0.0232  0.0233  0.0234  0.0233  0.0233  0.0232  0.0233
  0.0239  0.0238  0.0236  0.0237  0.0237  0.0238  0.0237  0.0241  0.0236  0.0238  0.0235  0.0235
  0.0247  0.0244  0.0240  0.0249  0.0247  0.0252  0.0244  0.0254  0.0242  0.0247  0.0238  0.0238
niter,ni,del,rscale     2    3    5.0000    0.5000
parameters
   -0.8799   29.3837    1.1073  -13.7430  -24.1099  -12.0017
    3.0402    0.1849   -3.1304   31.2662   -1.8198  -33.5431
eta,q 0.97687  8.68554
  0.0242  0.0240  0.0238  0.0243  0.0242  0.0246  0.0240  0.0247  0.0239  0.0242  0.0236  0.0236
  0.0236  0.0235  0.0234  0.0238  0.0237  0.0240  0.0235  0.0239  0.0235  0.0237  0.0233  0.0233
  0.0233  0.0233  0.0232  0.0234  0.0233  0.0235  0.0232  0.0233  0.0232  0.0233  0.0232  0.0232
  0.0232  0.0232  0.0232  0.0232  0.0232  0.0231  0.0231  0.0231  0.0231  0.0231  0.0231  0.0231
  0.0233  0.0233  0.0232  0.0232  0.0232  0.0231  0.0232  0.0233  0.0232  0.0232  0.0232  0.0232
  0.0236  0.0235  0.0234  0.0235  0.0235  0.0236  0.0235  0.0238  0.0235  0.0236  0.0233  0.0234
  0.0242  0.0240  0.0237  0.0243  0.0242  0.0246  0.0240  0.0247  0.0239  0.0243  0.0236  0.0236
niter,ni,del,rscale     1    3    5.0000    0.4000
parameters
   -0.8789   29.3721    1.1173  -13.6616  -24.0456  -11.8977
    3.0458    0.2138   -3.1300   31.2714   -1.8595  -33.5610
eta,q 0.97689  8.68816
  0.0238  0.0237  0.0235  0.0239  0.0238  0.0241  0.0237  0.0241  0.0236  0.0238  0.0234  0.0234
  0.0234  0.0234  0.0233  0.0235  0.0235  0.0237  0.0234  0.0236  0.0233  0.0235  0.0232  0.0232
  0.0232  0.0232  0.0232  0.0233  0.0232  0.0233  0.0232  0.0232  0.0232  0.0232  0.0231  0.0231
  0.0231  0.0231  0.0231  0.0231  0.0231  0.0231  0.0231  0.0231  0.0231  0.0231  0.0231  0.0231
  0.0232  0.0232  0.0232  0.0231  0.0231  0.0231  0.0232  0.0232  0.0232  0.0232  0.0231  0.0231
  0.0234  0.0234  0.0233  0.0234  0.0234  0.0234  0.0234  0.0235  0.0233  0.0234  0.0232  0.0232
  0.0238  0.0237  0.0235  0.0239  0.0238  0.0241  0.0237  0.0241  0.0236  0.0239  0.0234  0.0234
registration optimization eta report
parameter search radius
    0.8000    0.8000    0.8000    2.4000    2.4000    2.4000
    2.4000    2.4000    2.4000    2.4000    2.4000    2.4000
100000*second partial in parameter space
      108.       85.       61.       13.       12.       17.
       10.       18.        8.       13.        5.        5.
  0.0238  0.0237  0.0235  0.0239  0.0238  0.0241  0.0237  0.0241  0.0236  0.0238  0.0234  0.0234
  0.0234  0.0234  0.0233  0.0235  0.0235  0.0237  0.0234  0.0236  0.0233  0.0235  0.0232  0.0232
  0.0232  0.0232  0.0232  0.0233  0.0232  0.0233  0.0232  0.0232  0.0232  0.0232  0.0231  0.0231
  0.0231  0.0231  0.0231  0.0231  0.0231  0.0231  0.0231  0.0231  0.0231  0.0231  0.0231  0.0231
  0.0232  0.0232  0.0232  0.0231  0.0231  0.0231  0.0232  0.0232  0.0232  0.0232  0.0231  0.0231
  0.0234  0.0234  0.0233  0.0234  0.0234  0.0234  0.0234  0.0235  0.0233  0.0234  0.0232  0.0232
  0.0238  0.0237  0.0235  0.0239  0.0238  0.0241  0.0237  0.0241  0.0236  0.0239  0.0234  0.0234
   -0.8789   29.3721    1.1173  -13.6616  -24.0456  -11.8977
    3.0458    0.2138   -3.1300   31.2714   -1.8595  -33.5610
eta,q 0.97689  8.68816

---------------------------------------------------------------------
compute_vox2vox talsrcimg talsrcimg_to_711-2C_as_mni_average_305_t4 /opt/freesurfer/average/711-2C_as_mni_average_305
---------------------------------------------------------------------

freesurfer compute_vox2vox.c
Reading: talsrcimg.4dfp.ifh
Reading: talsrcimg_to_711-2C_as_mni_average_305_t4
Reading: /opt/freesurfer/average/711-2C_as_mni_average_305.4dfp.ifh
Writing: talsrcimg_to_711-2C_as_mni_average_305_t4_vox2vox.txt

start time lun 02 sep 2024 15:15:31 CEST
end		time lun 02 sep 2024 15:15:50 CEST

mpr2mni305 success

avi2talxfm orig_nu.mgz /opt/freesurfer/average/mni305.cor.mgz talsrcimg_to_711-2C_as_mni_average_305_t4_vox2vox.txt transforms/talairach.auto.xfm
avi2talxfm done
mv -f /data/derivatives/bootcamp-geneva/fmriprep-24.0.0/sourcedata/freesurfer/sub-16/mri/talsrcimg_to_711-2C_as_mni_average_305_t4_vox2vox.txt /data/derivatives/bootcamp-geneva/fmriprep-24.0.0/sourcedata/freesurfer/sub-16/mri/transforms/talsrcimg_to_711-2C_as_mni_average_305_t4_vox2vox.txt
lta_convert --src orig_nu.mgz --trg /opt/freesurfer/average/mni305.cor.mgz --inxfm transforms/talairach.auto.xfm --outlta transforms/talairach.auto.xfm.lta --subject fsaverage
7.3.2

--src: orig_nu.mgz src image (geometry).
--trg: /opt/freesurfer/average/mni305.cor.mgz trg image (geometry).
--inmni: transforms/talairach.auto.xfm input MNI/XFM transform.
--outlta: transforms/talairach.auto.xfm.lta output LTA.
--s: fsaverage subject name
 LTA read, type : 1
 1.15700   0.01181  -0.04118   3.25101;
 0.03681   0.98154   0.43222  -11.93357;
 0.03252  -0.40363   1.13693   6.83630;
 0.00000   0.00000   0.00000   1.00000;
setting subject to fsaverage
Writing  LTA to file transforms/talairach.auto.xfm.lta...
lta_convert successful.
 
 
Started at lun 02 sep 2024 15:15:31 CEST
Ended   at lun 02 sep 2024 15:15:51 CEST
talairach_avi done
