Logfile for bbregister
mar 03 sep 2024 13:04:35 CEST

setenv SUBJECTS_DIR /data/derivatives/bootcamp-geneva/fmriprep-24.0.0/sourcedata/freesurfer
cd /data/derivatives/bootcamp-geneva/fmriprep-24.0.0/sourcedata/freesurfer/sub-17/scripts
/opt/freesurfer/bin/bbregister --s sub-17 --mov /data/derivatives/bootcamp-geneva/fmriprep-24.0.0/sourcedata/freesurfer/sub-17/mri/orig/T2raw.mgz --lta /data/derivatives/bootcamp-geneva/fmriprep-24.0.0/sourcedata/freesurfer/sub-17/mri/transforms/T2raw.auto.lta --init-coreg --T2 --gm-proj-abs 2 --wm-proj-abs 1 --no-coreg-ref-mask

bbregister 7.3.2
Linux hos70297 5.19.0-50-generic #50-Ubuntu SMP PREEMPT_DYNAMIC Mon Jul 10 18:24:29 UTC 2023 x86_64 x86_64 x86_64 GNU/Linux
FREESURFER_HOME /opt/freesurfer
mri_convert /data/derivatives/bootcamp-geneva/fmriprep-24.0.0/sourcedata/freesurfer/sub-17/mri/orig/T2raw.mgz /data/derivatives/bootcamp-geneva/fmriprep-24.0.0/sourcedata/freesurfer/sub-17/mri/transforms/tmp.bbregister.2788044/template.nii
mri_convert /data/derivatives/bootcamp-geneva/fmriprep-24.0.0/sourcedata/freesurfer/sub-17/mri/orig/T2raw.mgz /data/derivatives/bootcamp-geneva/fmriprep-24.0.0/sourcedata/freesurfer/sub-17/mri/transforms/tmp.bbregister.2788044/template.nii 
reading from /data/derivatives/bootcamp-geneva/fmriprep-24.0.0/sourcedata/freesurfer/sub-17/mri/orig/T2raw.mgz...
TR=2650.00, TE=0.00, TI=0.00, flip angle=0.00
i_ras = (0.998223, -0.059486, -0.00338841)
j_ras = (0.0594778, 0.998227, -0.00247209)
k_ras = (0.00352945, 0.00226616, 0.999991)
writing to /data/derivatives/bootcamp-geneva/fmriprep-24.0.0/sourcedata/freesurfer/sub-17/mri/transforms/tmp.bbregister.2788044/template.nii...
mri_coreg --s sub-17 --mov /data/derivatives/bootcamp-geneva/fmriprep-24.0.0/sourcedata/freesurfer/sub-17/mri/transforms/tmp.bbregister.2788044/template.nii --regdat /data/derivatives/bootcamp-geneva/fmriprep-24.0.0/sourcedata/freesurfer/sub-17/mri/transforms/tmp.bbregister.2788044/reg.init.dat --reg /data/derivatives/bootcamp-geneva/fmriprep-24.0.0/sourcedata/freesurfer/sub-17/mri/transforms/tmp.bbregister.2788044/mri_coreg.lta --nthreads 4 --dof 6 --sep 4 --ftol .0001 --linmintol .01 --no-ref-mask

$Id: mri_coreg.c,v 1.27 2016/04/30 15:11:49 greve Exp $
cwd /data/derivatives/bootcamp-geneva/fmriprep-24.0.0/sourcedata/freesurfer/sub-17/scripts
cmdline mri_coreg --s sub-17 --mov /data/derivatives/bootcamp-geneva/fmriprep-24.0.0/sourcedata/freesurfer/sub-17/mri/transforms/tmp.bbregister.2788044/template.nii --regdat /data/derivatives/bootcamp-geneva/fmriprep-24.0.0/sourcedata/freesurfer/sub-17/mri/transforms/tmp.bbregister.2788044/reg.init.dat --reg /data/derivatives/bootcamp-geneva/fmriprep-24.0.0/sourcedata/freesurfer/sub-17/mri/transforms/tmp.bbregister.2788044/mri_coreg.lta --nthreads 4 --dof 6 --sep 4 --ftol .0001 --linmintol .01 --no-ref-mask 
sysname  Linux
hostname hos70297
machine  x86_64
user     oesteban
dof    6
nsep    1
cras0    1
ftol    0.000100
linmintol    0.010000
bf       1
bflim    30.000000
bfnsamp    30
SmoothRef 0
SatPct    99.990000
MovOOB 0
optschema 1
Seed 53
Reading in mov /data/derivatives/bootcamp-geneva/fmriprep-24.0.0/sourcedata/freesurfer/sub-17/mri/transforms/tmp.bbregister.2788044/template.nii
Reading in ref /data/derivatives/bootcamp-geneva/fmriprep-24.0.0/sourcedata/freesurfer/sub-17/mri/brainmask.mgz
Setting cras translation parameters to align volume centers
Creating random numbers for coordinate dithering
Performing intensity dithering
Performing intensity dithering on mov with computed dither
Init matrix params  0.6573  0.8624 -0.6450  0.0000  0.0000  0.0000  1.0000  1.0000  1.0000  0.0000  0.0000  0.0000 
Initial parameters to be opt  0.6573  0.8624 -0.6450  0.0000  0.0000  0.0000 
Separation list (1):  4   min = 4
DoSmoothing 1
DoCoordDither 1
DoIntensityDither 1
nitersmax 4
ftol 1.000e-04
linmintol 1.000e-02
SatPct 99.990000
Hist FWHM 7.000000 7.000000
nthreads 4
movsat = 917.9947
mov gstd 1.9140 1.9168 1.9168
Smoothing mov
refsat = 115.0000
ref gstd 1.9141 1.9141 1.9141
Smoothing ref
COREGpreproc() done
Testing if mov and target overlap
Init cost   -1.0510591536
nhits = 248525 out of 23887872, Percent Overlap:  66.6
Initial  RefRAS-to-MovRAS
 1.00000   0.00000   0.00000   0.65729;
 0.00000   1.00000   0.00000   0.86237;
 0.00000   0.00000   1.00000  -0.64503;
 0.00000   0.00000   0.00000   1.00000;
Initial  RefVox-to-MovVox
-0.99649   0.00338  -0.05938   254.53241;
-0.06162   0.00256   1.03420   3.56756;
-0.00366  -1.03603   0.00235   292.35776;
 0.00000   0.00000   0.00000   1.00000;
sep = 4 -----------------------------------
COREGoptBruteForce() 30 1 30
Turning on MovOOB for BruteForce Search
#BF# sep= 4 iter=0 lim=30.0 delta=2.00   0.65729   0.86237  -2.64503   0.00000   0.00000   0.00000   -1.0451252
Turning  MovOOB back off after brute force search


---------------------------------
Init Powel Params dof = 6: 0.657288 0.862373 -2.645035 0.000000 0.000000 0.000000 
Starting OpenPowel2(), sep = 4
InitialCost        -1.0514664650 
#@#  4  188  0.65729 0.86237 -2.64503 0.00000 0.00000 0.00000   -1.0514665
fs_powell::minimize
  nparams 6
  maxfev 4
  ftol   0.000100
  linmin_xtol_   0.010000
  powell nthiter 0: fret = -1.051466
#@#  4  193  0.03925 0.86237 -2.64503 0.00000 0.00000 0.00000   -1.0515878
#@#  4  195  0.16475 0.86237 -2.64503 0.00000 0.00000 0.00000   -1.0515949
#@#  4  202  0.14475 -0.75566 -2.64503 0.00000 0.00000 0.00000   -1.0517758
#@#  4  203  0.14475 -0.09316 -2.64503 0.00000 0.00000 0.00000   -1.0520128
#@#  4  208  0.14475 -0.06572 -2.64503 0.00000 0.00000 0.00000   -1.0520129
#@#  4  213  0.14475 -0.06572 -1.64503 0.00000 0.00000 0.00000   -1.0520493
#@#  4  217  0.14475 -0.06572 -2.02700 0.00000 0.00000 0.00000   -1.0521567
#@#  4  218  0.14475 -0.06572 -2.19631 0.00000 0.00000 0.00000   -1.0521572
#@#  4  219  0.14475 -0.06572 -2.11444 0.00000 0.00000 0.00000   -1.0521612
#@#  4  227  0.14475 -0.06572 -2.11444 0.38197 0.00000 0.00000   -1.0522119
#@#  4  228  0.14475 -0.06572 -2.11444 0.43652 0.00000 0.00000   -1.0522134
#@#  4  234  0.14475 -0.06572 -2.11444 0.44652 1.00000 0.00000   -1.0523629
#@#  4  239  0.14475 -0.06572 -2.11444 0.44652 0.81535 0.00000   -1.0523725
#@#  4  240  0.14475 -0.06572 -2.11444 0.44652 0.80535 0.00000   -1.0523731
#@#  4  242  0.14475 -0.06572 -2.11444 0.44652 0.77916 0.00000   -1.0523733
#@#  4  244  0.14475 -0.06572 -2.11444 0.44652 0.78916 0.00000   -1.0523736
#@#  4  251  0.14475 -0.06572 -2.11444 0.44652 0.78916 0.18435   -1.0523822
#@#  4  253  0.14475 -0.06572 -2.11444 0.44652 0.78916 0.16435   -1.0523825
  powell nthiter 1: fret = -1.052382
#@#  4  264  0.00026 -0.06572 -2.11444 0.44652 0.78916 0.15435   -1.0523969
#@#  4  265  -0.00974 -0.06572 -2.11444 0.44652 0.78916 0.15435   -1.0523974
#@#  4  287  -0.00974 -0.05572 -2.15086 0.44652 0.78916 0.15435   -1.0523983
#@#  4  297  -0.00974 -0.05572 -2.14086 0.42346 0.78916 0.15435   -1.0523988
#@#  4  300  -0.00974 -0.05572 -2.14086 0.41287 0.78916 0.15435   -1.0523989
#@#  4  307  -0.00974 -0.05572 -2.14086 0.41287 0.87049 0.15435   -1.0524021
Powell done niters total = 1
OptTimeSec 10.6 sec
OptTimeMin  0.18 min
nEvals 319
Final optimized parameters  -0.00973603  -0.05572334  -2.14085555   0.41286618   0.87049192   0.15434907 
Final matrix parameters -0.0097 -0.0557 -2.1409  0.4129  0.8705  0.1742  1.0000  1.0000  1.0000  0.0000  0.0000  0.0000 
Final cost   -1.052402160116721
 

---------------------------------
Final  RefRAS-to-MovRAS
 0.99988   0.00269   0.01519  -0.00974;
-0.00280   0.99997   0.00720  -0.05572;
-0.01517  -0.00725   0.99986  -2.14086;
 0.00000   0.00000   0.00000   1.00000;
Final  RefVox-to-MovVox
-0.99659  -0.01133  -0.05667   255.10789;
-0.05875  -0.00583   1.03435   2.85396;
 0.01207  -1.03595  -0.00515   289.12421;
 0.00000   0.00000   0.00000   1.00000;
Final matrix parameters -0.0097 -0.0557 -2.1409  0.4129  0.8705  0.1543  0.0000  0.0000  0.0000  0.0000  0.0000  0.0000 
Final opt parameters -0.0097 -0.0557 -2.1409  0.4129  0.8705  0.1543 
nhits = 248640 out of 23887872, Percent Overlap:  66.6
mri_coreg RunTimeSec 78.7 sec
To check run:
   tkregisterfv --mov /data/derivatives/bootcamp-geneva/fmriprep-24.0.0/sourcedata/freesurfer/sub-17/mri/transforms/tmp.bbregister.2788044/template.nii --targ /data/derivatives/bootcamp-geneva/fmriprep-24.0.0/sourcedata/freesurfer/sub-17/mri/brainmask.mgz --reg /data/derivatives/bootcamp-geneva/fmriprep-24.0.0/sourcedata/freesurfer/sub-17/mri/transforms/tmp.bbregister.2788044/mri_coreg.lta --s sub-17 --surfs 

mri_coreg done

mri_segreg --mov /data/derivatives/bootcamp-geneva/fmriprep-24.0.0/sourcedata/freesurfer/sub-17/mri/transforms/tmp.bbregister.2788044/template.nii --init-reg /data/derivatives/bootcamp-geneva/fmriprep-24.0.0/sourcedata/freesurfer/sub-17/mri/transforms/tmp.bbregister.2788044/reg.init.dat --out-reg /data/derivatives/bootcamp-geneva/fmriprep-24.0.0/sourcedata/freesurfer/sub-17/mri/transforms/tmp.bbregister.2788044/bbr.pass1.dat --subsamp-brute 100 --subsamp 100 --tol 1e-4 --tol1d 1e-3 --brute -4 4 4 --surf white --gm-proj-abs 2 --gm-gt-wm 0.5
7.3.2
setenv SUBJECTS_DIR /data/derivatives/bootcamp-geneva/fmriprep-24.0.0/sourcedata/freesurfer
cd /data/derivatives/bootcamp-geneva/fmriprep-24.0.0/sourcedata/freesurfer/sub-17/scripts
mri_segreg --mov /data/derivatives/bootcamp-geneva/fmriprep-24.0.0/sourcedata/freesurfer/sub-17/mri/transforms/tmp.bbregister.2788044/template.nii --init-reg /data/derivatives/bootcamp-geneva/fmriprep-24.0.0/sourcedata/freesurfer/sub-17/mri/transforms/tmp.bbregister.2788044/reg.init.dat --out-reg /data/derivatives/bootcamp-geneva/fmriprep-24.0.0/sourcedata/freesurfer/sub-17/mri/transforms/tmp.bbregister.2788044/bbr.pass1.dat --subsamp-brute 100 --subsamp 100 --tol 1e-4 --tol1d 1e-3 --brute -4 4 4 --surf white --gm-proj-abs 2 --gm-gt-wm 0.5 
sysname  Linux
hostname hos70297
machine  x86_64
user     oesteban
movvol /data/derivatives/bootcamp-geneva/fmriprep-24.0.0/sourcedata/freesurfer/sub-17/mri/transforms/tmp.bbregister.2788044/template.nii
regfile /data/derivatives/bootcamp-geneva/fmriprep-24.0.0/sourcedata/freesurfer/sub-17/mri/transforms/tmp.bbregister.2788044/reg.init.dat
subject sub-17
dof 6
outregfile /data/derivatives/bootcamp-geneva/fmriprep-24.0.0/sourcedata/freesurfer/sub-17/mri/transforms/tmp.bbregister.2788044/bbr.pass1.dat
UseMask 0
UseLH 1
UseRH 1
nsubsamp 100
PenaltySign  -1
PenaltySlope 0.500000
PenaltyCenter 0.000000
surfname white
GMProjAbs 2.000000
WMProjAbs 2.000000
lhcostfile (null)
rhcostfile (null)
interp  trilinear (1)
frame  0
TolPowell 0.000100
nMaxItersPowell 36
n1dmin  3
Profile   0
Gdiag_no  -1
AddNoise  0 (0)
SynthSeed 1725860535
TransRandMax 0.000000
RotRandMax 0.000000
Translations 0.000000 0.000000 0.000000
Rotations   0.000000 0.000000 0.000000
Input reg
-0.99832   0.05677  -0.01135   1.75460;
-0.01165  -0.00497   0.99992  -2.35618;
-0.05671  -0.99837  -0.00562   1.15535;
 0.00000   0.00000   0.00000   1.00000;

Loading mov
ExcludeZeroVoxels 1
Reading in targ vol /data/derivatives/bootcamp-geneva/fmriprep-24.0.0/sourcedata/freesurfer/sub-17/mri/orig.mgz
Projecting LH Surfs
Loading lh.white surf
GM Proj: 0 0.500000 2.000000
WM Proj: 0 0.500000 2.000000
Projecting RH Surfs
Loading rh.white surf
Projecting RH Surfs
Using lh.cortex.label
Using rh.cortex.label
Computing relative cost
 0  -25.0 -25.0 -25.0   1.015360
 1  -25.0 -25.0  25.0   1.001141
 2  -25.0  25.0 -25.0   0.991224
 3  -25.0  25.0  25.0   0.954424
 4   25.0 -25.0 -25.0   0.991048
 5   25.0 -25.0  25.0   0.968306
 6   25.0  25.0 -25.0   1.019357
 7   25.0  25.0  25.0   1.031568
REL:  8  0.185697    7.972428  0.996553 rel = 0.186339 
Initial costs ----------------
Number of surface hits 4078
WM  Intensity   170.7232 +/-  37.4063
Ctx Intensity   246.2216 +/-  87.3426
Pct Contrast     31.7557 +/-  32.9786
Cost   0.1857
RelCost   0.1863

------------------------------------
Brute force preopt -4 4 4, n = 729
     0  -4.0000  -4.0000  -4.0000  -4.0000  -4.0000  -4.0000      0.9706   0.9706  0.0
     1  -4.0000  -4.0000  -4.0000  -4.0000  -4.0000   0.0000      0.9506   0.9506  0.0
     3  -4.0000  -4.0000  -4.0000  -4.0000   0.0000  -4.0000      0.9463   0.9463  0.0
     4  -4.0000  -4.0000  -4.0000  -4.0000   0.0000   0.0000      0.9402   0.9402  0.0
     6  -4.0000  -4.0000  -4.0000  -4.0000   4.0000  -4.0000      0.9265   0.9265  0.0
     7  -4.0000  -4.0000  -4.0000  -4.0000   4.0000   0.0000      0.9193   0.9193  0.0
    15  -4.0000  -4.0000  -4.0000   0.0000   4.0000  -4.0000      0.8686   0.8686  0.0
    39  -4.0000  -4.0000   0.0000   0.0000   0.0000  -4.0000      0.8210   0.8210  0.0
   102  -4.0000   0.0000  -4.0000   4.0000   0.0000  -4.0000      0.7631   0.7631  0.0
   120  -4.0000   0.0000   0.0000   0.0000   0.0000  -4.0000      0.6790   0.6790  0.0
   346   0.0000   0.0000  -4.0000   4.0000   0.0000   0.0000      0.6590   0.6590  0.0
   364   0.0000   0.0000   0.0000   0.0000   0.0000   0.0000      0.1857   0.1857  0.0
Brute Force --------------------------
Min cost was 0.185697
Number of iterations   729
Search time 1.771881 sec
Parameters at best (transmm, rotdeg)
  0.000   0.000   0.000  0.000  0.000  0.000 
--------------------------------------------

Starting Powell Minimization
Init Powel Params dof = 6
0 0
1 0
2 0
3 0
4 0
5 0
fs_powell::minimize
  nparams 6
  maxfev 36
  ftol   0.000100
  linmin_xtol_   0.001000
  powell nthiter 0: fret = 0.185697
   7  0.040  0.000  0.000  0.000  0.000  0.000   0.1854995888
  12  0.044  0.000  0.000  0.000  0.000  0.000   0.1854591080
  19  0.044 -0.618  0.000  0.000  0.000  0.000   0.1668217368
  21  0.044 -0.610  0.000  0.000  0.000  0.000   0.1663633162
  22  0.044 -0.377  0.000  0.000  0.000  0.000   0.1625268190
  30  0.044 -0.378  0.000  0.000  0.000  0.000   0.1625262985
  36  0.044 -0.378  0.382  0.000  0.000  0.000   0.1496775354
  38  0.044 -0.378  0.403  0.000  0.000  0.000   0.1489789236
  39  0.044 -0.378  0.451  0.000  0.000  0.000   0.1486214410
  41  0.044 -0.378  0.465  0.000  0.000  0.000   0.1484731563
  43  0.044 -0.378  0.462  0.000  0.000  0.000   0.1484125492
  45  0.044 -0.378  0.460  0.000  0.000  0.000   0.1484022720
  57  0.044 -0.378  0.460  0.019  0.000  0.000   0.1483370742
  59  0.044 -0.378  0.460  0.031  0.000  0.000   0.1483331596
  63  0.044 -0.378  0.460  0.029  0.000  0.000   0.1483318289
  71  0.044 -0.378  0.460  0.029  0.028  0.000   0.1476468979
  73  0.044 -0.378  0.460  0.029  0.059  0.000   0.1476010707
  74  0.044 -0.378  0.460  0.029  0.050  0.000   0.1475344684
  75  0.044 -0.378  0.460  0.029  0.045  0.000   0.1475205209
  76  0.044 -0.378  0.460  0.029  0.043  0.000   0.1475170779
  87  0.044 -0.378  0.460  0.029  0.043  0.039   0.1471853823
  90  0.044 -0.378  0.460  0.029  0.043  0.059   0.1470315138
  92  0.044 -0.378  0.460  0.029  0.043  0.053   0.1469557543
  93  0.044 -0.378  0.460  0.029  0.043  0.052   0.1469505580
  powell nthiter 1: fret = 0.146951
 107  0.048 -0.378  0.460  0.029  0.043  0.052   0.1469247416
 108  0.047 -0.378  0.460  0.029  0.043  0.052   0.1469224655
 118  0.047 -0.435  0.460  0.029  0.043  0.052   0.1459068445
 120  0.047 -0.422  0.460  0.029  0.043  0.052   0.1457746895
 123  0.047 -0.423  0.460  0.029  0.043  0.052   0.1457732785
 133  0.047 -0.423  0.446  0.029  0.043  0.052   0.1451235461
 150  0.047 -0.423  0.446  0.030  0.043  0.052   0.1451230479
  powell nthiter 2: fret = 0.145123
 187  0.045 -0.423  0.446  0.030  0.043  0.052   0.1451173868
 200  0.045 -0.419  0.446  0.030  0.043  0.052   0.1450982386
 201  0.045 -0.420  0.446  0.030  0.043  0.052   0.1450973062
 213  0.045 -0.420  0.443  0.030  0.043  0.052   0.1450949493
 215  0.045 -0.420  0.444  0.030  0.043  0.052   0.1450889712
 227  0.045 -0.420  0.444  0.033  0.043  0.052   0.1450742633
 228  0.045 -0.420  0.444  0.032  0.043  0.052   0.1450658329
 241  0.045 -0.420  0.444  0.032  0.044  0.052   0.1450641990
 255  0.045 -0.420  0.444  0.032  0.044  0.051   0.1450623476
 256  0.043 -0.417  0.442  0.035  0.045  0.050   0.1450451381
 263  0.043 -0.417  0.443  0.035  0.045  0.050   0.1450450418
 264  0.043 -0.417  0.443  0.035  0.045  0.050   0.1450448670
 268  0.043 -0.417  0.443  0.035  0.045  0.050   0.1450448486
  powell nthiter 3: fret = 0.145045
 295  0.043 -0.418  0.443  0.035  0.045  0.050   0.1450430235
 307  0.043 -0.418  0.438  0.035  0.045  0.050   0.1450195425
 308  0.043 -0.418  0.440  0.035  0.045  0.050   0.1450145940
 334  0.042 -0.415  0.438  0.038  0.046  0.049   0.1450101946
 338  0.042 -0.416  0.438  0.037  0.046  0.049   0.1450066968
 339  0.042 -0.416  0.439  0.037  0.046  0.049   0.1450066495
 342  0.042 -0.416  0.439  0.037  0.046  0.049   0.1450063039
 353  0.041 -0.415  0.436  0.038  0.046  0.048   0.1450046642
 354  0.042 -0.415  0.437  0.038  0.046  0.049   0.1450042534
  powell nthiter 4: fret = 0.145004
 376  0.043 -0.415  0.437  0.038  0.046  0.049   0.1450028962
 388  0.043 -0.416  0.437  0.038  0.046  0.049   0.1449997014
 397  0.043 -0.416  0.437  0.038  0.046  0.049   0.1449996719
 398  0.043 -0.416  0.437  0.038  0.046  0.049   0.1449995630
 400  0.043 -0.416  0.437  0.038  0.046  0.049   0.1449993776
 426  0.043 -0.416  0.437  0.038  0.043  0.049   0.1449877264
 427  0.043 -0.416  0.437  0.038  0.044  0.049   0.1449831070
 434  0.042 -0.415  0.435  0.040  0.044  0.048   0.1449772283
 440  0.042 -0.415  0.435  0.040  0.044  0.048   0.1449769875
 443  0.041 -0.413  0.431  0.043  0.043  0.047   0.1449711918
 450  0.041 -0.413  0.432  0.042  0.044  0.047   0.1449704556
 451  0.041 -0.414  0.432  0.042  0.044  0.047   0.1449698588
 458  0.041 -0.414  0.432  0.042  0.044  0.047   0.1449697633
  powell nthiter 5: fret = 0.144970
 471  0.042 -0.414  0.432  0.042  0.044  0.047   0.1449679274
 484  0.042 -0.415  0.432  0.042  0.044  0.047   0.1449638702
 491  0.042 -0.413  0.431  0.043  0.044  0.047   0.1449593088
 510  0.042 -0.413  0.431  0.043  0.044  0.046   0.1449558732
 519  0.041 -0.413  0.431  0.043  0.044  0.046   0.1449558623
 522  0.041 -0.413  0.431  0.043  0.044  0.046   0.1449555509
 532  0.041 -0.413  0.429  0.044  0.044  0.045   0.1449543451
 533  0.041 -0.413  0.430  0.044  0.044  0.045   0.1449542664
 535  0.041 -0.413  0.430  0.044  0.044  0.045   0.1449542244
 537  0.041 -0.413  0.430  0.044  0.044  0.045   0.1449539649
  powell nthiter 6: fret = 0.144954
 555  0.040 -0.413  0.430  0.044  0.044  0.045   0.1449530604
 568  0.040 -0.414  0.430  0.044  0.044  0.045   0.1449486671
 575  0.040 -0.413  0.429  0.045  0.044  0.045   0.1449448099
 576  0.040 -0.413  0.429  0.045  0.044  0.045   0.1449447680
 577  0.040 -0.413  0.429  0.045  0.044  0.045   0.1449444295
 578  0.040 -0.413  0.429  0.045  0.044  0.045   0.1449440855
 585  0.040 -0.413  0.429  0.045  0.044  0.045   0.1449439369
 598  0.040 -0.413  0.429  0.045  0.044  0.044   0.1449389890
 610  0.040 -0.413  0.429  0.045  0.044  0.044   0.1449389830
 614  0.040 -0.413  0.429  0.045  0.044  0.044   0.1449386246
 622  0.040 -0.413  0.428  0.045  0.044  0.044   0.1449381963
 625  0.038 -0.413  0.427  0.046  0.044  0.043   0.1449264635
 628  0.036 -0.414  0.426  0.048  0.044  0.040   0.1449158868
 629  0.035 -0.414  0.425  0.049  0.044  0.039   0.1449103135
 630  0.033 -0.414  0.424  0.050  0.044  0.037   0.1449030606
 631  0.027 -0.415  0.420  0.055  0.044  0.032   0.1448941694
 632  0.027 -0.415  0.419  0.055  0.044  0.032   0.1448937118
 633  0.027 -0.415  0.419  0.055  0.044  0.032   0.1448935003
 635  0.027 -0.415  0.419  0.055  0.044  0.032   0.1448931558
 636  0.026 -0.415  0.419  0.055  0.044  0.031   0.1448924001
 637  0.026 -0.415  0.419  0.056  0.044  0.031   0.1448918309
 638  0.026 -0.415  0.418  0.056  0.044  0.031   0.1448917838
 639  0.025 -0.415  0.418  0.056  0.044  0.030   0.1448917005
 642  0.025 -0.415  0.418  0.056  0.044  0.030   0.1448916013
 648  0.025 -0.415  0.418  0.056  0.044  0.030   0.1448915423
 649  0.025 -0.415  0.418  0.056  0.044  0.030   0.1448914764
 651  0.025 -0.415  0.418  0.056  0.044  0.030   0.1448914105
  powell nthiter 7: fret = 0.144891
 664  0.029 -0.415  0.418  0.056  0.044  0.030   0.1448794902
 665  0.028 -0.415  0.418  0.056  0.044  0.030   0.1448770862
 677  0.028 -0.414  0.418  0.056  0.044  0.030   0.1448731243
 691  0.027 -0.412  0.414  0.059  0.043  0.029   0.1448653528
 692  0.026 -0.410  0.408  0.063  0.041  0.028   0.1448543960
 697  0.026 -0.410  0.409  0.063  0.041  0.028   0.1448541805
 698  0.026 -0.410  0.409  0.062  0.042  0.028   0.1448540240
 703  0.026 -0.410  0.409  0.063  0.042  0.028   0.1448537836
 706  0.026 -0.410  0.409  0.063  0.042  0.028   0.1448536322
 712  0.023 -0.406  0.404  0.067  0.043  0.026   0.1448457690
 716  0.024 -0.408  0.406  0.065  0.043  0.027   0.1448427576
 717  0.024 -0.408  0.406  0.065  0.043  0.027   0.1448422058
 727  0.023 -0.408  0.404  0.066  0.043  0.026   0.1448306595
 728  0.020 -0.408  0.403  0.068  0.043  0.023   0.1448087662
 729  0.017 -0.409  0.400  0.071  0.043  0.020   0.1447752941
 733  0.009 -0.410  0.395  0.077  0.043  0.013   0.1447533733
 734  0.010 -0.410  0.395  0.076  0.043  0.014   0.1447527043
 737  0.010 -0.410  0.395  0.076  0.043  0.013   0.1447526623
 740  0.010 -0.410  0.395  0.076  0.043  0.013   0.1447525797
 744  0.010 -0.410  0.395  0.076  0.043  0.013   0.1447524307
  powell nthiter 8: fret = 0.144752
 762  0.011 -0.410  0.395  0.076  0.043  0.013   0.1447510680
 775  0.011 -0.409  0.395  0.076  0.043  0.013   0.1447499154
 781  0.012 -0.411  0.397  0.074  0.042  0.014   0.1447450563
 784  0.012 -0.411  0.396  0.074  0.042  0.014   0.1447450513
 785  0.012 -0.411  0.396  0.074  0.042  0.014   0.1447446940
Powell done niters = 8
Computing relative cost
 0  -25.0 -25.0 -25.0   1.011877
 1  -25.0 -25.0  25.0   0.994248
 2  -25.0  25.0 -25.0   1.003835
 3  -25.0  25.0  25.0   0.947964
 4   25.0 -25.0 -25.0   1.000703
 5   25.0 -25.0  25.0   1.000270
 6   25.0  25.0 -25.0   1.028499
 7   25.0  25.0  25.0   1.009882
REL:  8  0.144745    7.997278  0.999660 rel = 0.144794 
Number of iterations     8
Min cost was 0.144745
Number of FunctionCalls   835
TolPowell 0.000100
nMaxItersPowell 36
OptimizationTime 1.840580 sec
Parameters at optimum (transmm)  0.01188 -0.41092  0.39648
Parameters at optimum (rotdeg)  0.07435  0.04229  0.01392 
Final costs ----------------
Number of surface hits 4078
WM  Intensity   169.4399 +/-  34.9206
Ctx Intensity   247.0663 +/-  80.8259
Pct Contrast     33.2515 +/-  32.7684
Cost   0.1447
RelCost   0.1863
Reg at min cost was 
-0.99836   0.05603  -0.01159   1.76790;
-0.01182  -0.00366   0.99992  -2.76817;
-0.05599  -0.99842  -0.00432   1.54748;
 0.00000   0.00000   0.00000   1.00000;

Writing optimal reg to /data/derivatives/bootcamp-geneva/fmriprep-24.0.0/sourcedata/freesurfer/sub-17/mri/transforms/tmp.bbregister.2788044/bbr.pass1.dat, type = 14 
Original Reg 
-0.99832   0.05677  -0.01135   1.75460;
-0.01165  -0.00497   0.99992  -2.35618;
-0.05671  -0.99837  -0.00562   1.15535;
 0.00000   0.00000   0.00000   1.00000;

Original Reg - Optimal Reg
 0.00004   0.00074   0.00025  -0.01330;
 0.00017  -0.00131  -0.00000   0.41199;
-0.00072   0.00005  -0.00131  -0.39213;
 0.00000   0.00000   0.00000   0.00000;

Computing change in lh position
LH rmsDiffMean 0.601638
Computing change in rh position
Surface-RMS-Diff-mm 0.620580 0.045485 0.707988
mri_segreg done
mri_segreg --mov /data/derivatives/bootcamp-geneva/fmriprep-24.0.0/sourcedata/freesurfer/sub-17/mri/transforms/tmp.bbregister.2788044/template.nii --init-reg /data/derivatives/bootcamp-geneva/fmriprep-24.0.0/sourcedata/freesurfer/sub-17/mri/transforms/tmp.bbregister.2788044/bbr.pass1.dat --out-reg /data/derivatives/bootcamp-geneva/fmriprep-24.0.0/sourcedata/freesurfer/sub-17/mri/transforms/T2raw.auto.dat --interp trilinear --wm-proj-abs 1 --tol 1e-8 --tol1d 1e-3 --c0 0 --mincost /data/derivatives/bootcamp-geneva/fmriprep-24.0.0/sourcedata/freesurfer/sub-17/mri/transforms/T2raw.auto.dat.mincost --dof 6 --nmax 36 --param /data/derivatives/bootcamp-geneva/fmriprep-24.0.0/sourcedata/freesurfer/sub-17/mri/transforms/T2raw.auto.dat.param --surf white --brute -0.1 0.1 0.1 --cur-reg /data/derivatives/bootcamp-geneva/fmriprep-24.0.0/sourcedata/freesurfer/sub-17/mri/transforms/tmp.bbregister.2788044/reg.curopt.dat --gm-proj-abs 2 --nsub 1 --gm-gt-wm 0.5
7.3.2
setenv SUBJECTS_DIR /data/derivatives/bootcamp-geneva/fmriprep-24.0.0/sourcedata/freesurfer
cd /data/derivatives/bootcamp-geneva/fmriprep-24.0.0/sourcedata/freesurfer/sub-17/scripts
mri_segreg --mov /data/derivatives/bootcamp-geneva/fmriprep-24.0.0/sourcedata/freesurfer/sub-17/mri/transforms/tmp.bbregister.2788044/template.nii --init-reg /data/derivatives/bootcamp-geneva/fmriprep-24.0.0/sourcedata/freesurfer/sub-17/mri/transforms/tmp.bbregister.2788044/bbr.pass1.dat --out-reg /data/derivatives/bootcamp-geneva/fmriprep-24.0.0/sourcedata/freesurfer/sub-17/mri/transforms/T2raw.auto.dat --interp trilinear --wm-proj-abs 1 --tol 1e-8 --tol1d 1e-3 --c0 0 --mincost /data/derivatives/bootcamp-geneva/fmriprep-24.0.0/sourcedata/freesurfer/sub-17/mri/transforms/T2raw.auto.dat.mincost --dof 6 --nmax 36 --param /data/derivatives/bootcamp-geneva/fmriprep-24.0.0/sourcedata/freesurfer/sub-17/mri/transforms/T2raw.auto.dat.param --surf white --brute -0.1 0.1 0.1 --cur-reg /data/derivatives/bootcamp-geneva/fmriprep-24.0.0/sourcedata/freesurfer/sub-17/mri/transforms/tmp.bbregister.2788044/reg.curopt.dat --gm-proj-abs 2 --nsub 1 --gm-gt-wm 0.5 
sysname  Linux
hostname hos70297
machine  x86_64
user     oesteban
movvol /data/derivatives/bootcamp-geneva/fmriprep-24.0.0/sourcedata/freesurfer/sub-17/mri/transforms/tmp.bbregister.2788044/template.nii
regfile /data/derivatives/bootcamp-geneva/fmriprep-24.0.0/sourcedata/freesurfer/sub-17/mri/transforms/tmp.bbregister.2788044/bbr.pass1.dat
subject sub-17
dof 6
outregfile /data/derivatives/bootcamp-geneva/fmriprep-24.0.0/sourcedata/freesurfer/sub-17/mri/transforms/T2raw.auto.dat
UseMask 0
UseLH 1
UseRH 1
nsubsamp 1
PenaltySign  -1
PenaltySlope 0.500000
PenaltyCenter 0.000000
surfname white
GMProjAbs 2.000000
WMProjAbs 1.000000
lhcostfile (null)
rhcostfile (null)
interp  trilinear (1)
frame  0
TolPowell 0.000000
nMaxItersPowell 36
n1dmin  3
Profile   0
Gdiag_no  -1
AddNoise  0 (0)
SynthSeed 1726099347
TransRandMax 0.000000
RotRandMax 0.000000
Translations 0.000000 0.000000 0.000000
Rotations   0.000000 0.000000 0.000000
Input reg
-0.99836   0.05603  -0.01159   1.76790;
-0.01182  -0.00366   0.99992  -2.76817;
-0.05599  -0.99842  -0.00432   1.54748;
 0.00000   0.00000   0.00000   1.00000;

Loading mov
ExcludeZeroVoxels 1
Reading in targ vol /data/derivatives/bootcamp-geneva/fmriprep-24.0.0/sourcedata/freesurfer/sub-17/mri/orig.mgz
Projecting LH Surfs
Loading lh.white surf
GM Proj: 0 0.500000 2.000000
WM Proj: 0 0.500000 1.000000
Projecting RH Surfs
Loading rh.white surf
Projecting RH Surfs
Using lh.cortex.label
Using rh.cortex.label
Computing relative cost
 0  -25.0 -25.0 -25.0   0.982114
 1  -25.0 -25.0  25.0   1.001844
 2  -25.0  25.0 -25.0   0.992985
 3  -25.0  25.0  25.0   0.957696
 4   25.0 -25.0 -25.0   0.984093
 5   25.0 -25.0  25.0   1.001722
 6   25.0  25.0 -25.0   1.010289
 7   25.0  25.0  25.0   0.998849
REL:  8  0.119327    7.929592  0.991199 rel = 0.120387 
Initial costs ----------------
Number of surface hits 409492
WM  Intensity   165.1613 +/-  31.2546
Ctx Intensity   246.4063 +/-  81.0534
Pct Contrast     35.2471 +/-  31.6393
Cost   0.1193
RelCost   0.1204

------------------------------------
Brute force preopt -0.1 0.1 0.1, n = 729
     0  -0.1000  -0.1000  -0.1000  -0.1000  -0.1000  -0.1000      0.1157   0.1157  0.0
     3  -0.1000  -0.1000  -0.1000  -0.1000   0.0000  -0.1000      0.1147   0.1147  0.0
     9  -0.1000  -0.1000  -0.1000   0.0000  -0.1000  -0.1000      0.1140   0.1140  0.0
    10  -0.1000  -0.1000  -0.1000   0.0000  -0.1000   0.0000      0.1132   0.1132  0.0
    16  -0.1000  -0.1000  -0.1000   0.0000   0.1000   0.0000      0.1126   0.1126  0.0
    17  -0.1000  -0.1000  -0.1000   0.0000   0.1000   0.1000      0.1126   0.1126  0.0
    22  -0.1000  -0.1000  -0.1000   0.1000   0.0000   0.0000      0.1119   0.1119  0.0
    25  -0.1000  -0.1000  -0.1000   0.1000   0.1000   0.0000      0.1099   0.1099  0.0
    26  -0.1000  -0.1000  -0.1000   0.1000   0.1000   0.1000      0.1093   0.1093  0.0
   287   0.0000  -0.1000   0.0000   0.0000   0.1000   0.1000      0.1087   0.1087  0.0
   671   0.1000   0.1000  -0.1000   0.1000   0.0000   0.1000      0.1085   0.1085  0.0
   689   0.1000   0.1000   0.0000   0.0000   0.0000   0.1000      0.1083   0.1083  0.0
   690   0.1000   0.1000   0.0000   0.0000   0.1000  -0.1000      0.1077   0.1077  0.0
   691   0.1000   0.1000   0.0000   0.0000   0.1000   0.0000      0.1076   0.1076  0.0
   692   0.1000   0.1000   0.0000   0.0000   0.1000   0.1000      0.1070   0.1070  0.0
Brute Force --------------------------
Min cost was 0.107038
Number of iterations   729
Search time 1.560048 sec
Parameters at best (transmm, rotdeg)
  0.100   0.100   0.000  0.000  0.100  0.100 
--------------------------------------------

Starting Powell Minimization
Init Powel Params dof = 6
0 0.1
1 0.1
2 0
3 0
4 0.1
5 0.1
fs_powell::minimize
  nparams 6
  maxfev 36
  ftol   0.000000
  linmin_xtol_   0.001000
  powell nthiter 0: fret = 0.122672
   7 -0.061  0.100  0.000  0.000  0.100  0.100   0.1218490188
   8 -0.055  0.100  0.000  0.000  0.100  0.100   0.1218388651
  10 -0.049  0.100  0.000  0.000  0.100  0.100   0.1218310547
  11 -0.048  0.100  0.000  0.000  0.100  0.100   0.1218306551
  17 -0.048 -0.518  0.000  0.000  0.100  0.100   0.1211591745
  19 -0.048 -0.229  0.000  0.000  0.100  0.100   0.1187756078
  21 -0.048 -0.258  0.000  0.000  0.100  0.100   0.1187656957
  23 -0.048 -0.247  0.000  0.000  0.100  0.100   0.1187531968
  24 -0.048 -0.246  0.000  0.000  0.100  0.100   0.1187530298
  25 -0.048 -0.245  0.000  0.000  0.100  0.100   0.1187528987
  35 -0.048 -0.245  0.062  0.000  0.100  0.100   0.1185232229
  39 -0.048 -0.245  0.061  0.000  0.100  0.100   0.1185207306
  41 -0.048 -0.245  0.052  0.000  0.100  0.100   0.1185108980
  42 -0.048 -0.245  0.046  0.000  0.100  0.100   0.1185094427
  43 -0.048 -0.245  0.047  0.000  0.100  0.100   0.1185086992
  44 -0.048 -0.245  0.048  0.000  0.100  0.100   0.1185082924
  52 -0.048 -0.245  0.048  0.064  0.100  0.100   0.1181993249
  56 -0.048 -0.245  0.048  0.070  0.100  0.100   0.1181969550
  58 -0.048 -0.245  0.048  0.067  0.100  0.100   0.1181968436
  67 -0.048 -0.245  0.048  0.067  0.019  0.100   0.1179971031
  70 -0.048 -0.245  0.048  0.067  0.017  0.100   0.1179967395
  71 -0.048 -0.245  0.048  0.067  0.016  0.100   0.1179962050
  73 -0.048 -0.245  0.048  0.067  0.013  0.100   0.1179957878
  74 -0.048 -0.245  0.048  0.067  0.014  0.100   0.1179956663
  82 -0.048 -0.245  0.048  0.067  0.014 -0.015   0.1177441281
  84 -0.048 -0.245  0.048  0.067  0.014  0.011   0.1176902924
  86 -0.048 -0.245  0.048  0.067  0.014  0.013   0.1176872087
  88 -0.048 -0.245  0.048  0.067  0.014  0.017   0.1176835909
  91 -0.048 -0.245  0.048  0.067  0.014  0.018   0.1176835377
  powell nthiter 1: fret = 0.117684
  99 -0.070 -0.245  0.048  0.067  0.014  0.018   0.1176659506
 101 -0.062 -0.245  0.048  0.067  0.014  0.018   0.1176566830
 103 -0.063 -0.245  0.048  0.067  0.014  0.018   0.1176558740
 105 -0.064 -0.245  0.048  0.067  0.014  0.018   0.1176554349
 112 -0.064 -0.203  0.048  0.067  0.014  0.018   0.1175827095
 114 -0.064 -0.215  0.048  0.067  0.014  0.018   0.1175821313
 116 -0.064 -0.209  0.048  0.067  0.014  0.018   0.1175785102
 117 -0.064 -0.208  0.048  0.067  0.014  0.018   0.1175784820
 127 -0.064 -0.208  0.023  0.067  0.014  0.018   0.1175483288
 129 -0.064 -0.208  0.015  0.067  0.014  0.018   0.1175453865
 131 -0.064 -0.208 -0.008  0.067  0.014  0.018   0.1175421725
 136 -0.064 -0.208 -0.009  0.067  0.014  0.018   0.1175416558
 144 -0.064 -0.208 -0.009  0.091  0.014  0.018   0.1174537397
 148 -0.064 -0.208 -0.009  0.090  0.014  0.018   0.1174518903
 157 -0.064 -0.208 -0.009  0.090  0.011  0.018   0.1174486116
 158 -0.064 -0.208 -0.009  0.090  0.009  0.018   0.1174474168
 167 -0.064 -0.208 -0.009  0.090  0.009 -0.018   0.1174314375
 168 -0.064 -0.208 -0.009  0.090  0.009 -0.015   0.1174257018
 169 -0.064 -0.208 -0.009  0.090  0.009 -0.003   0.1174132924
 171 -0.064 -0.208 -0.009  0.090  0.009 -0.002   0.1174127846
 172 -0.064 -0.208 -0.009  0.090  0.009 -0.001   0.1174124596
 173 -0.064 -0.208 -0.009  0.090  0.009  0.001   0.1174121909
  powell nthiter 2: fret = 0.117412
 185 -0.066 -0.208 -0.009  0.090  0.009  0.001   0.1174115449
 194 -0.066 -0.195 -0.009  0.090  0.009  0.001   0.1173971738
 196 -0.066 -0.197 -0.009  0.090  0.009  0.001   0.1173967960
 197 -0.066 -0.198 -0.009  0.090  0.009  0.001   0.1173967696
 207 -0.066 -0.198 -0.013  0.090  0.009  0.001   0.1173887351
 209 -0.066 -0.198 -0.028  0.090  0.009  0.001   0.1173771085
 212 -0.066 -0.198 -0.027  0.090  0.009  0.001   0.1173770180
 220 -0.066 -0.198 -0.027  0.099  0.009  0.001   0.1173347643
 223 -0.066 -0.198 -0.027  0.104  0.009  0.001   0.1173274775
 232 -0.066 -0.198 -0.027  0.104 -0.004  0.001   0.1173206667
 234 -0.066 -0.198 -0.027  0.104  0.000  0.001   0.1173185213
 243 -0.066 -0.198 -0.027  0.104  0.000 -0.023   0.1173115835
 244 -0.066 -0.198 -0.027  0.104  0.000 -0.020   0.1173083525
 245 -0.066 -0.198 -0.027  0.104  0.000 -0.013   0.1173009897
 246 -0.066 -0.198 -0.027  0.104  0.000 -0.007   0.1172979650
 250 -0.068 -0.187 -0.045  0.118 -0.008 -0.016   0.1172566916
 253 -0.072 -0.170 -0.075  0.141 -0.021 -0.031   0.1172476658
 254 -0.070 -0.177 -0.064  0.132 -0.016 -0.025   0.1172323967
 258 -0.070 -0.178 -0.062  0.131 -0.016 -0.024   0.1172317630
 259 -0.070 -0.178 -0.062  0.131 -0.015 -0.024   0.1172317117
 262 -0.070 -0.178 -0.062  0.131 -0.015 -0.024   0.1172316001
 263 -0.070 -0.178 -0.062  0.131 -0.015 -0.024   0.1172315681
  powell nthiter 3: fret = 0.117232
 273 -0.069 -0.178 -0.062  0.131 -0.015 -0.024   0.1172289658
 275 -0.059 -0.178 -0.062  0.131 -0.015 -0.024   0.1172202193
 284 -0.059 -0.176 -0.062  0.131 -0.015 -0.024   0.1172168500
 286 -0.059 -0.167 -0.062  0.131 -0.015 -0.024   0.1172140741
 287 -0.059 -0.170 -0.062  0.131 -0.015 -0.024   0.1172134803
 290 -0.059 -0.171 -0.062  0.131 -0.015 -0.024   0.1172133576
 299 -0.059 -0.171 -0.060  0.131 -0.015 -0.024   0.1172120533
 309 -0.059 -0.171 -0.060  0.131 -0.015 -0.015   0.1172064839
 317 -0.059 -0.171 -0.060  0.131 -0.015 -0.014   0.1172061372
 325 -0.059 -0.171 -0.060  0.131 -0.018 -0.014   0.1172013883
 328 -0.059 -0.171 -0.060  0.131 -0.021 -0.014   0.1171972338
 338 -0.058 -0.174 -0.055  0.127 -0.019 -0.011   0.1171905850
 339 -0.058 -0.174 -0.055  0.127 -0.019 -0.011   0.1171905836
 345 -0.058 -0.174 -0.055  0.127 -0.019 -0.011   0.1171905780
  powell nthiter 4: fret = 0.117191
 358 -0.053 -0.174 -0.055  0.127 -0.019 -0.011   0.1171870330
 359 -0.054 -0.174 -0.055  0.127 -0.019 -0.011   0.1171866545
 370 -0.054 -0.171 -0.055  0.127 -0.019 -0.011   0.1171841761
 371 -0.054 -0.170 -0.055  0.127 -0.019 -0.011   0.1171840533
 383 -0.054 -0.170 -0.056  0.127 -0.019 -0.011   0.1171840279
 394 -0.054 -0.170 -0.056  0.127 -0.019 -0.014   0.1171838636
 396 -0.054 -0.170 -0.056  0.127 -0.019 -0.013   0.1171834733
 403 -0.054 -0.170 -0.056  0.127 -0.020 -0.013   0.1171809445
 406 -0.054 -0.170 -0.056  0.127 -0.024 -0.013   0.1171745674
 415 -0.054 -0.172 -0.053  0.124 -0.023 -0.011   0.1171720721
 418 -0.054 -0.172 -0.053  0.124 -0.023 -0.011   0.1171719773
 423 -0.050 -0.169 -0.052  0.122 -0.027 -0.012   0.1171679137
 432 -0.050 -0.169 -0.051  0.122 -0.027 -0.012   0.1171678144
 437 -0.050 -0.169 -0.051  0.122 -0.027 -0.012   0.1171677824
  powell nthiter 5: fret = 0.117168
 460 -0.050 -0.170 -0.051  0.122 -0.027 -0.012   0.1171670162
 461 -0.050 -0.171 -0.051  0.122 -0.027 -0.012   0.1171668331
 473 -0.050 -0.171 -0.050  0.122 -0.027 -0.012   0.1171665277
 482 -0.050 -0.171 -0.050  0.122 -0.027 -0.013   0.1171650868
 484 -0.050 -0.171 -0.050  0.122 -0.027 -0.015   0.1171638330
 496 -0.050 -0.171 -0.050  0.122 -0.027 -0.015   0.1171638097
  powell nthiter 6: fret = 0.117164
 523 -0.051 -0.171 -0.050  0.122 -0.027 -0.015   0.1171629980
 557 -0.051 -0.171 -0.050  0.122 -0.027 -0.017   0.1171627958
 571 -0.051 -0.171 -0.050  0.122 -0.027 -0.017   0.1171627629
 586 -0.052 -0.171 -0.051  0.122 -0.027 -0.019   0.1171626886
 592 -0.052 -0.171 -0.050  0.122 -0.027 -0.018   0.1171626409
 601 -0.052 -0.171 -0.050  0.122 -0.027 -0.018   0.1171626191
  powell nthiter 7: fret = 0.117163
 653 -0.052 -0.171 -0.050  0.122 -0.027 -0.017   0.1171625692
 673 -0.052 -0.171 -0.051  0.122 -0.027 -0.018   0.1171625494
 678 -0.052 -0.171 -0.051  0.122 -0.027 -0.018   0.1171625422
  powell nthiter 8: fret = 0.117163
 760 -0.052 -0.171 -0.051  0.122 -0.027 -0.018   0.1171625409
 767 -0.052 -0.171 -0.051  0.122 -0.027 -0.018   0.1171625247
 768 -0.052 -0.171 -0.051  0.122 -0.027 -0.018   0.1171625216
  powell nthiter 9: fret = 0.117163
 785 -0.052 -0.171 -0.051  0.122 -0.027 -0.018   0.1171625194
 840 -0.052 -0.171 -0.051  0.122 -0.027 -0.017   0.1171624587
 848 -0.052 -0.171 -0.051  0.122 -0.027 -0.017   0.1171624538
 849 -0.052 -0.171 -0.051  0.122 -0.027 -0.017   0.1171624513
  powell nthiter 10: fret = 0.117162
Powell done niters = 10
Computing relative cost
 0  -25.0 -25.0 -25.0   0.983641
 1  -25.0 -25.0  25.0   1.002211
 2  -25.0  25.0 -25.0   0.992935
 3  -25.0  25.0  25.0   0.959521
 4   25.0 -25.0 -25.0   0.983589
 5   25.0 -25.0  25.0   1.002144
 6   25.0  25.0 -25.0   1.009368
 7   25.0  25.0  25.0   0.997499
REL:  8  0.117162    7.930909  0.991364 rel = 0.118183 
Number of iterations    10
Min cost was 0.117162
Number of FunctionCalls   928
TolPowell 0.000000
nMaxItersPowell 36
OptimizationTime 105.008124 sec
Parameters at optimum (transmm) -0.05199 -0.17098 -0.05050
Parameters at optimum (rotdeg)  0.12217 -0.02740 -0.01721 
Final costs ----------------
Number of surface hits 409492
WM  Intensity   164.1129 +/-  31.0542
Ctx Intensity   245.9951 +/-  79.9015
Pct Contrast     35.7636 +/-  31.7982
Cost   0.1172
RelCost   0.1204
Reg at min cost was 
-0.99834   0.05651  -0.01129   1.71434;
-0.01140  -0.00155   0.99993  -2.94297;
-0.05649  -0.99840  -0.00219   1.49192;
 0.00000   0.00000   0.00000   1.00000;

Writing optimal reg to /data/derivatives/bootcamp-geneva/fmriprep-24.0.0/sourcedata/freesurfer/sub-17/mri/transforms/T2raw.auto.dat, type = 14 
Original Reg 
-0.99836   0.05603  -0.01159   1.76790;
-0.01182  -0.00366   0.99992  -2.76817;
-0.05599  -0.99842  -0.00432   1.54748;
 0.00000   0.00000   0.00000   1.00000;

Original Reg - Optimal Reg
-0.00002  -0.00048  -0.00030   0.05356;
-0.00042  -0.00211  -0.00001   0.17480;
 0.00050  -0.00002  -0.00213   0.05556;
 0.00000   0.00000   0.00000   0.00000;

Computing change in lh position
LH rmsDiffMean 0.234211
Computing change in rh position
Surface-RMS-Diff-mm 0.228639 0.083523 0.393293
mri_segreg done
MinCost: 0.117162 164.112899 245.995132 35.763647 
tkregister2_cmdl --mov /data/derivatives/bootcamp-geneva/fmriprep-24.0.0/sourcedata/freesurfer/sub-17/mri/orig/T2raw.mgz --reg /data/derivatives/bootcamp-geneva/fmriprep-24.0.0/sourcedata/freesurfer/sub-17/mri/transforms/T2raw.auto.dat --noedit --ltaout /data/derivatives/bootcamp-geneva/fmriprep-24.0.0/sourcedata/freesurfer/sub-17/mri/transforms/T2raw.auto.lta
INFO: no target volume specified, assuming FreeSurfer orig volume.
target  volume orig
movable volume /data/derivatives/bootcamp-geneva/fmriprep-24.0.0/sourcedata/freesurfer/sub-17/mri/orig/T2raw.mgz
reg file       /data/derivatives/bootcamp-geneva/fmriprep-24.0.0/sourcedata/freesurfer/sub-17/mri/transforms/T2raw.auto.dat
LoadVol        0
ZeroCRAS       0
7.3.2
Diagnostic Level -1
---- Input registration matrix --------
-0.99834   0.05651  -0.01129   1.71434;
-0.01140  -0.00155   0.99993  -2.94297;
-0.05649  -0.99840  -0.00219   1.49192;
 0.00000   0.00000   0.00000   1.00000;
float2int = 0
---------------------------------------
INFO: loading target /data/derivatives/bootcamp-geneva/fmriprep-24.0.0/sourcedata/freesurfer/sub-17/mri/orig.mgz
INFO: target does not conform to COR format, so I'm going to
reslice to COR. This will not affect the final registration.
Ttarg: --------------------
-1.00000   0.00000   0.00000   128.00000;
 0.00000   0.00000   1.00000  -128.00000;
 0.00000  -1.00000   0.00000   128.00000;
 0.00000   0.00000   0.00000   1.00000;
INFO: loading movable /data/derivatives/bootcamp-geneva/fmriprep-24.0.0/sourcedata/freesurfer/sub-17/mri/orig/T2raw.mgz
Tmov: --------------------
-0.80000   0.00000   0.00000   83.20000;
 0.00000   0.00000   0.77083  -110.99995;
 0.00000  -0.77083   0.00000   110.99995;
 0.00000   0.00000   0.00000   1.00000;
mkheaderreg = 0, float2int = 0
---- Input registration matrix --------
-0.99834   0.05651  -0.01129   1.71437;
-0.01140  -0.00155   0.99993  -2.94297;
-0.05649  -0.99840  -0.00219   1.49190;
 0.00000   0.00000   0.00000   1.00000;
Determinant -0.999999
subject = sub-17
RegMat ---------------------------
-0.99834   0.05651  -0.01129   1.71434;
-0.01140  -0.00155   0.99993  -2.94297;
-0.05649  -0.99840  -0.00219   1.49192;
 0.00000   0.00000   0.00000   1.00000;
Cleaning up
 
Started at mar 03 sep 2024 13:04:35 CEST 
Ended   at mar 03 sep 2024 13:07:57 CEST
BBR-Run-Time-Sec 202
 
bbregister Done
To check results, run:
tkregisterfv --mov /data/derivatives/bootcamp-geneva/fmriprep-24.0.0/sourcedata/freesurfer/sub-17/mri/orig/T2raw.mgz --reg /data/derivatives/bootcamp-geneva/fmriprep-24.0.0/sourcedata/freesurfer/sub-17/mri/transforms/T2raw.auto.lta --surfs  --sd /data/derivatives/bootcamp-geneva/fmriprep-24.0.0/sourcedata/freesurfer
