/data/derivatives/bootcamp-geneva/fmriprep-24.0.0/sourcedata/freesurfer/sub-17/mri
/opt/freesurfer/bin/talairach_avi
--i orig_nu.mgz --xfm transforms/talairach.auto.xfm
talairach_avi 7.3.2
Linux hos70297 5.19.0-50-generic #50-Ubuntu SMP PREEMPT_DYNAMIC Mon Jul 10 18:24:29 UTC 2023 x86_64 x86_64 x86_64 GNU/Linux
lun 02 sep 2024 15:26:51 CEST
mri_convert orig_nu.mgz talsrcimg.img 
reading from orig_nu.mgz...
TR=0.00, TE=0.00, TI=0.00, flip angle=0.00
i_ras = (-1, 4.03835e-09, 1.16618e-09)
j_ras = (0, 0, -1)
k_ras = (-4.03778e-09, 1, 1.45772e-10)
writing to talsrcimg.img...
Analyze Output Matrix
-0.79861   0.00000  -0.00000   116.22581;
 0.00000   0.00000   0.79861  -106.68027;
 0.00000  -0.79861   0.00000   91.89848;
 0.00000   0.00000   0.00000   1.00000;
--------------------
INFO: set hdr.hist.orient to -1
mpr2mni305 talsrcimg
lun 02 sep 2024 15:26:51 CEST
/opt/freesurfer/bin/mpr2mni305 talsrcimg
mpr2mni305 7.3.2
target=711-2C_as_mni_average_305

---------------------------------------------------------------------
analyzeto4dfp talsrcimg -O0 -y
---------------------------------------------------------------------

freesurfer ifh2hdr.c
Mon Sep  2 15:26:51 2024
Writing: talsrcimg.4dfp.hdr
freesurfer analyzeto4dfp.c
Reading: talsrcimg.hdr
header size 348 bytes
hdr.dime.datatype	offset=70	value=2
hdr.dime.bitpix		offset=72	value=8
hdr.hist.orient		offset=252	value=-1
dimensionality     4
dimensions       288       288       288         1
Reading: talsrcimg.img
Writing: talsrcimg.4dfp.img
Writing: talsrcimg.4dfp.ifh
ifh2hdr talsrcimg -r0to237
ori=2

---------------------------------------------------------------------
gauss_4dfp talsrcimg 1.1
---------------------------------------------------------------------

freesurfer gauss_4dfp.c
Reading: talsrcimg.4dfp.img
Writing: talsrcimg_g11.4dfp.img
image dimensions 288 288 288 padded to 320 320 320
processing volume 1freesurfer ifh2hdr.c
Mon Sep  2 15:26:57 2024
Writing: talsrcimg_g11.4dfp.hdr

Writing: talsrcimg_g11.4dfp.ifh
including: talsrcimg.4dfp.img.rec in talsrcimg_g11.4dfp.img.rec

---------------------------------------------------------------------
imgreg_4dfp /opt/freesurfer/average/711-2C_as_mni_average_305 none talsrcimg_g11 none talsrcimg_to_711-2C_as_mni_average_305_t4 4355
---------------------------------------------------------------------

freesurfer imgreg_4dfp.c
/opt/freesurfer/average/711-2C_as_mni_average_305.4dfp.img
       256       256       256         1
  1.000000  1.000000  1.000000
orientation T byte_order littleendian
Reading image: /opt/freesurfer/average/711-2C_as_mni_average_305.4dfp.img
dimensions:      256       256       256
mmppix:       1.0000   -1.0000   -1.0000
center:     128.0000 -129.0000 -129.0000
talsrcimg_g11.4dfp.img
       288       288       288         1
  0.798611  0.798611  0.798611
orientation T byte_order littleendian
Reading image: talsrcimg_g11.4dfp.img
dimensions:      288       288       288
mmppix:       0.7986   -0.7986   -0.7986
center:     115.0000 -115.7986 -115.7986
t4_read: open error in t4_sub.f l:  41 t4_file(1:l)talsrcimg_to_711-2C_as_mni_average_305_t4 
t4_read: transform initialized to I4
rotation matrix determinant  1.000000
image alignment mode   4355 decimal     1103 hex
   -7.5000  -45.0000  -45.0000 6265.5024    9.0191
    0.0000  -45.0000  -45.0000 6211.5898    9.0072
    7.5000  -45.0000  -45.0000 5931.3721    9.0073
   -7.5000  -37.5000  -45.0000 6616.9756    9.2935
    0.0000  -37.5000  -45.0000 6566.2974    9.2851
    7.5000  -37.5000  -45.0000 6286.2085    9.2891
   -7.5000  -30.0000  -45.0000 7041.0586    9.3601
    0.0000  -30.0000  -45.0000 7003.1265    9.3563
    7.5000  -30.0000  -45.0000 6681.2168    9.3677
   -7.5000  -22.5000  -45.0000 7664.7627    9.1970
    0.0000  -22.5000  -45.0000 7638.4575    9.1947
    7.5000  -22.5000  -45.0000 7253.6992    9.2075
   -7.5000  -15.0000  -45.0000 8306.8574    9.1536
    0.0000  -15.0000  -45.0000 8275.3955    9.1479
    7.5000  -15.0000  -45.0000 7836.7139    9.1560
   -7.5000   -7.5000  -45.0000 8586.4170    9.1638
    0.0000   -7.5000  -45.0000 8558.7549    9.1532
    7.5000   -7.5000  -45.0000 8083.4731    9.1547
   -7.5000    0.0000  -45.0000 8615.0264    9.1690
    0.0000    0.0000  -45.0000 8605.1074    9.1578
    7.5000    0.0000  -45.0000 8103.6890    9.1576
   -7.5000    7.5000  -45.0000 8170.1885    9.1635
    0.0000    7.5000  -45.0000 8194.6816    9.1557
    7.5000    7.5000  -45.0000 7688.2627    9.1602
   -7.5000   15.0000  -45.0000 8012.6909    9.1642
    0.0000   15.0000  -45.0000 8051.7163    9.1607
    7.5000   15.0000  -45.0000 7541.8076    9.1716
   -7.5000   22.5000  -45.0000 7571.8999    9.1781
    0.0000   22.5000  -45.0000 7611.4199    9.1758
    7.5000   22.5000  -45.0000 7119.0000    9.1887
   -7.5000   30.0000  -45.0000 7178.9453    9.1731
    0.0000   30.0000  -45.0000 7228.2334    9.1651
    7.5000   30.0000  -45.0000 6762.0356    9.1731
   -7.5000   37.5000  -45.0000 6766.6748    9.1658
    0.0000   37.5000  -45.0000 6805.9902    9.1489
    7.5000   37.5000  -45.0000 6371.0498    9.1491
   -7.5000   45.0000  -45.0000 6362.0498    9.1432
    0.0000   45.0000  -45.0000 6413.0312    9.1242
    7.5000   45.0000  -45.0000 5982.6123    9.1227
   -7.5000  -45.0000  -37.5000 6713.8286    9.5000
    0.0000  -45.0000  -37.5000 6683.3223    9.4899
    7.5000  -45.0000  -37.5000 6372.1084    9.4939
   -7.5000  -37.5000  -37.5000 7089.8472    9.7958
    0.0000  -37.5000  -37.5000 7062.9609    9.7904
    7.5000  -37.5000  -37.5000 6736.2158    9.7984
   -7.5000  -30.0000  -37.5000 7586.3857    9.8452
    0.0000  -30.0000  -37.5000 7573.4009    9.8453
    7.5000  -30.0000  -37.5000 7188.3027    9.8611
   -7.5000  -22.5000  -37.5000 8296.4561    9.6703
    0.0000  -22.5000  -37.5000 8286.0469    9.6715
    7.5000  -22.5000  -37.5000 7835.6265    9.6894
   -7.5000  -15.0000  -37.5000 8992.8994    9.6244
    0.0000  -15.0000  -37.5000 8964.6777    9.6215
    7.5000  -15.0000  -37.5000 8452.4385    9.6346
   -7.5000   -7.5000  -37.5000 9281.5820    9.6397
    0.0000   -7.5000  -37.5000 9263.8633    9.6310
    7.5000   -7.5000  -37.5000 8706.3115    9.6368
   -7.5000    0.0000  -37.5000 9302.0078    9.6501
    0.0000    0.0000  -37.5000 9317.4570    9.6407
    7.5000    0.0000  -37.5000 8734.6836    9.6440
   -7.5000    7.5000  -37.5000 8808.5098    9.6434
    0.0000    7.5000  -37.5000 8878.0469    9.6385
    7.5000    7.5000  -37.5000 8299.0098    9.6467
   -7.5000   15.0000  -37.5000 8647.2207    9.6395
    0.0000   15.0000  -37.5000 8724.4980    9.6397
    7.5000   15.0000  -37.5000 8131.7979    9.6551
   -7.5000   22.5000  -37.5000 8162.4390    9.6510
    0.0000   22.5000  -37.5000 8252.2510    9.6524
    7.5000   22.5000  -37.5000 7671.8496    9.6705
   -7.5000   30.0000  -37.5000 7750.8916    9.6498
    0.0000   30.0000  -37.5000 7838.2900    9.6445
    7.5000   30.0000  -37.5000 7261.2090    9.6572
   -7.5000   37.5000  -37.5000 7292.9141    9.6469
    0.0000   37.5000  -37.5000 7374.7056    9.6313
    7.5000   37.5000  -37.5000 6832.7407    9.6349
   -7.5000   45.0000  -37.5000 6847.2070    9.6171
    0.0000   45.0000  -37.5000 6916.8535    9.5993
    7.5000   45.0000  -37.5000 6419.6011    9.6013
   -7.5000  -45.0000  -30.0000 7093.1631   10.0259
    0.0000  -45.0000  -30.0000 7106.7461   10.0183
    7.5000  -45.0000  -30.0000 6760.1025   10.0245
   -7.5000  -37.5000  -30.0000 7518.1328   10.3416
    0.0000  -37.5000  -30.0000 7538.0913   10.3392
    7.5000  -37.5000  -30.0000 7156.2471   10.3489
   -7.5000  -30.0000  -30.0000 8098.8804   10.3748
    0.0000  -30.0000  -30.0000 8125.1235   10.3784
    7.5000  -30.0000  -30.0000 7675.7480   10.3950
   -7.5000  -22.5000  -30.0000 8886.5752   10.1900
    0.0000  -22.5000  -30.0000 8910.3691   10.1947
    7.5000  -22.5000  -30.0000 8417.5117   10.2124
   -7.5000  -15.0000  -30.0000 9633.4346   10.1440
    0.0000  -15.0000  -30.0000 9649.1367   10.1442
    7.5000  -15.0000  -30.0000 9086.1309   10.1571
   -7.5000   -7.5000  -30.0000 9937.9902   10.1619
    0.0000   -7.5000  -30.0000 9967.2295   10.1560
    7.5000   -7.5000  -30.0000 9345.7480   10.1626
   -7.5000    0.0000  -30.0000 9971.8633   10.1733
    0.0000    0.0000  -30.000010016.1182   10.1661
    7.5000    0.0000  -30.0000 9375.7607   10.1713
   -7.5000    7.5000  -30.0000 9486.7539   10.1631
    0.0000    7.5000  -30.0000 9538.5664   10.1606
    7.5000    7.5000  -30.0000 8905.3447   10.1706
   -7.5000   15.0000  -30.0000 9337.2314   10.1565
    0.0000   15.0000  -30.0000 9404.2441   10.1600
    7.5000   15.0000  -30.0000 8734.1045   10.1763
   -7.5000   22.5000  -30.0000 8822.8262   10.1709
    0.0000   22.5000  -30.0000 8917.6426   10.1757
    7.5000   22.5000  -30.0000 8238.6094   10.1938
   -7.5000   30.0000  -30.0000 8334.7900   10.1791
    0.0000   30.0000  -30.0000 8448.1289   10.1774
    7.5000   30.0000  -30.0000 7767.3818   10.1903
   -7.5000   37.5000  -30.0000 7824.6836   10.1866
    0.0000   37.5000  -30.0000 7943.1553   10.1742
    7.5000   37.5000  -30.0000 7296.7290   10.1790
   -7.5000   45.0000  -30.0000 7324.0195   10.1562
    0.0000   45.0000  -30.0000 7431.8950   10.1414
    7.5000   45.0000  -30.0000 6844.2783   10.1464
   -7.5000  -45.0000  -22.5000 7492.0430   10.4789
    0.0000  -45.0000  -22.5000 7524.6431   10.4708
    7.5000  -45.0000  -22.5000 7151.2295   10.4743
   -7.5000  -37.5000  -22.5000 7978.3369   10.8139
    0.0000  -37.5000  -22.5000 8012.6816   10.8104
    7.5000  -37.5000  -22.5000 7594.9727   10.8171
   -7.5000  -30.0000  -22.5000 8622.5518   10.8357
    0.0000  -30.0000  -22.5000 8656.1826   10.8381
    7.5000  -30.0000  -22.5000 8196.7578   10.8508
   -7.5000  -22.5000  -22.5000 9448.7666   10.6454
    0.0000  -22.5000  -22.5000 9502.1172   10.6489
    7.5000  -22.5000  -22.5000 8985.0449   10.6613
   -7.5000  -15.0000  -22.500010237.9199   10.6005
    0.0000  -15.0000  -22.500010277.4199   10.6000
    7.5000  -15.0000  -22.5000 9686.5850   10.6068
   -7.5000   -7.5000  -22.500010569.3467   10.6178
    0.0000   -7.5000  -22.500010615.6240   10.6115
    7.5000   -7.5000  -22.5000 9951.3809   10.6134
   -7.5000    0.0000  -22.500010628.7988   10.6261
    0.0000    0.0000  -22.500010678.9170   10.6181
    7.5000    0.0000  -22.500010001.9189   10.6204
   -7.5000    7.5000  -22.500010131.0410   10.6124
    0.0000    7.5000  -22.500010179.3115   10.6087
    7.5000    7.5000  -22.5000 9509.3984   10.6159
   -7.5000   15.0000  -22.5000 9972.8828   10.6062
    0.0000   15.0000  -22.500010054.0195   10.6083
    7.5000   15.0000  -22.5000 9329.5938   10.6208
   -7.5000   22.5000  -22.5000 9435.1191   10.6261
    0.0000   22.5000  -22.5000 9547.9473   10.6297
    7.5000   22.5000  -22.5000 8800.5840   10.6425
   -7.5000   30.0000  -22.5000 8925.2656   10.6450
    0.0000   30.0000  -22.5000 9058.1074   10.6429
    7.5000   30.0000  -22.5000 8302.9941   10.6506
   -7.5000   37.5000  -22.5000 8356.5381   10.6597
    0.0000   37.5000  -22.5000 8498.6826   10.6477
    7.5000   37.5000  -22.5000 7793.9902   10.6490
   -7.5000   45.0000  -22.5000 7783.6768   10.6349
    0.0000   45.0000  -22.5000 7925.2866   10.6205
    7.5000   45.0000  -22.5000 7272.4233   10.6241
   -7.5000  -45.0000  -15.0000 7881.1953   10.8300
    0.0000  -45.0000  -15.0000 7935.9253   10.8181
    7.5000  -45.0000  -15.0000 7541.1309   10.8171
   -7.5000  -37.5000  -15.0000 8406.5156   11.1741
    0.0000  -37.5000  -15.0000 8473.4990   11.1661
    7.5000  -37.5000  -15.0000 8035.6416   11.1686
   -7.5000  -30.0000  -15.0000 9093.2354   11.1914
    0.0000  -30.0000  -15.0000 9151.4766   11.1886
    7.5000  -30.0000  -15.0000 8672.6387   11.1970
   -7.5000  -22.5000  -15.0000 9971.4746   10.9992
    0.0000  -22.5000  -15.000010030.4004   10.9980
    7.5000  -22.5000  -15.0000 9496.1738   11.0053
   -7.5000  -15.0000  -15.000010779.5625   10.9537
    0.0000  -15.0000  -15.000010820.1143   10.9490
    7.5000  -15.0000  -15.000010222.6494   10.9501
   -7.5000   -7.5000  -15.000011161.1455   10.9672
    0.0000   -7.5000  -15.000011190.1670   10.9572
    7.5000   -7.5000  -15.000010531.3750   10.9539
   -7.5000    0.0000  -15.000011262.2568   10.9707
    0.0000    0.0000  -15.000011297.2598   10.9592
    7.5000    0.0000  -15.000010608.1396   10.9572
   -7.5000    7.5000  -15.000010758.9932   10.9559
    0.0000    7.5000  -15.000010800.0957   10.9479
    7.5000    7.5000  -15.000010106.3770   10.9511
   -7.5000   15.0000  -15.000010577.6816   10.9538
    0.0000   15.0000  -15.000010651.9883   10.9510
    7.5000   15.0000  -15.0000 9915.8203   10.9590
   -7.5000   22.5000  -15.0000 9981.2002   10.9800
    0.0000   22.5000  -15.000010096.2568   10.9785
    7.5000   22.5000  -15.0000 9327.6201   10.9862
   -7.5000   30.0000  -15.0000 9421.9053   11.0067
    0.0000   30.0000  -15.0000 9551.8164   11.0002
    7.5000   30.0000  -15.0000 8795.2334   11.0025
   -7.5000   37.5000  -15.0000 8820.6094   11.0246
    0.0000   37.5000  -15.0000 8954.6826   11.0089
    7.5000   37.5000  -15.0000 8230.6836   11.0060
   -7.5000   45.0000  -15.0000 8222.3564   11.0047
    0.0000   45.0000  -15.0000 8367.9180   10.9867
    7.5000   45.0000  -15.0000 7685.3120   10.9862
   -7.5000  -45.0000   -7.5000 8015.4712   10.7853
    0.0000  -45.0000   -7.5000 8059.0601   10.7705
    7.5000  -45.0000   -7.5000 7672.1709   10.7677
   -7.5000  -37.5000   -7.5000 8538.9043   11.1277
    0.0000  -37.5000   -7.5000 8590.1963   11.1165
    7.5000  -37.5000   -7.5000 8160.4224   11.1179
   -7.5000  -30.0000   -7.5000 9227.9004   11.1497
    0.0000  -30.0000   -7.5000 9283.2871   11.1436
    7.5000  -30.0000   -7.5000 8795.5693   11.1521
   -7.5000  -22.5000   -7.500010105.2061   10.9595
    0.0000  -22.5000   -7.500010180.0557   10.9554
    7.5000  -22.5000   -7.5000 9646.3057   10.9641
   -7.5000  -15.0000   -7.500010935.4082   10.9119
    0.0000  -15.0000   -7.500011002.9434   10.9044
    7.5000  -15.0000   -7.500010408.2217   10.9072
   -7.5000   -7.5000   -7.500011333.1523   10.9231
    0.0000   -7.5000   -7.500011386.2031   10.9102
    7.5000   -7.5000   -7.500010743.5039   10.9071
   -7.5000    0.0000   -7.500011559.2969   10.9256
    0.0000    0.0000   -7.500011607.5693   10.9113
    7.5000    0.0000   -7.500010901.8809   10.9082
   -7.5000    7.5000   -7.500011086.6240   10.9125
    0.0000    7.5000   -7.500011167.5332   10.9018
    7.5000    7.5000   -7.500010432.4863   10.9039
   -7.5000   15.0000   -7.500010855.1963   10.9134
    0.0000   15.0000   -7.500010969.7520   10.9076
    7.5000   15.0000   -7.500010210.6182   10.9157
   -7.5000   22.5000   -7.500010181.6826   10.9397
    0.0000   22.5000   -7.500010322.7559   10.9353
    7.5000   22.5000   -7.5000 9566.2285   10.9443
   -7.5000   30.0000   -7.5000 9599.5508   10.9637
    0.0000   30.0000   -7.5000 9733.1533   10.9538
    7.5000   30.0000   -7.5000 9002.3047   10.9574
   -7.5000   37.5000   -7.5000 8995.5078   10.9781
    0.0000   37.5000   -7.5000 9124.7637   10.9586
    7.5000   37.5000   -7.5000 8434.8877   10.9554
   -7.5000   45.0000   -7.5000 8398.5762   10.9568
    0.0000   45.0000   -7.5000 8543.5713   10.9349
    7.5000   45.0000   -7.5000 7870.3237   10.9317
   -7.5000  -45.0000    0.0000 7988.1616   11.0287
    0.0000  -45.0000    0.0000 7986.5459   11.0137
    7.5000  -45.0000    0.0000 7629.6768   11.0134
   -7.5000  -37.5000    0.0000 8529.0439   11.3760
    0.0000  -37.5000    0.0000 8539.3359   11.3654
    7.5000  -37.5000    0.0000 8134.8081   11.3699
   -7.5000  -30.0000    0.0000 9176.0156   11.3910
    0.0000  -30.0000    0.0000 9217.6299   11.3863
    7.5000  -30.0000    0.0000 8771.8906   11.3998
   -7.5000  -22.5000    0.000010044.2295   11.1931
    0.0000  -22.5000    0.000010112.6719   11.1902
    7.5000  -22.5000    0.0000 9619.5596   11.2058
   -7.5000  -15.0000    0.000010841.5469   11.1412
    0.0000  -15.0000    0.000010915.9199   11.1341
    7.5000  -15.0000    0.000010382.3867   11.1440
   -7.5000   -7.5000    0.000011228.8359   11.1548
    0.0000   -7.5000    0.000011298.9795   11.1415
    7.5000   -7.5000    0.000010717.8271   11.1432
   -7.5000    0.0000    0.000011598.9941   11.1616
    0.0000    0.0000    0.000011711.1865   11.1474
    7.5000    0.0000    0.000010941.7529   11.1467
   -7.5000    7.5000    0.000011256.9658   11.1498
    0.0000    7.5000    0.000011422.3135   11.1400
    7.5000    7.5000    0.000010549.7168   11.1449
   -7.5000   15.0000    0.000010941.1182   11.1492
    0.0000   15.0000    0.000011088.8682   11.1448
    7.5000   15.0000    0.000010323.5283   11.1578
   -7.5000   22.5000    0.000010180.2480   11.1744
    0.0000   22.5000    0.000010284.5107   11.1714
    7.5000   22.5000    0.0000 9646.7363   11.1871
   -7.5000   30.0000    0.0000 9581.9277   11.2007
    0.0000   30.0000    0.0000 9655.3545   11.1908
    7.5000   30.0000    0.0000 9066.0430   11.2005
   -7.5000   37.5000    0.0000 9016.6494   11.2246
    0.0000   37.5000    0.0000 9110.8564   11.2036
    7.5000   37.5000    0.0000 8509.4893   11.2036
   -7.5000   45.0000    0.0000 8461.2979   11.2144
    0.0000   45.0000    0.0000 8580.6680   11.1907
    7.5000   45.0000    0.0000 7968.4541   11.1883
   -7.5000  -45.0000    7.5000 7620.0527   11.0483
    0.0000  -45.0000    7.5000 7603.4277   11.0366
    7.5000  -45.0000    7.5000 7255.7251   11.0411
   -7.5000  -37.5000    7.5000 8119.6421   11.3977
    0.0000  -37.5000    7.5000 8128.6821   11.3914
    7.5000  -37.5000    7.5000 7746.0791   11.4005
   -7.5000  -30.0000    7.5000 8723.9434   11.4083
    0.0000  -30.0000    7.5000 8763.4248   11.4083
    7.5000  -30.0000    7.5000 8351.1777   11.4265
   -7.5000  -22.5000    7.5000 9585.8730   11.2057
    0.0000  -22.5000    7.5000 9635.7158   11.2071
    7.5000  -22.5000    7.5000 9172.0332   11.2277
   -7.5000  -15.0000    7.500010348.3887   11.1525
    0.0000  -15.0000    7.500010386.2500   11.1491
    7.5000  -15.0000    7.5000 9902.7070   11.1642
   -7.5000   -7.5000    7.500010701.3447   11.1699
    0.0000   -7.5000    7.500010755.0664   11.1598
    7.5000   -7.5000    7.500010226.5312   11.1664
   -7.5000    0.0000    7.500011079.6914   11.1816
    0.0000    0.0000    7.500011208.7334   11.1706
    7.5000    0.0000    7.500010450.2520   11.1744
   -7.5000    7.5000    7.500010799.5439   11.1702
    0.0000    7.5000    7.500010906.9092   11.1644
    7.5000    7.5000    7.500010123.3623   11.1738
   -7.5000   15.0000    7.500010531.6035   11.1657
    0.0000   15.0000    7.500010537.3477   11.1658
    7.5000   15.0000    7.5000 9973.6592   11.1836
   -7.5000   22.5000    7.5000 9853.1094   11.1875
    0.0000   22.5000    7.5000 9810.0811   11.1891
    7.5000   22.5000    7.5000 9366.2852   11.2099
   -7.5000   30.0000    7.5000 9303.5635   11.2128
    0.0000   30.0000    7.5000 9283.8799   11.2066
    7.5000   30.0000    7.5000 8807.9648   11.2213
   -7.5000   37.5000    7.5000 8754.5859   11.2418
    0.0000   37.5000    7.5000 8811.0303   11.2237
    7.5000   37.5000    7.5000 8239.8506   11.2277
   -7.5000   45.0000    7.5000 8156.3423   11.2357
    0.0000   45.0000    7.5000 8262.1426   11.2148
    7.5000   45.0000    7.5000 7651.5635   11.2169
   -7.5000  -45.0000   15.0000 7539.7305   11.1913
    0.0000  -45.0000   15.0000 7531.1431   11.1832
    7.5000  -45.0000   15.0000 7157.9087   11.1904
   -7.5000  -37.5000   15.0000 8035.3486   11.5421
    0.0000  -37.5000   15.0000 8042.7153   11.5398
    7.5000  -37.5000   15.0000 7655.3975   11.5510
   -7.5000  -30.0000   15.0000 8635.2715   11.5459
    0.0000  -30.0000   15.0000 8669.4346   11.5504
    7.5000  -30.0000   15.0000 8273.5537   11.5694
   -7.5000  -22.5000   15.0000 9460.7432   11.3386
    0.0000  -22.5000   15.0000 9502.9150   11.3442
    7.5000  -22.5000   15.0000 9068.6953   11.3644
   -7.5000  -15.0000   15.000010186.2471   11.2868
    0.0000  -15.0000   15.000010209.3555   11.2874
    7.5000  -15.0000   15.0000 9773.5000   11.3020
   -7.5000   -7.5000   15.000010525.6211   11.3068
    0.0000   -7.5000   15.000010554.8779   11.3005
    7.5000   -7.5000   15.000010100.8701   11.3081
   -7.5000    0.0000   15.000010882.3779   11.3195
    0.0000    0.0000   15.000010960.6094   11.3117
    7.5000    0.0000   15.000010310.4678   11.3177
   -7.5000    7.5000   15.000010545.2559   11.3056
    0.0000    7.5000   15.000010623.9287   11.3032
    7.5000    7.5000   15.0000 9924.5176   11.3147
   -7.5000   15.0000   15.000010398.0811   11.2979
    0.0000   15.0000   15.000010461.5752   11.3022
    7.5000   15.0000   15.0000 9807.5576   11.3209
   -7.5000   22.5000   15.0000 9850.8877   11.3219
    0.0000   22.5000   15.0000 9933.4121   11.3277
    7.5000   22.5000   15.0000 9290.9678   11.3484
   -7.5000   30.0000   15.0000 9294.4492   11.3525
    0.0000   30.0000   15.0000 9389.1953   11.3509
    7.5000   30.0000   15.0000 8728.0986   11.3657
   -7.5000   37.5000   15.0000 8676.7871   11.3880
    0.0000   37.5000   15.0000 8783.1641   11.3743
    7.5000   37.5000   15.0000 8124.1196   11.3799
   -7.5000   45.0000   15.0000 8033.2983   11.3857
    0.0000   45.0000   15.0000 8137.2759   11.3692
    7.5000   45.0000   15.0000 7526.4219   11.3752
   -7.5000  -45.0000   22.5000 7106.3057   11.4039
    0.0000  -45.0000   22.5000 7105.5273   11.3954
    7.5000  -45.0000   22.5000 6738.0830   11.3989
   -7.5000  -37.5000   22.5000 7564.5557   11.7544
    0.0000  -37.5000   22.5000 7596.4731   11.7509
    7.5000  -37.5000   22.5000 7215.3813   11.7582
   -7.5000  -30.0000   22.5000 8141.6299   11.7538
    0.0000  -30.0000   22.5000 8201.0479   11.7564
    7.5000  -30.0000   22.5000 7808.0493   11.7701
   -7.5000  -22.5000   22.5000 8918.5156   11.5429
    0.0000  -22.5000   22.5000 8980.6562   11.5466
    7.5000  -22.5000   22.5000 8567.6514   11.5594
   -7.5000  -15.0000   22.5000 9630.6377   11.4930
    0.0000  -15.0000   22.5000 9686.0967   11.4924
    7.5000  -15.0000   22.5000 9287.4609   11.4989
   -7.5000   -7.5000   22.5000 9949.9980   11.5118
    0.0000   -7.5000   22.500010041.2705   11.5052
    7.5000   -7.5000   22.5000 9588.5508   11.5065
   -7.5000    0.0000   22.500010211.4238   11.5207
    0.0000    0.0000   22.500010318.2529   11.5124
    7.5000    0.0000   22.5000 9712.7480   11.5145
   -7.5000    7.5000   22.5000 9840.7930   11.5044
    0.0000    7.5000   22.5000 9899.6719   11.5006
    7.5000    7.5000   22.5000 9278.1436   11.5084
   -7.5000   15.0000   22.5000 9682.6250   11.4974
    0.0000   15.0000   22.5000 9730.5576   11.4998
    7.5000   15.0000   22.5000 9122.7656   11.5132
   -7.5000   22.5000   22.5000 9137.2471   11.5274
    0.0000   22.5000   22.5000 9184.3213   11.5312
    7.5000   22.5000   22.5000 8606.4268   11.5446
   -7.5000   30.0000   22.5000 8598.5029   11.5671
    0.0000   30.0000   22.5000 8649.0039   11.5647
    7.5000   30.0000   22.5000 8082.6968   11.5721
   -7.5000   37.5000   22.5000 8015.8774   11.6071
    0.0000   37.5000   22.5000 8079.8940   11.5942
    7.5000   37.5000   22.5000 7533.8232   11.5947
   -7.5000   45.0000   22.5000 7447.5664   11.6084
    0.0000   45.0000   22.5000 7523.5874   11.5929
    7.5000   45.0000   22.5000 6998.6631   11.5964
   -7.5000  -45.0000   30.0000 6665.4146   11.6168
    0.0000  -45.0000   30.0000 6670.8911   11.6068
    7.5000  -45.0000   30.0000 6363.1870   11.6044
   -7.5000  -37.5000   30.0000 7094.9927   11.9679
    0.0000  -37.5000   30.0000 7139.6611   11.9621
    7.5000  -37.5000   30.0000 6807.3813   11.9636
   -7.5000  -30.0000   30.0000 7658.3135   11.9663
    0.0000  -30.0000   30.0000 7716.1445   11.9658
    7.5000  -30.0000   30.0000 7356.3892   11.9740
   -7.5000  -22.5000   30.0000 8411.0391   11.7515
    0.0000  -22.5000   30.0000 8469.7979   11.7523
    7.5000  -22.5000   30.0000 8092.4214   11.7593
   -7.5000  -15.0000   30.0000 9104.9756   11.7016
    0.0000  -15.0000   30.0000 9171.7207   11.6986
    7.5000  -15.0000   30.0000 8767.6641   11.6989
   -7.5000   -7.5000   30.0000 9346.7344   11.7171
    0.0000   -7.5000   30.0000 9438.5039   11.7087
    7.5000   -7.5000   30.0000 8963.6523   11.7040
   -7.5000    0.0000   30.0000 9477.8516   11.7203
    0.0000    0.0000   30.0000 9556.1553   11.7105
    7.5000    0.0000   30.0000 9001.5449   11.7071
   -7.5000    7.5000   30.0000 9047.8633   11.7025
    0.0000    7.5000   30.0000 9094.6924   11.6965
    7.5000    7.5000   30.0000 8557.0723   11.6988
   -7.5000   15.0000   30.0000 8880.6709   11.6991
    0.0000   15.0000   30.0000 8930.0635   11.6985
    7.5000   15.0000   30.0000 8399.6904   11.7063
   -7.5000   22.5000   30.0000 8347.6826   11.7370
    0.0000   22.5000   30.0000 8395.4971   11.7375
    7.5000   22.5000   30.0000 7897.9883   11.7451
   -7.5000   30.0000   30.0000 7830.6143   11.7941
    0.0000   30.0000   30.0000 7867.5464   11.7890
    7.5000   30.0000   30.0000 7410.3076   11.7907
   -7.5000   37.5000   30.0000 7332.6309   11.8453
    0.0000   37.5000   30.0000 7374.0181   11.8305
    7.5000   37.5000   30.0000 6930.6865   11.8261
   -7.5000   45.0000   30.0000 6857.8486   11.8579
    0.0000   45.0000   30.0000 6907.1919   11.8412
    7.5000   45.0000   30.0000 6474.1943   11.8392
   -7.5000  -45.0000   37.5000 6290.7871   11.7717
    0.0000  -45.0000   37.5000 6309.8125   11.7601
    7.5000  -45.0000   37.5000 6024.5918   11.7581
   -7.5000  -37.5000   37.5000 6688.8882   12.1284
    0.0000  -37.5000   37.5000 6724.5537   12.1216
    7.5000  -37.5000   37.5000 6405.9321   12.1237
   -7.5000  -30.0000   37.5000 7217.7832   12.1167
    0.0000  -30.0000   37.5000 7256.9551   12.1153
    7.5000  -30.0000   37.5000 6900.1914   12.1245
   -7.5000  -22.5000   37.5000 7908.8867   11.8925
    0.0000  -22.5000   37.5000 7950.0161   11.8923
    7.5000  -22.5000   37.5000 7566.2949   11.9009
   -7.5000  -15.0000   37.5000 8557.1279   11.8370
    0.0000  -15.0000   37.5000 8606.9268   11.8323
    7.5000  -15.0000   37.5000 8175.5073   11.8347
   -7.5000   -7.5000   37.5000 8733.6309   11.8504
    0.0000   -7.5000   37.5000 8807.2578   11.8399
    7.5000   -7.5000   37.5000 8323.4248   11.8368
   -7.5000    0.0000   37.5000 8795.1475   11.8530
    0.0000    0.0000   37.5000 8864.5625   11.8418
    7.5000    0.0000   37.5000 8331.2783   11.8392
   -7.5000    7.5000   37.5000 8357.4785   11.8367
    0.0000    7.5000   37.5000 8396.6611   11.8302
    7.5000    7.5000   37.5000 7900.9639   11.8331
   -7.5000   15.0000   37.5000 8182.0977   11.8364
    0.0000   15.0000   37.5000 8222.8389   11.8352
    7.5000   15.0000   37.5000 7750.4766   11.8439
   -7.5000   22.5000   37.5000 7680.4888   11.8798
    0.0000   22.5000   37.5000 7719.2148   11.8791
    7.5000   22.5000   37.5000 7282.3438   11.8882
   -7.5000   30.0000   37.5000 7205.5757   11.9484
    0.0000   30.0000   37.5000 7232.3638   11.9409
    7.5000   30.0000   37.5000 6840.5596   11.9442
   -7.5000   37.5000   37.5000 6751.9165   12.0108
    0.0000   37.5000   37.5000 6794.1157   11.9927
    7.5000   37.5000   37.5000 6410.8350   11.9895
   -7.5000   45.0000   37.5000 6335.5352   12.0357
    0.0000   45.0000   37.5000 6394.5454   12.0159
    7.5000   45.0000   37.5000 6006.6504   12.0134
   -7.5000  -45.0000   45.0000 5876.6274   12.0637
    0.0000  -45.0000   45.0000 5903.5352   12.0485
    7.5000  -45.0000   45.0000 5607.7197   12.0491
   -7.5000  -37.5000   45.0000 6241.0347   12.4418
    0.0000  -37.5000   45.0000 6281.6758   12.4316
    7.5000  -37.5000   45.0000 5960.0698   12.4365
   -7.5000  -30.0000   45.0000 6728.6841   12.4100
    0.0000  -30.0000   45.0000 6766.0024   12.4060
    7.5000  -30.0000   45.0000 6414.6562   12.4207
   -7.5000  -22.5000   45.0000 7368.9458   12.1617
    0.0000  -22.5000   45.0000 7421.7954   12.1595
    7.5000  -22.5000   45.0000 7033.4966   12.1763
   -7.5000  -15.0000   45.0000 7965.8569   12.0958
    0.0000  -15.0000   45.0000 8035.5010   12.0890
    7.5000  -15.0000   45.0000 7601.6465   12.1000
   -7.5000   -7.5000   45.0000 8107.5356   12.1153
    0.0000   -7.5000   45.0000 8176.4663   12.1019
    7.5000   -7.5000   45.0000 7715.3462   12.1044
   -7.5000    0.0000   45.0000 8133.5439   12.1285
    0.0000    0.0000   45.0000 8181.0981   12.1143
    7.5000    0.0000   45.0000 7705.1201   12.1140
   -7.5000    7.5000   45.0000 7710.5513   12.1164
    0.0000    7.5000   45.0000 7742.3887   12.1070
    7.5000    7.5000   45.0000 7307.1289   12.1125
   -7.5000   15.0000   45.0000 7533.2900   12.1046
    0.0000   15.0000   45.0000 7564.5005   12.1010
    7.5000   15.0000   45.0000 7160.0728   12.1150
   -7.5000   22.5000   45.0000 7078.0093   12.1352
    0.0000   22.5000   45.0000 7113.8130   12.1329
    7.5000   22.5000   45.0000 6718.1211   12.1499
   -7.5000   30.0000   45.0000 6657.9697   12.2002
    0.0000   30.0000   45.0000 6679.2529   12.1900
    7.5000   30.0000   45.0000 6318.1455   12.2009
   -7.5000   37.5000   45.0000 6232.7217   12.2665
    0.0000   37.5000   45.0000 6275.6968   12.2438
    7.5000   37.5000   45.0000 5922.5518   12.2444
   -7.5000   45.0000   45.0000 5858.2031   12.2943
    0.0000   45.0000   45.0000 5907.7109   12.2692
    7.5000   45.0000   45.0000 5561.2979   12.2671

---------------------------------------------------------------------
imgreg_4dfp /opt/freesurfer/average/711-2C_as_mni_average_305 /opt/freesurfer/average/711-2B_as_mni_average_305_mask talsrcimg_g11 none talsrcimg_to_711-2C_as_mni_average_305_t4 4355
---------------------------------------------------------------------

freesurfer imgreg_4dfp.c
/opt/freesurfer/average/711-2C_as_mni_average_305.4dfp.img
       256       256       256         1
  1.000000  1.000000  1.000000
orientation T byte_order littleendian
Reading image: /opt/freesurfer/average/711-2C_as_mni_average_305.4dfp.img
dimensions:      256       256       256
mmppix:       1.0000   -1.0000   -1.0000
center:     128.0000 -129.0000 -129.0000
/opt/freesurfer/average/711-2B_as_mni_average_305_mask.4dfp.img
       256       256       256         1
  1.000000  1.000000  1.000000
orientation T byte_order littleendian
Reading mask: /opt/freesurfer/average/711-2B_as_mni_average_305_mask.4dfp.img (2306576 pixels)
talsrcimg_g11.4dfp.img
       288       288       288         1
  0.798611  0.798611  0.798611
orientation T byte_order littleendian
Reading image: talsrcimg_g11.4dfp.img
dimensions:      288       288       288
mmppix:       0.7986   -0.7986   -0.7986
center:     115.0000 -115.7986 -115.7986
rotation matrix determinant  1.000000
image alignment mode   4355 decimal     1103 hex
   -7.5000  -45.0000  -45.0000 2017.8790   12.4586
    0.0000  -45.0000  -45.0000 2017.1226   12.3647
    7.5000  -45.0000  -45.0000 2000.8702   12.6143
   -7.5000  -37.5000  -45.0000 2047.0667   11.9766
    0.0000  -37.5000  -45.0000 2046.1953   11.9181
    7.5000  -37.5000  -45.0000 2031.1237   12.1628
   -7.5000  -30.0000  -45.0000 2075.6802   11.6568
    0.0000  -30.0000  -45.0000 2076.7258   11.6118
    7.5000  -30.0000  -45.0000 2052.7727   11.8399
   -7.5000  -22.5000  -45.0000 2105.4177   11.4571
    0.0000  -22.5000  -45.0000 2108.3804   11.4234
    7.5000  -22.5000  -45.0000 2077.7791   11.6217
   -7.5000  -15.0000  -45.0000 2134.6863   11.3356
    0.0000  -15.0000  -45.0000 2133.3250   11.3090
    7.5000  -15.0000  -45.0000 2104.5649   11.5088
   -7.5000   -7.5000  -45.0000 2151.6648   11.2134
    0.0000   -7.5000  -45.0000 2149.7026   11.2387
    7.5000   -7.5000  -45.0000 2125.3806   11.3724
   -7.5000    0.0000  -45.0000 2157.9585   11.1000
    0.0000    0.0000  -45.0000 2157.2188   11.1562
    7.5000    0.0000  -45.0000 2128.9441   11.2498
   -7.5000    7.5000  -45.0000 2155.5286   10.9768
    0.0000    7.5000  -45.0000 2157.3262   11.0471
    7.5000    7.5000  -45.0000 2125.4680   11.1930
   -7.5000   15.0000  -45.0000 2156.6465   10.9798
    0.0000   15.0000  -45.0000 2158.1194   11.0468
    7.5000   15.0000  -45.0000 2121.2561   11.2061
   -7.5000   22.5000  -45.0000 2155.2554   11.0308
    0.0000   22.5000  -45.0000 2156.7949   11.1092
    7.5000   22.5000  -45.0000 2117.9412   11.2886
   -7.5000   30.0000  -45.0000 2139.6497   11.3196
    0.0000   30.0000  -45.0000 2143.3662   11.3819
    7.5000   30.0000  -45.0000 2104.1873   11.5502
   -7.5000   37.5000  -45.0000 2080.3672   11.6834
    0.0000   37.5000  -45.0000 2086.5969   11.6908
    7.5000   37.5000  -45.0000 2050.8301   11.8877
   -7.5000   45.0000  -45.0000 1988.6527   12.0674
    0.0000   45.0000  -45.0000 1992.0848   12.0225
    7.5000   45.0000  -45.0000 1955.7806   12.2240
   -7.5000  -45.0000  -37.5000 2167.5049   12.2138
    0.0000  -45.0000  -37.5000 2170.2485   12.1649
    7.5000  -45.0000  -37.5000 2151.9792   12.3756
   -7.5000  -37.5000  -37.5000 2204.5706   11.7113
    0.0000  -37.5000  -37.5000 2206.5620   11.7084
    7.5000  -37.5000  -37.5000 2189.5193   11.8902
   -7.5000  -30.0000  -37.5000 2237.7068   11.3909
    0.0000  -30.0000  -37.5000 2243.2266   11.3916
    7.5000  -30.0000  -37.5000 2213.6108   11.5505
   -7.5000  -22.5000  -37.5000 2277.0244   11.2031
    0.0000  -22.5000  -37.5000 2281.2283   11.2082
    7.5000  -22.5000  -37.5000 2244.3696   11.3439
   -7.5000  -15.0000  -37.5000 2307.6157   11.0189
    0.0000  -15.0000  -37.5000 2306.9509   11.0393
    7.5000  -15.0000  -37.5000 2272.9858   11.1742
   -7.5000   -7.5000  -37.5000 2326.6682   10.8863
    0.0000   -7.5000  -37.5000 2323.3826   10.9260
    7.5000   -7.5000  -37.5000 2288.1553   11.0325
   -7.5000    0.0000  -37.5000 2334.1919   10.8261
    0.0000    0.0000  -37.5000 2331.5095   10.9040
    7.5000    0.0000  -37.5000 2288.2852   10.9802
   -7.5000    7.5000  -37.5000 2322.2192   10.7552
    0.0000    7.5000  -37.5000 2329.3833   10.8655
    7.5000    7.5000  -37.5000 2287.1541   10.9473
   -7.5000   15.0000  -37.5000 2324.0916   10.7500
    0.0000   15.0000  -37.5000 2331.7505   10.8482
    7.5000   15.0000  -37.5000 2285.3789   10.9517
   -7.5000   22.5000  -37.5000 2320.6409   10.8423
    0.0000   22.5000  -37.5000 2329.6858   10.9517
    7.5000   22.5000  -37.5000 2288.5349   11.0445
   -7.5000   30.0000  -37.5000 2312.9514   11.0966
    0.0000   30.0000  -37.5000 2321.5183   11.1782
    7.5000   30.0000  -37.5000 2272.1519   11.3117
   -7.5000   37.5000  -37.5000 2255.8223   11.4526
    0.0000   37.5000  -37.5000 2263.6519   11.4942
    7.5000   37.5000  -37.5000 2219.6628   11.6221
   -7.5000   45.0000  -37.5000 2153.7979   11.8264
    0.0000   45.0000  -37.5000 2155.4583   11.8583
    7.5000   45.0000  -37.5000 2120.0342   11.9988
   -7.5000  -45.0000  -30.0000 2297.8811   11.9525
    0.0000  -45.0000  -30.0000 2308.2603   11.9036
    7.5000  -45.0000  -30.0000 2287.0833   12.1165
   -7.5000  -37.5000  -30.0000 2340.2188   11.4213
    0.0000  -37.5000  -30.0000 2349.5081   11.4195
    7.5000  -37.5000  -30.0000 2326.5413   11.5801
   -7.5000  -30.0000  -30.0000 2383.8313   11.1113
    0.0000  -30.0000  -30.0000 2391.5066   11.1456
    7.5000  -30.0000  -30.0000 2357.0645   11.2355
   -7.5000  -22.5000  -30.0000 2428.6089   10.8772
    0.0000  -22.5000  -30.0000 2433.2280   10.9296
    7.5000  -22.5000  -30.0000 2397.9885   11.0040
   -7.5000  -15.0000  -30.0000 2463.0664   10.6998
    0.0000  -15.0000  -30.0000 2466.1992   10.7388
    7.5000  -15.0000  -30.0000 2427.1118   10.8265
   -7.5000   -7.5000  -30.0000 2476.7764   10.5548
    0.0000   -7.5000  -30.0000 2482.9463   10.6118
    7.5000   -7.5000  -30.0000 2441.0364   10.7063
   -7.5000    0.0000  -30.0000 2492.3606   10.4810
    0.0000    0.0000  -30.0000 2498.5881   10.5711
    7.5000    0.0000  -30.0000 2452.1851   10.6131
   -7.5000    7.5000  -30.0000 2491.5452   10.4589
    0.0000    7.5000  -30.0000 2496.1023   10.5763
    7.5000    7.5000  -30.0000 2449.4712   10.5905
   -7.5000   15.0000  -30.0000 2494.9446   10.5090
    0.0000   15.0000  -30.0000 2499.4709   10.5822
    7.5000   15.0000  -30.0000 2451.5425   10.6255
   -7.5000   22.5000  -30.0000 2486.3323   10.6209
    0.0000   22.5000  -30.0000 2497.3938   10.7178
    7.5000   22.5000  -30.0000 2452.3376   10.7407
   -7.5000   30.0000  -30.0000 2468.9514   10.8707
    0.0000   30.0000  -30.0000 2485.1226   10.9633
    7.5000   30.0000  -30.0000 2433.6514   11.0266
   -7.5000   37.5000  -30.0000 2413.0852   11.2155
    0.0000   37.5000  -30.0000 2426.7324   11.2968
    7.5000   37.5000  -30.0000 2377.5222   11.3427
   -7.5000   45.0000  -30.0000 2306.3108   11.5808
    0.0000   45.0000  -30.0000 2315.2961   11.6487
    7.5000   45.0000  -30.0000 2273.8130   11.7343
   -7.5000  -45.0000  -22.5000 2409.2729   11.7203
    0.0000  -45.0000  -22.5000 2420.9185   11.6965
    7.5000  -45.0000  -22.5000 2399.7756   11.8848
   -7.5000  -37.5000  -22.5000 2463.7649   11.1980
    0.0000  -37.5000  -22.5000 2475.0867   11.1606
    7.5000  -37.5000  -22.5000 2447.0442   11.3193
   -7.5000  -30.0000  -22.5000 2510.9089   10.8515
    0.0000  -30.0000  -22.5000 2522.5632   10.8289
    7.5000  -30.0000  -22.5000 2485.6743   10.9442
   -7.5000  -22.5000  -22.5000 2551.2344   10.5867
    0.0000  -22.5000  -22.5000 2567.1787   10.5696
    7.5000  -22.5000  -22.5000 2526.4797   10.6867
   -7.5000  -15.0000  -22.5000 2582.1836   10.3652
    0.0000  -15.0000  -22.5000 2596.6980   10.3761
    7.5000  -15.0000  -22.5000 2555.6069   10.4784
   -7.5000   -7.5000  -22.5000 2603.0256   10.2221
    0.0000   -7.5000  -22.5000 2615.0088   10.2492
    7.5000   -7.5000  -22.5000 2572.3562   10.3175
   -7.5000    0.0000  -22.5000 2620.7229   10.1191
    0.0000    0.0000  -22.5000 2633.2205   10.1633
    7.5000    0.0000  -22.5000 2588.7693   10.2230
   -7.5000    7.5000  -22.5000 2626.3652   10.0817
    0.0000    7.5000  -22.5000 2634.7009   10.1328
    7.5000    7.5000  -22.5000 2593.3398   10.1916
   -7.5000   15.0000  -22.5000 2629.2222   10.0755
    0.0000   15.0000  -22.5000 2638.5256   10.1302
    7.5000   15.0000  -22.5000 2595.2900   10.1974
   -7.5000   22.5000  -22.5000 2624.4573   10.2235
    0.0000   22.5000  -22.5000 2643.5300   10.3023
    7.5000   22.5000  -22.5000 2596.4016   10.3342
   -7.5000   30.0000  -22.5000 2606.0015   10.5092
    0.0000   30.0000  -22.5000 2629.7502   10.5859
    7.5000   30.0000  -22.5000 2579.5198   10.6120
   -7.5000   37.5000  -22.5000 2542.7761   10.8646
    0.0000   37.5000  -22.5000 2564.6216   10.9253
    7.5000   37.5000  -22.5000 2521.4839   10.9608
   -7.5000   45.0000  -22.5000 2432.8379   11.2143
    0.0000   45.0000  -22.5000 2452.2253   11.2655
    7.5000   45.0000  -22.5000 2410.8521   11.3567
   -7.5000  -45.0000  -15.0000 2491.5725   11.4530
    0.0000  -45.0000  -15.0000 2506.6113   11.4241
    7.5000  -45.0000  -15.0000 2481.6929   11.6100
   -7.5000  -37.5000  -15.0000 2550.6233   10.9000
    0.0000  -37.5000  -15.0000 2565.5137   10.8562
    7.5000  -37.5000  -15.0000 2532.8257   11.0345
   -7.5000  -30.0000  -15.0000 2590.3691   10.5373
    0.0000  -30.0000  -15.0000 2604.7444   10.4939
    7.5000  -30.0000  -15.0000 2568.8989   10.6556
   -7.5000  -22.5000  -15.0000 2625.9561   10.2445
    0.0000  -22.5000  -15.0000 2646.9167   10.1995
    7.5000  -22.5000  -15.0000 2607.8940   10.3481
   -7.5000  -15.0000  -15.0000 2656.0283   10.0211
    0.0000  -15.0000  -15.0000 2673.0291    9.9762
    7.5000  -15.0000  -15.0000 2635.9822   10.0987
   -7.5000   -7.5000  -15.0000 2683.3308    9.8647
    0.0000   -7.5000  -15.0000 2692.2549    9.8359
    7.5000   -7.5000  -15.0000 2658.8347    9.9419
   -7.5000    0.0000  -15.0000 2707.0039    9.7412
    0.0000    0.0000  -15.0000 2720.7900    9.7265
    7.5000    0.0000  -15.0000 2684.1233    9.8384
   -7.5000    7.5000  -15.0000 2721.4177    9.6344
    0.0000    7.5000  -15.0000 2735.3677    9.6342
    7.5000    7.5000  -15.0000 2694.3562    9.7474
   -7.5000   15.0000  -15.0000 2724.2241    9.5762
    0.0000   15.0000  -15.0000 2741.0466    9.6007
    7.5000   15.0000  -15.0000 2696.7920    9.7068
   -7.5000   22.5000  -15.0000 2723.7078    9.6980
    0.0000   22.5000  -15.0000 2749.7043    9.7485
    7.5000   22.5000  -15.0000 2698.7971    9.8251
   -7.5000   30.0000  -15.0000 2708.9292   10.0395
    0.0000   30.0000  -15.0000 2736.5820   10.0808
    7.5000   30.0000  -15.0000 2692.6003   10.1116
   -7.5000   37.5000  -15.0000 2646.1282   10.4122
    0.0000   37.5000  -15.0000 2669.1809   10.4306
    7.5000   37.5000  -15.0000 2631.1724   10.4778
   -7.5000   45.0000  -15.0000 2531.0344   10.7595
    0.0000   45.0000  -15.0000 2551.3794   10.7632
    7.5000   45.0000  -15.0000 2517.0203   10.8408
   -7.5000  -45.0000   -7.5000 2531.5476   11.1147
    0.0000  -45.0000   -7.5000 2542.2234   11.0848
    7.5000  -45.0000   -7.5000 2519.5332   11.3121
   -7.5000  -37.5000   -7.5000 2587.4075   10.5419
    0.0000  -37.5000   -7.5000 2596.9358   10.4797
    7.5000  -37.5000   -7.5000 2569.8975   10.7024
   -7.5000  -30.0000   -7.5000 2617.9592   10.1343
    0.0000  -30.0000   -7.5000 2625.1721   10.0750
    7.5000  -30.0000   -7.5000 2595.5771   10.2629
   -7.5000  -22.5000   -7.5000 2649.8469    9.8375
    0.0000  -22.5000   -7.5000 2665.9475    9.7647
    7.5000  -22.5000   -7.5000 2633.4302    9.9626
   -7.5000  -15.0000   -7.5000 2682.9526    9.6227
    0.0000  -15.0000   -7.5000 2692.8882    9.5549
    7.5000  -15.0000   -7.5000 2660.0242    9.7176
   -7.5000   -7.5000   -7.5000 2709.3892    9.4652
    0.0000   -7.5000   -7.5000 2721.7939    9.3914
    7.5000   -7.5000   -7.5000 2687.9341    9.5242
   -7.5000    0.0000   -7.5000 2740.7896    9.3678
    0.0000    0.0000   -7.5000 2760.2544    9.2839
    7.5000    0.0000   -7.5000 2725.5437    9.4153
   -7.5000    7.5000   -7.5000 2770.7144    9.2408
    0.0000    7.5000   -7.5000 2793.9465    9.1828
    7.5000    7.5000   -7.5000 2747.3772    9.3259
   -7.5000   15.0000   -7.5000 2782.2578    9.0911
    0.0000   15.0000   -7.5000 2803.2881    9.0694
    7.5000   15.0000   -7.5000 2753.8301    9.2601
   -7.5000   22.5000   -7.5000 2787.2842    9.1750
    0.0000   22.5000   -7.5000 2813.5537    9.1658
    7.5000   22.5000   -7.5000 2762.1567    9.3205
   -7.5000   30.0000   -7.5000 2770.8008    9.5017
    0.0000   30.0000   -7.5000 2795.0903    9.4943
    7.5000   30.0000   -7.5000 2754.4502    9.5993
   -7.5000   37.5000   -7.5000 2705.6338    9.8962
    0.0000   37.5000   -7.5000 2725.2344    9.8698
    7.5000   37.5000   -7.5000 2694.7354    9.9689
   -7.5000   45.0000   -7.5000 2585.7903   10.2910
    0.0000   45.0000   -7.5000 2604.6467   10.2472
    7.5000   45.0000   -7.5000 2570.7444   10.3801
   -7.5000  -45.0000    0.0000 2559.0554   11.0486
    0.0000  -45.0000    0.0000 2565.8408   10.9675
    7.5000  -45.0000    0.0000 2541.2739   11.2684
   -7.5000  -37.5000    0.0000 2614.7937   10.4429
    0.0000  -37.5000    0.0000 2618.0388   10.3486
    7.5000  -37.5000    0.0000 2585.9158   10.6046
   -7.5000  -30.0000    0.0000 2636.6465    9.9668
    0.0000  -30.0000    0.0000 2647.9028    9.8513
    7.5000  -30.0000    0.0000 2615.7468   10.1078
   -7.5000  -22.5000    0.0000 2666.6982    9.6352
    0.0000  -22.5000    0.0000 2674.9551    9.5166
    7.5000  -22.5000    0.0000 2650.0210    9.7754
   -7.5000  -15.0000    0.0000 2693.8582    9.4056
    0.0000  -15.0000    0.0000 2703.3110    9.2920
    7.5000  -15.0000    0.0000 2677.6589    9.5179
   -7.5000   -7.5000    0.0000 2721.9590    9.2622
    0.0000   -7.5000    0.0000 2732.9109    9.1505
    7.5000   -7.5000    0.0000 2707.1543    9.3456
   -7.5000    0.0000    0.0000 2758.2327    9.1701
    0.0000    0.0000    0.0000 2775.3223    9.0677
    7.5000    0.0000    0.0000 2750.3523    9.2272
   -7.5000    7.5000    0.0000 2806.7583    9.1184
    0.0000    7.5000    0.0000 2829.1672    9.0118
    7.5000    7.5000    0.0000 2781.2124    9.1541
   -7.5000   15.0000    0.0000 2821.9448    8.8917
    0.0000   15.0000    0.0000 2838.9832    8.8180
    7.5000   15.0000    0.0000 2796.5132    9.0851
   -7.5000   22.5000    0.0000 2832.1829    8.8891
    0.0000   22.5000    0.0000 2852.3650    8.8203
    7.5000   22.5000    0.0000 2807.1421    9.1249
   -7.5000   30.0000    0.0000 2820.6179    9.2342
    0.0000   30.0000    0.0000 2837.3870    9.1128
    7.5000   30.0000    0.0000 2804.9839    9.4022
   -7.5000   37.5000    0.0000 2749.6506    9.7137
    0.0000   37.5000    0.0000 2765.0249    9.5749
    7.5000   37.5000    0.0000 2742.4084    9.8130
   -7.5000   45.0000    0.0000 2633.2144   10.1662
    0.0000   45.0000    0.0000 2641.2402   10.0801
    7.5000   45.0000    0.0000 2621.1672   10.2732
   -7.5000  -45.0000    7.5000 2554.9160   11.0735
    0.0000  -45.0000    7.5000 2559.5637   10.9232
    7.5000  -45.0000    7.5000 2534.8813   11.2360
   -7.5000  -37.5000    7.5000 2602.5271   10.4261
    0.0000  -37.5000    7.5000 2611.1111   10.2866
    7.5000  -37.5000    7.5000 2579.1111   10.5604
   -7.5000  -30.0000    7.5000 2618.2163    9.9050
    0.0000  -30.0000    7.5000 2631.6733    9.7757
    7.5000  -30.0000    7.5000 2603.4116   10.0503
   -7.5000  -22.5000    7.5000 2647.0759    9.5701
    0.0000  -22.5000    7.5000 2657.2229    9.4368
    7.5000  -22.5000    7.5000 2631.1875    9.6910
   -7.5000  -15.0000    7.5000 2676.1746    9.3275
    0.0000  -15.0000    7.5000 2688.6807    9.1771
    7.5000  -15.0000    7.5000 2660.1165    9.4361
   -7.5000   -7.5000    7.5000 2706.5051    9.1765
    0.0000   -7.5000    7.5000 2720.7703    9.0201
    7.5000   -7.5000    7.5000 2695.7722    9.2655
   -7.5000    0.0000    7.5000 2740.1357    9.1209
    0.0000    0.0000    7.5000 2754.6113    8.9583
    7.5000    0.0000    7.5000 2738.9048    9.1675
   -7.5000    7.5000    7.5000 2793.5298    9.1281
    0.0000    7.5000    7.5000 2805.9160    8.9521
    7.5000    7.5000    7.5000 2776.1033    9.1240
   -7.5000   15.0000    7.5000 2822.1216    8.9653
    0.0000   15.0000    7.5000 2830.7532    8.7743
    7.5000   15.0000    7.5000 2807.3411    9.1087
   -7.5000   22.5000    7.5000 2848.6228    8.9334
    0.0000   22.5000    7.5000 2853.2146    8.7176
    7.5000   22.5000    7.5000 2828.2102    9.1703
   -7.5000   30.0000    7.5000 2842.5457    9.2208
    0.0000   30.0000    7.5000 2854.8643    9.0019
    7.5000   30.0000    7.5000 2827.5264    9.3814
   -7.5000   37.5000    7.5000 2768.1523    9.6787
    0.0000   37.5000    7.5000 2792.1970    9.4982
    7.5000   37.5000    7.5000 2762.5562    9.7312
   -7.5000   45.0000    7.5000 2635.5449   10.1546
    0.0000   45.0000    7.5000 2649.2344   10.0477
    7.5000   45.0000    7.5000 2623.9753   10.1861
   -7.5000  -45.0000   15.0000 2525.7395   11.2540
    0.0000  -45.0000   15.0000 2523.4890   11.0547
    7.5000  -45.0000   15.0000 2498.5061   11.3807
   -7.5000  -37.5000   15.0000 2563.2092   10.5694
    0.0000  -37.5000   15.0000 2572.0535   10.4135
    7.5000  -37.5000   15.0000 2541.3687   10.7131
   -7.5000  -30.0000   15.0000 2582.2988    9.9820
    0.0000  -30.0000   15.0000 2597.2036    9.8418
    7.5000  -30.0000   15.0000 2571.7957   10.1401
   -7.5000  -22.5000   15.0000 2608.3579    9.6221
    0.0000  -22.5000   15.0000 2617.8154    9.4765
    7.5000  -22.5000   15.0000 2596.5879    9.7747
   -7.5000  -15.0000   15.0000 2631.8723    9.4081
    0.0000  -15.0000   15.0000 2638.7085    9.2223
    7.5000  -15.0000   15.0000 2624.4871    9.5341
   -7.5000   -7.5000   15.0000 2663.5493    9.3055
    0.0000   -7.5000   15.0000 2668.1553    9.1157
    7.5000   -7.5000   15.0000 2666.1741    9.4045
   -7.5000    0.0000   15.0000 2711.2229    9.3192
    0.0000    0.0000   15.0000 2716.3230    9.1214
    7.5000    0.0000   15.0000 2716.1863    9.3657
   -7.5000    7.5000   15.0000 2759.8459    9.3192
    0.0000    7.5000   15.0000 2778.2771    9.1661
    7.5000    7.5000   15.0000 2754.3660    9.3694
   -7.5000   15.0000   15.0000 2801.1736    9.2462
    0.0000   15.0000   15.0000 2817.6147    9.0791
    7.5000   15.0000   15.0000 2787.4932    9.3718
   -7.5000   22.5000   15.0000 2843.1179    9.3160
    0.0000   22.5000   15.0000 2867.5620    9.1662
    7.5000   22.5000   15.0000 2824.5928    9.4675
   -7.5000   30.0000   15.0000 2832.3066    9.5655
    0.0000   30.0000   15.0000 2862.4753    9.4749
    7.5000   30.0000   15.0000 2819.0056    9.6864
   -7.5000   37.5000   15.0000 2758.5332    9.9297
    0.0000   37.5000   15.0000 2787.6624    9.8241
    7.5000   37.5000   15.0000 2750.5063   10.0002
   -7.5000   45.0000   15.0000 2617.6477   10.3399
    0.0000   45.0000   15.0000 2635.1296   10.2349
    7.5000   45.0000   15.0000 2606.8240   10.3798
   -7.5000  -45.0000   22.5000 2470.8076   11.5991
    0.0000  -45.0000   22.5000 2468.9414   11.3933
    7.5000  -45.0000   22.5000 2447.5349   11.6858
   -7.5000  -37.5000   22.5000 2506.0496   10.8791
    0.0000  -37.5000   22.5000 2516.2568   10.6723
    7.5000  -37.5000   22.5000 2490.3335   10.9864
   -7.5000  -30.0000   22.5000 2532.3425   10.2515
    0.0000  -30.0000   22.5000 2542.9363   10.0899
    7.5000  -30.0000   22.5000 2524.2925   10.4174
   -7.5000  -22.5000   22.5000 2556.5503    9.9162
    0.0000  -22.5000   22.5000 2563.8728    9.7635
    7.5000  -22.5000   22.5000 2550.7144   10.0808
   -7.5000  -15.0000   22.5000 2587.9214    9.7410
    0.0000  -15.0000   22.5000 2593.7971    9.5988
    7.5000  -15.0000   22.5000 2584.3784    9.8994
   -7.5000   -7.5000   22.5000 2626.2373    9.6895
    0.0000   -7.5000   22.5000 2632.8174    9.5326
    7.5000   -7.5000   22.5000 2628.7842    9.8279
   -7.5000    0.0000   22.5000 2675.5640    9.6934
    0.0000    0.0000   22.5000 2684.8354    9.5566
    7.5000    0.0000   22.5000 2673.9399    9.7779
   -7.5000    7.5000   22.5000 2724.4575    9.6416
    0.0000    7.5000   22.5000 2736.0564    9.4793
    7.5000    7.5000   22.5000 2710.6638    9.7211
   -7.5000   15.0000   22.5000 2765.5183    9.6043
    0.0000   15.0000   22.5000 2787.7976    9.4224
    7.5000   15.0000   22.5000 2747.2100    9.7114
   -7.5000   22.5000   22.5000 2797.9734    9.7408
    0.0000   22.5000   22.5000 2821.6526    9.5977
    7.5000   22.5000   22.5000 2781.5203    9.8287
   -7.5000   30.0000   22.5000 2789.9912   10.0332
    0.0000   30.0000   22.5000 2811.6157    9.9061
    7.5000   30.0000   22.5000 2774.9434   10.0848
   -7.5000   37.5000   22.5000 2715.0442   10.3903
    0.0000   37.5000   22.5000 2738.9248   10.2850
    7.5000   37.5000   22.5000 2701.8613   10.4295
   -7.5000   45.0000   22.5000 2581.4434   10.7447
    0.0000   45.0000   22.5000 2604.7280   10.6675
    7.5000   45.0000   22.5000 2567.1450   10.7798
   -7.5000  -45.0000   30.0000 2400.3037   12.0524
    0.0000  -45.0000   30.0000 2400.4993   11.8425
    7.5000  -45.0000   30.0000 2389.4802   12.1391
   -7.5000  -37.5000   30.0000 2438.8137   11.3283
    0.0000  -37.5000   30.0000 2448.7305   11.0976
    7.5000  -37.5000   30.0000 2439.6814   11.4429
   -7.5000  -30.0000   30.0000 2480.8384   10.7228
    0.0000  -30.0000   30.0000 2489.0505   10.5372
    7.5000  -30.0000   30.0000 2480.4209   10.8861
   -7.5000  -22.5000   30.0000 2514.8237   10.3890
    0.0000  -22.5000   30.0000 2526.8123   10.2392
    7.5000  -22.5000   30.0000 2514.9717   10.5582
   -7.5000  -15.0000   30.0000 2555.7566   10.2486
    0.0000  -15.0000   30.0000 2568.6301   10.0786
    7.5000  -15.0000   30.0000 2555.4937   10.3780
   -7.5000   -7.5000   30.0000 2591.8799   10.1577
    0.0000   -7.5000   30.0000 2605.8804   10.0165
    7.5000   -7.5000   30.0000 2593.8071   10.2642
   -7.5000    0.0000   30.0000 2633.0166   10.1031
    0.0000    0.0000   30.0000 2647.8232    9.9319
    7.5000    0.0000   30.0000 2630.7166   10.1575
   -7.5000    7.5000   30.0000 2678.8621   10.0041
    0.0000    7.5000   30.0000 2691.5437    9.8036
    7.5000    7.5000   30.0000 2665.1521   10.0810
   -7.5000   15.0000   30.0000 2714.9060   10.0318
    0.0000   15.0000   30.0000 2731.9299    9.8578
    7.5000   15.0000   30.0000 2698.4658   10.1299
   -7.5000   22.5000   30.0000 2734.7375   10.2230
    0.0000   22.5000   30.0000 2751.0503   10.0570
    7.5000   22.5000   30.0000 2717.8025   10.3000
   -7.5000   30.0000   30.0000 2719.0186   10.5463
    0.0000   30.0000   30.0000 2730.3577   10.3844
    7.5000   30.0000   30.0000 2702.5796   10.5977
   -7.5000   37.5000   30.0000 2644.8594   10.9299
    0.0000   37.5000   30.0000 2661.6372   10.7757
    7.5000   37.5000   30.0000 2629.9932   10.9435
   -7.5000   45.0000   30.0000 2516.1501   11.2816
    0.0000   45.0000   30.0000 2535.6677   11.1861
    7.5000   45.0000   30.0000 2501.0474   11.3099
   -7.5000  -45.0000   37.5000 2334.5808   12.7787
    0.0000  -45.0000   37.5000 2336.6921   12.5610
    7.5000  -45.0000   37.5000 2329.4185   12.8347
   -7.5000  -37.5000   37.5000 2379.3794   11.9915
    0.0000  -37.5000   37.5000 2386.4963   11.7745
    7.5000  -37.5000   37.5000 2381.6118   12.0620
   -7.5000  -30.0000   37.5000 2426.4126   11.3555
    0.0000  -30.0000   37.5000 2440.9080   11.1490
    7.5000  -30.0000   37.5000 2427.8958   11.4507
   -7.5000  -22.5000   37.5000 2460.1511   10.9747
    0.0000  -22.5000   37.5000 2482.0952   10.7768
    7.5000  -22.5000   37.5000 2467.2319   11.0714
   -7.5000  -15.0000   37.5000 2503.5935   10.7867
    0.0000  -15.0000   37.5000 2529.1367   10.5839
    7.5000  -15.0000   37.5000 2508.2202   10.8419
   -7.5000   -7.5000   37.5000 2541.2551   10.6437
    0.0000   -7.5000   37.5000 2565.4646   10.4641
    7.5000   -7.5000   37.5000 2546.6526   10.7029
   -7.5000    0.0000   37.5000 2576.5691   10.5636
    0.0000    0.0000   37.5000 2601.4556   10.3617
    7.5000    0.0000   37.5000 2576.8889   10.5952
   -7.5000    7.5000   37.5000 2616.5720   10.4856
    0.0000    7.5000   37.5000 2637.9282   10.2869
    7.5000    7.5000   37.5000 2605.9319   10.5448
   -7.5000   15.0000   37.5000 2643.8918   10.5556
    0.0000   15.0000   37.5000 2662.1265   10.3705
    7.5000   15.0000   37.5000 2632.7073   10.6478
   -7.5000   22.5000   37.5000 2651.3418   10.7796
    0.0000   22.5000   37.5000 2666.5024   10.5983
    7.5000   22.5000   37.5000 2638.1555   10.8690
   -7.5000   30.0000   37.5000 2627.0586   11.1401
    0.0000   30.0000   37.5000 2640.0171   10.9621
    7.5000   30.0000   37.5000 2618.3235   11.1928
   -7.5000   37.5000   37.5000 2559.6924   11.5067
    0.0000   37.5000   37.5000 2578.9348   11.3403
    7.5000   37.5000   37.5000 2552.6096   11.5283
   -7.5000   45.0000   37.5000 2443.3931   11.8664
    0.0000   45.0000   37.5000 2465.6248   11.7431
    7.5000   45.0000   37.5000 2427.7898   11.9086
   -7.5000  -45.0000   45.0000 2233.9607   13.6147
    0.0000  -45.0000   45.0000 2242.3093   13.4419
    7.5000  -45.0000   45.0000 2230.9849   13.6647
   -7.5000  -37.5000   45.0000 2285.3809   12.6813
    0.0000  -37.5000   45.0000 2303.4067   12.5322
    7.5000  -37.5000   45.0000 2288.8860   12.7662
   -7.5000  -30.0000   45.0000 2337.2498   11.9968
    0.0000  -30.0000   45.0000 2357.1721   11.8122
    7.5000  -30.0000   45.0000 2338.5620   12.0747
   -7.5000  -22.5000   45.0000 2374.7083   11.6048
    0.0000  -22.5000   45.0000 2400.7942   11.4281
    7.5000  -22.5000   45.0000 2379.6174   11.6677
   -7.5000  -15.0000   45.0000 2418.1938   11.3780
    0.0000  -15.0000   45.0000 2448.6584   11.2058
    7.5000  -15.0000   45.0000 2423.3870   11.4269
   -7.5000   -7.5000   45.0000 2452.2983   11.2230
    0.0000   -7.5000   45.0000 2480.4209   11.0375
    7.5000   -7.5000   45.0000 2461.4053   11.2348
   -7.5000    0.0000   45.0000 2483.6794   11.1109
    0.0000    0.0000   45.0000 2509.5322   10.9099
    7.5000    0.0000   45.0000 2484.3174   11.1457
   -7.5000    7.5000   45.0000 2514.8005   11.0558
    0.0000    7.5000   45.0000 2536.4622   10.8930
    7.5000    7.5000   45.0000 2508.3630   11.1287
   -7.5000   15.0000   45.0000 2529.5071   11.1658
    0.0000   15.0000   45.0000 2547.8359   11.0085
    7.5000   15.0000   45.0000 2525.1274   11.2694
   -7.5000   22.5000   45.0000 2533.1030   11.4055
    0.0000   22.5000   45.0000 2553.3784   11.2583
    7.5000   22.5000   45.0000 2527.0566   11.4777
   -7.5000   30.0000   45.0000 2510.6646   11.7945
    0.0000   30.0000   45.0000 2527.0969   11.6334
    7.5000   30.0000   45.0000 2506.6245   11.8412
   -7.5000   37.5000   45.0000 2443.1165   12.1694
    0.0000   37.5000   45.0000 2466.8567   12.0398
    7.5000   37.5000   45.0000 2438.9377   12.2428
   -7.5000   45.0000   45.0000 2335.3213   12.5344
    0.0000   45.0000   45.0000 2362.1201   12.4031
    7.5000   45.0000   45.0000 2326.8552   12.5809

---------------------------------------------------------------------
imgreg_4dfp /opt/freesurfer/average/711-2C_as_mni_average_305 /opt/freesurfer/average/711-2B_as_mni_average_305_mask talsrcimg_g11 none talsrcimg_to_711-2C_as_mni_average_305_t4 1283
---------------------------------------------------------------------

freesurfer imgreg_4dfp.c
/opt/freesurfer/average/711-2C_as_mni_average_305.4dfp.img
       256       256       256         1
  1.000000  1.000000  1.000000
orientation T byte_order littleendian
Reading image: /opt/freesurfer/average/711-2C_as_mni_average_305.4dfp.img
dimensions:      256       256       256
mmppix:       1.0000   -1.0000   -1.0000
center:     128.0000 -129.0000 -129.0000
/opt/freesurfer/average/711-2B_as_mni_average_305_mask.4dfp.img
       256       256       256         1
  1.000000  1.000000  1.000000
orientation T byte_order littleendian
Reading mask: /opt/freesurfer/average/711-2B_as_mni_average_305_mask.4dfp.img (2306576 pixels)
talsrcimg_g11.4dfp.img
       288       288       288         1
  0.798611  0.798611  0.798611
orientation T byte_order littleendian
Reading image: talsrcimg_g11.4dfp.img
dimensions:      288       288       288
mmppix:       0.7986   -0.7986   -0.7986
center:     115.0000 -115.7986 -115.7986
rotation matrix determinant  1.000000
fimgreg.f
image alignment mode   1283 decimal      503 hex
parameters
    0.0000   22.5000   15.0000    0.0000    0.0000    0.0000
eta,q 0.89985  9.23083
niter,ni,del,rscale     5    3   12.0000    1.2000
parameter  4  1.288118 ->  0.500000 qaram    1.1500
parameters
   -1.8295   25.1428   13.0436   -3.4500   -0.7328   -0.9466
eta,q 0.90275  9.16586
  0.1080  0.1142  0.1029  0.0981  0.1015  0.1005
  0.1037  0.1095  0.1019  0.0979  0.0982  0.0992
  0.1034  0.1060  0.1004  0.0980  0.0966  0.0976
  0.1051  0.1036  0.1011  0.1004  0.0980  0.0974
  0.1068  0.1015  0.1029  0.1048  0.0991  0.0989
  0.1110  0.1016  0.1067  0.1070  0.1001  0.1007
  0.1161  0.1045  0.1135  0.1083  0.1029  0.1032
niter,ni,del,rscale     5    3   12.0000    1.2000
parameter  4  0.988993 ->  0.500000 qaram    1.3225
parameters
   -1.2833   27.0949   11.8432   -7.4175   -1.9929   -2.3877
eta,q 0.90829  9.04224
  0.1071  0.1079  0.1011  0.0924  0.0961  0.0944
  0.1017  0.1045  0.0982  0.0925  0.0939  0.0927
  0.0966  0.1012  0.0963  0.0934  0.0924  0.0916
  0.0972  0.0979  0.0960  0.0959  0.0927  0.0924
  0.0988  0.0960  0.0984  0.1008  0.0940  0.0938
  0.0992  0.0976  0.1025  0.1057  0.0974  0.0953
  0.1033  0.1010  0.1076  0.1095  0.1015  0.0971
niter,ni,del,rscale     5    3   12.0000    1.2000
parameters
    0.5956   28.6079   10.7657  -10.4683   -2.8187   -0.8547
eta,q 0.90897  9.02062
  0.1000  0.1035  0.1002  0.0943  0.0942  0.0961
  0.0965  0.0970  0.0964  0.0919  0.0925  0.0944
  0.0927  0.0933  0.0927  0.0908  0.0920  0.0925
  0.0917  0.0922  0.0922  0.0919  0.0909  0.0913
  0.0921  0.0922  0.0966  0.0953  0.0910  0.0911
  0.0908  0.0925  0.1019  0.1009  0.0935  0.0919
  0.0939  0.0953  0.1070  0.1056  0.0985  0.0931
niter,ni,del,rscale     4    3   12.0000    1.2000
parameters
   -0.3569   30.4047   10.2728  -12.0370   -2.1111    1.9106
eta,q 0.91016  9.06956
  0.0948  0.1040  0.0964  0.0959  0.0961  0.0964
  0.0908  0.1000  0.0955  0.0939  0.0940  0.0948
  0.0906  0.0948  0.0933  0.0916  0.0920  0.0929
  0.0910  0.0911  0.0914  0.0917  0.0913  0.0911
  0.0901  0.0915  0.0917  0.0933  0.0908  0.0898
  0.0933  0.0921  0.0951  0.0972  0.0913  0.0903
  0.1008  0.0955  0.1007  0.1024  0.0951  0.0917
niter,ni,del,rscale     3    3   12.0000    1.2000
parameters
   -0.6821   30.7080   10.0756  -12.5937   -1.9070    1.8486
eta,q 0.91008  9.07109
  0.0982  0.1028  0.0961  0.0970  0.0945  0.0946
  0.0923  0.0974  0.0953  0.0948  0.0928  0.0928
  0.0898  0.0910  0.0927  0.0916  0.0913  0.0907
  0.0898  0.0898  0.0901  0.0902  0.0900  0.0899
  0.0914  0.0922  0.0910  0.0934  0.0900  0.0910
  0.0948  0.0954  0.0944  0.0951  0.0913  0.0925
  0.0990  0.1002  0.0987  0.0992  0.0950  0.0950
niter,ni,del,rscale     2    3   12.0000    1.2000
parameters
   -0.7215   30.7842    9.9650  -12.7731   -1.9618    1.7977
eta,q 0.90991  9.06831
  0.0997  0.1020  0.0965  0.0973  0.0944  0.0949
  0.0938  0.0964  0.0953  0.0949  0.0928  0.0931
  0.0906  0.0906  0.0929  0.0923  0.0913  0.0910
  0.0899  0.0899  0.0900  0.0901  0.0901  0.0901
  0.0912  0.0925  0.0906  0.0927  0.0903  0.0912
  0.0949  0.0960  0.0944  0.0948  0.0918  0.0928
  0.0992  0.1008  0.0986  0.0982  0.0957  0.0952
niter,ni,del,rscale     1    3   12.0000    1.2000
parameters
   -0.7236   30.8122    9.9244  -12.8272   -1.9792    1.7783
eta,q 0.90983  9.06754
  0.1000  0.1019  0.0966  0.0975  0.0945  0.0950
  0.0942  0.0964  0.0952  0.0950  0.0928  0.0932
  0.0909  0.0908  0.0930  0.0926  0.0914  0.0911
  0.0901  0.0901  0.0901  0.0902  0.0902  0.0902
  0.0913  0.0927  0.0904  0.0925  0.0903  0.0913
  0.0950  0.0962  0.0943  0.0948  0.0918  0.0929
  0.0993  0.1011  0.0984  0.0979  0.0956  0.0952
registration optimization eta report
parameter search radius
    6.0000    6.0000    6.0000    7.9350    6.0000    6.0000
100000*second partial in parameter space
       27.       31.       19.       10.       13.       13.
  0.1000  0.1019  0.0966  0.0975  0.0945  0.0950
  0.0942  0.0964  0.0952  0.0950  0.0928  0.0932
  0.0909  0.0908  0.0930  0.0926  0.0914  0.0911
  0.0901  0.0901  0.0901  0.0902  0.0902  0.0902
  0.0913  0.0927  0.0904  0.0925  0.0903  0.0913
  0.0950  0.0962  0.0943  0.0948  0.0918  0.0929
  0.0993  0.1011  0.0984  0.0979  0.0956  0.0952
   -0.7236   30.8122    9.9244  -12.8272   -1.9792    1.7783
eta,q 0.90983  9.06754

---------------------------------------------------------------------
imgreg_4dfp /opt/freesurfer/average/711-2C_as_mni_average_305 /opt/freesurfer/average/711-2B_as_mni_average_305_mask talsrcimg_g11 none talsrcimg_to_711-2C_as_mni_average_305_t4 3335
---------------------------------------------------------------------

freesurfer imgreg_4dfp.c
/opt/freesurfer/average/711-2C_as_mni_average_305.4dfp.img
       256       256       256         1
  1.000000  1.000000  1.000000
orientation T byte_order littleendian
Reading image: /opt/freesurfer/average/711-2C_as_mni_average_305.4dfp.img
dimensions:      256       256       256
mmppix:       1.0000   -1.0000   -1.0000
center:     128.0000 -129.0000 -129.0000
/opt/freesurfer/average/711-2B_as_mni_average_305_mask.4dfp.img
       256       256       256         1
  1.000000  1.000000  1.000000
orientation T byte_order littleendian
Reading mask: /opt/freesurfer/average/711-2B_as_mni_average_305_mask.4dfp.img (2306576 pixels)
talsrcimg_g11.4dfp.img
       288       288       288         1
  0.798611  0.798611  0.798611
orientation T byte_order littleendian
Reading image: talsrcimg_g11.4dfp.img
dimensions:      288       288       288
mmppix:       0.7986   -0.7986   -0.7986
center:     115.0000 -115.7986 -115.7986
fimgreg.f
image alignment mode   3335 decimal      D07 hex
parameters
   -0.7236   30.8122    9.9244   -0.1078   -2.5664   -2.5538
   -3.7922    2.6769    3.1014   22.2950   -3.4536  -22.1879
eta,q 0.91087  9.11030
niter,ni,del,rscale     5    3    5.0000    1.2000
parameter  4 -7.859316 ->  0.500000 qaram    1.1500
parameter  5  1.566198 ->  0.500000 qaram    1.1500
parameter  6  0.982842 ->  0.500000 qaram    1.1500
parameter 12 -1.962199 -> -0.500000 qaram    1.1500
parameters
   -0.2495   30.6118    9.2192   -4.2478   -6.7064   -6.6938
   -1.9026    4.1375    0.1242   23.0938   -4.2437  -18.0479
eta,q 0.92963  9.08832
  0.0911  0.0901  0.0893  0.0743  0.0761  0.0733  0.0771  0.0825  0.0732  0.0768  0.0740  0.0788
  0.0903  0.0895  0.0891  0.0783  0.0769  0.0734  0.0755  0.0787  0.0729  0.0751  0.0733  0.0767
  0.0896  0.0892  0.0890  0.0837  0.0783  0.0745  0.0743  0.0755  0.0728  0.0736  0.0729  0.0746
  0.0891  0.0890  0.0890  0.0890  0.0797  0.0773  0.0736  0.0734  0.0730  0.0728  0.0727  0.0727
  0.0890  0.0892  0.0892  0.0941  0.0817  0.0812  0.0734  0.0732  0.0735  0.0730  0.0730  0.0713
  0.0893  0.0897  0.0896  0.0986  0.0843  0.0858  0.0738  0.0748  0.0742  0.0740  0.0737  0.0701
  0.0901  0.0907  0.0902  0.1019  0.0869  0.0903  0.0747  0.0776  0.0752  0.0755  0.0748  0.0692
niter,ni,del,rscale     7    3    5.0000    1.2000
parameter  2  0.591975 ->  0.500000 qaram    1.1500
parameter  3  1.260740 ->  0.500000 qaram    1.1500
parameter  4  1.146258 ->  0.500000 qaram    1.3225
parameter  5-11.304543 ->  0.500000 qaram    1.3225
parameter 12 -1.225406 -> -0.500000 qaram    1.3225
parameters
   -0.5478   29.2318    7.8392   -9.0088  -11.4674   -9.2378
   -0.1578    4.7639    1.2624   20.7105   -5.1719  -13.2869
eta,q 0.94275  9.00285
  0.0734  0.0700  0.0678  0.0618  0.0569  0.0613  0.0629  0.0665  0.0601  0.0597  0.0597  0.0630
  0.0715  0.0699  0.0682  0.0617  0.0588  0.0600  0.0613  0.0630  0.0596  0.0591  0.0591  0.0614
  0.0705  0.0700  0.0689  0.0634  0.0607  0.0592  0.0600  0.0605  0.0591  0.0588  0.0588  0.0600
  0.0704  0.0703  0.0699  0.0683  0.0619  0.0593  0.0592  0.0591  0.0589  0.0589  0.0588  0.0588
  0.0712  0.0711  0.0712  0.0751  0.0631  0.0607  0.0591  0.0591  0.0589  0.0597  0.0589  0.0578
  0.0728  0.0723  0.0729  0.0815  0.0649  0.0645  0.0596  0.0611  0.0591  0.0611  0.0595  0.0571
  0.0753  0.0737  0.0749  0.0871  0.0666  0.0702  0.0606  0.0647  0.0596  0.0627  0.0604  0.0570
niter,ni,del,rscale     7    3    5.0000    1.2000
parameter  2  2.435769 ->  0.500000 qaram    1.3225
parameter  3  1.344341 ->  0.500000 qaram    1.3225
parameter  5 -2.648338 ->  0.500000 qaram    1.5209
parameter 10  1.409805 ->  0.500000 qaram    1.1500
parameter 12  1.633288 ->  0.500000 qaram    1.5209
parameters
   -0.6435   27.6448    6.2522  -12.9374  -16.9425  -11.0093
   -0.8932    5.6312   -1.7488   16.5705   -4.5704  -18.7621
eta,q 0.95893  9.02511
  0.0613  0.0529  0.0510  0.0532  0.0419  0.0491  0.0490  0.0525  0.0464  0.0425  0.0440  0.0403
  0.0589  0.0540  0.0515  0.0520  0.0451  0.0478  0.0474  0.0499  0.0459  0.0430  0.0437  0.0409
  0.0575  0.0554  0.0526  0.0515  0.0485  0.0467  0.0465  0.0477  0.0458  0.0442  0.0435  0.0418
  0.0573  0.0572  0.0544  0.0517  0.0516  0.0461  0.0463  0.0463  0.0461  0.0458  0.0433  0.0432
  0.0579  0.0594  0.0566  0.0549  0.0544  0.0473  0.0470  0.0461  0.0468  0.0478  0.0432  0.0450
  0.0595  0.0617  0.0591  0.0624  0.0565  0.0504  0.0484  0.0475  0.0479  0.0502  0.0434  0.0469
  0.0618  0.0639  0.0619  0.0705  0.0582  0.0550  0.0503  0.0507  0.0491  0.0528  0.0439  0.0488
niter,ni,del,rscale     7    3    5.0000    1.2000
parameter  2  1.077331 ->  0.500000 qaram    1.5209
parameter  3  1.053917 ->  0.500000 qaram    1.5209
parameter 11  0.606759 ->  0.500000 qaram    1.1500
parameters
   -0.7801   25.8197    4.4271  -11.7211  -20.7829   -9.0607
   -0.7037    4.8240   -1.9008   15.9785   -8.7104  -20.5511
eta,q 0.96980  9.14059
  0.0449  0.0355  0.0323  0.0408  0.0365  0.0394  0.0350  0.0365  0.0335  0.0365  0.0305  0.0327
  0.0426  0.0354  0.0326  0.0377  0.0339  0.0368  0.0328  0.0333  0.0320  0.0335  0.0303  0.0310
  0.0413  0.0373  0.0338  0.0350  0.0319  0.0343  0.0313  0.0313  0.0311  0.0315  0.0305  0.0303
  0.0411  0.0410  0.0357  0.0328  0.0322  0.0319  0.0307  0.0307  0.0308  0.0308  0.0308  0.0303
  0.0417  0.0461  0.0383  0.0315  0.0374  0.0305  0.0311  0.0319  0.0311  0.0316  0.0313  0.0312
  0.0433  0.0517  0.0415  0.0328  0.0450  0.0314  0.0324  0.0353  0.0321  0.0345  0.0321  0.0326
  0.0458  0.0573  0.0454  0.0392  0.0509  0.0358  0.0347  0.0403  0.0338  0.0390  0.0333  0.0348
niter,ni,del,rscale     7    3    5.0000    1.2000
parameters
   -0.7437   25.7292    3.7310  -11.2597  -21.4270   -9.4253
   -0.6622    5.5912   -1.1535   16.6626   -9.6252  -20.6714
eta,q 0.97010  9.13157
  0.0351  0.0391  0.0336  0.0381  0.0383  0.0369  0.0342  0.0397  0.0336  0.0371  0.0317  0.0334
  0.0325  0.0344  0.0312  0.0351  0.0351  0.0346  0.0321  0.0348  0.0319  0.0337  0.0303  0.0312
  0.0308  0.0313  0.0301  0.0325  0.0321  0.0324  0.0307  0.0316  0.0307  0.0314  0.0299  0.0301
  0.0302  0.0302  0.0302  0.0300  0.0296  0.0300  0.0303  0.0302  0.0301  0.0301  0.0300  0.0299
  0.0306  0.0313  0.0316  0.0286  0.0295  0.0296  0.0306  0.0305  0.0302  0.0301  0.0304  0.0304
  0.0322  0.0347  0.0341  0.0317  0.0348  0.0335  0.0320  0.0325  0.0310  0.0319  0.0312  0.0316
  0.0349  0.0403  0.0374  0.0390  0.0436  0.0410  0.0342  0.0364  0.0325  0.0355  0.0323  0.0333
niter,ni,del,rscale     6    3    5.0000    1.2000
parameters
   -0.6895   25.9316    3.6407  -11.2795  -21.7470   -9.5927
   -0.7358    5.8074   -1.0141   16.9961   -9.8276  -20.8128
eta,q 0.96989  9.11872
  0.0352  0.0397  0.0351  0.0376  0.0385  0.0370  0.0340  0.0385  0.0330  0.0366  0.0322  0.0334
  0.0323  0.0348  0.0320  0.0348  0.0353  0.0347  0.0320  0.0339  0.0315  0.0334  0.0307  0.0313
  0.0306  0.0314  0.0303  0.0323  0.0324  0.0325  0.0306  0.0311  0.0306  0.0313  0.0301  0.0303
  0.0299  0.0299  0.0299  0.0298  0.0299  0.0300  0.0302  0.0302  0.0302  0.0302  0.0301  0.0301
  0.0304  0.0305  0.0306  0.0289  0.0294  0.0295  0.0306  0.0308  0.0304  0.0304  0.0304  0.0306
  0.0320  0.0332  0.0326  0.0327  0.0340  0.0330  0.0320  0.0333  0.0313  0.0323  0.0311  0.0317
  0.0348  0.0380  0.0355  0.0402  0.0424  0.0403  0.0342  0.0376  0.0329  0.0361  0.0321  0.0333
niter,ni,del,rscale     5    3    5.0000    1.2000
parameters
   -0.6615   26.0398    3.5622  -11.2834  -21.9165   -9.7070
   -0.7696    5.8703   -0.9869   17.2053   -9.9108  -20.8771
eta,q 0.96977  9.11086
  0.0352  0.0392  0.0352  0.0377  0.0387  0.0371  0.0341  0.0383  0.0330  0.0365  0.0323  0.0335
  0.0324  0.0345  0.0322  0.0349  0.0355  0.0348  0.0321  0.0338  0.0315  0.0334  0.0308  0.0314
  0.0307  0.0314  0.0305  0.0325  0.0326  0.0326  0.0307  0.0311  0.0306  0.0313  0.0302  0.0304
  0.0301  0.0301  0.0301  0.0301  0.0301  0.0302  0.0303  0.0303  0.0303  0.0303  0.0302  0.0302
  0.0306  0.0309  0.0308  0.0291  0.0294  0.0296  0.0307  0.0310  0.0305  0.0305  0.0305  0.0307
  0.0322  0.0336  0.0327  0.0328  0.0337  0.0330  0.0320  0.0336  0.0315  0.0325  0.0312  0.0318
  0.0350  0.0383  0.0355  0.0402  0.0419  0.0401  0.0343  0.0379  0.0330  0.0363  0.0321  0.0333
niter,ni,del,rscale     4    3    5.0000    1.2000
parameters
   -0.6538   26.1061    3.5052  -11.2841  -22.0229   -9.7883
   -0.7790    5.8939   -0.9739   17.3358   -9.9536  -20.8972
eta,q 0.96967  9.10538
  0.0352  0.0390  0.0353  0.0377  0.0387  0.0372  0.0342  0.0382  0.0330  0.0364  0.0324  0.0336
  0.0325  0.0344  0.0323  0.0350  0.0356  0.0349  0.0322  0.0338  0.0316  0.0334  0.0309  0.0315
  0.0308  0.0314  0.0307  0.0326  0.0327  0.0327  0.0308  0.0311  0.0307  0.0314  0.0303  0.0305
  0.0302  0.0302  0.0302  0.0302  0.0302  0.0303  0.0303  0.0303  0.0303  0.0303  0.0303  0.0303
  0.0307  0.0311  0.0309  0.0292  0.0295  0.0296  0.0307  0.0311  0.0306  0.0307  0.0306  0.0308
  0.0324  0.0338  0.0327  0.0329  0.0336  0.0329  0.0321  0.0338  0.0315  0.0326  0.0312  0.0318
  0.0352  0.0385  0.0355  0.0402  0.0418  0.0400  0.0343  0.0381  0.0331  0.0365  0.0321  0.0333
niter,ni,del,rscale     3    3    5.0000    1.2000
parameters
   -0.6519   26.1488    3.4667  -11.2814  -22.0909   -9.8473
   -0.7845    5.9033   -0.9628   17.4224   -9.9885  -20.9077
eta,q 0.96961  9.10173
  0.0353  0.0389  0.0354  0.0377  0.0388  0.0372  0.0342  0.0382  0.0330  0.0363  0.0325  0.0336
  0.0325  0.0344  0.0324  0.0350  0.0357  0.0350  0.0322  0.0338  0.0316  0.0334  0.0309  0.0316
  0.0309  0.0314  0.0308  0.0327  0.0328  0.0328  0.0309  0.0312  0.0307  0.0314  0.0304  0.0306
  0.0303  0.0303  0.0303  0.0303  0.0303  0.0304  0.0304  0.0304  0.0304  0.0304  0.0304  0.0304
  0.0308  0.0312  0.0310  0.0293  0.0295  0.0297  0.0308  0.0312  0.0307  0.0307  0.0307  0.0308
  0.0325  0.0340  0.0328  0.0330  0.0336  0.0329  0.0321  0.0338  0.0316  0.0327  0.0313  0.0319
  0.0353  0.0386  0.0354  0.0402  0.0416  0.0400  0.0343  0.0381  0.0331  0.0366  0.0322  0.0333
niter,ni,del,rscale     2    3    5.0000    1.2000
parameters
   -0.6527   26.1766    3.4377  -11.2833  -22.1357   -9.8897
   -0.7863    5.9089   -0.9525   17.4797  -10.0067  -20.9122
eta,q 0.96956  9.09907
  0.0353  0.0388  0.0354  0.0377  0.0388  0.0373  0.0342  0.0382  0.0331  0.0363  0.0325  0.0336
  0.0326  0.0343  0.0325  0.0351  0.0357  0.0350  0.0322  0.0338  0.0317  0.0334  0.0310  0.0316
  0.0309  0.0314  0.0309  0.0327  0.0328  0.0328  0.0309  0.0312  0.0308  0.0314  0.0304  0.0306
  0.0304  0.0304  0.0304  0.0304  0.0304  0.0304  0.0304  0.0304  0.0304  0.0304  0.0304  0.0304
  0.0309  0.0313  0.0310  0.0294  0.0296  0.0297  0.0308  0.0313  0.0307  0.0308  0.0307  0.0309
  0.0325  0.0340  0.0328  0.0330  0.0336  0.0329  0.0322  0.0339  0.0316  0.0328  0.0313  0.0319
  0.0353  0.0387  0.0354  0.0403  0.0416  0.0399  0.0343  0.0382  0.0331  0.0366  0.0322  0.0334
registration optimization eta report
parameter search radius
    2.4000    3.6501    3.6501    9.5220   10.9503    8.2800
    7.2000    7.2000    7.2000    8.2800    8.2800   10.9503
100000*second partial in parameter space
       85.       62.       38.       10.        8.       12.
        7.       15.        5.        9.        3.        3.
  0.0353  0.0388  0.0354  0.0377  0.0388  0.0373  0.0342  0.0382  0.0331  0.0363  0.0325  0.0336
  0.0326  0.0343  0.0325  0.0351  0.0357  0.0350  0.0322  0.0338  0.0317  0.0334  0.0310  0.0316
  0.0309  0.0314  0.0309  0.0327  0.0328  0.0328  0.0309  0.0312  0.0308  0.0314  0.0304  0.0306
  0.0304  0.0304  0.0304  0.0304  0.0304  0.0304  0.0304  0.0304  0.0304  0.0304  0.0304  0.0304
  0.0309  0.0313  0.0310  0.0294  0.0296  0.0297  0.0308  0.0313  0.0307  0.0308  0.0307  0.0309
  0.0325  0.0340  0.0328  0.0330  0.0336  0.0329  0.0322  0.0339  0.0316  0.0328  0.0313  0.0319
  0.0353  0.0387  0.0354  0.0403  0.0416  0.0399  0.0343  0.0382  0.0331  0.0366  0.0322  0.0334
   -0.6527   26.1766    3.4377  -11.2833  -22.1357   -9.8897
   -0.7863    5.9089   -0.9525   17.4797  -10.0067  -20.9122
eta,q 0.96956  9.09907

---------------------------------------------------------------------
imgreg_4dfp /opt/freesurfer/average/711-2C_as_mni_average_305 /opt/freesurfer/average/711-2B_as_mni_average_305_mask talsrcimg_g11 none talsrcimg_to_711-2C_as_mni_average_305_t4 2311
---------------------------------------------------------------------

freesurfer imgreg_4dfp.c
/opt/freesurfer/average/711-2C_as_mni_average_305.4dfp.img
       256       256       256         1
  1.000000  1.000000  1.000000
orientation T byte_order littleendian
Reading image: /opt/freesurfer/average/711-2C_as_mni_average_305.4dfp.img
dimensions:      256       256       256
mmppix:       1.0000   -1.0000   -1.0000
center:     128.0000 -129.0000 -129.0000
/opt/freesurfer/average/711-2B_as_mni_average_305_mask.4dfp.img
       256       256       256         1
  1.000000  1.000000  1.000000
orientation T byte_order littleendian
Reading mask: /opt/freesurfer/average/711-2B_as_mni_average_305_mask.4dfp.img (2306576 pixels)
talsrcimg_g11.4dfp.img
       288       288       288         1
  0.798611  0.798611  0.798611
orientation T byte_order littleendian
Reading image: talsrcimg_g11.4dfp.img
dimensions:      288       288       288
mmppix:       0.7986   -0.7986   -0.7986
center:     115.0000 -115.7986 -115.7986
fimgreg.f
image alignment mode   2311 decimal      907 hex
parameters
   -0.6527   26.1766    3.4377  -11.2833  -22.1357   -9.8897
   -0.7863    5.9089   -0.9525   17.4797  -10.0067  -20.9122
eta,q 0.96956  9.09906
niter,ni,del,rscale     5    3    5.0000    0.8000
parameter  4 -0.521233 -> -0.500000 qaram    1.1500
parameters
   -0.6457   26.2147    3.3451   -8.5233  -20.2247   -9.7674
   -1.3496    5.9947   -1.3262   17.3699   -9.4911  -21.2350
eta,q 0.97138  9.21655
  0.0326  0.0322  0.0313  0.0339  0.0327  0.0326  0.0308  0.0344  0.0303  0.0314  0.0304  0.0295
  0.0314  0.0312  0.0308  0.0328  0.0315  0.0312  0.0295  0.0314  0.0293  0.0300  0.0294  0.0289
  0.0307  0.0307  0.0305  0.0316  0.0303  0.0299  0.0288  0.0294  0.0288  0.0290  0.0289  0.0287
  0.0304  0.0304  0.0304  0.0304  0.0294  0.0288  0.0287  0.0286  0.0286  0.0286  0.0286  0.0286
  0.0307  0.0306  0.0306  0.0295  0.0288  0.0287  0.0293  0.0293  0.0290  0.0289  0.0287  0.0287
  0.0314  0.0311  0.0309  0.0295  0.0289  0.0301  0.0304  0.0312  0.0297  0.0300  0.0291  0.0291
  0.0326  0.0320  0.0315  0.0307  0.0300  0.0331  0.0321  0.0340  0.0309  0.0318  0.0297  0.0298
niter,ni,del,rscale     5    3    5.0000    0.8000
parameters
   -0.6737   25.8878    3.6991   -9.6152  -19.8925   -8.8816
   -1.1103    5.7780   -1.3380   16.7982   -9.4347  -21.2886
eta,q 0.97199  9.22936
  0.0319  0.0300  0.0306  0.0317  0.0316  0.0329  0.0310  0.0331  0.0299  0.0304  0.0295  0.0290
  0.0300  0.0290  0.0296  0.0303  0.0304  0.0314  0.0294  0.0302  0.0289  0.0290  0.0286  0.0284
  0.0289  0.0286  0.0289  0.0289  0.0293  0.0299  0.0284  0.0285  0.0283  0.0282  0.0282  0.0281
  0.0286  0.0286  0.0285  0.0285  0.0286  0.0285  0.0280  0.0280  0.0280  0.0280  0.0280  0.0280
  0.0291  0.0292  0.0285  0.0297  0.0285  0.0280  0.0283  0.0289  0.0282  0.0286  0.0282  0.0281
  0.0303  0.0302  0.0288  0.0327  0.0293  0.0288  0.0291  0.0310  0.0289  0.0299  0.0286  0.0285
  0.0321  0.0319  0.0293  0.0370  0.0313  0.0312  0.0304  0.0339  0.0300  0.0320  0.0294  0.0291
niter,ni,del,rscale     4    3    5.0000    0.7000
parameters
   -0.7021   25.7664    3.8352   -9.8378  -19.6776   -8.5088
   -1.1011    5.7129   -1.3383   16.5752   -9.4162  -21.2470
eta,q 0.97213  9.23516
  0.0304  0.0295  0.0294  0.0314  0.0305  0.0317  0.0300  0.0321  0.0294  0.0300  0.0290  0.0287
  0.0290  0.0286  0.0287  0.0301  0.0295  0.0304  0.0288  0.0297  0.0286  0.0289  0.0284  0.0282
  0.0282  0.0281  0.0282  0.0288  0.0286  0.0290  0.0281  0.0283  0.0280  0.0281  0.0280  0.0280
  0.0280  0.0280  0.0280  0.0280  0.0281  0.0280  0.0279  0.0279  0.0279  0.0279  0.0279  0.0279
  0.0283  0.0283  0.0281  0.0282  0.0280  0.0279  0.0281  0.0284  0.0280  0.0282  0.0280  0.0279
  0.0292  0.0290  0.0284  0.0299  0.0287  0.0289  0.0288  0.0300  0.0285  0.0291  0.0284  0.0282
  0.0305  0.0301  0.0290  0.0329  0.0304  0.0312  0.0299  0.0323  0.0294  0.0307  0.0290  0.0287
niter,ni,del,rscale     3    3    5.0000    0.6000
parameters
   -0.7080   25.7137    3.9215   -9.7720  -19.5547   -8.2894
   -1.1300    5.6925   -1.3282   16.4616   -9.3539  -21.1831
eta,q 0.97223  9.23971
  0.0297  0.0291  0.0289  0.0308  0.0297  0.0308  0.0293  0.0311  0.0289  0.0295  0.0287  0.0284
  0.0287  0.0284  0.0284  0.0296  0.0289  0.0297  0.0284  0.0293  0.0283  0.0286  0.0282  0.0280
  0.0281  0.0280  0.0280  0.0286  0.0282  0.0286  0.0279  0.0281  0.0279  0.0280  0.0279  0.0278
  0.0279  0.0279  0.0279  0.0279  0.0278  0.0278  0.0278  0.0278  0.0278  0.0278  0.0278  0.0278
  0.0281  0.0280  0.0279  0.0279  0.0279  0.0279  0.0280  0.0282  0.0279  0.0280  0.0279  0.0278
  0.0287  0.0285  0.0282  0.0290  0.0285  0.0288  0.0285  0.0293  0.0283  0.0287  0.0282  0.0280
  0.0297  0.0294  0.0287  0.0311  0.0297  0.0306  0.0293  0.0311  0.0289  0.0298  0.0286  0.0284
niter,ni,del,rscale     2    3    5.0000    0.5000
parameters
   -0.7115   25.6793    3.9903   -9.6512  -19.4603   -8.1404
   -1.1512    5.6678   -1.3208   16.3818   -9.2685  -21.1052
eta,q 0.97229  9.24315
  0.0291  0.0287  0.0286  0.0300  0.0291  0.0300  0.0288  0.0301  0.0285  0.0290  0.0284  0.0282
  0.0283  0.0282  0.0281  0.0291  0.0285  0.0291  0.0282  0.0288  0.0281  0.0283  0.0280  0.0279
  0.0279  0.0279  0.0279  0.0283  0.0280  0.0282  0.0278  0.0280  0.0278  0.0278  0.0278  0.0278
  0.0278  0.0278  0.0278  0.0278  0.0277  0.0277  0.0277  0.0277  0.0277  0.0277  0.0277  0.0277
  0.0279  0.0279  0.0278  0.0278  0.0278  0.0278  0.0278  0.0280  0.0278  0.0279  0.0278  0.0277
  0.0284  0.0282  0.0280  0.0285  0.0282  0.0285  0.0282  0.0288  0.0281  0.0283  0.0280  0.0279
  0.0291  0.0288  0.0284  0.0301  0.0291  0.0298  0.0288  0.0302  0.0285  0.0291  0.0283  0.0281
niter,ni,del,rscale     1    3    5.0000    0.4000
parameters
   -0.7166   25.6492    4.0453   -9.5371  -19.3648   -8.0393
   -1.1721    5.6371   -1.3247   16.3160   -9.1898  -21.0188
eta,q 0.97234  9.24603
  0.0285  0.0283  0.0282  0.0293  0.0286  0.0293  0.0284  0.0292  0.0282  0.0285  0.0281  0.0280
  0.0281  0.0280  0.0280  0.0286  0.0282  0.0285  0.0280  0.0284  0.0279  0.0280  0.0279  0.0278
  0.0278  0.0278  0.0278  0.0280  0.0279  0.0280  0.0277  0.0278  0.0277  0.0278  0.0277  0.0277
  0.0277  0.0277  0.0277  0.0277  0.0277  0.0277  0.0277  0.0277  0.0277  0.0277  0.0277  0.0277
  0.0278  0.0278  0.0277  0.0277  0.0277  0.0278  0.0278  0.0279  0.0277  0.0278  0.0277  0.0277
  0.0281  0.0280  0.0279  0.0282  0.0280  0.0283  0.0280  0.0284  0.0279  0.0281  0.0279  0.0278
  0.0286  0.0284  0.0281  0.0292  0.0286  0.0291  0.0284  0.0293  0.0282  0.0286  0.0281  0.0279
registration optimization eta report
parameter search radius
    0.8000    0.8000    0.8000    2.7600    2.4000    2.4000
    2.4000    2.4000    2.4000    2.4000    2.4000    2.4000
100000*second partial in parameter space
      132.      100.       70.       20.       15.       26.
       13.       28.        9.       15.        8.        5.
  0.0285  0.0283  0.0282  0.0293  0.0286  0.0293  0.0284  0.0292  0.0282  0.0285  0.0281  0.0280
  0.0281  0.0280  0.0280  0.0286  0.0282  0.0285  0.0280  0.0284  0.0279  0.0280  0.0279  0.0278
  0.0278  0.0278  0.0278  0.0280  0.0279  0.0280  0.0277  0.0278  0.0277  0.0278  0.0277  0.0277
  0.0277  0.0277  0.0277  0.0277  0.0277  0.0277  0.0277  0.0277  0.0277  0.0277  0.0277  0.0277
  0.0278  0.0278  0.0277  0.0277  0.0277  0.0278  0.0278  0.0279  0.0277  0.0278  0.0277  0.0277
  0.0281  0.0280  0.0279  0.0282  0.0280  0.0283  0.0280  0.0284  0.0279  0.0281  0.0279  0.0278
  0.0286  0.0284  0.0281  0.0292  0.0286  0.0291  0.0284  0.0293  0.0282  0.0286  0.0281  0.0279
   -0.7166   25.6492    4.0453   -9.5371  -19.3648   -8.0393
   -1.1721    5.6371   -1.3247   16.3160   -9.1898  -21.0188
eta,q 0.97234  9.24603

---------------------------------------------------------------------
imgreg_4dfp /opt/freesurfer/average/711-2C_as_mni_average_305 /opt/freesurfer/average/711-2B_as_mni_average_305_mask talsrcimg_g11 none talsrcimg_to_711-2C_as_mni_average_305_t4 2311
---------------------------------------------------------------------

freesurfer imgreg_4dfp.c
/opt/freesurfer/average/711-2C_as_mni_average_305.4dfp.img
       256       256       256         1
  1.000000  1.000000  1.000000
orientation T byte_order littleendian
Reading image: /opt/freesurfer/average/711-2C_as_mni_average_305.4dfp.img
dimensions:      256       256       256
mmppix:       1.0000   -1.0000   -1.0000
center:     128.0000 -129.0000 -129.0000
/opt/freesurfer/average/711-2B_as_mni_average_305_mask.4dfp.img
       256       256       256         1
  1.000000  1.000000  1.000000
orientation T byte_order littleendian
Reading mask: /opt/freesurfer/average/711-2B_as_mni_average_305_mask.4dfp.img (2306576 pixels)
talsrcimg_g11.4dfp.img
       288       288       288         1
  0.798611  0.798611  0.798611
orientation T byte_order littleendian
Reading image: talsrcimg_g11.4dfp.img
dimensions:      288       288       288
mmppix:       0.7986   -0.7986   -0.7986
center:     115.0000 -115.7986 -115.7986
fimgreg.f
image alignment mode   2311 decimal      907 hex
parameters
   -0.7166   25.6492    4.0453   -9.5371  -19.3648   -8.0393
   -1.1721    5.6371   -1.3247   16.3160   -9.1898  -21.0188
eta,q 0.97234  9.24603
niter,ni,del,rscale     5    3    5.0000    0.8000
parameters
   -0.7057   25.5890    4.0963  -10.0349  -19.7550   -8.3182
   -0.9979    5.6434   -1.3284   16.2792   -9.3223  -21.0026
eta,q 0.97208  9.23262
  0.0311  0.0300  0.0296  0.0308  0.0304  0.0319  0.0307  0.0332  0.0298  0.0309  0.0293  0.0290
  0.0292  0.0287  0.0286  0.0295  0.0292  0.0303  0.0292  0.0303  0.0288  0.0294  0.0285  0.0284
  0.0280  0.0279  0.0279  0.0283  0.0283  0.0288  0.0283  0.0285  0.0282  0.0283  0.0280  0.0280
  0.0277  0.0277  0.0277  0.0277  0.0278  0.0278  0.0279  0.0279  0.0279  0.0279  0.0279  0.0279
  0.0281  0.0280  0.0278  0.0281  0.0280  0.0283  0.0282  0.0286  0.0281  0.0282  0.0281  0.0280
  0.0292  0.0289  0.0284  0.0301  0.0294  0.0302  0.0290  0.0304  0.0288  0.0293  0.0287  0.0284
  0.0310  0.0304  0.0294  0.0334  0.0321  0.0340  0.0303  0.0332  0.0298  0.0312  0.0294  0.0290
niter,ni,del,rscale     4    3    5.0000    0.7000
parameters
   -0.6971   25.6630    3.9787   -9.8022  -19.6754   -8.3324
   -1.0794    5.6877   -1.3399   16.3608   -9.3444  -21.0740
eta,q 0.97219  9.23650
  0.0303  0.0299  0.0290  0.0309  0.0302  0.0313  0.0298  0.0322  0.0293  0.0303  0.0290  0.0286
  0.0290  0.0289  0.0283  0.0298  0.0292  0.0300  0.0287  0.0298  0.0285  0.0290  0.0283  0.0281
  0.0282  0.0282  0.0280  0.0287  0.0283  0.0287  0.0280  0.0283  0.0280  0.0282  0.0279  0.0279
  0.0279  0.0279  0.0279  0.0279  0.0278  0.0278  0.0278  0.0278  0.0278  0.0278  0.0278  0.0278
  0.0282  0.0280  0.0281  0.0278  0.0278  0.0280  0.0281  0.0283  0.0280  0.0280  0.0280  0.0279
  0.0290  0.0286  0.0286  0.0288  0.0287  0.0294  0.0288  0.0298  0.0285  0.0288  0.0284  0.0282
  0.0302  0.0295  0.0294  0.0309  0.0304  0.0321  0.0299  0.0320  0.0293  0.0302  0.0290  0.0287
niter,ni,del,rscale     3    3    5.0000    0.6000
parameters
   -0.7043   25.6739    3.9859   -9.6482  -19.5682   -8.2439
   -1.1155    5.6825   -1.3369   16.3720   -9.2939  -21.0789
eta,q 0.97226  9.24067
  0.0296  0.0292  0.0288  0.0302  0.0296  0.0307  0.0293  0.0311  0.0289  0.0296  0.0287  0.0284
  0.0286  0.0284  0.0282  0.0292  0.0288  0.0295  0.0284  0.0293  0.0283  0.0286  0.0282  0.0280
  0.0280  0.0280  0.0279  0.0284  0.0282  0.0284  0.0279  0.0281  0.0279  0.0280  0.0278  0.0278
  0.0278  0.0278  0.0278  0.0278  0.0278  0.0278  0.0277  0.0277  0.0277  0.0277  0.0277  0.0277
  0.0280  0.0279  0.0279  0.0278  0.0278  0.0279  0.0279  0.0281  0.0278  0.0279  0.0278  0.0278
  0.0286  0.0284  0.0282  0.0286  0.0284  0.0289  0.0285  0.0293  0.0283  0.0285  0.0281  0.0280
  0.0296  0.0292  0.0288  0.0302  0.0297  0.0308  0.0293  0.0311  0.0289  0.0296  0.0286  0.0284
niter,ni,del,rscale     2    3    5.0000    0.5000
parameters
   -0.7120   25.6618    4.0204   -9.5412  -19.4703   -8.1383
   -1.1415    5.6570   -1.3287   16.3435   -9.2310  -21.0309
eta,q 0.97231  9.24369
  0.0290  0.0287  0.0285  0.0295  0.0291  0.0300  0.0288  0.0301  0.0285  0.0290  0.0284  0.0281
  0.0283  0.0282  0.0281  0.0288  0.0285  0.0290  0.0282  0.0288  0.0281  0.0283  0.0280  0.0279
  0.0279  0.0278  0.0278  0.0281  0.0280  0.0282  0.0278  0.0280  0.0278  0.0278  0.0278  0.0277
  0.0277  0.0277  0.0277  0.0277  0.0277  0.0277  0.0277  0.0277  0.0277  0.0277  0.0277  0.0277
  0.0279  0.0278  0.0278  0.0278  0.0277  0.0278  0.0278  0.0280  0.0278  0.0278  0.0278  0.0277
  0.0283  0.0282  0.0280  0.0284  0.0282  0.0285  0.0282  0.0288  0.0281  0.0283  0.0280  0.0279
  0.0291  0.0287  0.0284  0.0295  0.0291  0.0299  0.0288  0.0302  0.0285  0.0291  0.0283  0.0281
niter,ni,del,rscale     1    3    5.0000    0.4000
parameters
   -0.7194   25.6424    4.0594   -9.4577  -19.3760   -8.0470
   -1.1661    5.6275   -1.3251   16.2896   -9.1572  -20.9604
eta,q 0.97234  9.24608
  0.0285  0.0283  0.0282  0.0289  0.0286  0.0292  0.0284  0.0292  0.0282  0.0285  0.0281  0.0280
  0.0281  0.0279  0.0279  0.0284  0.0282  0.0285  0.0280  0.0284  0.0279  0.0280  0.0279  0.0278
  0.0278  0.0277  0.0278  0.0279  0.0278  0.0279  0.0277  0.0278  0.0277  0.0278  0.0277  0.0277
  0.0277  0.0277  0.0277  0.0277  0.0277  0.0277  0.0277  0.0277  0.0277  0.0277  0.0277  0.0277
  0.0278  0.0278  0.0277  0.0277  0.0277  0.0278  0.0278  0.0279  0.0277  0.0278  0.0277  0.0277
  0.0281  0.0280  0.0279  0.0281  0.0280  0.0283  0.0280  0.0284  0.0279  0.0281  0.0278  0.0278
  0.0286  0.0284  0.0281  0.0289  0.0285  0.0291  0.0284  0.0293  0.0282  0.0286  0.0281  0.0279
registration optimization eta report
parameter search radius
    0.8000    0.8000    0.8000    2.4000    2.4000    2.4000
    2.4000    2.4000    2.4000    2.4000    2.4000    2.4000
100000*second partial in parameter space
      133.      100.       72.       21.       15.       26.
       13.       28.        9.       15.        8.        5.
  0.0285  0.0283  0.0282  0.0289  0.0286  0.0292  0.0284  0.0292  0.0282  0.0285  0.0281  0.0280
  0.0281  0.0279  0.0279  0.0284  0.0282  0.0285  0.0280  0.0284  0.0279  0.0280  0.0279  0.0278
  0.0278  0.0277  0.0278  0.0279  0.0278  0.0279  0.0277  0.0278  0.0277  0.0278  0.0277  0.0277
  0.0277  0.0277  0.0277  0.0277  0.0277  0.0277  0.0277  0.0277  0.0277  0.0277  0.0277  0.0277
  0.0278  0.0278  0.0277  0.0277  0.0277  0.0278  0.0278  0.0279  0.0277  0.0278  0.0277  0.0277
  0.0281  0.0280  0.0279  0.0281  0.0280  0.0283  0.0280  0.0284  0.0279  0.0281  0.0278  0.0278
  0.0286  0.0284  0.0281  0.0289  0.0285  0.0291  0.0284  0.0293  0.0282  0.0286  0.0281  0.0279
   -0.7194   25.6424    4.0594   -9.4577  -19.3760   -8.0470
   -1.1661    5.6275   -1.3251   16.2896   -9.1572  -20.9604
eta,q 0.97234  9.24608

---------------------------------------------------------------------
compute_vox2vox talsrcimg talsrcimg_to_711-2C_as_mni_average_305_t4 /opt/freesurfer/average/711-2C_as_mni_average_305
---------------------------------------------------------------------

freesurfer compute_vox2vox.c
Reading: talsrcimg.4dfp.ifh
Reading: talsrcimg_to_711-2C_as_mni_average_305_t4
Reading: /opt/freesurfer/average/711-2C_as_mni_average_305.4dfp.ifh
Writing: talsrcimg_to_711-2C_as_mni_average_305_t4_vox2vox.txt

start time lun 02 sep 2024 15:26:51 CEST
end		time lun 02 sep 2024 15:27:10 CEST

mpr2mni305 success

avi2talxfm orig_nu.mgz /opt/freesurfer/average/mni305.cor.mgz talsrcimg_to_711-2C_as_mni_average_305_t4_vox2vox.txt transforms/talairach.auto.xfm
avi2talxfm done
mv -f /data/derivatives/bootcamp-geneva/fmriprep-24.0.0/sourcedata/freesurfer/sub-17/mri/talsrcimg_to_711-2C_as_mni_average_305_t4_vox2vox.txt /data/derivatives/bootcamp-geneva/fmriprep-24.0.0/sourcedata/freesurfer/sub-17/mri/transforms/talsrcimg_to_711-2C_as_mni_average_305_t4_vox2vox.txt
lta_convert --src orig_nu.mgz --trg /opt/freesurfer/average/mni305.cor.mgz --inxfm transforms/talairach.auto.xfm --outlta transforms/talairach.auto.xfm.lta --subject fsaverage
7.3.2

--src: orig_nu.mgz src image (geometry).
--trg: /opt/freesurfer/average/mni305.cor.mgz trg image (geometry).
--inmni: transforms/talairach.auto.xfm input MNI/XFM transform.
--outlta: transforms/talairach.auto.xfm.lta output LTA.
--s: fsaverage subject name
 LTA read, type : 1
 1.09767  -0.06691  -0.00152   1.15141;
 0.10843   1.03302   0.27013  -14.22678;
-0.00387  -0.20982   1.18572   0.53020;
 0.00000   0.00000   0.00000   1.00000;
setting subject to fsaverage
Writing  LTA to file transforms/talairach.auto.xfm.lta...
lta_convert successful.
 
 
Started at lun 02 sep 2024 15:26:51 CEST
Ended   at lun 02 sep 2024 15:27:10 CEST
talairach_avi done
