/data/derivatives/bootcamp-geneva/fmriprep-24.0.0/sourcedata/freesurfer/sub-11/mri
/opt/freesurfer/bin/talairach_avi
--i orig_nu.mgz --xfm transforms/talairach.auto.xfm
talairach_avi 7.3.2
Linux hos70297 5.19.0-50-generic #50-Ubuntu SMP PREEMPT_DYNAMIC Mon Jul 10 18:24:29 UTC 2023 x86_64 x86_64 x86_64 GNU/Linux
lun 02 sep 2024 14:35:52 CEST
mri_convert orig_nu.mgz talsrcimg.img 
reading from orig_nu.mgz...
TR=0.00, TE=0.00, TI=0.00, flip angle=0.00
i_ras = (-1, -3.50764e-09, -5.83089e-10)
j_ras = (5.83089e-10, 0, -1)
k_ras = (-1.1434e-09, 1, 0)
writing to talsrcimg.img...
Analyze Output Matrix
-0.79861   0.00000  -0.00000   110.54263;
-0.00000   0.00000   0.79861  -102.24144;
-0.00000  -0.79861   0.00000   89.71944;
 0.00000   0.00000   0.00000   1.00000;
--------------------
INFO: set hdr.hist.orient to -1
mpr2mni305 talsrcimg
lun 02 sep 2024 14:35:52 CEST
/opt/freesurfer/bin/mpr2mni305 talsrcimg
mpr2mni305 7.3.2
target=711-2C_as_mni_average_305

---------------------------------------------------------------------
analyzeto4dfp talsrcimg -O0 -y
---------------------------------------------------------------------

freesurfer ifh2hdr.c
Mon Sep  2 14:35:52 2024
Writing: talsrcimg.4dfp.hdr
freesurfer analyzeto4dfp.c
Reading: talsrcimg.hdr
header size 348 bytes
hdr.dime.datatype	offset=70	value=2
hdr.dime.bitpix		offset=72	value=8
hdr.hist.orient		offset=252	value=-1
dimensionality     4
dimensions       288       288       288         1
Reading: talsrcimg.img
Writing: talsrcimg.4dfp.img
Writing: talsrcimg.4dfp.ifh
ifh2hdr talsrcimg -r0to239
ori=2

---------------------------------------------------------------------
gauss_4dfp talsrcimg 1.1
---------------------------------------------------------------------

freesurfer gauss_4dfp.c
Reading: talsrcimg.4dfp.img
Writing: talsrcimg_g11.4dfp.img
image dimensions 288 288 288 padded to 320 320 320
processing volume 1freesurfer ifh2hdr.c
Mon Sep  2 14:35:59 2024
Writing: talsrcimg_g11.4dfp.hdr

Writing: talsrcimg_g11.4dfp.ifh
including: talsrcimg.4dfp.img.rec in talsrcimg_g11.4dfp.img.rec

---------------------------------------------------------------------
imgreg_4dfp /opt/freesurfer/average/711-2C_as_mni_average_305 none talsrcimg_g11 none talsrcimg_to_711-2C_as_mni_average_305_t4 4355
---------------------------------------------------------------------

freesurfer imgreg_4dfp.c
/opt/freesurfer/average/711-2C_as_mni_average_305.4dfp.img
       256       256       256         1
  1.000000  1.000000  1.000000
orientation T byte_order littleendian
Reading image: /opt/freesurfer/average/711-2C_as_mni_average_305.4dfp.img
dimensions:      256       256       256
mmppix:       1.0000   -1.0000   -1.0000
center:     128.0000 -129.0000 -129.0000
talsrcimg_g11.4dfp.img
       288       288       288         1
  0.798611  0.798611  0.798611
orientation T byte_order littleendian
Reading image: talsrcimg_g11.4dfp.img
dimensions:      288       288       288
mmppix:       0.7986   -0.7986   -0.7986
center:     115.0000 -115.7986 -115.7986
t4_read: open error in t4_sub.f l:  41 t4_file(1:l)talsrcimg_to_711-2C_as_mni_average_305_t4 
t4_read: transform initialized to I4
rotation matrix determinant  1.000000
image alignment mode   4355 decimal     1103 hex
   -7.5000  -45.0000  -45.0000 6657.7485    7.5987
    0.0000  -45.0000  -45.0000 6722.8760    7.6009
    7.5000  -45.0000  -45.0000 6406.3071    7.6001
   -7.5000  -37.5000  -45.0000 7035.8643    7.8414
    0.0000  -37.5000  -45.0000 7101.5483    7.8469
    7.5000  -37.5000  -45.0000 6753.1641    7.8492
   -7.5000  -30.0000  -45.0000 7463.8374    7.9015
    0.0000  -30.0000  -45.0000 7523.9136    7.9089
    7.5000  -30.0000  -45.0000 7136.9409    7.9164
   -7.5000  -22.5000  -45.0000 8072.3213    7.7613
    0.0000  -22.5000  -45.0000 8131.7207    7.7679
    7.5000  -22.5000  -45.0000 7690.4082    7.7767
   -7.5000  -15.0000  -45.0000 8581.4307    7.6993
    0.0000  -15.0000  -45.0000 8656.7812    7.7029
    7.5000  -15.0000  -45.0000 8167.4106    7.7068
   -7.5000   -7.5000  -45.0000 8694.6162    7.7003
    0.0000   -7.5000  -45.0000 8786.1562    7.7007
    7.5000   -7.5000  -45.0000 8259.1035    7.6979
   -7.5000    0.0000  -45.0000 8705.0850    7.6882
    0.0000    0.0000  -45.0000 8804.7920    7.6890
    7.5000    0.0000  -45.0000 8262.0586    7.6841
   -7.5000    7.5000  -45.0000 8271.6816    7.7496
    0.0000    7.5000  -45.0000 8356.4102    7.7539
    7.5000    7.5000  -45.0000 7856.9390    7.7536
   -7.5000   15.0000  -45.0000 8167.1006    7.8796
    0.0000   15.0000  -45.0000 8250.6133    7.8882
    7.5000   15.0000  -45.0000 7748.9092    7.8947
   -7.5000   22.5000  -45.0000 7702.5488    7.9486
    0.0000   22.5000  -45.0000 7787.6831    7.9573
    7.5000   22.5000  -45.0000 7297.9258    7.9671
   -7.5000   30.0000  -45.0000 7231.6636    7.9564
    0.0000   30.0000  -45.0000 7312.7310    7.9636
    7.5000   30.0000  -45.0000 6875.0161    7.9700
   -7.5000   37.5000  -45.0000 6802.7720    7.9528
    0.0000   37.5000  -45.0000 6881.6138    7.9563
    7.5000   37.5000  -45.0000 6483.3911    7.9537
   -7.5000   45.0000  -45.0000 6395.5854    7.9413
    0.0000   45.0000  -45.0000 6450.1558    7.9446
    7.5000   45.0000  -45.0000 6101.1494    7.9359
   -7.5000  -45.0000  -37.5000 7124.1611    7.9949
    0.0000  -45.0000  -37.5000 7177.2119    7.9994
    7.5000  -45.0000  -37.5000 6827.7852    7.9971
   -7.5000  -37.5000  -37.5000 7541.2349    8.2568
    0.0000  -37.5000  -37.5000 7599.4385    8.2655
    7.5000  -37.5000  -37.5000 7215.1006    8.2671
   -7.5000  -30.0000  -37.5000 8030.3438    8.3059
    0.0000  -30.0000  -37.5000 8094.1558    8.3162
    7.5000  -30.0000  -37.5000 7662.9116    8.3227
   -7.5000  -22.5000  -37.5000 8708.3066    8.1571
    0.0000  -22.5000  -37.5000 8773.5508    8.1656
    7.5000  -22.5000  -37.5000 8284.1572    8.1729
   -7.5000  -15.0000  -37.5000 9267.6318    8.0910
    0.0000  -15.0000  -37.5000 9341.1533    8.0960
    7.5000  -15.0000  -37.5000 8803.3896    8.0981
   -7.5000   -7.5000  -37.5000 9382.0020    8.0928
    0.0000   -7.5000  -37.5000 9461.5459    8.0950
    7.5000   -7.5000  -37.5000 8903.9004    8.0903
   -7.5000    0.0000  -37.5000 9391.8691    8.0823
    0.0000    0.0000  -37.5000 9470.7725    8.0853
    7.5000    0.0000  -37.5000 8915.7568    8.0789
   -7.5000    7.5000  -37.5000 8927.2520    8.1468
    0.0000    7.5000  -37.5000 9003.2344    8.1539
    7.5000    7.5000  -37.5000 8469.7227    8.1527
   -7.5000   15.0000  -37.5000 8805.2178    8.2809
    0.0000   15.0000  -37.5000 8874.5459    8.2916
    7.5000   15.0000  -37.5000 8340.3203    8.2969
   -7.5000   22.5000  -37.5000 8286.6895    8.3515
    0.0000   22.5000  -37.5000 8354.6973    8.3608
    7.5000   22.5000  -37.5000 7861.0586    8.3683
   -7.5000   30.0000  -37.5000 7801.9893    8.3627
    0.0000   30.0000  -37.5000 7858.9976    8.3700
    7.5000   30.0000  -37.5000 7398.2852    8.3730
   -7.5000   37.5000  -37.5000 7357.9707    8.3599
    0.0000   37.5000  -37.5000 7412.8076    8.3640
    7.5000   37.5000  -37.5000 6985.8833    8.3579
   -7.5000   45.0000  -37.5000 6941.4272    8.3400
    0.0000   45.0000  -37.5000 6970.1855    8.3444
    7.5000   45.0000  -37.5000 6588.5708    8.3333
   -7.5000  -45.0000  -30.0000 7505.1807    8.3609
    0.0000  -45.0000  -30.0000 7584.3628    8.3662
    7.5000  -45.0000  -30.0000 7195.4375    8.3642
   -7.5000  -37.5000  -30.0000 7989.2246    8.6440
    0.0000  -37.5000  -30.0000 8071.2256    8.6538
    7.5000  -37.5000  -30.0000 7642.7300    8.6557
   -7.5000  -30.0000  -30.0000 8546.7891    8.6870
    0.0000  -30.0000  -30.0000 8631.0088    8.6986
    7.5000  -30.0000  -30.0000 8153.2578    8.7052
   -7.5000  -22.5000  -30.0000 9268.5000    8.5301
    0.0000  -22.5000  -30.0000 9345.5645    8.5401
    7.5000  -22.5000  -30.0000 8811.7812    8.5478
   -7.5000  -15.0000  -30.0000 9885.2646    8.4573
    0.0000  -15.0000  -30.0000 9950.8936    8.4635
    7.5000  -15.0000  -30.0000 9384.0293    8.4663
   -7.5000   -7.5000  -30.000010037.8848    8.4567
    0.0000   -7.5000  -30.000010104.7822    8.4601
    7.5000   -7.5000  -30.0000 9523.3789    8.4561
   -7.5000    0.0000  -30.000010054.9121    8.4471
    0.0000    0.0000  -30.000010132.1270    8.4512
    7.5000    0.0000  -30.0000 9547.3770    8.4456
   -7.5000    7.5000  -30.0000 9568.8359    8.5176
    0.0000    7.5000  -30.0000 9638.9785    8.5257
    7.5000    7.5000  -30.0000 9059.3008    8.5248
   -7.5000   15.0000  -30.0000 9443.7510    8.6586
    0.0000   15.0000  -30.0000 9505.6475    8.6705
    7.5000   15.0000  -30.0000 8939.2549    8.6758
   -7.5000   22.5000  -30.0000 8888.9854    8.7306
    0.0000   22.5000  -30.0000 8950.7227    8.7413
    7.5000   22.5000  -30.0000 8429.7354    8.7491
   -7.5000   30.0000  -30.0000 8379.8340    8.7423
    0.0000   30.0000  -30.0000 8428.8965    8.7503
    7.5000   30.0000  -30.0000 7947.8433    8.7533
   -7.5000   37.5000  -30.0000 7901.5332    8.7420
    0.0000   37.5000  -30.0000 7947.9971    8.7470
    7.5000   37.5000  -30.0000 7494.3945    8.7400
   -7.5000   45.0000  -30.0000 7452.4604    8.7195
    0.0000   45.0000  -30.0000 7467.7954    8.7250
    7.5000   45.0000  -30.0000 7069.7983    8.7134
   -7.5000  -45.0000  -22.5000 7913.2583    8.7158
    0.0000  -45.0000  -22.5000 7994.8574    8.7198
    7.5000  -45.0000  -22.5000 7583.5674    8.7182
   -7.5000  -37.5000  -22.5000 8445.8408    9.0192
    0.0000  -37.5000  -22.5000 8527.3691    9.0273
    7.5000  -37.5000  -22.5000 8074.0273    9.0291
   -7.5000  -30.0000  -22.5000 9037.0215    9.0582
    0.0000  -30.0000  -22.5000 9127.8926    9.0690
    7.5000  -30.0000  -22.5000 8631.3115    9.0758
   -7.5000  -22.5000  -22.5000 9793.6484    8.8956
    0.0000  -22.5000  -22.5000 9893.3623    8.9056
    7.5000  -22.5000  -22.5000 9338.4580    8.9147
   -7.5000  -15.0000  -22.500010474.8184    8.8170
    0.0000  -15.0000  -22.500010560.3594    8.8234
    7.5000  -15.0000  -22.5000 9965.9336    8.8279
   -7.5000   -7.5000  -22.500010670.0479    8.8128
    0.0000   -7.5000  -22.500010768.0029    8.8158
    7.5000   -7.5000  -22.500010145.5186    8.8134
   -7.5000    0.0000  -22.500010730.1602    8.8015
    0.0000    0.0000  -22.500010846.3311    8.8046
    7.5000    0.0000  -22.500010203.1367    8.7998
   -7.5000    7.5000  -22.500010254.0664    8.8772
    0.0000    7.5000  -22.500010357.8447    8.8841
    7.5000    7.5000  -22.5000 9725.7764    8.8831
   -7.5000   15.0000  -22.500010130.5400    9.0276
    0.0000   15.0000  -22.500010215.4863    9.0395
    7.5000   15.0000  -22.5000 9593.6377    9.0455
   -7.5000   22.5000  -22.5000 9556.7314    9.1050
    0.0000   22.5000  -22.5000 9629.2314    9.1171
    7.5000   22.5000  -22.5000 9033.5703    9.1270
   -7.5000   30.0000  -22.5000 9007.9209    9.1191
    0.0000   30.0000  -22.5000 9078.7305    9.1281
    7.5000   30.0000  -22.5000 8512.5586    9.1339
   -7.5000   37.5000  -22.5000 8477.6064    9.1209
    0.0000   37.5000  -22.5000 8536.7686    9.1263
    7.5000   37.5000  -22.5000 8029.3452    9.1208
   -7.5000   45.0000  -22.5000 7974.7295    9.1030
    0.0000   45.0000  -22.5000 8000.5996    9.1086
    7.5000   45.0000  -22.5000 7583.0176    9.0974
   -7.5000  -45.0000  -15.0000 8256.8809    8.9894
    0.0000  -45.0000  -15.0000 8367.2920    8.9914
    7.5000  -45.0000  -15.0000 7936.3535    8.9907
   -7.5000  -37.5000  -15.0000 8816.7695    9.3029
    0.0000  -37.5000  -15.0000 8928.2432    9.3084
    7.5000  -37.5000  -15.0000 8447.8301    9.3103
   -7.5000  -30.0000  -15.0000 9428.3945    9.3385
    0.0000  -30.0000  -15.0000 9552.0293    9.3472
    7.5000  -30.0000  -15.0000 9041.7354    9.3550
   -7.5000  -22.5000  -15.000010219.1670    9.1737
    0.0000  -22.5000  -15.000010334.3828    9.1825
    7.5000  -22.5000  -15.0000 9786.9092    9.1933
   -7.5000  -15.0000  -15.000010976.9297    9.0925
    0.0000  -15.0000  -15.000011060.4609    9.0980
    7.5000  -15.0000  -15.000010448.9561    9.1045
   -7.5000   -7.5000  -15.000011210.4775    9.0857
    0.0000   -7.5000  -15.000011311.4170    9.0872
    7.5000   -7.5000  -15.000010689.1865    9.0864
   -7.5000    0.0000  -15.000011353.6113    9.0718
    0.0000    0.0000  -15.000011492.5801    9.0729
    7.5000    0.0000  -15.000010823.1045    9.0687
   -7.5000    7.5000  -15.000010907.0371    9.1497
    0.0000    7.5000  -15.000011063.4277    9.1545
    7.5000    7.5000  -15.000010399.1162    9.1537
   -7.5000   15.0000  -15.000010810.1934    9.3079
    0.0000   15.0000  -15.000010942.2695    9.3190
    7.5000   15.0000  -15.000010252.6777    9.3261
   -7.5000   22.5000  -15.000010195.4688    9.3913
    0.0000   22.5000  -15.000010303.8271    9.4038
    7.5000   22.5000  -15.0000 9627.4199    9.4164
   -7.5000   30.0000  -15.0000 9590.7002    9.4096
    0.0000   30.0000  -15.0000 9701.8018    9.4194
    7.5000   30.0000  -15.0000 9068.4951    9.4290
   -7.5000   37.5000  -15.0000 8991.2393    9.4139
    0.0000   37.5000  -15.0000 9089.0098    9.4193
    7.5000   37.5000  -15.0000 8531.5986    9.4170
   -7.5000   45.0000  -15.0000 8445.8418    9.4017
    0.0000   45.0000  -15.0000 8507.0479    9.4065
    7.5000   45.0000  -15.0000 8053.7329    9.3967
   -7.5000  -45.0000   -7.5000 8350.4443    8.9971
    0.0000  -45.0000   -7.5000 8467.7979    8.9978
    7.5000  -45.0000   -7.5000 8047.1680    8.9973
   -7.5000  -37.5000   -7.5000 8916.7793    9.3055
    0.0000  -37.5000   -7.5000 9054.3799    9.3096
    7.5000  -37.5000   -7.5000 8575.5518    9.3119
   -7.5000  -30.0000   -7.5000 9551.9668    9.3372
    0.0000  -30.0000   -7.5000 9694.8770    9.3443
    7.5000  -30.0000   -7.5000 9180.4121    9.3528
   -7.5000  -22.5000   -7.500010334.5605    9.1739
    0.0000  -22.5000   -7.500010463.9033    9.1811
    7.5000  -22.5000   -7.5000 9895.0430    9.1922
   -7.5000  -15.0000   -7.500011102.5107    9.0974
    0.0000  -15.0000   -7.500011213.1123    9.1011
    7.5000  -15.0000   -7.500010592.9512    9.1072
   -7.5000   -7.5000   -7.500011343.0576    9.0935
    0.0000   -7.5000   -7.500011486.6035    9.0932
    7.5000   -7.5000   -7.500010856.5635    9.0917
   -7.5000    0.0000   -7.500011565.0723    9.0784
    0.0000    0.0000   -7.500011773.9160    9.0778
    7.5000    0.0000   -7.500011097.7686    9.0732
   -7.5000    7.5000   -7.500011269.5166    9.1519
    0.0000    7.5000   -7.500011539.5234    9.1553
    7.5000    7.5000   -7.500010795.5869    9.1546
   -7.5000   15.0000   -7.500011255.2354    9.3082
    0.0000   15.0000   -7.500011490.9531    9.3178
    7.5000   15.0000   -7.500010685.1328    9.3255
   -7.5000   22.5000   -7.500010595.9668    9.3937
    0.0000   22.5000   -7.500010787.2568    9.4045
    7.5000   22.5000   -7.5000 9987.9111    9.4175
   -7.5000   30.0000   -7.5000 9893.0410    9.4175
    0.0000   30.0000   -7.500010088.1475    9.4262
    7.5000   30.0000   -7.5000 9344.6006    9.4362
   -7.5000   37.5000   -7.5000 9235.3408    9.4252
    0.0000   37.5000   -7.5000 9412.4062    9.4293
    7.5000   37.5000   -7.5000 8760.1836    9.4281
   -7.5000   45.0000   -7.5000 8679.3135    9.4145
    0.0000   45.0000   -7.5000 8825.1475    9.4178
    7.5000   45.0000   -7.5000 8263.8271    9.4085
   -7.5000  -45.0000    0.0000 8275.0107    9.2335
    0.0000  -45.0000    0.0000 8414.7676    9.2358
    7.5000  -45.0000    0.0000 7979.7461    9.2340
   -7.5000  -37.5000    0.0000 8852.5684    9.5423
    0.0000  -37.5000    0.0000 8997.5439    9.5488
    7.5000  -37.5000    0.0000 8524.9561    9.5507
   -7.5000  -30.0000    0.0000 9512.0527    9.5634
    0.0000  -30.0000    0.0000 9629.5869    9.5722
    7.5000  -30.0000    0.0000 9128.4697    9.5802
   -7.5000  -22.5000    0.000010273.3398    9.3953
    0.0000  -22.5000    0.000010378.6660    9.4029
    7.5000  -22.5000    0.0000 9836.1377    9.4124
   -7.5000  -15.0000    0.000011020.5459    9.3202
    0.0000  -15.0000    0.000011143.6777    9.3239
    7.5000  -15.0000    0.000010546.5107    9.3275
   -7.5000   -7.5000    0.000011282.2197    9.3204
    0.0000   -7.5000    0.000011437.0420    9.3204
    7.5000   -7.5000    0.000010807.2988    9.3162
   -7.5000    0.0000    0.000011557.8213    9.3062
    0.0000    0.0000    0.000011846.1387    9.3068
    7.5000    0.0000    0.000011105.3662    9.3001
   -7.5000    7.5000    0.000011439.6445    9.3773
    0.0000    7.5000    0.000011901.0928    9.3823
    7.5000    7.5000    0.000010930.3936    9.3812
   -7.5000   15.0000    0.000011519.4395    9.5333
    0.0000   15.0000    0.000012070.8242    9.5436
    7.5000   15.0000    0.000010922.4053    9.5505
   -7.5000   22.5000    0.000010793.6162    9.6222
    0.0000   22.5000    0.000011294.7158    9.6323
    7.5000   22.5000    0.000010177.8828    9.6428
   -7.5000   30.0000    0.0000 9996.1445    9.6560
    0.0000   30.0000    0.000010418.1875    9.6640
    7.5000   30.0000    0.0000 9455.9785    9.6705
   -7.5000   37.5000    0.0000 9290.4170    9.6757
    0.0000   37.5000    0.0000 9641.5166    9.6793
    7.5000   37.5000    0.0000 8815.1328    9.6751
   -7.5000   45.0000    0.0000 8716.4551    9.6742
    0.0000   45.0000    0.0000 8978.1748    9.6776
    7.5000   45.0000    0.0000 8284.7432    9.6664
   -7.5000  -45.0000    7.5000 7874.9429    9.2426
    0.0000  -45.0000    7.5000 7968.1606    9.2480
    7.5000  -45.0000    7.5000 7587.1528    9.2455
   -7.5000  -37.5000    7.5000 8478.9443    9.5533
    0.0000  -37.5000    7.5000 8565.0186    9.5635
    7.5000  -37.5000    7.5000 8129.2505    9.5653
   -7.5000  -30.0000    7.5000 9113.3477    9.5730
    0.0000  -30.0000    7.5000 9178.2744    9.5848
    7.5000  -30.0000    7.5000 8713.6631    9.5921
   -7.5000  -22.5000    7.5000 9830.8467    9.4018
    0.0000  -22.5000    7.5000 9957.3672    9.4114
    7.5000  -22.5000    7.5000 9407.9893    9.4195
   -7.5000  -15.0000    7.500010549.2012    9.3249
    0.0000  -15.0000    7.500010779.0166    9.3305
    7.5000  -15.0000    7.500010103.0957    9.3326
   -7.5000   -7.5000    7.500010853.3145    9.3261
    0.0000   -7.5000    7.500011192.1123    9.3287
    7.5000   -7.5000    7.500010401.7998    9.3232
   -7.5000    0.0000    7.500011155.6006    9.3144
    0.0000    0.0000    7.500011697.3018    9.3180
    7.5000    0.0000    7.500010696.0205    9.3109
   -7.5000    7.5000    7.500010987.5527    9.3866
    0.0000    7.5000    7.500011717.3125    9.3949
    7.5000    7.5000    7.500010486.0010    9.3936
   -7.5000   15.0000    7.500011004.0215    9.5410
    0.0000   15.0000    7.500011787.9062    9.5533
    7.5000   15.0000    7.500010458.1953    9.5592
   -7.5000   22.5000    7.500010272.6758    9.6277
    0.0000   22.5000    7.500010952.4072    9.6384
    7.5000   22.5000    7.5000 9780.5889    9.6466
   -7.5000   30.0000    7.5000 9564.7217    9.6608
    0.0000   30.0000    7.500010122.6709    9.6691
    7.5000   30.0000    7.5000 9138.8096    9.6721
   -7.5000   37.5000    7.5000 8939.6729    9.6830
    0.0000   37.5000    7.5000 9410.7637    9.6878
    7.5000   37.5000    7.5000 8549.2168    9.6806
   -7.5000   45.0000    7.5000 8382.8457    9.6832
    0.0000   45.0000    7.5000 8733.5391    9.6885
    7.5000   45.0000    7.5000 8020.8154    9.6758
   -7.5000  -45.0000   15.0000 7812.2256    9.4366
    0.0000  -45.0000   15.0000 7916.5293    9.4422
    7.5000  -45.0000   15.0000 7533.2148    9.4398
   -7.5000  -37.5000   15.0000 8424.3193    9.7525
    0.0000  -37.5000   15.0000 8576.6396    9.7633
    7.5000  -37.5000   15.0000 8109.5103    9.7653
   -7.5000  -30.0000   15.0000 9051.5000    9.7704
    0.0000  -30.0000   15.0000 9242.4619    9.7833
    7.5000  -30.0000   15.0000 8723.3525    9.7907
   -7.5000  -22.5000   15.0000 9781.5527    9.5897
    0.0000  -22.5000   15.000010055.4941    9.6008
    7.5000  -22.5000   15.0000 9401.8428    9.6096
   -7.5000  -15.0000   15.000010519.7646    9.5059
    0.0000  -15.0000   15.000010872.5967    9.5126
    7.5000  -15.0000   15.000010060.5312    9.5158
   -7.5000   -7.5000   15.000010791.9385    9.5056
    0.0000   -7.5000   15.000011197.1592    9.5089
    7.5000   -7.5000   15.000010300.7861    9.5045
   -7.5000    0.0000   15.000010986.1025    9.4953
    0.0000    0.0000   15.000011490.2881    9.4995
    7.5000    0.0000   15.000010499.5381    9.4931
   -7.5000    7.5000   15.000010640.8955    9.5744
    0.0000    7.5000   15.000011233.5273    9.5832
    7.5000    7.5000   15.000010165.5557    9.5821
   -7.5000   15.0000   15.000010527.5498    9.7356
    0.0000   15.0000   15.000011113.8291    9.7488
    7.5000   15.0000   15.000010079.2568    9.7548
   -7.5000   22.5000   15.0000 9852.3213    9.8256
    0.0000   22.5000   15.000010327.2412    9.8375
    7.5000   22.5000   15.0000 9448.3477    9.8464
   -7.5000   30.0000   15.0000 9266.2158    9.8602
    0.0000   30.0000   15.0000 9649.6006    9.8688
    7.5000   30.0000   15.0000 8875.9043    9.8723
   -7.5000   37.5000   15.0000 8733.0625    9.8877
    0.0000   37.5000   15.0000 9068.9238    9.8927
    7.5000   37.5000   15.0000 8351.1211    9.8847
   -7.5000   45.0000   15.0000 8220.4365    9.8951
    0.0000   45.0000   15.0000 8493.6104    9.9009
    7.5000   45.0000   15.0000 7857.5752    9.8874
   -7.5000  -45.0000   22.5000 7380.0693    9.6966
    0.0000  -45.0000   22.5000 7567.2114    9.7001
    7.5000  -45.0000   22.5000 7151.2197    9.6973
   -7.5000  -37.5000   22.5000 7960.7227   10.0247
    0.0000  -37.5000   22.5000 8181.5259   10.0334
    7.5000  -37.5000   22.5000 7687.2607   10.0342
   -7.5000  -30.0000   22.5000 8564.3262   10.0449
    0.0000  -30.0000   22.5000 8799.0811   10.0567
    7.5000  -30.0000   22.5000 8246.0195   10.0634
   -7.5000  -22.5000   22.5000 9229.8877    9.8547
    0.0000  -22.5000   22.5000 9488.4414    9.8653
    7.5000  -22.5000   22.5000 8823.0400    9.8748
   -7.5000  -15.0000   22.5000 9869.0039    9.7597
    0.0000  -15.0000   22.500010138.4414    9.7656
    7.5000  -15.0000   22.5000 9389.1064    9.7698
   -7.5000   -7.5000   22.500010069.3281    9.7523
    0.0000   -7.5000   22.500010315.1240    9.7542
    7.5000   -7.5000   22.5000 9578.3896    9.7505
   -7.5000    0.0000   22.500010196.6006    9.7408
    0.0000    0.0000   22.500010507.2725    9.7433
    7.5000    0.0000   22.5000 9731.7500    9.7368
   -7.5000    7.5000   22.5000 9808.7656    9.8315
    0.0000    7.5000   22.500010163.4580    9.8388
    7.5000    7.5000   22.5000 9382.6025    9.8365
   -7.5000   15.0000   22.5000 9669.3252   10.0084
    0.0000   15.0000   22.500010020.8438   10.0216
    7.5000   15.0000   22.5000 9270.8096   10.0271
   -7.5000   22.5000   22.5000 9083.9365   10.1069
    0.0000   22.5000   22.5000 9361.0029   10.1198
    7.5000   22.5000   22.5000 8713.0488   10.1302
   -7.5000   30.0000   22.5000 8589.2490   10.1418
    0.0000   30.0000   22.5000 8810.5283   10.1505
    7.5000   30.0000   22.5000 8219.3320   10.1562
   -7.5000   37.5000   22.5000 8151.9561   10.1701
    0.0000   37.5000   22.5000 8347.8398   10.1744
    7.5000   37.5000   22.5000 7765.5493   10.1669
   -7.5000   45.0000   22.5000 7705.1440   10.1864
    0.0000   45.0000   22.5000 7875.7061   10.1916
    7.5000   45.0000   22.5000 7336.1733   10.1772
   -7.5000  -45.0000   30.0000 6917.9189   10.0071
    0.0000  -45.0000   30.0000 7058.6680   10.0070
    7.5000  -45.0000   30.0000 6673.0381   10.0046
   -7.5000  -37.5000   30.0000 7463.5410   10.3450
    0.0000  -37.5000   30.0000 7602.6943   10.3496
    7.5000  -37.5000   30.0000 7167.1113   10.3501
   -7.5000  -30.0000   30.0000 8026.5762   10.3607
    0.0000  -30.0000   30.0000 8165.7622   10.3695
    7.5000  -30.0000   30.0000 7673.1450   10.3769
   -7.5000  -22.5000   30.0000 8613.2383   10.1581
    0.0000  -22.5000   30.0000 8752.1465   10.1672
    7.5000  -22.5000   30.0000 8191.2651   10.1786
   -7.5000  -15.0000   30.0000 9189.4121   10.0593
    0.0000  -15.0000   30.0000 9313.1641   10.0637
    7.5000  -15.0000   30.0000 8715.7764   10.0700
   -7.5000   -7.5000   30.0000 9369.8184   10.0536
    0.0000   -7.5000   30.0000 9482.9756   10.0528
    7.5000   -7.5000   30.0000 8893.5010   10.0503
   -7.5000    0.0000   30.0000 9449.4932   10.0405
    0.0000    0.0000   30.0000 9615.4521   10.0394
    7.5000    0.0000   30.0000 9005.7998   10.0329
   -7.5000    7.5000   30.0000 9046.6572   10.1352
    0.0000    7.5000   30.0000 9260.1055   10.1389
    7.5000    7.5000   30.0000 8651.4238   10.1362
   -7.5000   15.0000   30.0000 8907.2803   10.3235
    0.0000   15.0000   30.0000 9113.8291   10.3351
    7.5000   15.0000   30.0000 8525.0547   10.3418
   -7.5000   22.5000   30.0000 8374.2354   10.4329
    0.0000   22.5000   30.0000 8529.8545   10.4462
    7.5000   22.5000   30.0000 8013.3550   10.4597
   -7.5000   30.0000   30.0000 7931.6572   10.4852
    0.0000   30.0000   30.0000 8066.4209   10.4945
    7.5000   30.0000   30.0000 7579.9521   10.5046
   -7.5000   37.5000   30.0000 7545.9399   10.5279
    0.0000   37.5000   30.0000 7652.6782   10.5314
    7.5000   37.5000   30.0000 7186.6445   10.5269
   -7.5000   45.0000   30.0000 7149.6914   10.5530
    0.0000   45.0000   30.0000 7246.4478   10.5561
    7.5000   45.0000   30.0000 6812.5435   10.5419
   -7.5000  -45.0000   37.5000 6491.6182   10.2787
    0.0000  -45.0000   37.5000 6546.1851   10.2757
    7.5000  -45.0000   37.5000 6217.4150   10.2680
   -7.5000  -37.5000   37.5000 6983.3823   10.6260
    0.0000  -37.5000   37.5000 7056.0620   10.6283
    7.5000  -37.5000   37.5000 6675.0737   10.6245
   -7.5000  -30.0000   37.5000 7498.1519   10.6303
    0.0000  -30.0000   37.5000 7595.3716   10.6366
    7.5000  -30.0000   37.5000 7158.2197   10.6408
   -7.5000  -22.5000   37.5000 8029.5005   10.4176
    0.0000  -22.5000   37.5000 8118.4038   10.4234
    7.5000  -22.5000   37.5000 7653.0449   10.4312
   -7.5000  -15.0000   37.5000 8560.7949   10.3172
    0.0000  -15.0000   37.5000 8644.1641   10.3178
    7.5000  -15.0000   37.5000 8145.7017   10.3191
   -7.5000   -7.5000   37.5000 8740.8467   10.3131
    0.0000   -7.5000   37.5000 8801.1104   10.3084
    7.5000   -7.5000   37.5000 8294.1084   10.3000
   -7.5000    0.0000   37.5000 8810.1006   10.2991
    0.0000    0.0000   37.5000 8909.2734   10.2950
    7.5000    0.0000   37.5000 8371.2627   10.2828
   -7.5000    7.5000   37.5000 8440.2275   10.3870
    0.0000    7.5000   37.5000 8559.3457   10.3884
    7.5000    7.5000   37.5000 8026.0684   10.3813
   -7.5000   15.0000   37.5000 8295.2080   10.5752
    0.0000   15.0000   37.5000 8422.0791   10.5846
    7.5000   15.0000   37.5000 7908.1416   10.5878
   -7.5000   22.5000   37.5000 7800.3770   10.6852
    0.0000   22.5000   37.5000 7897.4868   10.6956
    7.5000   22.5000   37.5000 7432.5024   10.7053
   -7.5000   30.0000   37.5000 7384.7036   10.7445
    0.0000   30.0000   37.5000 7473.5200   10.7510
    7.5000   30.0000   37.5000 7031.8750   10.7564
   -7.5000   37.5000   37.5000 7005.5723   10.7889
    0.0000   37.5000   37.5000 7100.5298   10.7890
    7.5000   37.5000   37.5000 6686.5498   10.7797
   -7.5000   45.0000   37.5000 6640.0112   10.8080
    0.0000   45.0000   37.5000 6715.5127   10.8080
    7.5000   45.0000   37.5000 6334.6216   10.7880
   -7.5000  -45.0000   45.0000 6069.3726   10.5478
    0.0000  -45.0000   45.0000 6116.1709   10.5462
    7.5000  -45.0000   45.0000 5791.6963   10.5397
   -7.5000  -37.5000   45.0000 6490.1191   10.9069
    0.0000  -37.5000   45.0000 6556.9658   10.9097
    7.5000  -37.5000   45.0000 6191.1904   10.9075
   -7.5000  -30.0000   45.0000 6977.9609   10.9054
    0.0000  -30.0000   45.0000 7045.4126   10.9100
    7.5000  -30.0000   45.0000 6641.0796   10.9154
   -7.5000  -22.5000   45.0000 7478.3833   10.6838
    0.0000  -22.5000   45.0000 7525.8091   10.6867
    7.5000  -22.5000   45.0000 7111.2344   10.6945
   -7.5000  -15.0000   45.0000 7971.7676   10.5747
    0.0000  -15.0000   45.0000 8025.2534   10.5735
    7.5000  -15.0000   45.0000 7581.4854   10.5738
   -7.5000   -7.5000   45.0000 8138.9634   10.5673
    0.0000   -7.5000   45.0000 8187.2163   10.5625
    7.5000   -7.5000   45.0000 7708.0713   10.5529
   -7.5000    0.0000   45.0000 8181.7134   10.5544
    0.0000    0.0000   45.0000 8253.6904   10.5508
    7.5000    0.0000   45.0000 7755.6265   10.5384
   -7.5000    7.5000   45.0000 7814.7832   10.6382
    0.0000    7.5000   45.0000 7896.3911   10.6393
    7.5000    7.5000   45.0000 7413.5469   10.6334
   -7.5000   15.0000   45.0000 7690.0693   10.8279
    0.0000   15.0000   45.0000 7783.9922   10.8344
    7.5000   15.0000   45.0000 7320.2212   10.8382
   -7.5000   22.5000   45.0000 7217.3823   10.9361
    0.0000   22.5000   45.0000 7298.3521   10.9417
    7.5000   22.5000   45.0000 6883.5386   10.9501
   -7.5000   30.0000   45.0000 6827.0977   10.9943
    0.0000   30.0000   45.0000 6883.3433   10.9979
    7.5000   30.0000   45.0000 6505.7397   11.0012
   -7.5000   37.5000   45.0000 6479.6758   11.0350
    0.0000   37.5000   45.0000 6539.3687   11.0340
    7.5000   37.5000   45.0000 6178.8833   11.0236
   -7.5000   45.0000   45.0000 6141.9019   11.0489
    0.0000   45.0000   45.0000 6198.7114   11.0472
    7.5000   45.0000   45.0000 5860.4395   11.0267

---------------------------------------------------------------------
imgreg_4dfp /opt/freesurfer/average/711-2C_as_mni_average_305 /opt/freesurfer/average/711-2B_as_mni_average_305_mask talsrcimg_g11 none talsrcimg_to_711-2C_as_mni_average_305_t4 4355
---------------------------------------------------------------------

freesurfer imgreg_4dfp.c
/opt/freesurfer/average/711-2C_as_mni_average_305.4dfp.img
       256       256       256         1
  1.000000  1.000000  1.000000
orientation T byte_order littleendian
Reading image: /opt/freesurfer/average/711-2C_as_mni_average_305.4dfp.img
dimensions:      256       256       256
mmppix:       1.0000   -1.0000   -1.0000
center:     128.0000 -129.0000 -129.0000
/opt/freesurfer/average/711-2B_as_mni_average_305_mask.4dfp.img
       256       256       256         1
  1.000000  1.000000  1.000000
orientation T byte_order littleendian
Reading mask: /opt/freesurfer/average/711-2B_as_mni_average_305_mask.4dfp.img (2306576 pixels)
talsrcimg_g11.4dfp.img
       288       288       288         1
  0.798611  0.798611  0.798611
orientation T byte_order littleendian
Reading image: talsrcimg_g11.4dfp.img
dimensions:      288       288       288
mmppix:       0.7986   -0.7986   -0.7986
center:     115.0000 -115.7986 -115.7986
rotation matrix determinant  1.000000
image alignment mode   4355 decimal     1103 hex
   -7.5000  -30.0000  -45.0000 2167.4336   10.9002
    0.0000  -30.0000  -45.0000 2188.1946   10.9025
    7.5000  -30.0000  -45.0000 2170.6162   10.9224
   -7.5000  -22.5000  -45.0000 2188.4878   10.7182
    0.0000  -22.5000  -45.0000 2203.6797   10.7285
    7.5000  -22.5000  -45.0000 2189.0347   10.7581
   -7.5000  -15.0000  -45.0000 2205.2744   10.5495
    0.0000  -15.0000  -45.0000 2221.7988   10.5435
    7.5000  -15.0000  -45.0000 2205.2136   10.5917
   -7.5000   -7.5000  -45.0000 2224.7849   10.4411
    0.0000   -7.5000  -45.0000 2244.3120   10.4206
    7.5000   -7.5000  -45.0000 2224.6091   10.4317
   -7.5000    0.0000  -45.0000 2242.1904   10.3551
    0.0000    0.0000  -45.0000 2265.6519   10.3078
    7.5000    0.0000  -45.0000 2239.1665   10.3503
   -7.5000    7.5000  -45.0000 2255.1021   10.2469
    0.0000    7.5000  -45.0000 2277.8833   10.2081
    7.5000    7.5000  -45.0000 2252.6396   10.2706
   -7.5000   15.0000  -45.0000 2269.4250   10.2155
    0.0000   15.0000  -45.0000 2286.0525   10.1742
    7.5000   15.0000  -45.0000 2262.0356   10.2617
   -7.5000   22.5000  -45.0000 2281.1450   10.3071
    0.0000   22.5000  -45.0000 2298.0249   10.2548
    7.5000   22.5000  -45.0000 2266.8328   10.3565
   -7.5000   30.0000  -45.0000 2261.6897   10.5551
    0.0000   30.0000  -45.0000 2281.4714   10.5177
    7.5000   30.0000  -45.0000 2252.3308   10.6158
   -7.5000   37.5000  -45.0000 2196.5083   10.9062
    0.0000   37.5000  -45.0000 2215.4792   10.8870
    7.5000   37.5000  -45.0000 2187.9053   10.9687
   -7.5000   45.0000  -45.0000 2090.0835   11.2447
    0.0000   45.0000  -45.0000 2108.4050   11.2379
    7.5000   45.0000  -45.0000 2086.3530   11.2732
   -7.5000   52.5000  -45.0000 1962.3500   11.5008
    0.0000   52.5000  -45.0000 1975.7833   11.4937
    7.5000   52.5000  -45.0000 1953.1447   11.5472
   -7.5000   60.0000  -45.0000 1876.4237   12.4826
    0.0000   60.0000  -45.0000 1889.6610   12.4857
    7.5000   60.0000  -45.0000 1870.5883   12.5785
   -7.5000  -30.0000  -37.5000 2327.9146   10.7895
    0.0000  -30.0000  -37.5000 2353.0491   10.7437
    7.5000  -30.0000  -37.5000 2331.8123   10.7754
   -7.5000  -22.5000  -37.5000 2350.1411   10.6051
    0.0000  -22.5000  -37.5000 2373.4692   10.5862
    7.5000  -22.5000  -37.5000 2351.5432   10.6085
   -7.5000  -15.0000  -37.5000 2366.3105   10.4624
    0.0000  -15.0000  -37.5000 2388.9072   10.4315
    7.5000  -15.0000  -37.5000 2367.9895   10.4439
   -7.5000   -7.5000  -37.5000 2384.0439   10.3323
    0.0000   -7.5000  -37.5000 2403.5029   10.3014
    7.5000   -7.5000  -37.5000 2385.8132   10.3071
   -7.5000    0.0000  -37.5000 2404.3857   10.2593
    0.0000    0.0000  -37.5000 2419.1289   10.2090
    7.5000    0.0000  -37.5000 2402.1760   10.2173
   -7.5000    7.5000  -37.5000 2422.1038   10.1535
    0.0000    7.5000  -37.5000 2438.1345   10.0900
    7.5000    7.5000  -37.5000 2416.8389   10.1465
   -7.5000   15.0000  -37.5000 2430.6897   10.1283
    0.0000   15.0000  -37.5000 2448.9929   10.0611
    7.5000   15.0000  -37.5000 2424.2903   10.1590
   -7.5000   22.5000  -37.5000 2437.8079   10.1892
    0.0000   22.5000  -37.5000 2454.8152   10.1468
    7.5000   22.5000  -37.5000 2430.8604   10.2690
   -7.5000   30.0000  -37.5000 2423.8291   10.4297
    0.0000   30.0000  -37.5000 2443.9490   10.3797
    7.5000   30.0000  -37.5000 2416.0425   10.4949
   -7.5000   37.5000  -37.5000 2360.8010   10.7397
    0.0000   37.5000  -37.5000 2382.3777   10.6830
    7.5000   37.5000  -37.5000 2359.5535   10.7753
   -7.5000   45.0000  -37.5000 2254.3210   11.0310
    0.0000   45.0000  -37.5000 2273.5383   11.0043
    7.5000   45.0000  -37.5000 2250.6079   11.0736
   -7.5000   52.5000  -37.5000 2112.9507   11.2604
    0.0000   52.5000  -37.5000 2130.3337   11.2510
    7.5000   52.5000  -37.5000 2112.8301   11.3147
   -7.5000   60.0000  -37.5000 2023.3923   12.2044
    0.0000   60.0000  -37.5000 2039.0635   12.1879
    7.5000   60.0000  -37.5000 2018.1014   12.2853
   -7.5000  -30.0000  -30.0000 2471.9888   10.5560
    0.0000  -30.0000  -30.0000 2497.3164   10.4860
    7.5000  -30.0000  -30.0000 2477.2769   10.5130
   -7.5000  -22.5000  -30.0000 2493.9368   10.3751
    0.0000  -22.5000  -30.0000 2516.8567   10.3373
    7.5000  -22.5000  -30.0000 2500.9067   10.3828
   -7.5000  -15.0000  -30.0000 2508.5366   10.2210
    0.0000  -15.0000  -30.0000 2531.5605   10.1584
    7.5000  -15.0000  -30.0000 2516.3093   10.2102
   -7.5000   -7.5000  -30.0000 2528.6946   10.0912
    0.0000   -7.5000  -30.0000 2549.2998   10.0405
    7.5000   -7.5000  -30.0000 2534.7273   10.0542
   -7.5000    0.0000  -30.0000 2549.4163   10.0115
    0.0000    0.0000  -30.0000 2565.6074    9.9719
    7.5000    0.0000  -30.0000 2554.6785    9.9615
   -7.5000    7.5000  -30.0000 2561.1438    9.9395
    0.0000    7.5000  -30.0000 2577.0571    9.8793
    7.5000    7.5000  -30.0000 2562.1997    9.8946
   -7.5000   15.0000  -30.0000 2577.9341    9.8891
    0.0000   15.0000  -30.0000 2591.1062    9.8188
    7.5000   15.0000  -30.0000 2573.1509    9.9006
   -7.5000   22.5000  -30.0000 2584.6218    9.9491
    0.0000   22.5000  -30.0000 2597.1011    9.8898
    7.5000   22.5000  -30.0000 2576.0642   10.0108
   -7.5000   30.0000  -30.0000 2577.0454   10.2041
    0.0000   30.0000  -30.0000 2593.4414   10.1272
    7.5000   30.0000  -30.0000 2565.8435   10.2344
   -7.5000   37.5000  -30.0000 2517.5271   10.5119
    0.0000   37.5000  -30.0000 2538.5737   10.4018
    7.5000   37.5000  -30.0000 2512.6001   10.4735
   -7.5000   45.0000  -30.0000 2412.0330   10.7560
    0.0000   45.0000  -30.0000 2429.5601   10.6990
    7.5000   45.0000  -30.0000 2404.6060   10.7364
   -7.5000   52.5000  -30.0000 2264.5764   10.9701
    0.0000   52.5000  -30.0000 2281.7896   10.9274
    7.5000   52.5000  -30.0000 2262.5203   10.9885
   -7.5000   60.0000  -30.0000 2169.5017   11.8692
    0.0000   60.0000  -30.0000 2187.4597   11.8496
    7.5000   60.0000  -30.0000 2168.7307   11.9168
   -7.5000  -30.0000  -22.5000 2575.5674   10.2859
    0.0000  -30.0000  -22.5000 2600.6799   10.1825
    7.5000  -30.0000  -22.5000 2588.8860   10.2479
   -7.5000  -22.5000  -22.5000 2601.8088   10.0825
    0.0000  -22.5000  -22.5000 2628.3140   10.0042
    7.5000  -22.5000  -22.5000 2616.5698   10.0958
   -7.5000  -15.0000  -22.5000 2621.6104    9.9141
    0.0000  -15.0000  -22.5000 2647.2661    9.8240
    7.5000  -15.0000  -22.5000 2636.3733    9.9152
   -7.5000   -7.5000  -22.5000 2644.5352    9.7860
    0.0000   -7.5000  -22.5000 2666.3428    9.7172
    7.5000   -7.5000  -22.5000 2648.6084    9.7707
   -7.5000    0.0000  -22.5000 2664.5747    9.6941
    0.0000    0.0000  -22.5000 2687.0479    9.6300
    7.5000    0.0000  -22.5000 2669.0742    9.6518
   -7.5000    7.5000  -22.5000 2682.9058    9.6377
    0.0000    7.5000  -22.5000 2701.6221    9.5533
    7.5000    7.5000  -22.5000 2680.4668    9.5827
   -7.5000   15.0000  -22.5000 2705.7673    9.5609
    0.0000   15.0000  -22.5000 2717.7466    9.4924
    7.5000   15.0000  -22.5000 2690.4695    9.5588
   -7.5000   22.5000  -22.5000 2717.0913    9.6296
    0.0000   22.5000  -22.5000 2723.8979    9.5481
    7.5000   22.5000  -22.5000 2699.1719    9.6370
   -7.5000   30.0000  -22.5000 2710.0129    9.8996
    0.0000   30.0000  -22.5000 2723.0652    9.7913
    7.5000   30.0000  -22.5000 2696.1848    9.8532
   -7.5000   37.5000  -22.5000 2652.4907   10.1800
    0.0000   37.5000  -22.5000 2666.7683   10.0441
    7.5000   37.5000  -22.5000 2643.6055   10.0936
   -7.5000   45.0000  -22.5000 2545.8489   10.4217
    0.0000   45.0000  -22.5000 2559.4404   10.3072
    7.5000   45.0000  -22.5000 2539.6277   10.3533
   -7.5000   52.5000  -22.5000 2395.9304   10.6205
    0.0000   52.5000  -22.5000 2410.1892   10.5349
    7.5000   52.5000  -22.5000 2396.1411   10.6161
   -7.5000   60.0000  -22.5000 2292.2266   11.5175
    0.0000   60.0000  -22.5000 2313.2253   11.4345
    7.5000   60.0000  -22.5000 2297.6257   11.5381
   -7.5000  -30.0000  -15.0000 2630.7615   10.0252
    0.0000  -30.0000  -15.0000 2665.6147    9.8976
    7.5000  -30.0000  -15.0000 2653.5100    9.9708
   -7.5000  -22.5000  -15.0000 2658.8765    9.7956
    0.0000  -22.5000  -15.0000 2686.1819    9.6950
    7.5000  -22.5000  -15.0000 2681.6099    9.7904
   -7.5000  -15.0000  -15.0000 2683.9543    9.6434
    0.0000  -15.0000  -15.0000 2704.2515    9.5235
    7.5000  -15.0000  -15.0000 2700.9138    9.6170
   -7.5000   -7.5000  -15.0000 2713.9807    9.5315
    0.0000   -7.5000  -15.0000 2728.9543    9.4027
    7.5000   -7.5000  -15.0000 2718.5237    9.4784
   -7.5000    0.0000  -15.0000 2743.0830    9.4431
    0.0000    0.0000  -15.0000 2760.6394    9.3561
    7.5000    0.0000  -15.0000 2743.3506    9.3776
   -7.5000    7.5000  -15.0000 2764.5713    9.3609
    0.0000    7.5000  -15.0000 2781.7991    9.2863
    7.5000    7.5000  -15.0000 2759.2734    9.3115
   -7.5000   15.0000  -15.0000 2785.8247    9.2764
    0.0000   15.0000  -15.0000 2802.4399    9.1776
    7.5000   15.0000  -15.0000 2765.9060    9.2490
   -7.5000   22.5000  -15.0000 2808.0864    9.3329
    0.0000   22.5000  -15.0000 2818.9106    9.1859
    7.5000   22.5000  -15.0000 2780.5417    9.2998
   -7.5000   30.0000  -15.0000 2804.8640    9.5805
    0.0000   30.0000  -15.0000 2816.9570    9.4293
    7.5000   30.0000  -15.0000 2781.9829    9.5096
   -7.5000   37.5000  -15.0000 2740.3625    9.8391
    0.0000   37.5000  -15.0000 2754.2715    9.6677
    7.5000   37.5000  -15.0000 2731.3618    9.7437
   -7.5000   45.0000  -15.0000 2631.5981   10.0487
    0.0000   45.0000  -15.0000 2643.0720    9.8803
    7.5000   45.0000  -15.0000 2629.0850    9.9876
   -7.5000   52.5000  -15.0000 2483.4282   10.2714
    0.0000   52.5000  -15.0000 2493.3494   10.1164
    7.5000   52.5000  -15.0000 2482.0559   10.2829
   -7.5000   60.0000  -15.0000 2383.0278   11.1765
    0.0000   60.0000  -15.0000 2407.6455   11.0297
    7.5000   60.0000  -15.0000 2383.8455   11.2246
   -7.5000  -30.0000   -7.5000 2646.6384    9.7476
    0.0000  -30.0000   -7.5000 2674.8035    9.6147
    7.5000  -30.0000   -7.5000 2666.1296    9.6766
   -7.5000  -22.5000   -7.5000 2672.8728    9.5117
    0.0000  -22.5000   -7.5000 2687.3618    9.4027
    7.5000  -22.5000   -7.5000 2689.3787    9.4686
   -7.5000  -15.0000   -7.5000 2703.9373    9.3585
    0.0000  -15.0000   -7.5000 2709.0261    9.2455
    7.5000  -15.0000   -7.5000 2711.4800    9.3075
   -7.5000   -7.5000   -7.5000 2726.2371    9.2562
    0.0000   -7.5000   -7.5000 2735.6975    9.1622
    7.5000   -7.5000   -7.5000 2732.5364    9.1981
   -7.5000    0.0000   -7.5000 2765.7664    9.2187
    0.0000    0.0000   -7.5000 2778.3572    9.1457
    7.5000    0.0000   -7.5000 2767.8196    9.1415
   -7.5000    7.5000   -7.5000 2799.6775    9.1911
    0.0000    7.5000   -7.5000 2818.0945    9.1564
    7.5000    7.5000   -7.5000 2800.0466    9.1341
   -7.5000   15.0000   -7.5000 2827.9175    9.1221
    0.0000   15.0000   -7.5000 2843.7783    9.0550
    7.5000   15.0000   -7.5000 2811.1721    9.1088
   -7.5000   22.5000   -7.5000 2851.2146    9.1122
    0.0000   22.5000   -7.5000 2867.8113    8.9914
    7.5000   22.5000   -7.5000 2818.1670    9.0949
   -7.5000   30.0000   -7.5000 2841.4756    9.2507
    0.0000   30.0000   -7.5000 2861.0872    9.1173
    7.5000   30.0000   -7.5000 2810.4785    9.2122
   -7.5000   37.5000   -7.5000 2776.0991    9.4506
    0.0000   37.5000   -7.5000 2790.9065    9.3124
    7.5000   37.5000   -7.5000 2765.6062    9.3972
   -7.5000   45.0000   -7.5000 2669.0093    9.6598
    0.0000   45.0000   -7.5000 2681.8994    9.5158
    7.5000   45.0000   -7.5000 2667.8735    9.6259
   -7.5000   52.5000   -7.5000 2519.8069    9.9276
    0.0000   52.5000   -7.5000 2537.4043    9.7884
    7.5000   52.5000   -7.5000 2518.4885    9.9359
   -7.5000   60.0000   -7.5000 2424.5669   10.8297
    0.0000   60.0000   -7.5000 2446.0908   10.7182
    7.5000   60.0000   -7.5000 2420.3782   10.8711
   -7.5000  -30.0000    0.0000 2644.5271    9.7037
    0.0000  -30.0000    0.0000 2661.3005    9.5489
    7.5000  -30.0000    0.0000 2658.9072    9.6297
   -7.5000  -22.5000    0.0000 2667.0630    9.4470
    0.0000  -22.5000    0.0000 2671.0742    9.3165
    7.5000  -22.5000    0.0000 2678.8774    9.4090
   -7.5000  -15.0000    0.0000 2700.6919    9.2846
    0.0000  -15.0000    0.0000 2696.3142    9.1635
    7.5000  -15.0000    0.0000 2705.3071    9.2730
   -7.5000   -7.5000    0.0000 2735.0076    9.2074
    0.0000   -7.5000    0.0000 2735.9573    9.1329
    7.5000   -7.5000    0.0000 2735.0508    9.1930
   -7.5000    0.0000    0.0000 2779.6423    9.1983
    0.0000    0.0000    0.0000 2783.5674    9.1776
    7.5000    0.0000    0.0000 2776.2224    9.1715
   -7.5000    7.5000    0.0000 2831.9126    9.2597
    0.0000    7.5000    0.0000 2853.0908    9.3314
    7.5000    7.5000    0.0000 2820.9285    9.2275
   -7.5000   15.0000    0.0000 2867.6921    9.2301
    0.0000   15.0000    0.0000 2913.2151    9.3420
    7.5000   15.0000    0.0000 2844.4968    9.2026
   -7.5000   22.5000    0.0000 2885.2368    9.0812
    0.0000   22.5000    0.0000 2931.3804    9.1558
    7.5000   22.5000    0.0000 2847.7605    9.0951
   -7.5000   30.0000    0.0000 2863.9319    9.0746
    0.0000   30.0000    0.0000 2899.5986    9.0935
    7.5000   30.0000    0.0000 2831.7354    9.0993
   -7.5000   37.5000    0.0000 2801.1753    9.2330
    0.0000   37.5000    0.0000 2823.5042    9.2090
    7.5000   37.5000    0.0000 2784.4119    9.2537
   -7.5000   45.0000    0.0000 2691.5908    9.5087
    0.0000   45.0000    0.0000 2708.3149    9.4431
    7.5000   45.0000    0.0000 2685.3865    9.5271
   -7.5000   52.5000    0.0000 2541.5249    9.8280
    0.0000   52.5000    0.0000 2564.0278    9.7657
    7.5000   52.5000    0.0000 2540.6694    9.8591
   -7.5000   60.0000    0.0000 2450.7485   10.7478
    0.0000   60.0000    0.0000 2470.9395   10.6986
    7.5000   60.0000    0.0000 2444.4185   10.7942
   -7.5000  -30.0000    7.5000 2618.7046    9.7880
    0.0000  -30.0000    7.5000 2618.5962    9.6164
    7.5000  -30.0000    7.5000 2622.6636    9.7364
   -7.5000  -22.5000    7.5000 2643.0022    9.5294
    0.0000  -22.5000    7.5000 2638.3406    9.4277
    7.5000  -22.5000    7.5000 2645.0156    9.5356
   -7.5000  -15.0000    7.5000 2675.5911    9.3542
    0.0000  -15.0000    7.5000 2677.7068    9.3496
    7.5000  -15.0000    7.5000 2674.9180    9.4031
   -7.5000   -7.5000    7.5000 2718.1821    9.2773
    0.0000   -7.5000    7.5000 2732.3577    9.3379
    7.5000   -7.5000    7.5000 2712.1479    9.3304
   -7.5000    0.0000    7.5000 2769.9097    9.2419
    0.0000    0.0000    7.5000 2794.2900    9.3819
    7.5000    0.0000    7.5000 2761.5544    9.3279
   -7.5000    7.5000    7.5000 2822.9341    9.2686
    0.0000    7.5000    7.5000 2873.4875    9.5427
    7.5000    7.5000    7.5000 2812.2480    9.3198
   -7.5000   15.0000    7.5000 2871.5737    9.2018
    0.0000   15.0000    7.5000 2939.7651    9.4863
    7.5000   15.0000    7.5000 2848.5125    9.2470
   -7.5000   22.5000    7.5000 2881.5959    9.0163
    0.0000   22.5000    7.5000 2945.2424    9.2051
    7.5000   22.5000    7.5000 2854.4324    9.1210
   -7.5000   30.0000    7.5000 2870.7131    9.0221
    0.0000   30.0000    7.5000 2921.6365    9.1016
    7.5000   30.0000    7.5000 2849.3972    9.1618
   -7.5000   37.5000    7.5000 2814.2747    9.2550
    0.0000   37.5000    7.5000 2849.8093    9.2977
    7.5000   37.5000    7.5000 2798.5632    9.3687
   -7.5000   45.0000    7.5000 2697.5142    9.5597
    0.0000   45.0000    7.5000 2714.5269    9.5821
    7.5000   45.0000    7.5000 2691.4177    9.6336
   -7.5000   52.5000    7.5000 2543.9656    9.8887
    0.0000   52.5000    7.5000 2560.5750    9.8672
    7.5000   52.5000    7.5000 2540.0349    9.9421
   -7.5000   60.0000    7.5000 2450.8711   10.7931
    0.0000   60.0000    7.5000 2464.2761   10.7580
    7.5000   60.0000    7.5000 2444.2307   10.8648
   -7.5000  -30.0000   15.0000 2572.5195   10.0938
    0.0000  -30.0000   15.0000 2580.2947   10.0553
    7.5000  -30.0000   15.0000 2576.5620   10.1546
   -7.5000  -22.5000   15.0000 2600.5049    9.8285
    0.0000  -22.5000   15.0000 2615.3635    9.8654
    7.5000  -22.5000   15.0000 2602.9165    9.9510
   -7.5000  -15.0000   15.0000 2643.7388    9.6480
    0.0000  -15.0000   15.0000 2655.2114    9.7447
    7.5000  -15.0000   15.0000 2636.8430    9.7733
   -7.5000   -7.5000   15.0000 2691.5212    9.5189
    0.0000   -7.5000   15.0000 2709.0305    9.6599
    7.5000   -7.5000   15.0000 2683.7644    9.6100
   -7.5000    0.0000   15.0000 2735.9077    9.4248
    0.0000    0.0000   15.0000 2766.1089    9.6308
    7.5000    0.0000   15.0000 2735.6086    9.5317
   -7.5000    7.5000   15.0000 2787.4644    9.3786
    0.0000    7.5000   15.0000 2834.1326    9.6056
    7.5000    7.5000   15.0000 2780.8223    9.4534
   -7.5000   15.0000   15.0000 2836.2214    9.1931
    0.0000   15.0000   15.0000 2880.5701    9.3665
    7.5000   15.0000   15.0000 2823.4534    9.3246
   -7.5000   22.5000   15.0000 2859.3813    9.0641
    0.0000   22.5000   15.0000 2896.8733    9.1357
    7.5000   22.5000   15.0000 2844.0088    9.2536
   -7.5000   30.0000   15.0000 2861.5081    9.1875
    0.0000   30.0000   15.0000 2893.0901    9.1840
    7.5000   30.0000   15.0000 2844.0002    9.3373
   -7.5000   37.5000   15.0000 2807.3738    9.5272
    0.0000   37.5000   15.0000 2832.8228    9.5346
    7.5000   37.5000   15.0000 2789.5261    9.6200
   -7.5000   45.0000   15.0000 2681.7808    9.9047
    0.0000   45.0000   15.0000 2691.7471    9.9016
    7.5000   45.0000   15.0000 2671.7717    9.9604
   -7.5000   52.5000   15.0000 2525.2390   10.2201
    0.0000   52.5000   15.0000 2536.9160   10.2115
    7.5000   52.5000   15.0000 2518.5977   10.2968
   -7.5000   60.0000   15.0000 2428.8220   11.0824
    0.0000   60.0000   15.0000 2437.2666   11.0805
    7.5000   60.0000   15.0000 2423.4058   11.1872
   -7.5000  -30.0000   22.5000 2516.0107   10.6235
    0.0000  -30.0000   22.5000 2532.2646   10.6559
    7.5000  -30.0000   22.5000 2528.0615   10.7448
   -7.5000  -22.5000   22.5000 2551.6545   10.3014
    0.0000  -22.5000   22.5000 2565.8784   10.3513
    7.5000  -22.5000   22.5000 2551.6321   10.4241
   -7.5000  -15.0000   22.5000 2594.3484   10.0518
    0.0000  -15.0000   22.5000 2607.6641   10.1053
    7.5000  -15.0000   22.5000 2590.1497   10.1460
   -7.5000   -7.5000   22.5000 2642.1409    9.8281
    0.0000   -7.5000   22.5000 2650.3674    9.9042
    7.5000   -7.5000   22.5000 2641.2222    9.9277
   -7.5000    0.0000   22.5000 2690.9917    9.6967
    0.0000    0.0000   22.5000 2705.3662    9.7930
    7.5000    0.0000   22.5000 2694.5073    9.7768
   -7.5000    7.5000   22.5000 2740.7576    9.5908
    0.0000    7.5000   22.5000 2766.1133    9.6892
    7.5000    7.5000   22.5000 2740.9583    9.6657
   -7.5000   15.0000   22.5000 2783.8896    9.4032
    0.0000   15.0000   22.5000 2812.2937    9.4673
    7.5000   15.0000   22.5000 2783.8394    9.5415
   -7.5000   22.5000   22.5000 2820.7185    9.3393
    0.0000   22.5000   22.5000 2847.7383    9.3498
    7.5000   22.5000   22.5000 2813.1548    9.5224
   -7.5000   30.0000   22.5000 2830.7878    9.5306
    0.0000   30.0000   22.5000 2849.6047    9.5087
    7.5000   30.0000   22.5000 2813.7485    9.6620
   -7.5000   37.5000   22.5000 2774.4358    9.8999
    0.0000   37.5000   22.5000 2792.4985    9.8772
    7.5000   37.5000   22.5000 2754.8025    9.9613
   -7.5000   45.0000   22.5000 2645.7593   10.3096
    0.0000   45.0000   22.5000 2655.7537   10.2585
    7.5000   45.0000   22.5000 2632.1304   10.3260
   -7.5000   52.5000   22.5000 2490.3523   10.6276
    0.0000   52.5000   22.5000 2497.2219   10.5785
    7.5000   52.5000   22.5000 2481.9604   10.6825
   -7.5000   60.0000   22.5000 2389.1133   11.4892
    0.0000   60.0000   22.5000 2398.5774   11.4710
    7.5000   60.0000   22.5000 2381.7070   11.5749
   -7.5000  -30.0000   30.0000 2469.9175   11.2168
    0.0000  -30.0000   30.0000 2477.9136   11.1420
    7.5000  -30.0000   30.0000 2484.8101   11.2616
   -7.5000  -22.5000   30.0000 2507.2192   10.7997
    0.0000  -22.5000   30.0000 2511.7178   10.7469
    7.5000  -22.5000   30.0000 2508.1265   10.8800
   -7.5000  -15.0000   30.0000 2551.7651   10.4737
    0.0000  -15.0000   30.0000 2553.6028   10.4394
    7.5000  -15.0000   30.0000 2546.9954   10.5428
   -7.5000   -7.5000   30.0000 2603.7583   10.1969
    0.0000   -7.5000   30.0000 2601.6409   10.1644
    7.5000   -7.5000   30.0000 2599.8208   10.2888
   -7.5000    0.0000   30.0000 2649.5098   10.0197
    0.0000    0.0000   30.0000 2652.4792   10.0106
    7.5000    0.0000   30.0000 2652.1399   10.0799
   -7.5000    7.5000   30.0000 2688.9229    9.8527
    0.0000    7.5000   30.0000 2708.1140    9.8549
    7.5000    7.5000   30.0000 2695.7744    9.9321
   -7.5000   15.0000   30.0000 2730.3792    9.6850
    0.0000   15.0000   30.0000 2756.0122    9.6853
    7.5000   15.0000   30.0000 2732.1436    9.8254
   -7.5000   22.5000   30.0000 2763.8381    9.7032
    0.0000   22.5000   30.0000 2780.2930    9.6957
    7.5000   22.5000   30.0000 2750.9460    9.8571
   -7.5000   30.0000   30.0000 2769.8489    9.9185
    0.0000   30.0000   30.0000 2783.5283    9.8987
    7.5000   30.0000   30.0000 2755.1855   10.0335
   -7.5000   37.5000   30.0000 2713.9617   10.2879
    0.0000   37.5000   30.0000 2725.0566   10.2375
    7.5000   37.5000   30.0000 2698.2754   10.3482
   -7.5000   45.0000   30.0000 2594.8672   10.7107
    0.0000   45.0000   30.0000 2603.1516   10.6406
    7.5000   45.0000   30.0000 2582.8315   10.7439
   -7.5000   52.5000   30.0000 2436.9243   11.0701
    0.0000   52.5000   30.0000 2442.5698   10.9991
    7.5000   52.5000   30.0000 2427.4658   11.1175
   -7.5000   60.0000   30.0000 2339.7351   11.9614
    0.0000   60.0000   30.0000 2350.0081   11.8851
    7.5000   60.0000   30.0000 2330.9976   12.0146
   -7.5000  -30.0000   37.5000 2419.3193   11.7600
    0.0000  -30.0000   37.5000 2420.6807   11.5806
    7.5000  -30.0000   37.5000 2433.1575   11.7355
   -7.5000  -22.5000   37.5000 2461.5134   11.2847
    0.0000  -22.5000   37.5000 2458.2622   11.1460
    7.5000  -22.5000   37.5000 2465.5415   11.3223
   -7.5000  -15.0000   37.5000 2509.2703   10.9055
    0.0000  -15.0000   37.5000 2506.5510   10.7617
    7.5000  -15.0000   37.5000 2507.6318   10.9656
   -7.5000   -7.5000   37.5000 2562.4351   10.6434
    0.0000   -7.5000   37.5000 2554.9326   10.5140
    7.5000   -7.5000   37.5000 2553.0984   10.6706
   -7.5000    0.0000   37.5000 2602.0105   10.4401
    0.0000    0.0000   37.5000 2600.2839   10.3243
    7.5000    0.0000   37.5000 2594.6985   10.4659
   -7.5000    7.5000   37.5000 2639.5068   10.2771
    0.0000    7.5000   37.5000 2650.0034   10.1910
    7.5000    7.5000   37.5000 2635.9900   10.3371
   -7.5000   15.0000   37.5000 2675.9817   10.1504
    0.0000   15.0000   37.5000 2690.2415   10.0999
    7.5000   15.0000   37.5000 2665.5796   10.2805
   -7.5000   22.5000   37.5000 2699.8831   10.1996
    0.0000   22.5000   37.5000 2711.4163   10.1768
    7.5000   22.5000   37.5000 2679.4451   10.3490
   -7.5000   30.0000   37.5000 2701.3330   10.4575
    0.0000   30.0000   37.5000 2714.7949   10.4037
    7.5000   30.0000   37.5000 2679.3621   10.5481
   -7.5000   37.5000   37.5000 2641.9355   10.8002
    0.0000   37.5000   37.5000 2661.0288   10.7262
    7.5000   37.5000   37.5000 2630.7136   10.8629
   -7.5000   45.0000   37.5000 2526.4756   11.1691
    0.0000   45.0000   37.5000 2538.5710   11.0837
    7.5000   45.0000   37.5000 2519.5994   11.2076
   -7.5000   52.5000   37.5000 2375.2014   11.4943
    0.0000   52.5000   37.5000 2383.1023   11.4096
    7.5000   52.5000   37.5000 2370.0696   11.5623
   -7.5000   60.0000   37.5000 2274.5586   12.3819
    0.0000   60.0000   37.5000 2288.8357   12.3298
    7.5000   60.0000   37.5000 2270.9973   12.4956
   -7.5000  -30.0000   45.0000 2344.8198   12.2910
    0.0000  -30.0000   45.0000 2338.2532   12.0711
    7.5000  -30.0000   45.0000 2346.7588   12.2506
   -7.5000  -22.5000   45.0000 2391.1221   11.7846
    0.0000  -22.5000   45.0000 2379.2964   11.5539
    7.5000  -22.5000   45.0000 2389.1514   11.8022
   -7.5000  -15.0000   45.0000 2441.7710   11.4145
    0.0000  -15.0000   45.0000 2433.9155   11.1989
    7.5000  -15.0000   45.0000 2436.3464   11.4406
   -7.5000   -7.5000   45.0000 2491.6123   11.1308
    0.0000   -7.5000   45.0000 2484.7205   10.9417
    7.5000   -7.5000   45.0000 2478.7100   11.1519
   -7.5000    0.0000   45.0000 2521.1060   10.9457
    0.0000    0.0000   45.0000 2519.1987   10.7756
    7.5000    0.0000   45.0000 2507.9851   10.9527
   -7.5000    7.5000   45.0000 2553.8284   10.7723
    0.0000    7.5000   45.0000 2551.4497   10.6642
    7.5000    7.5000   45.0000 2537.1150   10.8446
   -7.5000   15.0000   45.0000 2583.5515   10.7042
    0.0000   15.0000   45.0000 2588.5898   10.6445
    7.5000   15.0000   45.0000 2565.8726   10.8543
   -7.5000   22.5000   45.0000 2599.0869   10.7859
    0.0000   22.5000   45.0000 2605.0791   10.7545
    7.5000   22.5000   45.0000 2579.9580   10.9584
   -7.5000   30.0000   45.0000 2590.2581   11.0675
    0.0000   30.0000   45.0000 2597.4026   10.9914
    7.5000   30.0000   45.0000 2574.9893   11.1737
   -7.5000   37.5000   45.0000 2538.6775   11.3608
    0.0000   37.5000   45.0000 2554.4368   11.2777
    7.5000   37.5000   45.0000 2526.6331   11.4428
   -7.5000   45.0000   45.0000 2434.7976   11.6361
    0.0000   45.0000   45.0000 2452.9055   11.5574
    7.5000   45.0000   45.0000 2428.4900   11.7205
   -7.5000   52.5000   45.0000 2290.8855   11.9235
    0.0000   52.5000   45.0000 2305.0049   11.8707
    7.5000   52.5000   45.0000 2278.1313   12.0463
   -7.5000   60.0000   45.0000 2187.0244   12.8855
    0.0000   60.0000   45.0000 2199.3335   12.8351
    7.5000   60.0000   45.0000 2177.1016   13.0060

---------------------------------------------------------------------
imgreg_4dfp /opt/freesurfer/average/711-2C_as_mni_average_305 /opt/freesurfer/average/711-2B_as_mni_average_305_mask talsrcimg_g11 none talsrcimg_to_711-2C_as_mni_average_305_t4 1283
---------------------------------------------------------------------

freesurfer imgreg_4dfp.c
/opt/freesurfer/average/711-2C_as_mni_average_305.4dfp.img
       256       256       256         1
  1.000000  1.000000  1.000000
orientation T byte_order littleendian
Reading image: /opt/freesurfer/average/711-2C_as_mni_average_305.4dfp.img
dimensions:      256       256       256
mmppix:       1.0000   -1.0000   -1.0000
center:     128.0000 -129.0000 -129.0000
/opt/freesurfer/average/711-2B_as_mni_average_305_mask.4dfp.img
       256       256       256         1
  1.000000  1.000000  1.000000
orientation T byte_order littleendian
Reading mask: /opt/freesurfer/average/711-2B_as_mni_average_305_mask.4dfp.img (2306576 pixels)
talsrcimg_g11.4dfp.img
       288       288       288         1
  0.798611  0.798611  0.798611
orientation T byte_order littleendian
Reading image: talsrcimg_g11.4dfp.img
dimensions:      288       288       288
mmppix:       0.7986   -0.7986   -0.7986
center:     115.0000 -115.7986 -115.7986
rotation matrix determinant  1.000000
fimgreg.f
image alignment mode   1283 decimal      503 hex
parameters
    0.0000   22.5000    7.5000    0.0000    0.0000    0.0000
eta,q 0.92227  9.23959
niter,ni,del,rscale     5    3   12.0000    1.2000
parameter  2  1.697865 ->  0.500000 qaram    1.1500
parameter  3  0.587964 ->  0.500000 qaram    1.1500
parameter  4  4.314361 ->  0.500000 qaram    1.1500
parameters
   -0.9745   19.0500    4.0500   -3.4500    1.1546    1.5652
eta,q 0.93076  9.38079
  0.0884  0.0773  0.0773  0.0658  0.0777  0.0735
  0.0821  0.0781  0.0743  0.0690  0.0727  0.0708
  0.0793  0.0785  0.0747  0.0730  0.0703  0.0692
  0.0790  0.0790  0.0784  0.0742  0.0703  0.0691
  0.0811  0.0798  0.0837  0.0758  0.0682  0.0692
  0.0893  0.0801  0.0895  0.0807  0.0688  0.0690
  0.0973  0.0820  0.0976  0.0847  0.0734  0.0701
niter,ni,del,rscale     7    3   12.0000    1.2000
parameter  4  1.859309 ->  0.500000 qaram    1.3225
parameters
   -1.0218   20.5475    3.8255   -7.4175    1.1238   -1.1152
eta,q 0.93608  9.30539
  0.0879  0.0835  0.0834  0.0627  0.0738  0.0650
  0.0776  0.0755  0.0739  0.0641  0.0687  0.0641
  0.0712  0.0700  0.0692  0.0660  0.0657  0.0640
  0.0692  0.0692  0.0698  0.0695  0.0646  0.0646
  0.0706  0.0704  0.0725  0.0717  0.0642  0.0658
  0.0778  0.0727  0.0766  0.0743  0.0679  0.0674
  0.0889  0.0730  0.0833  0.0797  0.0752  0.0693
niter,ni,del,rscale     7    3   12.0000    1.2000
parameter  4  0.839267 ->  0.500000 qaram    1.5209
parameter  6 -0.507817 -> -0.500000 qaram    1.1500
parameters
   -1.1955   22.0688    3.0654  -11.9801    0.8461    2.3348
eta,q 0.94102  9.24318
  0.0850  0.0823  0.0773  0.0625  0.0695  0.0694
  0.0744  0.0738  0.0679  0.0601  0.0651  0.0648
  0.0673  0.0665  0.0643  0.0617  0.0626  0.0616
  0.0639  0.0640  0.0651  0.0646  0.0600  0.0603
  0.0660  0.0656  0.0677  0.0685  0.0604  0.0594
  0.0758  0.0676  0.0740  0.0719  0.0657  0.0589
  0.0886  0.0704  0.0828  0.0755  0.0730  0.0598
niter,ni,del,rscale     7    3   12.0000    1.2000
parameters
   -0.8123   23.2913    2.3753  -12.6841    0.4774    0.8912
eta,q 0.94170  9.20754
  0.0837  0.0772  0.0745  0.0703  0.0667  0.0622
  0.0723  0.0710  0.0646  0.0650  0.0619  0.0596
  0.0629  0.0641  0.0590  0.0600  0.0591  0.0586
  0.0590  0.0588  0.0583  0.0580  0.0581  0.0581
  0.0594  0.0589  0.0623  0.0621  0.0581  0.0589
  0.0663  0.0627  0.0711  0.0685  0.0627  0.0634
  0.0798  0.0693  0.0810  0.0735  0.0706  0.0708
niter,ni,del,rscale     6    3   12.0000    1.2000
parameters
   -0.8783   23.5771    2.2334  -13.0494    0.4376    0.9178
eta,q 0.94160  9.20019
  0.0777  0.0735  0.0774  0.0708  0.0670  0.0657
  0.0671  0.0676  0.0670  0.0665  0.0616  0.0609
  0.0607  0.0610  0.0598  0.0611  0.0597  0.0592
  0.0583  0.0583  0.0584  0.0584  0.0584  0.0584
  0.0588  0.0603  0.0606  0.0609  0.0575  0.0585
  0.0667  0.0654  0.0684  0.0677  0.0609  0.0604
  0.0801  0.0716  0.0788  0.0733  0.0687  0.0661
niter,ni,del,rscale     5    3   12.0000    1.2000
parameters
   -0.8848   23.6959    2.2120  -13.1610    0.4406    0.8901
eta,q 0.94152  9.19905
  0.0779  0.0733  0.0777  0.0714  0.0672  0.0656
  0.0674  0.0671  0.0675  0.0670  0.0617  0.0609
  0.0609  0.0605  0.0601  0.0620  0.0598  0.0592
  0.0584  0.0584  0.0585  0.0585  0.0585  0.0585
  0.0589  0.0611  0.0601  0.0602  0.0576  0.0587
  0.0664  0.0663  0.0675  0.0669  0.0608  0.0606
  0.0794  0.0721  0.0781  0.0731  0.0685  0.0663
niter,ni,del,rscale     4    3   12.0000    1.2000
parameters
   -0.8875   23.7443    2.2125  -13.1972    0.4407    0.8878
eta,q 0.94149  9.19865
  0.0779  0.0731  0.0778  0.0716  0.0672  0.0657
  0.0674  0.0668  0.0676  0.0672  0.0617  0.0610
  0.0610  0.0603  0.0602  0.0623  0.0598  0.0593
  0.0585  0.0585  0.0585  0.0585  0.0585  0.0585
  0.0590  0.0613  0.0601  0.0601  0.0577  0.0587
  0.0664  0.0667  0.0674  0.0667  0.0608  0.0606
  0.0793  0.0722  0.0780  0.0730  0.0685  0.0662
registration optimization eta report
parameter search radius
    6.0000    6.9000    6.9000    9.1253    6.0000    6.9000
100000*second partial in parameter space
       57.       29.       41.       16.       27.       16.
  0.0779  0.0731  0.0778  0.0716  0.0672  0.0657
  0.0674  0.0668  0.0676  0.0672  0.0617  0.0610
  0.0610  0.0603  0.0602  0.0623  0.0598  0.0593
  0.0585  0.0585  0.0585  0.0585  0.0585  0.0585
  0.0590  0.0613  0.0601  0.0601  0.0577  0.0587
  0.0664  0.0667  0.0674  0.0667  0.0608  0.0606
  0.0793  0.0722  0.0780  0.0730  0.0685  0.0662
   -0.8875   23.7443    2.2125  -13.1972    0.4407    0.8878
eta,q 0.94149  9.19865

---------------------------------------------------------------------
imgreg_4dfp /opt/freesurfer/average/711-2C_as_mni_average_305 /opt/freesurfer/average/711-2B_as_mni_average_305_mask talsrcimg_g11 none talsrcimg_to_711-2C_as_mni_average_305_t4 3335
---------------------------------------------------------------------

freesurfer imgreg_4dfp.c
/opt/freesurfer/average/711-2C_as_mni_average_305.4dfp.img
       256       256       256         1
  1.000000  1.000000  1.000000
orientation T byte_order littleendian
Reading image: /opt/freesurfer/average/711-2C_as_mni_average_305.4dfp.img
dimensions:      256       256       256
mmppix:       1.0000   -1.0000   -1.0000
center:     128.0000 -129.0000 -129.0000
/opt/freesurfer/average/711-2B_as_mni_average_305_mask.4dfp.img
       256       256       256         1
  1.000000  1.000000  1.000000
orientation T byte_order littleendian
Reading mask: /opt/freesurfer/average/711-2B_as_mni_average_305_mask.4dfp.img (2306576 pixels)
talsrcimg_g11.4dfp.img
       288       288       288         1
  0.798611  0.798611  0.798611
orientation T byte_order littleendian
Reading image: talsrcimg_g11.4dfp.img
dimensions:      288       288       288
mmppix:       0.7986   -0.7986   -0.7986
center:     115.0000 -115.7986 -115.7986
fimgreg.f
image alignment mode   3335 decimal      D07 hex
parameters
   -0.8875   23.7443    2.2125   -0.0150   -2.6500   -2.6439
   -1.3330   -1.1025    1.5495   22.8160    0.7692  -22.8297
eta,q 0.94257  9.29526
niter,ni,del,rscale     5    3    5.0000    1.2000
parameter  4  1.044616 ->  0.500000 qaram    1.1500
parameter  5 -5.827940 ->  0.500000 qaram    1.1500
parameter  6  0.552487 ->  0.500000 qaram    1.1500
parameter 10  0.771752 ->  0.500000 qaram    1.1500
parameters
   -0.6728   23.6507    2.1941   -4.1550   -6.7900   -6.7839
   -1.5111   -1.0615    0.6001   18.6760   -1.0643  -20.8841
eta,q 0.95991  9.49705
  0.0634  0.0588  0.0599  0.0515  0.0397  0.0434  0.0467  0.0497  0.0446  0.0409  0.0415  0.0436
  0.0605  0.0579  0.0585  0.0517  0.0432  0.0427  0.0445  0.0458  0.0433  0.0403  0.0405  0.0420
  0.0584  0.0574  0.0576  0.0534  0.0475  0.0429  0.0431  0.0435  0.0427  0.0410  0.0402  0.0408
  0.0574  0.0574  0.0573  0.0573  0.0520  0.0443  0.0427  0.0426  0.0426  0.0426  0.0404  0.0402
  0.0576  0.0577  0.0576  0.0631  0.0561  0.0475  0.0432  0.0432  0.0432  0.0450  0.0410  0.0401
  0.0591  0.0582  0.0585  0.0695  0.0595  0.0530  0.0447  0.0456  0.0443  0.0479  0.0421  0.0404
  0.0618  0.0588  0.0600  0.0756  0.0622  0.0597  0.0471  0.0497  0.0460  0.0513  0.0437  0.0412
niter,ni,del,rscale     7    3    5.0000    1.2000
parameter  3  0.560602 ->  0.500000 qaram    1.1500
parameter  5  1.136643 ->  0.500000 qaram    1.3225
parameters
   -0.7836   23.7026    0.8141   -5.8436  -11.5510   -6.8499
   -0.6908   -0.4964    0.7864   18.4305   -1.5506  -20.5963
eta,q 0.96542  9.48152
  0.0448  0.0437  0.0398  0.0443  0.0347  0.0411  0.0404  0.0426  0.0381  0.0401  0.0363  0.0372
  0.0420  0.0417  0.0393  0.0417  0.0345  0.0385  0.0377  0.0384  0.0363  0.0372  0.0353  0.0359
  0.0405  0.0405  0.0394  0.0398  0.0360  0.0360  0.0357  0.0358  0.0351  0.0352  0.0348  0.0349
  0.0401  0.0401  0.0401  0.0393  0.0394  0.0347  0.0347  0.0347  0.0346  0.0346  0.0346  0.0346
  0.0408  0.0405  0.0413  0.0410  0.0440  0.0350  0.0349  0.0349  0.0349  0.0355  0.0348  0.0349
  0.0427  0.0416  0.0430  0.0459  0.0488  0.0373  0.0361  0.0368  0.0360  0.0377  0.0356  0.0356
  0.0458  0.0433  0.0451  0.0529  0.0528  0.0426  0.0384  0.0405  0.0378  0.0407  0.0369  0.0368
niter,ni,del,rscale     7    3    5.0000    1.2000
parameters
   -0.8544   24.7877    1.1754   -5.4243  -15.9909   -6.4722
   -0.2452   -0.4409    0.8848   19.0883   -1.7000  -21.3516
eta,q 0.96801  9.39042
  0.0392  0.0420  0.0382  0.0416  0.0344  0.0386  0.0369  0.0388  0.0355  0.0381  0.0339  0.0338
  0.0365  0.0389  0.0360  0.0384  0.0327  0.0360  0.0346  0.0351  0.0337  0.0349  0.0329  0.0327
  0.0350  0.0363  0.0345  0.0356  0.0321  0.0335  0.0328  0.0329  0.0325  0.0329  0.0322  0.0321
  0.0346  0.0346  0.0337  0.0336  0.0334  0.0321  0.0321  0.0320  0.0320  0.0320  0.0320  0.0320
  0.0353  0.0337  0.0337  0.0333  0.0373  0.0322  0.0323  0.0325  0.0324  0.0324  0.0322  0.0325
  0.0370  0.0339  0.0347  0.0359  0.0428  0.0341  0.0337  0.0348  0.0335  0.0339  0.0330  0.0334
  0.0397  0.0351  0.0364  0.0415  0.0484  0.0385  0.0360  0.0388  0.0354  0.0364  0.0341  0.0346
niter,ni,del,rscale     6    3    5.0000    1.2000
parameters
   -0.8749   25.7257    1.2715   -5.0954  -18.1741   -6.7542
   -0.0867   -0.5322    0.9401   20.2699   -1.9943  -22.1653
eta,q 0.96889  9.32038
  0.0370  0.0387  0.0352  0.0391  0.0349  0.0371  0.0356  0.0376  0.0346  0.0376  0.0329  0.0327
  0.0341  0.0359  0.0332  0.0360  0.0331  0.0344  0.0334  0.0341  0.0329  0.0345  0.0319  0.0317
  0.0325  0.0335  0.0318  0.0332  0.0315  0.0321  0.0319  0.0320  0.0317  0.0324  0.0313  0.0313
  0.0320  0.0320  0.0313  0.0313  0.0311  0.0312  0.0312  0.0312  0.0312  0.0312  0.0311  0.0311
  0.0326  0.0313  0.0316  0.0310  0.0328  0.0317  0.0316  0.0318  0.0316  0.0313  0.0314  0.0315
  0.0343  0.0316  0.0328  0.0337  0.0368  0.0341  0.0330  0.0341  0.0327  0.0326  0.0321  0.0324
  0.0371  0.0329  0.0347  0.0394  0.0424  0.0389  0.0354  0.0381  0.0346  0.0348  0.0332  0.0336
niter,ni,del,rscale     5    3    5.0000    1.2000
parameters
   -0.9227   26.2952    1.1155   -5.0587  -19.5476   -7.1065
    0.0957   -0.6174    1.0718   21.4472   -2.1832  -22.6386
eta,q 0.96905  9.26399
  0.0360  0.0368  0.0339  0.0380  0.0349  0.0367  0.0353  0.0373  0.0343  0.0372  0.0326  0.0326
  0.0332  0.0342  0.0322  0.0352  0.0332  0.0341  0.0332  0.0338  0.0327  0.0343  0.0317  0.0316
  0.0316  0.0323  0.0312  0.0326  0.0317  0.0319  0.0317  0.0318  0.0315  0.0322  0.0311  0.0311
  0.0311  0.0311  0.0308  0.0308  0.0308  0.0310  0.0311  0.0310  0.0311  0.0310  0.0310  0.0310
  0.0318  0.0309  0.0314  0.0307  0.0317  0.0316  0.0314  0.0316  0.0314  0.0312  0.0311  0.0312
  0.0335  0.0316  0.0327  0.0336  0.0347  0.0339  0.0327  0.0339  0.0324  0.0324  0.0318  0.0320
  0.0363  0.0333  0.0347  0.0395  0.0397  0.0388  0.0350  0.0378  0.0341  0.0345  0.0328  0.0330
niter,ni,del,rscale     4    3    5.0000    1.2000
parameters
   -0.9839   26.7494    0.8696   -5.1363  -20.6462   -7.5718
    0.2632   -0.6999    1.2135   22.5851   -2.3701  -22.8579
eta,q 0.96908  9.20787
  0.0357  0.0361  0.0335  0.0375  0.0348  0.0363  0.0350  0.0371  0.0340  0.0370  0.0324  0.0325
  0.0329  0.0337  0.0319  0.0348  0.0331  0.0338  0.0330  0.0337  0.0325  0.0342  0.0315  0.0316
  0.0314  0.0319  0.0310  0.0324  0.0317  0.0318  0.0316  0.0317  0.0315  0.0321  0.0311  0.0311
  0.0310  0.0309  0.0308  0.0308  0.0308  0.0310  0.0310  0.0310  0.0310  0.0310  0.0309  0.0309
  0.0316  0.0308  0.0313  0.0307  0.0314  0.0316  0.0313  0.0316  0.0313  0.0311  0.0311  0.0311
  0.0333  0.0317  0.0327  0.0336  0.0339  0.0338  0.0326  0.0338  0.0323  0.0324  0.0316  0.0318
  0.0361  0.0334  0.0347  0.0393  0.0384  0.0387  0.0348  0.0376  0.0339  0.0345  0.0326  0.0327
niter,ni,del,rscale     3    3    5.0000    1.2000
parameters
   -1.0409   27.1530    0.5840   -5.2018  -21.6405   -8.1062
    0.3570   -0.7415    1.2870   23.6254   -2.4020  -23.0245
eta,q 0.96913  9.15317
  0.0355  0.0357  0.0332  0.0372  0.0346  0.0360  0.0347  0.0370  0.0338  0.0368  0.0323  0.0324
  0.0328  0.0335  0.0318  0.0347  0.0330  0.0336  0.0328  0.0336  0.0324  0.0341  0.0315  0.0315
  0.0313  0.0318  0.0309  0.0323  0.0317  0.0318  0.0315  0.0316  0.0314  0.0321  0.0310  0.0310
  0.0309  0.0309  0.0308  0.0307  0.0308  0.0309  0.0310  0.0310  0.0310  0.0310  0.0309  0.0309
  0.0316  0.0309  0.0313  0.0306  0.0313  0.0315  0.0313  0.0315  0.0313  0.0311  0.0310  0.0310
  0.0332  0.0317  0.0326  0.0334  0.0336  0.0337  0.0326  0.0336  0.0322  0.0324  0.0315  0.0316
  0.0359  0.0334  0.0346  0.0389  0.0377  0.0385  0.0347  0.0373  0.0338  0.0346  0.0324  0.0326
niter,ni,del,rscale     2    3    5.0000    1.2000
parameters
   -1.0672   27.4952    0.3243   -5.2093  -22.4443   -8.5751
    0.3448   -0.7481    1.1704   24.4564   -2.2392  -23.1964
eta,q 0.96913  9.11023
  0.0355  0.0355  0.0332  0.0369  0.0346  0.0358  0.0344  0.0369  0.0336  0.0367  0.0323  0.0323
  0.0328  0.0333  0.0318  0.0345  0.0329  0.0335  0.0326  0.0336  0.0323  0.0340  0.0315  0.0315
  0.0313  0.0317  0.0309  0.0323  0.0316  0.0318  0.0314  0.0316  0.0313  0.0320  0.0311  0.0310
  0.0309  0.0309  0.0308  0.0307  0.0307  0.0309  0.0309  0.0310  0.0310  0.0310  0.0309  0.0309
  0.0315  0.0309  0.0313  0.0306  0.0312  0.0314  0.0313  0.0314  0.0313  0.0312  0.0310  0.0311
  0.0330  0.0318  0.0325  0.0331  0.0333  0.0335  0.0325  0.0335  0.0323  0.0326  0.0314  0.0316
  0.0356  0.0335  0.0344  0.0385  0.0372  0.0381  0.0346  0.0371  0.0339  0.0349  0.0322  0.0325
niter,ni,del,rscale     1    3    5.0000    1.2000
parameters
   -1.0600   27.7488    0.1284   -5.1813  -22.9988   -8.9257
    0.2976   -0.7511    0.9657   25.0395   -2.0517  -23.3366
eta,q 0.96910  9.08173
  0.0355  0.0352  0.0333  0.0368  0.0347  0.0358  0.0343  0.0368  0.0336  0.0365  0.0323  0.0323
  0.0328  0.0331  0.0318  0.0345  0.0330  0.0336  0.0325  0.0335  0.0322  0.0339  0.0316  0.0316
  0.0313  0.0316  0.0310  0.0323  0.0317  0.0318  0.0314  0.0316  0.0313  0.0319  0.0311  0.0310
  0.0309  0.0309  0.0308  0.0308  0.0308  0.0309  0.0309  0.0309  0.0309  0.0309  0.0309  0.0309
  0.0314  0.0310  0.0313  0.0306  0.0311  0.0313  0.0313  0.0314  0.0313  0.0313  0.0310  0.0311
  0.0329  0.0320  0.0324  0.0330  0.0330  0.0333  0.0325  0.0334  0.0324  0.0329  0.0314  0.0316
  0.0353  0.0338  0.0341  0.0382  0.0367  0.0377  0.0345  0.0370  0.0339  0.0352  0.0322  0.0324
registration optimization eta report
parameter search radius
    2.4000    2.4000    2.7600    8.2800    9.5220    8.2800
    7.2000    7.2000    7.2000    8.2800    7.2000    7.2000
100000*second partial in parameter space
       79.       63.       38.       10.        5.        9.
        7.       12.        5.        7.        3.        3.
  0.0355  0.0352  0.0333  0.0368  0.0347  0.0358  0.0343  0.0368  0.0336  0.0365  0.0323  0.0323
  0.0328  0.0331  0.0318  0.0345  0.0330  0.0336  0.0325  0.0335  0.0322  0.0339  0.0316  0.0316
  0.0313  0.0316  0.0310  0.0323  0.0317  0.0318  0.0314  0.0316  0.0313  0.0319  0.0311  0.0310
  0.0309  0.0309  0.0308  0.0308  0.0308  0.0309  0.0309  0.0309  0.0309  0.0309  0.0309  0.0309
  0.0314  0.0310  0.0313  0.0306  0.0311  0.0313  0.0313  0.0314  0.0313  0.0313  0.0310  0.0311
  0.0329  0.0320  0.0324  0.0330  0.0330  0.0333  0.0325  0.0334  0.0324  0.0329  0.0314  0.0316
  0.0353  0.0338  0.0341  0.0382  0.0367  0.0377  0.0345  0.0370  0.0339  0.0352  0.0322  0.0324
   -1.0600   27.7488    0.1284   -5.1813  -22.9988   -8.9257
    0.2976   -0.7511    0.9657   25.0395   -2.0517  -23.3366
eta,q 0.96910  9.08173

---------------------------------------------------------------------
imgreg_4dfp /opt/freesurfer/average/711-2C_as_mni_average_305 /opt/freesurfer/average/711-2B_as_mni_average_305_mask talsrcimg_g11 none talsrcimg_to_711-2C_as_mni_average_305_t4 2311
---------------------------------------------------------------------

freesurfer imgreg_4dfp.c
/opt/freesurfer/average/711-2C_as_mni_average_305.4dfp.img
       256       256       256         1
  1.000000  1.000000  1.000000
orientation T byte_order littleendian
Reading image: /opt/freesurfer/average/711-2C_as_mni_average_305.4dfp.img
dimensions:      256       256       256
mmppix:       1.0000   -1.0000   -1.0000
center:     128.0000 -129.0000 -129.0000
/opt/freesurfer/average/711-2B_as_mni_average_305_mask.4dfp.img
       256       256       256         1
  1.000000  1.000000  1.000000
orientation T byte_order littleendian
Reading mask: /opt/freesurfer/average/711-2B_as_mni_average_305_mask.4dfp.img (2306576 pixels)
talsrcimg_g11.4dfp.img
       288       288       288         1
  0.798611  0.798611  0.798611
orientation T byte_order littleendian
Reading image: talsrcimg_g11.4dfp.img
dimensions:      288       288       288
mmppix:       0.7986   -0.7986   -0.7986
center:     115.0000 -115.7986 -115.7986
fimgreg.f
image alignment mode   2311 decimal      907 hex
parameters
   -1.0600   27.7488    0.1284   -5.1813  -22.9989   -8.9257
    0.2976   -0.7511    0.9657   25.0395   -2.0517  -23.3366
eta,q 0.96910  9.08173
niter,ni,del,rscale     5    3    5.0000    0.8000
parameters
   -1.0688   27.9349   -0.0045   -3.9673  -22.4857   -8.7821
    0.3314   -0.9684    0.8037   25.0409   -2.1510  -23.6889
eta,q 0.96953  9.12312
  0.0328  0.0329  0.0317  0.0339  0.0321  0.0325  0.0323  0.0332  0.0319  0.0325  0.0311  0.0311
  0.0317  0.0319  0.0312  0.0327  0.0315  0.0316  0.0313  0.0316  0.0311  0.0314  0.0308  0.0307
  0.0311  0.0312  0.0309  0.0316  0.0309  0.0309  0.0307  0.0307  0.0306  0.0307  0.0306  0.0305
  0.0309  0.0309  0.0309  0.0309  0.0306  0.0305  0.0305  0.0305  0.0305  0.0305  0.0305  0.0305
  0.0311  0.0309  0.0310  0.0305  0.0305  0.0306  0.0306  0.0309  0.0307  0.0307  0.0306  0.0306
  0.0318  0.0314  0.0314  0.0308  0.0309  0.0313  0.0312  0.0319  0.0312  0.0314  0.0308  0.0309
  0.0329  0.0322  0.0320  0.0321  0.0317  0.0325  0.0323  0.0337  0.0321  0.0325  0.0312  0.0313
niter,ni,del,rscale     4    3    5.0000    0.7000
parameters
   -1.0079   27.7996   -0.0523   -3.9481  -22.1863   -8.5638
    0.3469   -0.9035    0.8324   24.9613   -2.2052  -23.7473
eta,q 0.96960  9.14090
  0.0323  0.0316  0.0312  0.0325  0.0317  0.0322  0.0318  0.0328  0.0316  0.0319  0.0309  0.0310
  0.0313  0.0309  0.0308  0.0316  0.0311  0.0314  0.0311  0.0314  0.0310  0.0311  0.0306  0.0306
  0.0307  0.0305  0.0305  0.0309  0.0307  0.0308  0.0306  0.0307  0.0306  0.0306  0.0305  0.0304
  0.0305  0.0305  0.0305  0.0305  0.0305  0.0304  0.0304  0.0304  0.0304  0.0304  0.0304  0.0304
  0.0306  0.0307  0.0306  0.0305  0.0305  0.0305  0.0305  0.0306  0.0305  0.0306  0.0305  0.0305
  0.0311  0.0312  0.0309  0.0312  0.0308  0.0310  0.0310  0.0313  0.0309  0.0312  0.0306  0.0307
  0.0320  0.0321  0.0313  0.0328  0.0315  0.0320  0.0318  0.0326  0.0316  0.0320  0.0310  0.0310
niter,ni,del,rscale     3    3    5.0000    0.6000
parameters
   -0.9992   27.7348   -0.0183   -3.8650  -22.0409   -8.4486
    0.3484   -0.9170    0.8747   24.8453   -2.2027  -23.7755
eta,q 0.96962  9.15023
  0.0317  0.0313  0.0310  0.0320  0.0313  0.0317  0.0314  0.0321  0.0313  0.0315  0.0308  0.0308
  0.0310  0.0308  0.0307  0.0313  0.0309  0.0311  0.0309  0.0311  0.0308  0.0309  0.0306  0.0306
  0.0306  0.0305  0.0305  0.0307  0.0306  0.0306  0.0305  0.0306  0.0305  0.0305  0.0304  0.0304
  0.0304  0.0304  0.0304  0.0304  0.0304  0.0304  0.0304  0.0304  0.0304  0.0304  0.0304  0.0304
  0.0305  0.0306  0.0305  0.0304  0.0304  0.0305  0.0305  0.0306  0.0305  0.0306  0.0304  0.0304
  0.0309  0.0309  0.0307  0.0310  0.0307  0.0309  0.0308  0.0311  0.0308  0.0310  0.0306  0.0306
  0.0316  0.0315  0.0310  0.0321  0.0312  0.0316  0.0314  0.0321  0.0312  0.0316  0.0308  0.0308
niter,ni,del,rscale     2    3    5.0000    0.5000
parameters
   -1.0016   27.6883    0.0167   -3.7636  -21.8898   -8.3639
    0.3748   -0.9453    0.8740   24.7344   -2.1624  -23.8118
eta,q 0.96964  9.15927
  0.0312  0.0310  0.0308  0.0315  0.0310  0.0313  0.0311  0.0315  0.0310  0.0311  0.0307  0.0307
  0.0308  0.0307  0.0306  0.0310  0.0307  0.0308  0.0307  0.0308  0.0306  0.0307  0.0305  0.0305
  0.0305  0.0304  0.0304  0.0306  0.0305  0.0305  0.0305  0.0305  0.0304  0.0304  0.0304  0.0304
  0.0304  0.0304  0.0304  0.0304  0.0304  0.0304  0.0304  0.0304  0.0304  0.0304  0.0304  0.0304
  0.0305  0.0305  0.0304  0.0304  0.0304  0.0304  0.0304  0.0305  0.0304  0.0305  0.0304  0.0304
  0.0308  0.0307  0.0305  0.0308  0.0306  0.0307  0.0307  0.0309  0.0306  0.0308  0.0305  0.0305
  0.0313  0.0312  0.0308  0.0315  0.0310  0.0312  0.0311  0.0315  0.0310  0.0312  0.0306  0.0307
niter,ni,del,rscale     1    3    5.0000    0.4000
parameters
   -1.0002   27.6416    0.0457   -3.6694  -21.7453   -8.2959
    0.3971   -0.9733    0.8865   24.6270   -2.1291  -23.8332
eta,q 0.96966  9.16753
  0.0309  0.0308  0.0307  0.0311  0.0308  0.0310  0.0308  0.0311  0.0308  0.0308  0.0305  0.0306
  0.0306  0.0305  0.0305  0.0308  0.0306  0.0307  0.0306  0.0307  0.0305  0.0306  0.0304  0.0304
  0.0304  0.0304  0.0304  0.0305  0.0304  0.0304  0.0304  0.0304  0.0304  0.0304  0.0304  0.0304
  0.0304  0.0304  0.0304  0.0304  0.0304  0.0303  0.0303  0.0303  0.0303  0.0303  0.0303  0.0303
  0.0304  0.0304  0.0304  0.0304  0.0304  0.0304  0.0304  0.0304  0.0304  0.0304  0.0304  0.0304
  0.0306  0.0306  0.0305  0.0306  0.0305  0.0306  0.0305  0.0307  0.0305  0.0306  0.0304  0.0304
  0.0309  0.0309  0.0306  0.0311  0.0307  0.0309  0.0308  0.0311  0.0308  0.0309  0.0305  0.0305
registration optimization eta report
parameter search radius
    0.8000    0.8000    0.8000    2.4000    2.4000    2.4000
    2.4000    2.4000    2.4000    2.4000    2.4000    2.4000
100000*second partial in parameter space
       89.       72.       43.       13.        7.       10.
        8.       13.        7.       10.        3.        4.
  0.0309  0.0308  0.0307  0.0311  0.0308  0.0310  0.0308  0.0311  0.0308  0.0308  0.0305  0.0306
  0.0306  0.0305  0.0305  0.0308  0.0306  0.0307  0.0306  0.0307  0.0305  0.0306  0.0304  0.0304
  0.0304  0.0304  0.0304  0.0305  0.0304  0.0304  0.0304  0.0304  0.0304  0.0304  0.0304  0.0304
  0.0304  0.0304  0.0304  0.0304  0.0304  0.0303  0.0303  0.0303  0.0303  0.0303  0.0303  0.0303
  0.0304  0.0304  0.0304  0.0304  0.0304  0.0304  0.0304  0.0304  0.0304  0.0304  0.0304  0.0304
  0.0306  0.0306  0.0305  0.0306  0.0305  0.0306  0.0305  0.0307  0.0305  0.0306  0.0304  0.0304
  0.0309  0.0309  0.0306  0.0311  0.0307  0.0309  0.0308  0.0311  0.0308  0.0309  0.0305  0.0305
   -1.0002   27.6416    0.0457   -3.6694  -21.7453   -8.2959
    0.3971   -0.9733    0.8865   24.6270   -2.1291  -23.8332
eta,q 0.96966  9.16753

---------------------------------------------------------------------
imgreg_4dfp /opt/freesurfer/average/711-2C_as_mni_average_305 /opt/freesurfer/average/711-2B_as_mni_average_305_mask talsrcimg_g11 none talsrcimg_to_711-2C_as_mni_average_305_t4 2311
---------------------------------------------------------------------

freesurfer imgreg_4dfp.c
/opt/freesurfer/average/711-2C_as_mni_average_305.4dfp.img
       256       256       256         1
  1.000000  1.000000  1.000000
orientation T byte_order littleendian
Reading image: /opt/freesurfer/average/711-2C_as_mni_average_305.4dfp.img
dimensions:      256       256       256
mmppix:       1.0000   -1.0000   -1.0000
center:     128.0000 -129.0000 -129.0000
/opt/freesurfer/average/711-2B_as_mni_average_305_mask.4dfp.img
       256       256       256         1
  1.000000  1.000000  1.000000
orientation T byte_order littleendian
Reading mask: /opt/freesurfer/average/711-2B_as_mni_average_305_mask.4dfp.img (2306576 pixels)
talsrcimg_g11.4dfp.img
       288       288       288         1
  0.798611  0.798611  0.798611
orientation T byte_order littleendian
Reading image: talsrcimg_g11.4dfp.img
dimensions:      288       288       288
mmppix:       0.7986   -0.7986   -0.7986
center:     115.0000 -115.7986 -115.7986
fimgreg.f
image alignment mode   2311 decimal      907 hex
parameters
   -1.0002   27.6416    0.0457   -3.6694  -21.7453   -8.2959
    0.3971   -0.9733    0.8865   24.6270   -2.1291  -23.8332
eta,q 0.96966  9.16753
niter,ni,del,rscale     5    3    5.0000    0.8000
parameters
   -1.0001   27.5809    0.0815   -4.1488  -21.9033   -8.3272
    0.3310   -0.8707    0.9424   24.6579   -2.2397  -23.6079
eta,q 0.96960  9.15535
  0.0327  0.0320  0.0315  0.0326  0.0317  0.0325  0.0322  0.0335  0.0319  0.0324  0.0311  0.0313
  0.0314  0.0311  0.0309  0.0315  0.0311  0.0315  0.0312  0.0317  0.0311  0.0313  0.0307  0.0308
  0.0306  0.0305  0.0305  0.0307  0.0306  0.0308  0.0306  0.0307  0.0306  0.0306  0.0305  0.0305
  0.0303  0.0303  0.0303  0.0303  0.0304  0.0304  0.0304  0.0304  0.0304  0.0304  0.0304  0.0304
  0.0306  0.0306  0.0305  0.0306  0.0305  0.0306  0.0306  0.0307  0.0305  0.0306  0.0305  0.0305
  0.0314  0.0312  0.0308  0.0319  0.0311  0.0313  0.0312  0.0316  0.0310  0.0313  0.0307  0.0307
  0.0327  0.0323  0.0314  0.0344  0.0321  0.0327  0.0323  0.0333  0.0319  0.0323  0.0312  0.0311
niter,ni,del,rscale     4    3    5.0000    0.7000
parameters
   -1.0094   27.6452    0.0709   -4.0401  -21.9323   -8.3620
    0.3331   -0.8843    0.9492   24.6688   -2.2379  -23.6558
eta,q 0.96962  9.15382
  0.0321  0.0319  0.0312  0.0325  0.0315  0.0320  0.0318  0.0327  0.0315  0.0319  0.0309  0.0310
  0.0311  0.0311  0.0307  0.0316  0.0310  0.0312  0.0310  0.0313  0.0309  0.0311  0.0306  0.0306
  0.0306  0.0306  0.0305  0.0308  0.0306  0.0306  0.0306  0.0306  0.0305  0.0306  0.0304  0.0304
  0.0304  0.0304  0.0304  0.0304  0.0304  0.0304  0.0304  0.0304  0.0304  0.0304  0.0304  0.0304
  0.0306  0.0305  0.0305  0.0304  0.0305  0.0305  0.0305  0.0306  0.0305  0.0306  0.0304  0.0305
  0.0312  0.0309  0.0308  0.0311  0.0309  0.0311  0.0310  0.0314  0.0309  0.0311  0.0306  0.0307
  0.0321  0.0317  0.0312  0.0326  0.0316  0.0322  0.0318  0.0327  0.0316  0.0319  0.0309  0.0310
niter,ni,del,rscale     3    3    5.0000    0.6000
parameters
   -1.0095   27.6512    0.0615   -3.8957  -21.8690   -8.3370
    0.3429   -0.9142    0.9357   24.6499   -2.2106  -23.7112
eta,q 0.96964  9.15850
  0.0316  0.0314  0.0310  0.0320  0.0313  0.0316  0.0314  0.0320  0.0312  0.0315  0.0308  0.0308
  0.0309  0.0309  0.0306  0.0313  0.0308  0.0310  0.0309  0.0311  0.0308  0.0309  0.0305  0.0305
  0.0305  0.0305  0.0304  0.0307  0.0305  0.0306  0.0305  0.0305  0.0305  0.0305  0.0304  0.0304
  0.0304  0.0304  0.0304  0.0304  0.0304  0.0304  0.0304  0.0304  0.0304  0.0304  0.0304  0.0304
  0.0305  0.0305  0.0305  0.0304  0.0304  0.0305  0.0305  0.0306  0.0305  0.0305  0.0304  0.0304
  0.0309  0.0308  0.0307  0.0309  0.0307  0.0309  0.0308  0.0311  0.0308  0.0309  0.0305  0.0306
  0.0316  0.0314  0.0310  0.0320  0.0313  0.0316  0.0314  0.0321  0.0313  0.0315  0.0308  0.0308
niter,ni,del,rscale     2    3    5.0000    0.5000
parameters
   -1.0073   27.6303    0.0672   -3.7806  -21.7741   -8.2874
    0.3602   -0.9444    0.9280   24.6034   -2.1701  -23.7679
eta,q 0.96965  9.16487
  0.0312  0.0310  0.0308  0.0315  0.0310  0.0313  0.0311  0.0315  0.0310  0.0312  0.0306  0.0307
  0.0308  0.0307  0.0306  0.0310  0.0307  0.0308  0.0307  0.0308  0.0306  0.0307  0.0305  0.0305
  0.0305  0.0304  0.0304  0.0306  0.0305  0.0305  0.0305  0.0305  0.0304  0.0304  0.0304  0.0304
  0.0304  0.0304  0.0304  0.0304  0.0303  0.0303  0.0303  0.0303  0.0303  0.0303  0.0304  0.0304
  0.0305  0.0305  0.0304  0.0304  0.0304  0.0304  0.0304  0.0305  0.0304  0.0305  0.0304  0.0304
  0.0307  0.0307  0.0305  0.0308  0.0306  0.0307  0.0307  0.0309  0.0306  0.0308  0.0305  0.0305
  0.0312  0.0311  0.0308  0.0315  0.0310  0.0313  0.0311  0.0315  0.0310  0.0312  0.0306  0.0307
niter,ni,del,rscale     1    3    5.0000    0.4000
parameters
   -1.0057   27.6025    0.0803   -3.6756  -21.6605   -8.2423
    0.3924   -0.9782    0.9228   24.5425   -2.1170  -23.8067
eta,q 0.96966  9.17167
  0.0309  0.0308  0.0306  0.0311  0.0308  0.0310  0.0308  0.0311  0.0307  0.0309  0.0305  0.0305
  0.0306  0.0305  0.0305  0.0308  0.0306  0.0306  0.0306  0.0307  0.0305  0.0306  0.0304  0.0304
  0.0304  0.0304  0.0304  0.0305  0.0304  0.0304  0.0304  0.0304  0.0304  0.0304  0.0304  0.0304
  0.0303  0.0303  0.0303  0.0304  0.0303  0.0303  0.0303  0.0303  0.0303  0.0303  0.0303  0.0303
  0.0304  0.0304  0.0304  0.0304  0.0304  0.0304  0.0304  0.0304  0.0304  0.0304  0.0304  0.0304
  0.0306  0.0306  0.0305  0.0306  0.0305  0.0306  0.0305  0.0307  0.0305  0.0306  0.0304  0.0304
  0.0309  0.0308  0.0306  0.0311  0.0307  0.0309  0.0308  0.0311  0.0307  0.0309  0.0305  0.0305
registration optimization eta report
parameter search radius
    0.8000    0.8000    0.8000    2.4000    2.4000    2.4000
    2.4000    2.4000    2.4000    2.4000    2.4000    2.4000
100000*second partial in parameter space
       89.       73.       42.       13.        7.       10.
        8.       13.        7.        9.        3.        4.
  0.0309  0.0308  0.0306  0.0311  0.0308  0.0310  0.0308  0.0311  0.0307  0.0309  0.0305  0.0305
  0.0306  0.0305  0.0305  0.0308  0.0306  0.0306  0.0306  0.0307  0.0305  0.0306  0.0304  0.0304
  0.0304  0.0304  0.0304  0.0305  0.0304  0.0304  0.0304  0.0304  0.0304  0.0304  0.0304  0.0304
  0.0303  0.0303  0.0303  0.0304  0.0303  0.0303  0.0303  0.0303  0.0303  0.0303  0.0303  0.0303
  0.0304  0.0304  0.0304  0.0304  0.0304  0.0304  0.0304  0.0304  0.0304  0.0304  0.0304  0.0304
  0.0306  0.0306  0.0305  0.0306  0.0305  0.0306  0.0305  0.0307  0.0305  0.0306  0.0304  0.0304
  0.0309  0.0308  0.0306  0.0311  0.0307  0.0309  0.0308  0.0311  0.0307  0.0309  0.0305  0.0305
   -1.0057   27.6025    0.0803   -3.6756  -21.6605   -8.2423
    0.3924   -0.9782    0.9228   24.5425   -2.1170  -23.8067
eta,q 0.96966  9.17167

---------------------------------------------------------------------
compute_vox2vox talsrcimg talsrcimg_to_711-2C_as_mni_average_305_t4 /opt/freesurfer/average/711-2C_as_mni_average_305
---------------------------------------------------------------------

freesurfer compute_vox2vox.c
Reading: talsrcimg.4dfp.ifh
Reading: talsrcimg_to_711-2C_as_mni_average_305_t4
Reading: /opt/freesurfer/average/711-2C_as_mni_average_305.4dfp.ifh
Writing: talsrcimg_to_711-2C_as_mni_average_305_t4_vox2vox.txt

start time lun 02 sep 2024 14:35:52 CEST
end		time lun 02 sep 2024 14:36:13 CEST

mpr2mni305 success

avi2talxfm orig_nu.mgz /opt/freesurfer/average/mni305.cor.mgz talsrcimg_to_711-2C_as_mni_average_305_t4_vox2vox.txt transforms/talairach.auto.xfm
avi2talxfm done
mv -f /data/derivatives/bootcamp-geneva/fmriprep-24.0.0/sourcedata/freesurfer/sub-11/mri/talsrcimg_to_711-2C_as_mni_average_305_t4_vox2vox.txt /data/derivatives/bootcamp-geneva/fmriprep-24.0.0/sourcedata/freesurfer/sub-11/mri/transforms/talsrcimg_to_711-2C_as_mni_average_305_t4_vox2vox.txt
lta_convert --src orig_nu.mgz --trg /opt/freesurfer/average/mni305.cor.mgz --inxfm transforms/talairach.auto.xfm --outlta transforms/talairach.auto.xfm.lta --subject fsaverage
7.3.2

--src: orig_nu.mgz src image (geometry).
--trg: /opt/freesurfer/average/mni305.cor.mgz trg image (geometry).
--inmni: transforms/talairach.auto.xfm input MNI/XFM transform.
--outlta: transforms/talairach.auto.xfm.lta output LTA.
--s: fsaverage subject name
 LTA read, type : 1
 1.03843   0.01153  -0.00170   6.35680;
 0.01922   1.00812   0.30626  -14.28911;
-0.01825  -0.31596   1.18057   2.14368;
 0.00000   0.00000   0.00000   1.00000;
setting subject to fsaverage
Writing  LTA to file transforms/talairach.auto.xfm.lta...
lta_convert successful.
 
 
Started at lun 02 sep 2024 14:35:52 CEST
Ended   at lun 02 sep 2024 14:36:14 CEST
talairach_avi done
