Log file for defect2seg
mar 03 sep 2024 06:36:50 CEST

setenv SUBJECTS_DIR /data/derivatives/bootcamp-geneva/fmriprep-24.0.0/sourcedata/freesurfer
cd /data/derivatives/bootcamp-geneva/fmriprep-24.0.0/sourcedata/freesurfer/sub-15/scripts
/opt/freesurfer/bin/defect2seg --s sub-15 --rh-only --cortex

freesurfer-linux-ubuntu22_x86_64-7.3.2-20220804-6354275
defect2seg 7.3.2
Linux hos70297 5.19.0-50-generic #50-Ubuntu SMP PREEMPT_DYNAMIC Mon Jul 10 18:24:29 UTC 2023 x86_64 x86_64 x86_64 GNU/Linux
pid 2717816
mri_label2label --label-cortex /data/derivatives/bootcamp-geneva/fmriprep-24.0.0/sourcedata/freesurfer/sub-15/surf/rh.orig.nofix /data/derivatives/bootcamp-geneva/fmriprep-24.0.0/sourcedata/freesurfer/sub-15/mri/aseg.presurf.mgz 0 /data/derivatives/bootcamp-geneva/fmriprep-24.0.0/sourcedata/freesurfer/sub-15/label/rh.nofix.cortex.label

 Generating cortex label... RemoveHipAmgy=0
 NucAccIsMedialWall=0
 mris->useRealRAS=0
17 non-cortical segments detected
only using segment with 11894 vertices
erasing segment 0 (vno[0] = 57067)
erasing segment 1 (vno[0] = 58122)
erasing segment 3 (vno[0] = 85414)
erasing segment 4 (vno[0] = 86654)
erasing segment 5 (vno[0] = 86776)
erasing segment 6 (vno[0] = 100109)
erasing segment 7 (vno[0] = 113438)
erasing segment 8 (vno[0] = 115672)
erasing segment 9 (vno[0] = 136001)
erasing segment 10 (vno[0] = 138192)
erasing segment 11 (vno[0] = 140671)
erasing segment 12 (vno[0] = 140866)
erasing segment 13 (vno[0] = 140996)
erasing segment 14 (vno[0] = 143325)
erasing segment 15 (vno[0] = 144645)
erasing segment 16 (vno[0] = 147894)
mri_label2vol --defects /data/derivatives/bootcamp-geneva/fmriprep-24.0.0/sourcedata/freesurfer/sub-15/surf/rh.orig.nofix /data/derivatives/bootcamp-geneva/fmriprep-24.0.0/sourcedata/freesurfer/sub-15/surf/rh.defect_labels /data/derivatives/bootcamp-geneva/fmriprep-24.0.0/sourcedata/freesurfer/sub-15/mri/orig.mgz 2000 0 /data/derivatives/bootcamp-geneva/fmriprep-24.0.0/sourcedata/freesurfer/sub-15/mri/rh.surface.defects.mgz /data/derivatives/bootcamp-geneva/fmriprep-24.0.0/sourcedata/freesurfer/sub-15/label/rh.nofix.cortex.label
mri_label2vol supposed to be reproducible but seed not set
Contraining to label /data/derivatives/bootcamp-geneva/fmriprep-24.0.0/sourcedata/freesurfer/sub-15/label/rh.nofix.cortex.label
Changing input type 0 to MRI_INT
Converting defects to volume: offset=2000, merge=0
Writing to /data/derivatives/bootcamp-geneva/fmriprep-24.0.0/sourcedata/freesurfer/sub-15/mri/rh.surface.defects.mgz
mris_defects_pointset -s /data/derivatives/bootcamp-geneva/fmriprep-24.0.0/sourcedata/freesurfer/sub-15/surf/rh.orig.nofix -d /data/derivatives/bootcamp-geneva/fmriprep-24.0.0/sourcedata/freesurfer/sub-15/surf/rh.defect_labels -o /data/derivatives/bootcamp-geneva/fmriprep-24.0.0/sourcedata/freesurfer/sub-15/surf/rh.defects.pointset --label /data/derivatives/bootcamp-geneva/fmriprep-24.0.0/sourcedata/freesurfer/sub-15/label/rh.nofix.cortex.label
Reading in surface /data/derivatives/bootcamp-geneva/fmriprep-24.0.0/sourcedata/freesurfer/sub-15/surf/rh.orig.nofix
Reading in defect segmentation /data/derivatives/bootcamp-geneva/fmriprep-24.0.0/sourcedata/freesurfer/sub-15/surf/rh.defect_labels
Reading in label /data/derivatives/bootcamp-geneva/fmriprep-24.0.0/sourcedata/freesurfer/sub-15/label/rh.nofix.cortex.label
#VMPC# mris_defects_pointset 1695700
mris_defects_pointset done
 
Started at mar 03 sep 2024 06:36:50 CEST 
Ended   at mar 03 sep 2024 06:37:12 CEST
Defect2seg-Run-Time-Sec 22
Defect2seg-Run-Time-Min 0.44
Defect2seg-Run-Time-Hours 0.01
 
defect2seg Done
