status file for recon-all
mar 03 sep 2024 05:59:34 CEST
#@# Tessellate lh mar 03 sep 2024 05:59:34 CEST
#@# Smooth1 lh mar 03 sep 2024 05:59:39 CEST
#@# Inflation1 lh mar 03 sep 2024 05:59:42 CEST
#@# QSphere lh mar 03 sep 2024 06:01:15 CEST
#@# Fix Topology lh mar 03 sep 2024 06:02:43 CEST
#@# Smooth2 lh mar 03 sep 2024 06:09:47 CEST
#@# Inflation2 lh mar 03 sep 2024 06:09:51 CEST
#@# Curv .H and .K lh mar 03 sep 2024 06:11:27 CEST
#@# Sphere lh mar 03 sep 2024 06:12:22 CEST
#@# Surf Reg lh mar 03 sep 2024 06:16:20 CEST
#@# Jacobian white lh mar 03 sep 2024 06:21:58 CEST
#@# AvgCurv lh mar 03 sep 2024 06:21:59 CEST
#@# Cortical Parc lh mar 03 sep 2024 06:22:00 CEST
#@# white curv lh mar 03 sep 2024 06:30:01 CEST
#@# white area lh mar 03 sep 2024 06:30:04 CEST
#@# pial curv lh mar 03 sep 2024 06:30:05 CEST
#@# pial area lh mar 03 sep 2024 06:30:07 CEST
#@# thickness lh mar 03 sep 2024 06:30:08 CEST
#@# area and vertex vol lh mar 03 sep 2024 06:30:47 CEST
#@# Curvature Stats lh mar 03 sep 2024 06:30:49 CEST
#@# Cortical Parc 2 lh mar 03 sep 2024 06:30:53 CEST
#@# Cortical Parc 3 lh mar 03 sep 2024 06:31:09 CEST
#@# WM/GM Contrast lh mar 03 sep 2024 06:31:21 CEST
recon-all -s sub-15 finished without error at mar 03 sep 2024 06:31:25 CEST



#New# invocation of recon-all 



status file for recon-all
mar 03 sep 2024 15:25:22 CEST
#@# white curv lh mar 03 sep 2024 15:25:23 CEST
#@# white area lh mar 03 sep 2024 15:25:23 CEST
#@# pial curv lh mar 03 sep 2024 15:25:23 CEST
#@# pial area lh mar 03 sep 2024 15:25:23 CEST
#@# thickness lh mar 03 sep 2024 15:25:23 CEST
#@# area and vertex vol lh mar 03 sep 2024 15:25:23 CEST
#@# Parcellation Stats lh mar 03 sep 2024 15:25:23 CEST
#@# Parcellation Stats 2 lh mar 03 sep 2024 15:26:19 CEST
#@# Parcellation Stats 3 lh mar 03 sep 2024 15:26:49 CEST
#@# BA_exvivo Labels lh mar 03 sep 2024 15:27:17 CEST
recon-all -s sub-15 finished without error at mar 03 sep 2024 15:30:43 CEST
