status file for recon-all
lun 02 sep 2024 14:59:32 CEST
#@# T2/FLAIR Input lun 02 sep 2024 14:59:36 CEST
#@# MotionCor lun 02 sep 2024 14:59:40 CEST
#@# Talairach lun 02 sep 2024 14:59:49 CEST
#@# Talairach Failure Detection lun 02 sep 2024 15:03:47 CEST
#@# Nu Intensity Correction lun 02 sep 2024 15:03:47 CEST
#@# Intensity Normalization lun 02 sep 2024 15:07:44 CEST
recon-all -s sub-15 finished without error at lun 02 sep 2024 15:11:05 CEST



#New# invocation of recon-all 



status file for recon-all
lun 02 sep 2024 16:19:36 CEST
#@# EM Registration lun 02 sep 2024 16:19:36 CEST
recon-all -s sub-15 finished without error at lun 02 sep 2024 16:21:40 CEST



#New# invocation of recon-all 



status file for recon-all
lun 02 sep 2024 19:34:38 CEST
#@# CA Normalize lun 02 sep 2024 19:34:38 CEST
#@# CA Reg lun 02 sep 2024 19:35:43 CEST
#@# SubCort Seg lun 02 sep 2024 20:19:29 CEST
#@# CC Seg lun 02 sep 2024 20:58:36 CEST
#@# Merge ASeg lun 02 sep 2024 20:59:30 CEST
#@# Intensity Normalization2 lun 02 sep 2024 20:59:30 CEST
#@# Mask BFS lun 02 sep 2024 21:02:26 CEST
#@# WM Segmentation lun 02 sep 2024 21:02:27 CEST
#@# Fill lun 02 sep 2024 21:04:59 CEST
recon-all -s sub-15 finished without error at lun 02 sep 2024 21:06:01 CEST



#New# invocation of recon-all 



status file for recon-all
mar 03 sep 2024 07:03:12 CEST
#@# Refine Pial Surfs w/ T2/FLAIR mar 03 sep 2024 07:03:12 CEST
#@# white curv lh mar 03 sep 2024 08:29:09 CEST
#@# white area lh mar 03 sep 2024 08:29:09 CEST
#@# pial curv lh mar 03 sep 2024 08:29:09 CEST
#@# pial area lh mar 03 sep 2024 08:29:11 CEST
#@# thickness lh mar 03 sep 2024 08:29:12 CEST
#@# area and vertex vol lh mar 03 sep 2024 08:29:52 CEST
#@# white curv rh mar 03 sep 2024 08:29:54 CEST
#@# white area rh mar 03 sep 2024 08:29:54 CEST
#@# pial curv rh mar 03 sep 2024 08:29:54 CEST
#@# pial area rh mar 03 sep 2024 08:29:57 CEST
#@# thickness rh mar 03 sep 2024 08:29:58 CEST
#@# area and vertex vol rh mar 03 sep 2024 08:30:37 CEST
#@# Cortical ribbon mask mar 03 sep 2024 08:30:39 CEST
recon-all -s sub-15 finished without error at mar 03 sep 2024 08:37:41 CEST



#New# invocation of recon-all 



status file for recon-all
mar 03 sep 2024 15:36:05 CEST
#@# white curv lh mar 03 sep 2024 15:36:05 CEST
#@# white area lh mar 03 sep 2024 15:36:05 CEST
#@# pial curv lh mar 03 sep 2024 15:36:05 CEST
#@# pial area lh mar 03 sep 2024 15:36:05 CEST
#@# thickness lh mar 03 sep 2024 15:36:05 CEST
#@# area and vertex vol lh mar 03 sep 2024 15:36:05 CEST
#@# white curv rh mar 03 sep 2024 15:36:05 CEST
#@# white area rh mar 03 sep 2024 15:36:05 CEST
#@# pial curv rh mar 03 sep 2024 15:36:05 CEST
#@# pial area rh mar 03 sep 2024 15:36:05 CEST
#@# thickness rh mar 03 sep 2024 15:36:05 CEST
#@# area and vertex vol rh mar 03 sep 2024 15:36:05 CEST
#@# Curvature Stats lh mar 03 sep 2024 15:36:05 CEST
#@# Curvature Stats rh mar 03 sep 2024 15:36:09 CEST
#@# Relabel Hypointensities mar 03 sep 2024 15:36:12 CEST
#@# APas-to-ASeg mar 03 sep 2024 15:36:33 CEST
#@# AParc-to-ASeg aparc mar 03 sep 2024 15:36:55 CEST
#@# AParc-to-ASeg aparc.a2009s mar 03 sep 2024 15:38:18 CEST
#@# AParc-to-ASeg aparc.DKTatlas mar 03 sep 2024 15:39:41 CEST
#@# WMParc mar 03 sep 2024 15:41:04 CEST
#@# ASeg Stats mar 03 sep 2024 15:44:23 CEST
recon-all -s sub-15 finished without error at mar 03 sep 2024 15:44:54 CEST
